Tue Aug 18 10:30:01 UTC 2020
MEMORY
””
0 daemon
0 dustin
0 message+
0 root
0 syslog
0 systemd+
USED
””
0 daemon
17 dustin
0 message+
0.1 root
0 syslog
0 systemd+
Tue Aug 18 11:00:01 UTC 2020
MEMORY
””
0 daemon
0 dustin
0 message+
0 root
0 syslog
0 systemd+
USED
””
0 daemon
0 dustin
0 message+
0 root
0 syslog
0 systemd+
Tue Aug 18 11:30:01 UTC 2020
MEMORY
””
0 daemon
0 dustin
0 message+
0 root
0 syslog
0 systemd+
USED
””
0 daemon
0 dustin
0 message+
0.1 root
0 syslog
0 systemd+
Tue Aug 18 12:00:01 UTC 2020
MEMORY
””
0 daemon
0 dustin
0 message+
0 root
0 syslog
0 systemd+
USED
””
0 daemon
0 dustin
0 message+
0.1 root
0 syslog
0 systemd+
Tue Aug 18 12:30:01 UTC 2020
MEMORY
””
0 daemon
0 dustin
0 message+
0 root
0 syslog
0 systemd+
USED
””
0 daemon
0 dustin
0 message+
0.1 root
0 syslog
0 systemd+
Tue Aug 18 13:00:01 UTC 2020
MEMORY
””
0 daemon
0 dustin
0 message+
0 root
0 syslog
0 systemd+
USED
””
0 daemon
0 dustin
0 message+
0.1 root
0 syslog
0 systemd+
Tue Aug 18 13:30:01 UTC 2020
MEMORY
””
0 daemon
0 dustin
0 message+
0 root
0 syslog
0 systemd+
USED
””
0 daemon
0 dustin
0 message+
0.1 root
0 syslog
0 systemd+
Tue Aug 18 14:00:01 UTC 2020
MEMORY
””
0 daemon
0 dustin
0 message+
0 root
0 syslog
0 systemd+
USED
””
0 daemon
0 dustin
0 message+
0.1 root
0 syslog
0 systemd+
Tue Aug 18 14:30:01 UTC 2020
MEMORY
””
0 daemon
0 dustin
0 message+
0 root
0 syslog
0 systemd+
USED
””
0 daemon
15 dustin
0 message+
0.1 root
0 syslog
0 systemd+
Tue Aug 18 15:00:01 UTC 2020
MEMORY
””
0 daemon
0 dustin
0 message+
0 root
0 syslog
0 systemd+
USED
””
0 daemon
0 dustin
0 message+
0.1 root
0 syslog
0 systemd+
Tue Aug 18 15:30:01 UTC 2020
MEMORY
””
0 daemon
0 dustin
0 message+
0 root
0 syslog
0 systemd+
USED
””
0 daemon
0 dustin
0 message+
0.1 root
0 syslog
0 systemd+
Tue Aug 18 16:00:01 UTC 2020
MEMORY
””
0 daemon
0 dustin
0 message+
0 root
0 syslog
0 systemd+
USED
””
0 daemon
0 dustin
0 message+
0.1 root
0 syslog
0 systemd+
Tue Aug 18 16:30:01 UTC 2020
MEMORY
””
0 daemon
0 dustin
0 message+
0 root
0 syslog
0 systemd+
USED
””
0 daemon
0 dustin
0 message+
0.1 root
0 syslog
0 systemd+
Tue Aug 18 17:00:01 UTC 2020
MEMORY
””
0 daemon
0 dustin
0 message+
0 root
0 syslog
0 systemd+
USED
””
0 daemon
13 dustin
0 message+
0.1 root
0 syslog
0 systemd+
Tue Aug 18 17:30:01 UTC 2020
MEMORY
””
0 daemon
0 dustin
0 message+
0 root
0 syslog
0 systemd+
USED
””
0 daemon
0 dustin
0 message+
0.1 root
0 syslog
0 systemd+
Tue Aug 18 18:00:01 UTC 2020
MEMORY
””
0 daemon
0 dustin
0 message+
0 root
0 syslog
0 systemd+
USED
””
0 daemon
0 dustin
0 message+
0.1 root
0 syslog
0 systemd+
Tue Aug 18 18:30:01 UTC 2020
MEMORY
””
0 daemon
0 dustin
0 message+
0 root
0 syslog
0 systemd+
USED
””
0 daemon
0 dustin
0 message+
0.1 root
0 syslog
0 systemd+
Tue Aug 18 19:00:01 UTC 2020
MEMORY
””
0 daemon
0 dustin
0 message+
0 root
0 syslog
0 systemd+
USED
””
0 daemon
0 dustin
0 message+
0.1 root
0 syslog
0 systemd+
Tue Aug 18 19:30:01 UTC 2020
MEMORY
””
0 daemon
0 dustin
0 message+
0 root
0 syslog
0 systemd+
USED
””
0 daemon
0 dustin
0 message+
0.1 root
0 syslog
0 systemd+
Tue Aug 18 20:00:01 UTC 2020
MEMORY
””
0 daemon
0 dustin
0 message+
0 root
0 syslog
0 systemd+
USED
””
0 daemon
0 dustin
0 message+
0.1 root
0 syslog
0 systemd+
Tue Aug 18 20:30:01 UTC 2020
MEMORY
””
0 daemon
0 dustin
0 message+
0 root
0 syslog
0 systemd+
USED
””
0 daemon
16 dustin
0 message+
0.1 root
0 syslog
0 systemd+
Tue Aug 18 21:00:01 UTC 2020
MEMORY
””
0 daemon
0 dustin
0 message+
0 root
0 syslog
0 systemd+
USED
””
0 daemon
0 dustin
0 message+
0.1 root
0 syslog
0 systemd+
Tue Aug 18 21:30:01 UTC 2020
MEMORY
””
0 daemon
0 dustin
0 message+
0 root
0 syslog
0 systemd+
USED
””
0 daemon
13 dustin
0 message+
0.1 root
0 syslog
0 systemd+
Tue Aug 18 22:00:01 UTC 2020
MEMORY
””
0 daemon
0 dustin
0 message+
0 root
0 syslog
0 systemd+
USED
””
0 daemon
0 dustin
0 message+
0.1 root
0 syslog
0 systemd+
Tue Aug 18 22:30:01 UTC 2020
MEMORY
””
0 daemon
0 dustin
0 message+
0 root
0 syslog
0 systemd+
USED
””
0 daemon
0 dustin
0 message+
0.1 root
0 syslog
0 systemd+
Tue Aug 18 23:00:01 UTC 2020
MEMORY
””
0 daemon
0 dustin
0 message+
0 root
0 syslog
0 systemd+
USED
””
0 daemon
0 dustin
0 message+
0.1 root
0 syslog
0 systemd+
Tue Aug 18 23:30:01 UTC 2020
MEMORY
””
0 daemon
0 dustin
0 message+
0 root
0 syslog
0 systemd+
USED
””
0 daemon
16 dustin
0 message+
0.1 root
0 syslog
0 systemd+
Wed Aug 19 00:00:01 UTC 2020
MEMORY
””
0 daemon
0 dustin
0 message+
0 root
0 syslog
0 systemd+
USED
””
0 daemon
0 dustin
0 message+
0.1 root
0 syslog
0 systemd+
Wed Aug 19 00:30:01 UTC 2020
MEMORY
””
0 daemon
0 dustin
0 message+
0 root
0 syslog
0 systemd+
USED
””
0 daemon
0 dustin
0 message+
0.1 root
0 syslog
0 systemd+
Wed Aug 19 01:00:01 UTC 2020
MEMORY
””
0 daemon
0 dustin
0 message+
0 root
0 syslog
0 systemd+
USED
””
0 daemon
16 dustin
0 message+
0.1 root
0 syslog
0 systemd+
Wed Aug 19 01:30:01 UTC 2020
MEMORY
””
0 daemon
0 dustin
0 message+
0 root
0 syslog
0 systemd+
USED
””
0 daemon
0 dustin
0 message+
0.1 root
0 syslog
0 systemd+
Wed Aug 19 02:00:01 UTC 2020
MEMORY
””
0 daemon
0 dustin
0 message+
0 root
0 syslog
0 systemd+
USED
””
0 daemon
0 dustin
0 message+
0.1 root
0 syslog
0 systemd+
Wed Aug 19 02:30:01 UTC 2020
MEMORY
””
0 daemon
0 dustin
0 message+
0 root
0 syslog
0 systemd+
USED
””
0 daemon
0 dustin
0 message+
0.1 root
0 syslog
0 systemd+
Wed Aug 19 03:00:01 UTC 2020
MEMORY
””
0 daemon
0 dustin
0 message+
0 root
0 syslog
0 systemd+
USED
””
0 daemon
15 dustin
0 message+
0.1 root
0 syslog
0 systemd+
Wed Aug 19 03:30:01 UTC 2020
MEMORY
””
0 daemon
0 dustin
0 message+
0 root
0 syslog
0 systemd+
USED
””
0 daemon
0 dustin
0 message+
0.1 root
0 syslog
0 systemd+
Wed Aug 19 04:00:01 UTC 2020
MEMORY
””
0 daemon
0 dustin
0 message+
0 root
0 syslog
0 systemd+
USED
””
0 daemon
0 dustin
0 message+
0.1 root
0 syslog
0 systemd+
Wed Aug 19 04:30:01 UTC 2020
MEMORY
””
0 daemon
0 dustin
0 message+
0 root
0 sshd
0 syslog
0 systemd+
USED
””
0 daemon
0 dustin
0 message+
0.5 root
0.1 sshd
0 syslog
0 systemd+
Wed Aug 19 05:00:01 UTC 2020
MEMORY
””
0 daemon
0 dustin
0 klein1
0 message+
0 root
0 syslog
0 systemd+
0 thinh
USED
””
0 daemon
0.1 dustin
0 klein1
0 message+
0.1 root
0 syslog
0 systemd+
0 thinh
Wed Aug 19 05:30:01 UTC 2020
MEMORY
””
0 daemon
0 dustin
0 klein1
0 message+
0 root
0 syslog
0 systemd+
USED
””
0 daemon
0 dustin
0 klein1
0 message+
0.1 root
0 syslog
0 systemd+
Wed Aug 19 06:00:01 UTC 2020
MEMORY
””
0 daemon
0 dustin
0 klein1
0 message+
0 root
0 syslog
0 systemd+
USED
””
0 daemon
0 dustin
0 klein1
0 message+
0.1 root
0 syslog
0 systemd+
Wed Aug 19 06:30:01 UTC 2020
MEMORY
””
0 daemon
0 dustin
0 klein1
0 message+
0 root
0 sshd
0 syslog
0 systemd+
USED
””
0 daemon
0 dustin
0 klein1
0 message+
0.1 root
0 sshd
0 syslog
0 systemd+
Wed Aug 19 12:00:01 UTC 2020
MEMORY
””
0 1007
0 daemon
0 dustin
0 message+
0 root
0 syslog
0 systemd+
USED
””
1.1 1007
0 daemon
0 dustin
0 message+
0.1 root
0 syslog
0 systemd+
Wed Aug 19 18:00:01 UTC 2020
MEMORY
””
0 1007
0 daemon
0 dustin
0 message+
0 root
0 syslog
0 systemd+
USED
””
1.1 1007
0 daemon
0 dustin
0 message+
0.1 root
0 syslog
0 systemd+
Thu Aug 20 00:00:01 UTC 2020
MEMORY
””
0 1007
0 daemon
0 dustin
0 message+
0 root
0 syslog
0 systemd+
USED
””
1.1 1007
0 daemon
0 dustin
0 message+
0.1 root
0 syslog
0 systemd+
Thu Aug 20 06:00:01 UTC 2020
MEMORY
””
0 daemon
0 dustin
0.9 klein
0 message+
0 nvidia-+
0 root
0 syslog
0 systemd+
USED
””
0 daemon
0 dustin
785.8 klein
0 message+
0 nvidia-+
0 root
0 syslog
0 systemd+
Thu Aug 20 12:00:01 UTC 2020
MEMORY
””
0 daemon
0 dustin
1.3 klein
0 message+
0 nvidia-+
0.1 root
0 syslog
0 systemd+
USED
””
0 daemon
1 dustin
1654.6 klein
0 message+
0 nvidia-+
0 root
0 syslog
0 systemd+
Thu Aug 20 18:00:01 UTC 2020
MEMORY
””
0 daemon
0 dustin
1 klein
0 message+
0 nvidia-+
0.1 root
0 syslog
0 systemd+
USED
””
0 daemon
0 dustin
239.9 klein
0 message+
0 nvidia-+
0.1 root
0 syslog
0 systemd+
Fri Aug 21 00:00:01 UTC 2020
MEMORY
””
0 daemon
0 dustin
1 klein
0 message+
0 nvidia-+
0 root
0 syslog
0 systemd+
USED
””
0 daemon
0 dustin
174.1 klein
0 message+
0 nvidia-+
0.3 root
0 syslog
0 systemd+
Fri Aug 21 06:00:01 UTC 2020
MEMORY
””
0 daemon
0 dao
0 dustin
1 klein
0 message+
0 nvidia-+
0 root
0 syslog
0 systemd+
USED
””
0 daemon
0 dao
0 dustin
156.1 klein
0 message+
0 nvidia-+
0.5 root
0 syslog
0 systemd+
Fri Aug 21 12:00:01 UTC 2020
MEMORY
””
0 daemon
0 dustin
0.2 klein
0 message+
0 nvidia-+
0.1 root
0 syslog
0 systemd+
USED
””
0 daemon
0 dustin
141.4 klein
0 message+
0 nvidia-+
0.2 root
0 syslog
0 systemd+
Fri Aug 21 18:00:01 UTC 2020
MEMORY
””
0 daemon
0 dustin
1.4 klein
0 message+
0 root
0 syslog
0 systemd+
USED
””
0 daemon
0 dustin
1493.6 klein
0 message+
0.2 root
0 syslog
0 systemd+
Sat Aug 22 00:00:01 UTC 2020
MEMORY
””
0 daemon
0 dustin
1.4 klein
0 message+
0 nvidia-+
0.1 root
0 syslog
0 systemd+
USED
””
0 daemon
0 dustin
1594.1 klein
0 message+
0 nvidia-+
0.2 root
0 syslog
0 systemd+
Sat Aug 22 06:00:01 UTC 2020
MEMORY
””
0 daemon
0 dustin
1.2 klein
0 message+
0 nvidia-+
0.1 root
0 syslog
0 systemd+
USED
””
0 daemon
0 dustin
1341.9 klein
0 message+
0 nvidia-+
0.3 root
0 syslog
0 systemd+
Sat Aug 22 12:00:01 UTC 2020
MEMORY
””
0 daemon
0 dustin
1.4 klein
0 message+
0 root
0 syslog
0 systemd+
USED
””
0 daemon
0 dustin
1492.7 klein
0 message+
0.1 root
0 syslog
0 systemd+
