Tue Aug 18 09:00:01 UTC 2020
Linux 4.15.0-112-generic (emage) 	08/18/2020 	_x86_64_	(32 CPU)

09:00:01 AM     CPU     %user     %nice   %system   %iowait    %steal     %idle
09:00:02 AM     all      0.16      0.00      3.32      0.00      0.00     96.53
Average:        all      0.16      0.00      3.32      0.00      0.00     96.53
              total        used        free      shared  buff/cache   available
Mem:      131658512      632700   119052320        2832    11973492   129961916
Swap:       8388604           0     8388604
Linux 4.15.0-112-generic (emage) 	08/18/2020 	_x86_64_	(32 CPU)

09:00:02 AM   runq-sz  plist-sz   ldavg-1   ldavg-5  ldavg-15   blocked
09:00:03 AM         3       456      0.00      0.00      0.00         0
Average:            3       456      0.00      0.00      0.00         0
Tue Aug 18 09:30:01 UTC 2020
Linux 4.15.0-112-generic (emage) 	08/18/2020 	_x86_64_	(32 CPU)

09:30:01 AM     CPU     %user     %nice   %system   %iowait    %steal     %idle
09:30:02 AM     all      0.28      0.00      3.25      0.00      0.00     96.47
Average:        all      0.28      0.00      3.25      0.00      0.00     96.47
              total        used        free      shared  buff/cache   available
Mem:      131658512      628628   119055880        2832    11974004   129965984
Swap:       8388604           0     8388604
Linux 4.15.0-112-generic (emage) 	08/18/2020 	_x86_64_	(32 CPU)

09:30:02 AM   runq-sz  plist-sz   ldavg-1   ldavg-5  ldavg-15   blocked
09:30:03 AM         1       455      0.00      0.00      0.00         0
Average:            1       455      0.00      0.00      0.00         0
Tue Aug 18 10:00:01 UTC 2020
Linux 4.15.0-112-generic (emage) 	08/18/2020 	_x86_64_	(32 CPU)

10:00:01 AM     CPU     %user     %nice   %system   %iowait    %steal     %idle
10:00:02 AM     all      0.13      0.00      3.35      0.00      0.00     96.52
Average:        all      0.13      0.00      3.35      0.00      0.00     96.52
              total        used        free      shared  buff/cache   available
Mem:      131658512      627512   119056964        2832    11974036   129967084
Swap:       8388604           0     8388604
Linux 4.15.0-112-generic (emage) 	08/18/2020 	_x86_64_	(32 CPU)

10:00:02 AM   runq-sz  plist-sz   ldavg-1   ldavg-5  ldavg-15   blocked
10:00:03 AM         3       456      0.32      0.07      0.02         0
Average:            3       456      0.32      0.07      0.02         0
Tue Aug 18 10:30:01 UTC 2020
Linux 4.15.0-112-generic (emage) 	08/18/2020 	_x86_64_	(32 CPU)

10:30:01 AM     CPU     %user     %nice   %system   %iowait    %steal     %idle
10:30:02 AM     all      0.85      0.00      4.64      0.00      0.00     94.51
Average:        all      0.85      0.00      4.64      0.00      0.00     94.51
              total        used        free      shared  buff/cache   available
Mem:      131658512      645636   119038072        2844    11974804   129948968
Swap:       8388604           0     8388604
Linux 4.15.0-112-generic (emage) 	08/18/2020 	_x86_64_	(32 CPU)

10:30:02 AM   runq-sz  plist-sz   ldavg-1   ldavg-5  ldavg-15   blocked
10:30:03 AM         2       524      0.01      0.09      0.05         0
Average:            2       524      0.01      0.09      0.05         0
Tue Aug 18 11:00:01 UTC 2020
Linux 4.15.0-112-generic (emage) 	08/18/2020 	_x86_64_	(32 CPU)

11:00:01 AM     CPU     %user     %nice   %system   %iowait    %steal     %idle
11:00:02 AM     all      0.66      0.00      4.45      0.00      0.00     94.89
Average:        all      0.66      0.00      4.45      0.00      0.00     94.89
              total        used        free      shared  buff/cache   available
Mem:      131658512      637072   119045300        2832    11976140   129957556
Swap:       8388604           0     8388604
Linux 4.15.0-112-generic (emage) 	08/18/2020 	_x86_64_	(32 CPU)

11:00:02 AM   runq-sz  plist-sz   ldavg-1   ldavg-5  ldavg-15   blocked
11:00:03 AM         3       456      0.00      0.00      0.00         0
Average:            3       456      0.00      0.00      0.00         0
Tue Aug 18 11:30:01 UTC 2020
Linux 4.15.0-112-generic (emage) 	08/18/2020 	_x86_64_	(32 CPU)

11:30:01 AM     CPU     %user     %nice   %system   %iowait    %steal     %idle
11:30:02 AM     all      0.78      0.00      4.55      0.00      0.00     94.67
Average:        all      0.78      0.00      4.55      0.00      0.00     94.67
              total        used        free      shared  buff/cache   available
Mem:      131658512      634512   119047544        2832    11976456   129960108
Swap:       8388604           0     8388604
Linux 4.15.0-112-generic (emage) 	08/18/2020 	_x86_64_	(32 CPU)

11:30:02 AM   runq-sz  plist-sz   ldavg-1   ldavg-5  ldavg-15   blocked
11:30:03 AM         2       458      0.16      0.03      0.01         0
Average:            2       458      0.16      0.03      0.01         0
Tue Aug 18 12:00:01 UTC 2020
Linux 4.15.0-112-generic (emage) 	08/18/2020 	_x86_64_	(32 CPU)

12:00:01 PM     CPU     %user     %nice   %system   %iowait    %steal     %idle
12:00:02 PM     all      0.59      0.00      5.08      0.00      0.00     94.33
Average:        all      0.59      0.00      5.08      0.00      0.00     94.33
              total        used        free      shared  buff/cache   available
Mem:      131658512      636496   119044784        2832    11977232   129958132
Swap:       8388604           0     8388604
Linux 4.15.0-112-generic (emage) 	08/18/2020 	_x86_64_	(32 CPU)

12:00:02 PM   runq-sz  plist-sz   ldavg-1   ldavg-5  ldavg-15   blocked
12:00:03 PM         3       457      0.00      0.00      0.00         0
Average:            3       457      0.00      0.00      0.00         0
Tue Aug 18 12:30:01 UTC 2020
Linux 4.15.0-112-generic (emage) 	08/18/2020 	_x86_64_	(32 CPU)

12:30:01 PM     CPU     %user     %nice   %system   %iowait    %steal     %idle
12:30:02 PM     all      0.78      0.00      4.91      0.00      0.00     94.31
Average:        all      0.78      0.00      4.91      0.00      0.00     94.31
              total        used        free      shared  buff/cache   available
Mem:      131658512      636984   119043600        2832    11977928   129957648
Swap:       8388604           0     8388604
Linux 4.15.0-112-generic (emage) 	08/18/2020 	_x86_64_	(32 CPU)

12:30:02 PM   runq-sz  plist-sz   ldavg-1   ldavg-5  ldavg-15   blocked
12:30:03 PM         3       455      0.00      0.00      0.00         0
Average:            3       455      0.00      0.00      0.00         0
Tue Aug 18 13:00:01 UTC 2020
Linux 4.15.0-112-generic (emage) 	08/18/2020 	_x86_64_	(32 CPU)

01:00:02 PM     CPU     %user     %nice   %system   %iowait    %steal     %idle
01:00:03 PM     all      0.63      0.00      4.51      0.00      0.00     94.86
Average:        all      0.63      0.00      4.51      0.00      0.00     94.86
              total        used        free      shared  buff/cache   available
Mem:      131658512      642464   119037636        2832    11978412   129952168
Swap:       8388604           0     8388604
Linux 4.15.0-112-generic (emage) 	08/18/2020 	_x86_64_	(32 CPU)

01:00:03 PM   runq-sz  plist-sz   ldavg-1   ldavg-5  ldavg-15   blocked
01:00:04 PM         4       456      0.00      0.00      0.00         0
Average:            4       456      0.00      0.00      0.00         0
Tue Aug 18 13:30:01 UTC 2020
Linux 4.15.0-112-generic (emage) 	08/18/2020 	_x86_64_	(32 CPU)

01:30:01 PM     CPU     %user     %nice   %system   %iowait    %steal     %idle
01:30:02 PM     all      0.91      0.00      4.52      0.00      0.00     94.57
Average:        all      0.91      0.00      4.52      0.00      0.00     94.57
              total        used        free      shared  buff/cache   available
Mem:      131658512      639724   119039908        2832    11978880   129954912
Swap:       8388604           0     8388604
Linux 4.15.0-112-generic (emage) 	08/18/2020 	_x86_64_	(32 CPU)

01:30:02 PM   runq-sz  plist-sz   ldavg-1   ldavg-5  ldavg-15   blocked
01:30:03 PM         3       457      0.21      0.05      0.01         0
Average:            3       457      0.21      0.05      0.01         0
Tue Aug 18 14:00:01 UTC 2020
Linux 4.15.0-112-generic (emage) 	08/18/2020 	_x86_64_	(32 CPU)

02:00:01 PM     CPU     %user     %nice   %system   %iowait    %steal     %idle
02:00:02 PM     all      0.56      0.00      4.45      0.00      0.00     94.98
Average:        all      0.56      0.00      4.45      0.00      0.00     94.98
              total        used        free      shared  buff/cache   available
Mem:      131658512      637292   119042004        2832    11979216   129957328
Swap:       8388604           0     8388604
Linux 4.15.0-112-generic (emage) 	08/18/2020 	_x86_64_	(32 CPU)

02:00:02 PM   runq-sz  plist-sz   ldavg-1   ldavg-5  ldavg-15   blocked
02:00:03 PM         3       456      0.00      0.00      0.00         0
Average:            3       456      0.00      0.00      0.00         0
Tue Aug 18 14:30:01 UTC 2020
Linux 4.15.0-112-generic (emage) 	08/18/2020 	_x86_64_	(32 CPU)

02:30:01 PM     CPU     %user     %nice   %system   %iowait    %steal     %idle
02:30:02 PM     all      0.66      0.00      4.33      0.00      0.00     95.01
Average:        all      0.66      0.00      4.33      0.00      0.00     95.01
              total        used        free      shared  buff/cache   available
Mem:      131658512      633644   119045120        2832    11979748   129960992
Swap:       8388604           0     8388604
Linux 4.15.0-112-generic (emage) 	08/18/2020 	_x86_64_	(32 CPU)

02:30:02 PM   runq-sz  plist-sz   ldavg-1   ldavg-5  ldavg-15   blocked
02:30:03 PM         1       457      0.00      0.00      0.00         0
Average:            1       457      0.00      0.00      0.00         0
Tue Aug 18 15:00:01 UTC 2020
Linux 4.15.0-112-generic (emage) 	08/18/2020 	_x86_64_	(32 CPU)

03:00:01 PM     CPU     %user     %nice   %system   %iowait    %steal     %idle
03:00:02 PM     all      0.85      0.00      4.45      0.00      0.00     94.70
Average:        all      0.85      0.00      4.45      0.00      0.00     94.70
              total        used        free      shared  buff/cache   available
Mem:      131658512      634908   119043244        2832    11980360   129959724
Swap:       8388604           0     8388604
Linux 4.15.0-112-generic (emage) 	08/18/2020 	_x86_64_	(32 CPU)

03:00:02 PM   runq-sz  plist-sz   ldavg-1   ldavg-5  ldavg-15   blocked
03:00:03 PM         2       457      0.32      0.07      0.02         0
Average:            2       457      0.32      0.07      0.02         0
Tue Aug 18 15:30:01 UTC 2020
Linux 4.15.0-112-generic (emage) 	08/18/2020 	_x86_64_	(32 CPU)

03:30:01 PM     CPU     %user     %nice   %system   %iowait    %steal     %idle
03:30:02 PM     all      0.78      0.00      4.24      0.00      0.00     94.98
Average:        all      0.78      0.00      4.24      0.00      0.00     94.98
              total        used        free      shared  buff/cache   available
Mem:      131658512      636916   119040516        2832    11981080   129957724
Swap:       8388604           0     8388604
Linux 4.15.0-112-generic (emage) 	08/18/2020 	_x86_64_	(32 CPU)

03:30:02 PM   runq-sz  plist-sz   ldavg-1   ldavg-5  ldavg-15   blocked
03:30:03 PM         3       457      0.00      0.00      0.00         0
Average:            3       457      0.00      0.00      0.00         0
Tue Aug 18 16:00:01 UTC 2020
Linux 4.15.0-112-generic (emage) 	08/18/2020 	_x86_64_	(32 CPU)

04:00:01 PM     CPU     %user     %nice   %system   %iowait    %steal     %idle
04:00:02 PM     all      1.00      0.00      4.35      0.00      0.00     94.64
Average:        all      1.00      0.00      4.35      0.00      0.00     94.64
              total        used        free      shared  buff/cache   available
Mem:      131658512      634820   119042152        2832    11981540   129959820
Swap:       8388604           0     8388604
Linux 4.15.0-112-generic (emage) 	08/18/2020 	_x86_64_	(32 CPU)

04:00:02 PM   runq-sz  plist-sz   ldavg-1   ldavg-5  ldavg-15   blocked
04:00:03 PM         0       457      0.00      0.00      0.00         0
Average:            0       457      0.00      0.00      0.00         0
Tue Aug 18 16:30:01 UTC 2020
Linux 4.15.0-112-generic (emage) 	08/18/2020 	_x86_64_	(32 CPU)

04:30:01 PM     CPU     %user     %nice   %system   %iowait    %steal     %idle
04:30:02 PM     all      0.72      0.00      4.55      0.00      0.00     94.73
Average:        all      0.72      0.00      4.55      0.00      0.00     94.73
              total        used        free      shared  buff/cache   available
Mem:      131658512      636720   119039724        2832    11982068   129957924
Swap:       8388604           0     8388604
Linux 4.15.0-112-generic (emage) 	08/18/2020 	_x86_64_	(32 CPU)

04:30:02 PM   runq-sz  plist-sz   ldavg-1   ldavg-5  ldavg-15   blocked
04:30:03 PM         2       455      0.00      0.00      0.00         0
Average:            2       455      0.00      0.00      0.00         0
Tue Aug 18 17:00:01 UTC 2020
Linux 4.15.0-112-generic (emage) 	08/18/2020 	_x86_64_	(32 CPU)

05:00:01 PM     CPU     %user     %nice   %system   %iowait    %steal     %idle
05:00:02 PM     all      0.69      0.00      4.87      0.00      0.00     94.45
Average:        all      0.69      0.00      4.87      0.00      0.00     94.45
              total        used        free      shared  buff/cache   available
Mem:      131658512      638580   119037584        2832    11982348   129956064
Swap:       8388604           0     8388604
Linux 4.15.0-112-generic (emage) 	08/18/2020 	_x86_64_	(32 CPU)

05:00:02 PM   runq-sz  plist-sz   ldavg-1   ldavg-5  ldavg-15   blocked
05:00:03 PM         3       456      0.33      0.07      0.02         0
Average:            3       456      0.33      0.07      0.02         0
Tue Aug 18 17:30:01 UTC 2020
Linux 4.15.0-112-generic (emage) 	08/18/2020 	_x86_64_	(32 CPU)

05:30:01 PM     CPU     %user     %nice   %system   %iowait    %steal     %idle
05:30:02 PM     all      0.72      0.00      4.77      0.00      0.00     94.51
Average:        all      0.72      0.00      4.77      0.00      0.00     94.51
              total        used        free      shared  buff/cache   available
Mem:      131658512      638000   119037884        2832    11982628   129956644
Swap:       8388604           0     8388604
Linux 4.15.0-112-generic (emage) 	08/18/2020 	_x86_64_	(32 CPU)

05:30:02 PM   runq-sz  plist-sz   ldavg-1   ldavg-5  ldavg-15   blocked
05:30:03 PM         2       457      0.00      0.00      0.00         0
Average:            2       457      0.00      0.00      0.00         0
Tue Aug 18 18:00:01 UTC 2020
Linux 4.15.0-112-generic (emage) 	08/18/2020 	_x86_64_	(32 CPU)

06:00:01 PM     CPU     %user     %nice   %system   %iowait    %steal     %idle
06:00:02 PM     all      0.72      0.00      4.47      0.00      0.00     94.81
Average:        all      0.72      0.00      4.47      0.00      0.00     94.81
              total        used        free      shared  buff/cache   available
Mem:      131658512      642872   119032816        2832    11982824   129951776
Swap:       8388604           0     8388604
Linux 4.15.0-112-generic (emage) 	08/18/2020 	_x86_64_	(32 CPU)

06:00:02 PM   runq-sz  plist-sz   ldavg-1   ldavg-5  ldavg-15   blocked
06:00:03 PM         4       460      0.00      0.00      0.00         0
Average:            4       460      0.00      0.00      0.00         0
Tue Aug 18 18:30:01 UTC 2020
Linux 4.15.0-112-generic (emage) 	08/18/2020 	_x86_64_	(32 CPU)

06:30:01 PM     CPU     %user     %nice   %system   %iowait    %steal     %idle
06:30:02 PM     all      0.72      0.00      4.27      0.00      0.00     95.01
Average:        all      0.72      0.00      4.27      0.00      0.00     95.01
              total        used        free      shared  buff/cache   available
Mem:      131658512      641644   119033712        2832    11983156   129952992
Swap:       8388604           0     8388604
Linux 4.15.0-112-generic (emage) 	08/18/2020 	_x86_64_	(32 CPU)

06:30:02 PM   runq-sz  plist-sz   ldavg-1   ldavg-5  ldavg-15   blocked
06:30:03 PM         3       454      0.16      0.03      0.01         0
Average:            3       454      0.16      0.03      0.01         0
Tue Aug 18 19:00:01 UTC 2020
Linux 4.15.0-112-generic (emage) 	08/18/2020 	_x86_64_	(32 CPU)

07:00:01 PM     CPU     %user     %nice   %system   %iowait    %steal     %idle
07:00:02 PM     all      0.85      0.00      4.20      0.00      0.00     94.95
Average:        all      0.85      0.00      4.20      0.00      0.00     94.95
              total        used        free      shared  buff/cache   available
Mem:      131658512      643768   119031028        2832    11983716   129950884
Swap:       8388604           0     8388604
Linux 4.15.0-112-generic (emage) 	08/18/2020 	_x86_64_	(32 CPU)

07:00:02 PM   runq-sz  plist-sz   ldavg-1   ldavg-5  ldavg-15   blocked
07:00:03 PM         3       452      0.00      0.00      0.00         0
Average:            3       452      0.00      0.00      0.00         0
Tue Aug 18 19:30:01 UTC 2020
Linux 4.15.0-112-generic (emage) 	08/18/2020 	_x86_64_	(32 CPU)

07:30:01 PM     CPU     %user     %nice   %system   %iowait    %steal     %idle
07:30:02 PM     all      0.59      0.00      5.32      0.00      0.00     94.09
Average:        all      0.59      0.00      5.32      0.00      0.00     94.09
              total        used        free      shared  buff/cache   available
Mem:      131658512      643556   119031028        2832    11983928   129951080
Swap:       8388604           0     8388604
Linux 4.15.0-112-generic (emage) 	08/18/2020 	_x86_64_	(32 CPU)

07:30:02 PM   runq-sz  plist-sz   ldavg-1   ldavg-5  ldavg-15   blocked
07:30:03 PM         1       458      0.00      0.00      0.00         0
Average:            1       458      0.00      0.00      0.00         0
Tue Aug 18 20:00:01 UTC 2020
Linux 4.15.0-112-generic (emage) 	08/18/2020 	_x86_64_	(32 CPU)

08:00:01 PM     CPU     %user     %nice   %system   %iowait    %steal     %idle
08:00:02 PM     all      1.00      0.00      4.36      0.00      0.00     94.64
Average:        all      1.00      0.00      4.36      0.00      0.00     94.64
              total        used        free      shared  buff/cache   available
Mem:      131658512      640416   119033788        2832    11984308   129954240
Swap:       8388604           0     8388604
Linux 4.15.0-112-generic (emage) 	08/18/2020 	_x86_64_	(32 CPU)

08:00:02 PM   runq-sz  plist-sz   ldavg-1   ldavg-5  ldavg-15   blocked
08:00:03 PM         3       456      0.00      0.00      0.00         0
Average:            3       456      0.00      0.00      0.00         0
Tue Aug 18 20:30:01 UTC 2020
Linux 4.15.0-112-generic (emage) 	08/18/2020 	_x86_64_	(32 CPU)

08:30:01 PM     CPU     %user     %nice   %system   %iowait    %steal     %idle
08:30:02 PM     all      0.69      0.00      4.36      0.00      0.00     94.95
Average:        all      0.69      0.00      4.36      0.00      0.00     94.95
              total        used        free      shared  buff/cache   available
Mem:      131658512      644120   119029884        2832    11984508   129950536
Swap:       8388604           0     8388604
Linux 4.15.0-112-generic (emage) 	08/18/2020 	_x86_64_	(32 CPU)

08:30:02 PM   runq-sz  plist-sz   ldavg-1   ldavg-5  ldavg-15   blocked
08:30:03 PM         3       456      0.32      0.07      0.02         0
Average:            3       456      0.32      0.07      0.02         0
Tue Aug 18 21:00:01 UTC 2020
Linux 4.15.0-112-generic (emage) 	08/18/2020 	_x86_64_	(32 CPU)

09:00:01 PM     CPU     %user     %nice   %system   %iowait    %steal     %idle
09:00:02 PM     all      0.88      0.00      4.64      0.00      0.00     94.48
Average:        all      0.88      0.00      4.64      0.00      0.00     94.48
              total        used        free      shared  buff/cache   available
Mem:      131658512      640256   119033456        2832    11984800   129954400
Swap:       8388604           0     8388604
Linux 4.15.0-112-generic (emage) 	08/18/2020 	_x86_64_	(32 CPU)

09:00:02 PM   runq-sz  plist-sz   ldavg-1   ldavg-5  ldavg-15   blocked
09:00:03 PM         2       457      0.00      0.00      0.00         0
Average:            2       457      0.00      0.00      0.00         0
Tue Aug 18 21:30:01 UTC 2020
Linux 4.15.0-112-generic (emage) 	08/18/2020 	_x86_64_	(32 CPU)

09:30:01 PM     CPU     %user     %nice   %system   %iowait    %steal     %idle
09:30:02 PM     all      0.78      0.00      4.29      0.00      0.00     94.92
Average:        all      0.78      0.00      4.29      0.00      0.00     94.92
              total        used        free      shared  buff/cache   available
Mem:      131658512      642648   119030564        2832    11985300   129951996
Swap:       8388604           0     8388604
Linux 4.15.0-112-generic (emage) 	08/18/2020 	_x86_64_	(32 CPU)

09:30:02 PM   runq-sz  plist-sz   ldavg-1   ldavg-5  ldavg-15   blocked
09:30:03 PM         3       457      0.00      0.00      0.00         0
Average:            3       457      0.00      0.00      0.00         0
Tue Aug 18 22:00:01 UTC 2020
Linux 4.15.0-112-generic (emage) 	08/18/2020 	_x86_64_	(32 CPU)

10:00:01 PM     CPU     %user     %nice   %system   %iowait    %steal     %idle
10:00:02 PM     all      0.66      0.00      4.45      0.00      0.00     94.89
Average:        all      0.66      0.00      4.45      0.00      0.00     94.89
              total        used        free      shared  buff/cache   available
Mem:      131658512      642724   119030228        2832    11985560   129951936
Swap:       8388604           0     8388604
Linux 4.15.0-112-generic (emage) 	08/18/2020 	_x86_64_	(32 CPU)

10:00:02 PM   runq-sz  plist-sz   ldavg-1   ldavg-5  ldavg-15   blocked
10:00:03 PM         3       455      0.08      0.02      0.01         0
Average:            3       455      0.08      0.02      0.01         0
Tue Aug 18 22:30:01 UTC 2020
Linux 4.15.0-112-generic (emage) 	08/18/2020 	_x86_64_	(32 CPU)

10:30:01 PM     CPU     %user     %nice   %system   %iowait    %steal     %idle
10:30:02 PM     all      0.81      0.00      5.29      0.00      0.00     93.90
Average:        all      0.81      0.00      5.29      0.00      0.00     93.90
              total        used        free      shared  buff/cache   available
Mem:      131658512      643592   119028984        2832    11985936   129951068
Swap:       8388604           0     8388604
Linux 4.15.0-112-generic (emage) 	08/18/2020 	_x86_64_	(32 CPU)

10:30:02 PM   runq-sz  plist-sz   ldavg-1   ldavg-5  ldavg-15   blocked
10:30:03 PM         3       455      0.00      0.00      0.00         0
Average:            3       455      0.00      0.00      0.00         0
Tue Aug 18 23:00:01 UTC 2020
Linux 4.15.0-112-generic (emage) 	08/18/2020 	_x86_64_	(32 CPU)

11:00:01 PM     CPU     %user     %nice   %system   %iowait    %steal     %idle
11:00:02 PM     all      0.81      0.00      4.54      0.00      0.00     94.64
Average:        all      0.81      0.00      4.54      0.00      0.00     94.64
              total        used        free      shared  buff/cache   available
Mem:      131658512      641804   119030656        2832    11986052   129952860
Swap:       8388604           0     8388604
Linux 4.15.0-112-generic (emage) 	08/18/2020 	_x86_64_	(32 CPU)

11:00:02 PM   runq-sz  plist-sz   ldavg-1   ldavg-5  ldavg-15   blocked
11:00:03 PM         3       457      0.00      0.00      0.00         0
Average:            3       457      0.00      0.00      0.00         0
Tue Aug 18 23:30:01 UTC 2020
Linux 4.15.0-112-generic (emage) 	08/18/2020 	_x86_64_	(32 CPU)

11:30:01 PM     CPU     %user     %nice   %system   %iowait    %steal     %idle
11:30:02 PM     all      0.75      0.00      4.78      0.00      0.00     94.47
Average:        all      0.75      0.00      4.78      0.00      0.00     94.47
              total        used        free      shared  buff/cache   available
Mem:      131658512      636504   119035540        2832    11986468   129958160
Swap:       8388604           0     8388604
Linux 4.15.0-112-generic (emage) 	08/18/2020 	_x86_64_	(32 CPU)

11:30:02 PM   runq-sz  plist-sz   ldavg-1   ldavg-5  ldavg-15   blocked
11:30:03 PM         2       455      0.03      0.01      0.00         0
Average:            2       455      0.03      0.01      0.00         0
Wed Aug 19 00:00:01 UTC 2020
Linux 4.15.0-112-generic (emage) 	08/19/2020 	_x86_64_	(32 CPU)

12:00:01 AM     CPU     %user     %nice   %system   %iowait    %steal     %idle
12:00:02 AM     all      0.84      0.00      4.63      0.00      0.00     94.52
Average:        all      0.84      0.00      4.63      0.00      0.00     94.52
              total        used        free      shared  buff/cache   available
Mem:      131658512      639440   119032252        2832    11986820   129955228
Swap:       8388604           0     8388604
Linux 4.15.0-112-generic (emage) 	08/19/2020 	_x86_64_	(32 CPU)

12:00:02 AM   runq-sz  plist-sz   ldavg-1   ldavg-5  ldavg-15   blocked
12:00:03 AM         3       459      0.32      0.07      0.02         0
Average:            3       459      0.32      0.07      0.02         0
Wed Aug 19 00:30:01 UTC 2020
Linux 4.15.0-112-generic (emage) 	08/19/2020 	_x86_64_	(32 CPU)

12:30:01 AM     CPU     %user     %nice   %system   %iowait    %steal     %idle
12:30:02 AM     all      0.75      0.00      4.49      0.00      0.00     94.75
Average:        all      0.75      0.00      4.49      0.00      0.00     94.75
              total        used        free      shared  buff/cache   available
Mem:      131658512      637588   119033620        2832    11987304   129957076
Swap:       8388604           0     8388604
Linux 4.15.0-112-generic (emage) 	08/19/2020 	_x86_64_	(32 CPU)

12:30:02 AM   runq-sz  plist-sz   ldavg-1   ldavg-5  ldavg-15   blocked
12:30:03 AM         3       457      0.00      0.00      0.00         0
Average:            3       457      0.00      0.00      0.00         0
Wed Aug 19 01:00:01 UTC 2020
Linux 4.15.0-112-generic (emage) 	08/19/2020 	_x86_64_	(32 CPU)

01:00:01 AM     CPU     %user     %nice   %system   %iowait    %steal     %idle
01:00:02 AM     all      0.97      0.00      4.30      0.00      0.00     94.73
Average:        all      0.97      0.00      4.30      0.00      0.00     94.73
              total        used        free      shared  buff/cache   available
Mem:      131658512      638984   119031904        2832    11987624   129955684
Swap:       8388604           0     8388604
Linux 4.15.0-112-generic (emage) 	08/19/2020 	_x86_64_	(32 CPU)

01:00:02 AM   runq-sz  plist-sz   ldavg-1   ldavg-5  ldavg-15   blocked
01:00:03 AM         3       456      0.00      0.00      0.00         0
Average:            3       456      0.00      0.00      0.00         0
Wed Aug 19 01:30:01 UTC 2020
Linux 4.15.0-112-generic (emage) 	08/19/2020 	_x86_64_	(32 CPU)

01:30:01 AM     CPU     %user     %nice   %system   %iowait    %steal     %idle
01:30:02 AM     all      0.63      0.00      4.48      0.00      0.00     94.89
Average:        all      0.63      0.00      4.48      0.00      0.00     94.89
              total        used        free      shared  buff/cache   available
Mem:      131658512      644304   119026296        2832    11987912   129950364
Swap:       8388604           0     8388604
Linux 4.15.0-112-generic (emage) 	08/19/2020 	_x86_64_	(32 CPU)

01:30:02 AM   runq-sz  plist-sz   ldavg-1   ldavg-5  ldavg-15   blocked
01:30:03 AM         1       457      0.24      0.05      0.02         0
Average:            1       457      0.24      0.05      0.02         0
Wed Aug 19 02:00:01 UTC 2020
Linux 4.15.0-112-generic (emage) 	08/19/2020 	_x86_64_	(32 CPU)

02:00:01 AM     CPU     %user     %nice   %system   %iowait    %steal     %idle
02:00:02 AM     all      0.85      0.00      4.43      0.00      0.00     94.73
Average:        all      0.85      0.00      4.43      0.00      0.00     94.73
              total        used        free      shared  buff/cache   available
Mem:      131658512      638252   119031920        2832    11988340   129956404
Swap:       8388604           0     8388604
Linux 4.15.0-112-generic (emage) 	08/19/2020 	_x86_64_	(32 CPU)

02:00:02 AM   runq-sz  plist-sz   ldavg-1   ldavg-5  ldavg-15   blocked
02:00:03 AM         4       456      0.16      0.03      0.01         0
Average:            4       456      0.16      0.03      0.01         0
Wed Aug 19 02:30:01 UTC 2020
Linux 4.15.0-112-generic (emage) 	08/19/2020 	_x86_64_	(32 CPU)

02:30:01 AM     CPU     %user     %nice   %system   %iowait    %steal     %idle
02:30:02 AM     all      0.63      0.00      4.60      0.00      0.00     94.77
Average:        all      0.63      0.00      4.60      0.00      0.00     94.77
              total        used        free      shared  buff/cache   available
Mem:      131658512      644572   119024900        2832    11989040   129950100
Swap:       8388604           0     8388604
Linux 4.15.0-112-generic (emage) 	08/19/2020 	_x86_64_	(32 CPU)

02:30:02 AM   runq-sz  plist-sz   ldavg-1   ldavg-5  ldavg-15   blocked
02:30:03 AM         1       455      0.00      0.00      0.00         0
Average:            1       455      0.00      0.00      0.00         0
Wed Aug 19 03:00:01 UTC 2020
Linux 4.15.0-112-generic (emage) 	08/19/2020 	_x86_64_	(32 CPU)

03:00:01 AM     CPU     %user     %nice   %system   %iowait    %steal     %idle
03:00:02 AM     all      0.88      0.00      4.64      0.00      0.00     94.49
Average:        all      0.88      0.00      4.64      0.00      0.00     94.49
              total        used        free      shared  buff/cache   available
Mem:      131658512      643768   119025348        2832    11989396   129950908
Swap:       8388604           0     8388604
Linux 4.15.0-112-generic (emage) 	08/19/2020 	_x86_64_	(32 CPU)

03:00:02 AM   runq-sz  plist-sz   ldavg-1   ldavg-5  ldavg-15   blocked
03:00:03 AM         3       458      0.00      0.00      0.00         0
Average:            3       458      0.00      0.00      0.00         0
Wed Aug 19 03:30:01 UTC 2020
Linux 4.15.0-112-generic (emage) 	08/19/2020 	_x86_64_	(32 CPU)

03:30:01 AM     CPU     %user     %nice   %system   %iowait    %steal     %idle
03:30:02 AM     all      0.66      0.00      4.48      0.00      0.00     94.86
Average:        all      0.66      0.00      4.48      0.00      0.00     94.86
              total        used        free      shared  buff/cache   available
Mem:      131658512      645256   119023476        2832    11989780   129949420
Swap:       8388604           0     8388604
Linux 4.15.0-112-generic (emage) 	08/19/2020 	_x86_64_	(32 CPU)

03:30:02 AM   runq-sz  plist-sz   ldavg-1   ldavg-5  ldavg-15   blocked
03:30:03 AM         2       457      0.32      0.07      0.02         0
Average:            2       457      0.32      0.07      0.02         0
Wed Aug 19 04:00:01 UTC 2020
Linux 4.15.0-112-generic (emage) 	08/19/2020 	_x86_64_	(32 CPU)

04:00:01 AM     CPU     %user     %nice   %system   %iowait    %steal     %idle
04:00:02 AM     all      0.88      0.00      4.29      0.00      0.00     94.84
Average:        all      0.88      0.00      4.29      0.00      0.00     94.84
              total        used        free      shared  buff/cache   available
Mem:      131658512      649820   119018460        2832    11990232   129944848
Swap:       8388604           0     8388604
Linux 4.15.0-112-generic (emage) 	08/19/2020 	_x86_64_	(32 CPU)

04:00:02 AM   runq-sz  plist-sz   ldavg-1   ldavg-5  ldavg-15   blocked
04:00:03 AM         3       456      0.02      0.01      0.00         0
Average:            3       456      0.02      0.01      0.00         0
Wed Aug 19 04:30:01 UTC 2020
Linux 4.15.0-112-generic (emage) 	08/19/2020 	_x86_64_	(32 CPU)

04:30:01 AM     CPU     %user     %nice   %system   %iowait    %steal     %idle
04:30:02 AM     all      0.69      0.00      4.64      0.00      0.00     94.67
Average:        all      0.69      0.00      4.64      0.00      0.00     94.67
              total        used        free      shared  buff/cache   available
Mem:      131658512      646112   119016768        2832    11995632   129948560
Swap:       8388604           0     8388604
Linux 4.15.0-112-generic (emage) 	08/19/2020 	_x86_64_	(32 CPU)

04:30:02 AM   runq-sz  plist-sz   ldavg-1   ldavg-5  ldavg-15   blocked
04:30:03 AM         3       459      0.00      0.07      0.08         0
Average:            3       459      0.00      0.07      0.08         0
Wed Aug 19 05:00:01 UTC 2020
Linux 4.15.0-112-generic (emage) 	08/19/2020 	_x86_64_	(32 CPU)

05:00:02 AM     CPU     %user     %nice   %system   %iowait    %steal     %idle
05:00:03 AM     all      0.97      0.00      5.18      0.00      0.00     93.85
Average:        all      0.97      0.00      5.18      0.00      0.00     93.85
              total        used        free      shared  buff/cache   available
Mem:      131658512      675972   118980272        2884    12002268   129918652
Swap:       8388604           0     8388604
Linux 4.15.0-112-generic (emage) 	08/19/2020 	_x86_64_	(32 CPU)

05:00:03 AM   runq-sz  plist-sz   ldavg-1   ldavg-5  ldavg-15   blocked
05:00:04 AM         1       474      0.24      0.05      0.02         0
Average:            1       474      0.24      0.05      0.02         0
Wed Aug 19 05:30:01 UTC 2020
Linux 4.15.0-112-generic (emage) 	08/19/2020 	_x86_64_	(32 CPU)

05:30:01 AM     CPU     %user     %nice   %system   %iowait    %steal     %idle
05:30:02 AM     all      0.63      0.00      4.62      0.00      0.00     94.76
Average:        all      0.63      0.00      4.62      0.00      0.00     94.76
              total        used        free      shared  buff/cache   available
Mem:      131658512      666068   118989580        2856    12002864   129928592
Swap:       8388604           0     8388604
Linux 4.15.0-112-generic (emage) 	08/19/2020 	_x86_64_	(32 CPU)

05:30:02 AM   runq-sz  plist-sz   ldavg-1   ldavg-5  ldavg-15   blocked
05:30:03 AM         4       467      0.16      0.03      0.01         0
Average:            4       467      0.16      0.03      0.01         0
Wed Aug 19 06:00:01 UTC 2020
Linux 4.15.0-112-generic (emage) 	08/19/2020 	_x86_64_	(32 CPU)

06:00:01 AM     CPU     %user     %nice   %system   %iowait    %steal     %idle
06:00:02 AM     all      0.85      0.00      4.55      0.00      0.00     94.60
Average:        all      0.85      0.00      4.55      0.00      0.00     94.60
              total        used        free      shared  buff/cache   available
Mem:      131658512      664176   118990748        2856    12003588   129930488
Swap:       8388604           0     8388604
Linux 4.15.0-112-generic (emage) 	08/19/2020 	_x86_64_	(32 CPU)

06:00:02 AM   runq-sz  plist-sz   ldavg-1   ldavg-5  ldavg-15   blocked
06:00:03 AM         3       467      0.00      0.00      0.00         0
Average:            3       467      0.00      0.00      0.00         0
Wed Aug 19 06:30:01 UTC 2020
Linux 4.15.0-112-generic (emage) 	08/19/2020 	_x86_64_	(32 CPU)

06:30:01 AM     CPU     %user     %nice   %system   %iowait    %steal     %idle
06:30:02 AM     all      0.78      0.00      4.70      0.00      0.00     94.51
Average:        all      0.78      0.00      4.70      0.00      0.00     94.51
              total        used        free      shared  buff/cache   available
Mem:      131658512      661384   118991716        2856    12005412   129933284
Swap:       8388604           0     8388604
Linux 4.15.0-112-generic (emage) 	08/19/2020 	_x86_64_	(32 CPU)

06:30:02 AM   runq-sz  plist-sz   ldavg-1   ldavg-5  ldavg-15   blocked
06:30:03 AM         3       464      0.40      0.14      0.08         0
Average:            3       464      0.40      0.14      0.08         0
Wed Aug 19 12:00:01 UTC 2020
Linux 4.15.0-112-generic (emage) 	08/19/2020 	_x86_64_	(32 CPU)

12:00:01 PM     CPU     %user     %nice   %system   %iowait    %steal     %idle
12:00:02 PM     all      0.97      0.00      4.62      0.00      0.00     94.41
Average:        all      0.97      0.00      4.62      0.00      0.00     94.41
              total        used        free      shared  buff/cache   available
Mem:      131658512      724188   117938568        2860    12995756   129870596
Swap:       8388604           0     8388604
Linux 4.15.0-112-generic (emage) 	08/19/2020 	_x86_64_	(32 CPU)

12:00:02 PM   runq-sz  plist-sz   ldavg-1   ldavg-5  ldavg-15   blocked
12:00:03 PM         3       465      0.33      0.09      0.02         0
Average:            3       465      0.33      0.09      0.02         0
Wed Aug 19 18:00:01 UTC 2020
Linux 4.15.0-112-generic (emage) 	08/19/2020 	_x86_64_	(32 CPU)

06:00:01 PM     CPU     %user     %nice   %system   %iowait    %steal     %idle
06:00:02 PM     all      1.06      0.00      5.21      0.00      0.00     93.73
Average:        all      1.06      0.00      5.21      0.00      0.00     93.73
              total        used        free      shared  buff/cache   available
Mem:      131658512      725024   117934912        2860    12998576   129869748
Swap:       8388604           0     8388604
Linux 4.15.0-112-generic (emage) 	08/19/2020 	_x86_64_	(32 CPU)

06:00:02 PM   runq-sz  plist-sz   ldavg-1   ldavg-5  ldavg-15   blocked
06:00:03 PM         1       466      0.00      0.00      0.00         0
Average:            1       466      0.00      0.00      0.00         0
Thu Aug 20 00:00:01 UTC 2020
Linux 4.15.0-112-generic (emage) 	08/20/2020 	_x86_64_	(32 CPU)

12:00:01 AM     CPU     %user     %nice   %system   %iowait    %steal     %idle
12:00:02 AM     all      0.75      0.00      4.37      0.00      0.00     94.88
Average:        all      0.75      0.00      4.37      0.00      0.00     94.88
              total        used        free      shared  buff/cache   available
Mem:      131658512      728308   117929892        2860    13000312   129866480
Swap:       8388604           0     8388604
Linux 4.15.0-112-generic (emage) 	08/20/2020 	_x86_64_	(32 CPU)

12:00:02 AM   runq-sz  plist-sz   ldavg-1   ldavg-5  ldavg-15   blocked
12:00:03 AM         3       466      0.32      0.09      0.02         0
Average:            3       466      0.32      0.09      0.02         0
Thu Aug 20 06:00:01 UTC 2020
Linux 4.15.0-112-generic (emage) 	08/20/2020 	_x86_64_	(32 CPU)

06:00:01 AM     CPU     %user     %nice   %system   %iowait    %steal     %idle
06:00:02 AM     all      1.32      0.00      5.30      0.00      0.00     93.39
Average:        all      1.32      0.00      5.30      0.00      0.00     93.39
              total        used        free      shared  buff/cache   available
Mem:      131658512     1987268   115670860        2920    14000384   128608348
Swap:       8388604           0     8388604
Linux 4.15.0-112-generic (emage) 	08/20/2020 	_x86_64_	(32 CPU)

06:00:02 AM   runq-sz  plist-sz   ldavg-1   ldavg-5  ldavg-15   blocked
06:00:03 AM         1       810      4.96      4.54      5.73         0
Average:            1       810      4.96      4.54      5.73         0
Thu Aug 20 12:00:01 UTC 2020
Linux 4.15.0-112-generic (emage) 	08/20/2020 	_x86_64_	(32 CPU)

12:00:01 PM     CPU     %user     %nice   %system   %iowait    %steal     %idle
12:00:02 PM     all     50.68      0.00      5.53      0.00      0.00     43.78
Average:        all     50.68      0.00      5.53      0.00      0.00     43.78
              total        used        free      shared  buff/cache   available
Mem:      131658512     2545516   114954276        2888    14158720   128053080
Swap:       8388604           0     8388604
Linux 4.15.0-112-generic (emage) 	08/20/2020 	_x86_64_	(32 CPU)

12:00:02 PM   runq-sz  plist-sz   ldavg-1   ldavg-5  ldavg-15   blocked
12:00:03 PM        20       762     22.06     22.03     20.71         0
Average:           20       762     22.06     22.03     20.71         0
Thu Aug 20 18:00:01 UTC 2020
Linux 4.15.0-112-generic (emage) 	08/20/2020 	_x86_64_	(32 CPU)

06:00:01 PM     CPU     %user     %nice   %system   %iowait    %steal     %idle
06:00:02 PM     all      1.28      0.00      5.54      0.00      0.00     93.17
Average:        all      1.28      0.00      5.54      0.00      0.00     93.17
              total        used        free      shared  buff/cache   available
Mem:      131658512     2151368   115240012        2888    14267132   128450032
Swap:       8388604           0     8388604
Linux 4.15.0-112-generic (emage) 	08/20/2020 	_x86_64_	(32 CPU)

06:00:02 PM   runq-sz  plist-sz   ldavg-1   ldavg-5  ldavg-15   blocked
06:00:03 PM         3       849      3.49      4.41      4.39         0
Average:            3       849      3.49      4.41      4.39         0
Fri Aug 21 00:00:01 UTC 2020
Linux 4.15.0-112-generic (emage) 	08/21/2020 	_x86_64_	(32 CPU)

12:00:01 AM     CPU     %user     %nice   %system   %iowait    %steal     %idle
12:00:02 AM     all      1.16      0.00      5.20      0.00      0.00     93.64
Average:        all      1.16      0.00      5.20      0.00      0.00     93.64
              total        used        free      shared  buff/cache   available
Mem:      131658512     2207624   115026652        2880    14424236   128396556
Swap:       8388604           0     8388604
Linux 4.15.0-112-generic (emage) 	08/21/2020 	_x86_64_	(32 CPU)

12:00:02 AM   runq-sz  plist-sz   ldavg-1   ldavg-5  ldavg-15   blocked
12:00:03 AM         4       852      4.24      4.31      4.45         0
Average:            4       852      4.24      4.31      4.45         0
Fri Aug 21 06:00:01 UTC 2020
Linux 4.15.0-112-generic (emage) 	08/21/2020 	_x86_64_	(32 CPU)

06:00:01 AM     CPU     %user     %nice   %system   %iowait    %steal     %idle
06:00:02 AM     all      1.57      0.00      5.44      0.00      0.00     92.99
Average:        all      1.57      0.00      5.44      0.00      0.00     92.99
              total        used        free      shared  buff/cache   available
Mem:      131658512     2258712   114037928        4416    15361872   128346848
Swap:       8388604           0     8388604
Linux 4.15.0-112-generic (emage) 	08/21/2020 	_x86_64_	(32 CPU)

06:00:02 AM   runq-sz  plist-sz   ldavg-1   ldavg-5  ldavg-15   blocked
06:00:03 AM         1       891      4.27      4.18      4.27         0
Average:            1       891      4.27      4.18      4.27         0
Fri Aug 21 12:00:01 UTC 2020
Linux 4.15.0-112-generic (emage) 	08/21/2020 	_x86_64_	(32 CPU)

12:00:01 PM     CPU     %user     %nice   %system   %iowait    %steal     %idle
12:00:02 PM     all      1.07      0.00      5.17      0.00      0.00     93.77
Average:        all      1.07      0.00      5.17      0.00      0.00     93.77
              total        used        free      shared  buff/cache   available
Mem:      131658512     1205580   110127248        4388    20325684   129403400
Swap:       8388604           0     8388604
Linux 4.15.0-112-generic (emage) 	08/21/2020 	_x86_64_	(32 CPU)

12:00:02 PM   runq-sz  plist-sz   ldavg-1   ldavg-5  ldavg-15   blocked
12:00:03 PM         3       736     15.14     18.86     20.46         0
Average:            3       736     15.14     18.86     20.46         0
Fri Aug 21 18:00:01 UTC 2020
Linux 4.15.0-112-generic (emage) 	08/21/2020 	_x86_64_	(32 CPU)

06:00:01 PM     CPU     %user     %nice   %system   %iowait    %steal     %idle
06:00:02 PM     all     47.72      0.00      4.85      0.00      0.00     47.43
Average:        all     47.72      0.00      4.85      0.00      0.00     47.43
              total        used        free      shared  buff/cache   available
Mem:      131658512     2793836   108402464        4400    20462212   127818316
Swap:       8388604           0     8388604
Linux 4.15.0-112-generic (emage) 	08/21/2020 	_x86_64_	(32 CPU)

06:00:02 PM   runq-sz  plist-sz   ldavg-1   ldavg-5  ldavg-15   blocked
06:00:03 PM        18       778     19.25     19.43     20.06         0
Average:           18       778     19.25     19.43     20.06         0
Sat Aug 22 00:00:01 UTC 2020
Linux 4.15.0-112-generic (emage) 	08/22/2020 	_x86_64_	(32 CPU)

12:00:01 AM     CPU     %user     %nice   %system   %iowait    %steal     %idle
12:00:02 AM     all     47.71      0.00      5.07      0.00      0.00     47.21
Average:        all     47.71      0.00      5.07      0.00      0.00     47.21
              total        used        free      shared  buff/cache   available
Mem:      131658512     2846404   108232916        4380    20579192   127768952
Swap:       8388604           0     8388604
Linux 4.15.0-112-generic (emage) 	08/22/2020 	_x86_64_	(32 CPU)

12:00:02 AM   runq-sz  plist-sz   ldavg-1   ldavg-5  ldavg-15   blocked
12:00:03 AM        16       807     24.73     24.21     22.46         0
Average:           16       807     24.73     24.21     22.46         0
Sat Aug 22 06:00:01 UTC 2020
Linux 4.15.0-112-generic (emage) 	08/22/2020 	_x86_64_	(32 CPU)

06:00:01 AM     CPU     %user     %nice   %system   %iowait    %steal     %idle
06:00:02 AM     all      1.51      0.00      5.24      0.00      0.00     93.25
Average:        all      1.51      0.00      5.24      0.00      0.00     93.25
              total        used        free      shared  buff/cache   available
Mem:      131658512     2496060   108476460        4380    20685992   128122336
Swap:       8388604           0     8388604
Linux 4.15.0-112-generic (emage) 	08/22/2020 	_x86_64_	(32 CPU)

06:00:02 AM   runq-sz  plist-sz   ldavg-1   ldavg-5  ldavg-15   blocked
06:00:03 AM         3       832      5.32      4.93      5.06         0
Average:            3       832      5.32      4.93      5.06         0
Sat Aug 22 12:00:01 UTC 2020
Linux 4.15.0-112-generic (emage) 	08/22/2020 	_x86_64_	(32 CPU)

12:00:01 PM     CPU     %user     %nice   %system   %iowait    %steal     %idle
12:00:02 PM     all     47.67      0.00      4.73      0.00      0.00     47.61
Average:        all     47.67      0.00      4.73      0.00      0.00     47.61
              total        used        free      shared  buff/cache   available
Mem:      131658512     2839964   108032660        4384    20785888   127781484
Swap:       8388604           0     8388604
Linux 4.15.0-112-generic (emage) 	08/22/2020 	_x86_64_	(32 CPU)

12:00:02 PM   runq-sz  plist-sz   ldavg-1   ldavg-5  ldavg-15   blocked
12:00:03 PM        18       784     17.73     20.63     20.88         0
Average:           18       784     17.73     20.63     20.88         0
Sat Aug 22 18:00:01 UTC 2020
Linux 4.15.0-112-generic (emage) 	08/22/2020 	_x86_64_	(32 CPU)

06:00:01 PM     CPU     %user     %nice   %system   %iowait    %steal     %idle
06:00:02 PM     all     47.69      0.00      5.03      0.00      0.00     47.28
Average:        all     47.69      0.00      5.03      0.00      0.00     47.28
              total        used        free      shared  buff/cache   available
Mem:      131658512     2938920   107817316        4388    20902276   127685688
Swap:       8388604           0     8388604
Linux 4.15.0-112-generic (emage) 	08/22/2020 	_x86_64_	(32 CPU)

06:00:03 PM   runq-sz  plist-sz   ldavg-1   ldavg-5  ldavg-15   blocked
06:00:04 PM        18       816     20.51     19.81     19.51         0
Average:           18       816     20.51     19.81     19.51         0
Sun Aug 23 00:00:01 UTC 2020
Linux 4.15.0-112-generic (emage) 	08/23/2020 	_x86_64_	(32 CPU)

12:00:11 AM     CPU     %user     %nice   %system   %iowait    %steal     %idle
12:00:12 AM     all      0.00      0.00      3.09      0.00      0.00     96.91
Average:        all      0.00      0.00      3.09      0.00      0.00     96.91
              total        used        free      shared  buff/cache   available
Mem:      131658512     2546720   108098368        4376    21013424   128081056
Swap:       8388604           0     8388604
Linux 4.15.0-112-generic (emage) 	08/23/2020 	_x86_64_	(32 CPU)

12:00:22 AM   runq-sz  plist-sz   ldavg-1   ldavg-5  ldavg-15   blocked
12:00:23 AM         4       858      4.95      8.28     14.61         0
Average:            4       858      4.95      8.28     14.61         0
Sun Aug 23 06:00:01 UTC 2020
Linux 4.15.0-112-generic (emage) 	08/23/2020 	_x86_64_	(32 CPU)

06:00:11 AM     CPU     %user     %nice   %system   %iowait    %steal     %idle
06:00:12 AM     all      0.06      0.00      3.19      0.00      0.00     96.75
Average:        all      0.06      0.00      3.19      0.00      0.00     96.75
              total        used        free      shared  buff/cache   available
Mem:      131658512     2550224   107989712        4376    21118576   128080432
Swap:       8388604           0     8388604
Linux 4.15.0-112-generic (emage) 	08/23/2020 	_x86_64_	(32 CPU)

06:00:22 AM   runq-sz  plist-sz   ldavg-1   ldavg-5  ldavg-15   blocked
06:00:23 AM         1       851      4.87      5.10      5.03         0
Average:            1       851      4.87      5.10      5.03         0
Sun Aug 23 12:00:01 UTC 2020
Linux 4.15.0-112-generic (emage) 	08/23/2020 	_x86_64_	(32 CPU)

12:00:11 PM     CPU     %user     %nice   %system   %iowait    %steal     %idle
12:00:12 PM     all      0.00      0.00      3.64      0.00      0.00     96.36
Average:        all      0.00      0.00      3.64      0.00      0.00     96.36
              total        used        free      shared  buff/cache   available
Mem:      131658512     2572548   107867232        4380    21218732   128061040
Swap:       8388604           0     8388604
Linux 4.15.0-112-generic (emage) 	08/23/2020 	_x86_64_	(32 CPU)

12:00:22 PM   runq-sz  plist-sz   ldavg-1   ldavg-5  ldavg-15   blocked
12:00:23 PM         3       847      5.03      5.19      5.23         0
Average:            3       847      5.03      5.19      5.23         0
Sun Aug 23 18:00:01 UTC 2020
Linux 4.15.0-112-generic (emage) 	08/23/2020 	_x86_64_	(32 CPU)

06:00:11 PM     CPU     %user     %nice   %system   %iowait    %steal     %idle
06:00:12 PM     all      0.13      0.00      3.19      0.00      0.00     96.69
Average:        all      0.13      0.00      3.19      0.00      0.00     96.69
              total        used        free      shared  buff/cache   available
Mem:      131658512     2546936   107799712        4380    21311864   128089540
Swap:       8388604           0     8388604
Linux 4.15.0-112-generic (emage) 	08/23/2020 	_x86_64_	(32 CPU)

06:00:22 PM   runq-sz  plist-sz   ldavg-1   ldavg-5  ldavg-15   blocked
06:00:23 PM         2       821      5.43      5.22      5.20         0
Average:            2       821      5.43      5.22      5.20         0
Mon Aug 24 00:00:01 UTC 2020
Linux 4.15.0-112-generic (emage) 	08/24/2020 	_x86_64_	(32 CPU)

12:00:11 AM     CPU     %user     %nice   %system   %iowait    %steal     %idle
12:00:12 AM     all      0.03      0.00      3.16      0.00      0.00     96.81
Average:        all      0.03      0.00      3.16      0.00      0.00     96.81
              total        used        free      shared  buff/cache   available
Mem:      131658512     2551524   107698192        4384    21408796   128087864
Swap:       8388604           0     8388604
Linux 4.15.0-112-generic (emage) 	08/24/2020 	_x86_64_	(32 CPU)

12:00:22 AM   runq-sz  plist-sz   ldavg-1   ldavg-5  ldavg-15   blocked
12:00:23 AM         2       828      5.77      5.42      5.43         0
Average:            2       828      5.77      5.42      5.43         0
Mon Aug 24 06:00:01 UTC 2020
Linux 4.15.0-112-generic (emage) 	08/24/2020 	_x86_64_	(32 CPU)

06:00:01 AM     CPU     %user     %nice   %system   %iowait    %steal     %idle
06:00:02 AM     all      1.19      0.00      5.41      0.00      0.00     93.40
Average:        all      1.19      0.00      5.41      0.00      0.00     93.40
              total        used        free      shared  buff/cache   available
Mem:      131658512     2612352   107458664        4404    21587496   128029936
Swap:       8388604           0     8388604
Linux 4.15.0-112-generic (emage) 	08/24/2020 	_x86_64_	(32 CPU)

06:00:02 AM   runq-sz  plist-sz   ldavg-1   ldavg-5  ldavg-15   blocked
06:00:03 AM         3       864      2.99      3.97      4.13         0
Average:            3       864      2.99      3.97      4.13         0
Mon Aug 24 12:00:01 UTC 2020
Linux 4.15.0-112-generic (emage) 	08/24/2020 	_x86_64_	(32 CPU)

12:00:01 PM     CPU     %user     %nice   %system   %iowait    %steal     %idle
12:00:02 PM     all     34.43      0.00      5.85      0.00      0.00     59.72
Average:        all     34.43      0.00      5.85      0.00      0.00     59.72
              total        used        free      shared  buff/cache   available
Mem:      131658512    35295912    68632912       20804    27729688    95331440
Swap:       8388604           0     8388604
Linux 4.15.0-112-generic (emage) 	08/24/2020 	_x86_64_	(32 CPU)

12:00:02 PM   runq-sz  plist-sz   ldavg-1   ldavg-5  ldavg-15   blocked
12:00:03 PM         3      1031     24.00     22.11     21.21         0
Average:            3      1031     24.00     22.11     21.21         0
Mon Aug 24 18:00:01 UTC 2020
Linux 4.15.0-112-generic (emage) 	08/24/2020 	_x86_64_	(32 CPU)

06:00:01 PM     CPU     %user     %nice   %system   %iowait    %steal     %idle
06:00:02 PM     all      1.32      0.00      5.33      0.00      0.00     93.35
Average:        all      1.32      0.00      5.33      0.00      0.00     93.35
              total        used        free      shared  buff/cache   available
Mem:      131658512     2564340   101356724        4412    27737448   128079988
Swap:       8388604           0     8388604
Linux 4.15.0-112-generic (emage) 	08/24/2020 	_x86_64_	(32 CPU)

06:00:02 PM   runq-sz  plist-sz   ldavg-1   ldavg-5  ldavg-15   blocked
06:00:03 PM         2       857      3.94      4.42      4.64         0
Average:            2       857      3.94      4.42      4.64         0
Tue Aug 25 00:00:01 UTC 2020
Linux 4.15.0-112-generic (emage) 	08/25/2020 	_x86_64_	(32 CPU)

12:00:01 AM     CPU     %user     %nice   %system   %iowait    %steal     %idle
12:00:02 AM     all      1.51      0.00      5.66      0.00      0.00     92.84
Average:        all      1.51      0.00      5.66      0.00      0.00     92.84
              total        used        free      shared  buff/cache   available
Mem:      131658512     2538640   101284248        4412    27835624   128108580
Swap:       8388604           0     8388604
Linux 4.15.0-112-generic (emage) 	08/25/2020 	_x86_64_	(32 CPU)

12:00:02 AM   runq-sz  plist-sz   ldavg-1   ldavg-5  ldavg-15   blocked
12:00:03 AM         3       871      4.54      4.52      4.46         0
Average:            3       871      4.54      4.52      4.46         0
Tue Aug 25 06:00:01 UTC 2020
Linux 4.15.0-112-generic (emage) 	08/25/2020 	_x86_64_	(32 CPU)

06:00:01 AM     CPU     %user     %nice   %system   %iowait    %steal     %idle
06:00:02 AM     all      1.53      0.00      3.03      0.00      0.00     95.44
Average:        all      1.53      0.00      3.03      0.00      0.00     95.44
              total        used        free      shared  buff/cache   available
Mem:      131658512     6050852    97403284       12628    28204376   124590472
Swap:       8388604           0     8388604
Linux 4.15.0-112-generic (emage) 	08/25/2020 	_x86_64_	(32 CPU)

06:00:02 AM   runq-sz  plist-sz   ldavg-1   ldavg-5  ldavg-15   blocked
06:00:03 AM         0       816      0.19      0.16      0.19         0
Average:            0       816      0.19      0.16      0.19         0
Tue Aug 25 12:00:01 UTC 2020
Linux 4.15.0-112-generic (emage) 	08/25/2020 	_x86_64_	(32 CPU)

12:00:01 PM     CPU     %user     %nice   %system   %iowait    %steal     %idle
12:00:02 PM     all      1.50      0.00      2.82      0.00      0.00     95.68
Average:        all      1.50      0.00      2.82      0.00      0.00     95.68
              total        used        free      shared  buff/cache   available
Mem:      131658512     6343768    96988752       12612    28325992   124297676
Swap:       8388604           0     8388604
Linux 4.15.0-112-generic (emage) 	08/25/2020 	_x86_64_	(32 CPU)

12:00:02 PM   runq-sz  plist-sz   ldavg-1   ldavg-5  ldavg-15   blocked
12:00:03 PM         0       843      0.32      0.19      0.15         0
Average:            0       843      0.32      0.19      0.15         0
Tue Aug 25 18:00:01 UTC 2020
Linux 4.15.0-112-generic (emage) 	08/25/2020 	_x86_64_	(32 CPU)

06:00:01 PM     CPU     %user     %nice   %system   %iowait    %steal     %idle
06:00:02 PM     all      1.82      0.00      2.92      0.00      0.00     95.26
Average:        all      1.82      0.00      2.92      0.00      0.00     95.26
              total        used        free      shared  buff/cache   available
Mem:      131658512     5599152    97726920       12596    28332440   125042308
Swap:       8388604           0     8388604
Linux 4.15.0-112-generic (emage) 	08/25/2020 	_x86_64_	(32 CPU)

06:00:02 PM   runq-sz  plist-sz   ldavg-1   ldavg-5  ldavg-15   blocked
06:00:03 PM         0       712      0.10      0.12      0.13         0
Average:            0       712      0.10      0.12      0.13         0
Wed Aug 26 00:00:01 UTC 2020
Linux 4.15.0-112-generic (emage) 	08/26/2020 	_x86_64_	(32 CPU)

12:00:01 AM     CPU     %user     %nice   %system   %iowait    %steal     %idle
12:00:02 AM     all      1.31      0.00      3.38      0.00      0.00     95.31
Average:        all      1.31      0.00      3.38      0.00      0.00     95.31
              total        used        free      shared  buff/cache   available
Mem:      131658512     5601272    97722072       12596    28335168   125040192
Swap:       8388604           0     8388604
Linux 4.15.0-112-generic (emage) 	08/26/2020 	_x86_64_	(32 CPU)

12:00:02 AM   runq-sz  plist-sz   ldavg-1   ldavg-5  ldavg-15   blocked
12:00:03 AM         0       712      0.28      0.21      0.13         0
Average:            0       712      0.28      0.21      0.13         0
Wed Aug 26 06:00:01 UTC 2020
Linux 4.15.0-112-generic (emage) 	08/26/2020 	_x86_64_	(32 CPU)

06:00:01 AM     CPU     %user     %nice   %system   %iowait    %steal     %idle
06:00:02 AM     all      1.66      0.00      3.20      0.00      0.00     95.14
Average:        all      1.66      0.00      3.20      0.00      0.00     95.14
              total        used        free      shared  buff/cache   available
Mem:      131658512     5615812    97698816       12632    28343884   125025616
Swap:       8388604           0     8388604
Linux 4.15.0-112-generic (emage) 	08/26/2020 	_x86_64_	(32 CPU)

06:00:02 AM   runq-sz  plist-sz   ldavg-1   ldavg-5  ldavg-15   blocked
06:00:03 AM         0       724      0.24      0.19      0.12         0
Average:            0       724      0.24      0.19      0.12         0
Wed Aug 26 12:00:01 UTC 2020
Linux 4.15.0-112-generic (emage) 	08/26/2020 	_x86_64_	(32 CPU)

12:00:01 PM     CPU     %user     %nice   %system   %iowait    %steal     %idle
12:00:02 PM     all      1.59      0.00      3.37      0.00      0.00     95.04
Average:        all      1.59      0.00      3.37      0.00      0.00     95.04
              total        used        free      shared  buff/cache   available
Mem:      131658512     5601876    96274884       12604    29781752   125039616
Swap:       8388604           0     8388604
Linux 4.15.0-112-generic (emage) 	08/26/2020 	_x86_64_	(32 CPU)

12:00:02 PM   runq-sz  plist-sz   ldavg-1   ldavg-5  ldavg-15   blocked
12:00:03 PM         0       718      0.12      0.13      0.09         0
Average:            0       718      0.12      0.13      0.09         0
Wed Aug 26 18:00:01 UTC 2020
Linux 4.15.0-112-generic (emage) 	08/26/2020 	_x86_64_	(32 CPU)

06:00:01 PM     CPU     %user     %nice   %system   %iowait    %steal     %idle
06:00:02 PM     all      1.53      0.00      2.57      0.00      0.00     95.90
Average:        all      1.53      0.00      2.57      0.00      0.00     95.90
              total        used        free      shared  buff/cache   available
Mem:      131658512     5582724    96281704       12596    29794084   125058776
Swap:       8388604           0     8388604
Linux 4.15.0-112-generic (emage) 	08/26/2020 	_x86_64_	(32 CPU)

06:00:02 PM   runq-sz  plist-sz   ldavg-1   ldavg-5  ldavg-15   blocked
06:00:03 PM         0       714      0.16      0.46      4.34         0
Average:            0       714      0.16      0.46      4.34         0
Thu Aug 27 00:00:01 UTC 2020
Linux 4.15.0-112-generic (emage) 	08/27/2020 	_x86_64_	(32 CPU)

12:00:01 AM     CPU     %user     %nice   %system   %iowait    %steal     %idle
12:00:02 AM     all      1.50      0.00      2.76      0.00      0.00     95.74
Average:        all      1.50      0.00      2.76      0.00      0.00     95.74
              total        used        free      shared  buff/cache   available
Mem:      131658512     5585200    96277168       12596    29796144   125056296
Swap:       8388604           0     8388604
Linux 4.15.0-112-generic (emage) 	08/27/2020 	_x86_64_	(32 CPU)

12:00:02 AM   runq-sz  plist-sz   ldavg-1   ldavg-5  ldavg-15   blocked
12:00:03 AM         4       721      0.23      0.20      0.18         0
Average:            4       721      0.23      0.20      0.18         0
Thu Aug 27 06:00:01 UTC 2020
Linux 4.15.0-112-generic (emage) 	08/27/2020 	_x86_64_	(32 CPU)

06:00:01 AM     CPU     %user     %nice   %system   %iowait    %steal     %idle
06:00:02 AM     all      1.47      0.00      2.97      0.00      0.00     95.56
Average:        all      1.47      0.00      2.97      0.00      0.00     95.56
              total        used        free      shared  buff/cache   available
Mem:      131658512     5984924    93329704       12640    32343884   124656632
Swap:       8388604           0     8388604
Linux 4.15.0-112-generic (emage) 	08/27/2020 	_x86_64_	(32 CPU)

06:00:02 AM   runq-sz  plist-sz   ldavg-1   ldavg-5  ldavg-15   blocked
06:00:03 AM         0       813      0.33      0.26      0.20         0
Average:            0       813      0.33      0.26      0.20         0
Thu Aug 27 12:00:01 UTC 2020
Linux 4.15.0-112-generic (emage) 	08/27/2020 	_x86_64_	(32 CPU)

12:00:01 PM     CPU     %user     %nice   %system   %iowait    %steal     %idle
12:00:02 PM     all     85.19      0.00      5.54      0.00      0.00      9.27
Average:        all     85.19      0.00      5.54      0.00      0.00      9.27
              total        used        free      shared  buff/cache   available
Mem:      131658512    13610520    71875416       12616    46172576   117031336
Swap:       8388604           0     8388604
Linux 4.15.0-112-generic (emage) 	08/27/2020 	_x86_64_	(32 CPU)

12:00:02 PM   runq-sz  plist-sz   ldavg-1   ldavg-5  ldavg-15   blocked
12:00:03 PM        39       949      9.41      8.84     11.12         0
Average:           39       949      9.41      8.84     11.12         0
Thu Aug 27 18:00:01 UTC 2020
Linux 4.15.0-112-generic (emage) 	08/27/2020 	_x86_64_	(32 CPU)

06:00:01 PM     CPU     %user     %nice   %system   %iowait    %steal     %idle
06:00:02 PM     all      1.44      0.00      2.76      0.00      0.00     95.80
Average:        all      1.44      0.00      2.76      0.00      0.00     95.80
              total        used        free      shared  buff/cache   available
Mem:      131658512     5514812    71668488       12596    54475212   125127068
Swap:       8388604           0     8388604
Linux 4.15.0-112-generic (emage) 	08/27/2020 	_x86_64_	(32 CPU)

06:00:02 PM   runq-sz  plist-sz   ldavg-1   ldavg-5  ldavg-15   blocked
06:00:03 PM         0       725      0.33      0.19      0.18         0
Average:            0       725      0.33      0.19      0.18         0
Fri Aug 28 00:00:01 UTC 2020
Linux 4.15.0-112-generic (emage) 	08/28/2020 	_x86_64_	(32 CPU)

12:00:01 AM     CPU     %user     %nice   %system   %iowait    %steal     %idle
12:00:02 AM     all      1.57      0.00      3.01      0.00      0.00     95.43
Average:        all      1.57      0.00      3.01      0.00      0.00     95.43
              total        used        free      shared  buff/cache   available
Mem:      131658512     5518176    71662648       12596    54477688   125123704
Swap:       8388604           0     8388604
Linux 4.15.0-112-generic (emage) 	08/28/2020 	_x86_64_	(32 CPU)

12:00:02 AM   runq-sz  plist-sz   ldavg-1   ldavg-5  ldavg-15   blocked
12:00:03 AM         2       728      0.17      0.21      0.19         0
Average:            2       728      0.17      0.21      0.19         0
Fri Aug 28 06:00:01 UTC 2020
Linux 4.15.0-112-generic (emage) 	08/28/2020 	_x86_64_	(32 CPU)

06:00:01 AM     CPU     %user     %nice   %system   %iowait    %steal     %idle
06:00:02 AM     all      1.82      0.00      3.73      0.00      0.00     94.45
Average:        all      1.82      0.00      3.73      0.00      0.00     94.45
              total        used        free      shared  buff/cache   available
Mem:      131658512     7966080    88963424       12628    34729008   122675856
Swap:       8388604           0     8388604
Linux 4.15.0-112-generic (emage) 	08/28/2020 	_x86_64_	(32 CPU)

06:00:02 AM   runq-sz  plist-sz   ldavg-1   ldavg-5  ldavg-15   blocked
06:00:03 AM         0       973      0.29      0.27      0.21         0
Average:            0       973      0.29      0.27      0.21         0
Fri Aug 28 12:00:01 UTC 2020
Linux 4.15.0-112-generic (emage) 	08/28/2020 	_x86_64_	(32 CPU)

12:00:01 PM     CPU     %user     %nice   %system   %iowait    %steal     %idle
12:00:02 PM     all      1.69      0.00      2.60      0.00      0.00     95.71
Average:        all      1.69      0.00      2.60      0.00      0.00     95.71
              total        used        free      shared  buff/cache   available
Mem:      131658512     6765884    90159664       12604    34732964   123876080
Swap:       8388604           0     8388604
Linux 4.15.0-112-generic (emage) 	08/28/2020 	_x86_64_	(32 CPU)

12:00:02 PM   runq-sz  plist-sz   ldavg-1   ldavg-5  ldavg-15   blocked
12:00:03 PM         0       833      0.06      0.14      0.17         0
Average:            0       833      0.06      0.14      0.17         0
Fri Aug 28 18:00:01 UTC 2020
Linux 4.15.0-112-generic (emage) 	08/28/2020 	_x86_64_	(32 CPU)

06:00:01 PM     CPU     %user     %nice   %system   %iowait    %steal     %idle
06:00:02 PM     all      1.69      0.00      3.50      0.00      0.00     94.81
Average:        all      1.69      0.00      3.50      0.00      0.00     94.81
              total        used        free      shared  buff/cache   available
Mem:      131658512     5653252    91300580       12576    34704680   124988740
Swap:       8388604           0     8388604
Linux 4.15.0-112-generic (emage) 	08/28/2020 	_x86_64_	(32 CPU)

06:00:03 PM   runq-sz  plist-sz   ldavg-1   ldavg-5  ldavg-15   blocked
06:00:04 PM         0       724      0.25      0.20      0.18         0
Average:            0       724      0.25      0.20      0.18         0
Sat Aug 29 00:00:01 UTC 2020
Linux 4.15.0-112-generic (emage) 	08/29/2020 	_x86_64_	(32 CPU)

12:00:01 AM     CPU     %user     %nice   %system   %iowait    %steal     %idle
12:00:02 AM     all      1.41      0.00      2.76      0.00      0.00     95.83
Average:        all      1.41      0.00      2.76      0.00      0.00     95.83
              total        used        free      shared  buff/cache   available
Mem:      131658512     5641184    91311104       12576    34706224   125000808
Swap:       8388604           0     8388604
Linux 4.15.0-112-generic (emage) 	08/29/2020 	_x86_64_	(32 CPU)

12:00:02 AM   runq-sz  plist-sz   ldavg-1   ldavg-5  ldavg-15   blocked
12:00:03 AM         0       720      0.45      0.31      0.21         0
Average:            0       720      0.45      0.31      0.21         0
Sat Aug 29 06:00:01 UTC 2020
Linux 4.15.0-112-generic (emage) 	08/29/2020 	_x86_64_	(32 CPU)

06:00:01 AM     CPU     %user     %nice   %system   %iowait    %steal     %idle
06:00:02 AM     all      1.97      0.00      3.10      0.00      0.00     94.93
Average:        all      1.97      0.00      3.10      0.00      0.00     94.93
              total        used        free      shared  buff/cache   available
Mem:      131658512     5640944    91309988       12576    34707580   125001052
Swap:       8388604           0     8388604
Linux 4.15.0-112-generic (emage) 	08/29/2020 	_x86_64_	(32 CPU)

06:00:02 AM   runq-sz  plist-sz   ldavg-1   ldavg-5  ldavg-15   blocked
06:00:03 AM         0       723      0.15      0.16      0.17         0
Average:            0       723      0.15      0.16      0.17         0
Sat Aug 29 12:00:01 UTC 2020
Linux 4.15.0-112-generic (emage) 	08/29/2020 	_x86_64_	(32 CPU)

12:00:01 PM     CPU     %user     %nice   %system   %iowait    %steal     %idle
12:00:02 PM     all      1.72      0.00      2.69      0.00      0.00     95.59
Average:        all      1.72      0.00      2.69      0.00      0.00     95.59
              total        used        free      shared  buff/cache   available
Mem:      131658512     5643188    91306884       12576    34708440   124998812
Swap:       8388604           0     8388604
Linux 4.15.0-112-generic (emage) 	08/29/2020 	_x86_64_	(32 CPU)

12:00:02 PM   runq-sz  plist-sz   ldavg-1   ldavg-5  ldavg-15   blocked
12:00:03 PM         1       725      0.04      0.11      0.15         0
Average:            1       725      0.04      0.11      0.15         0
Sat Aug 29 18:00:01 UTC 2020
Linux 4.15.0-112-generic (emage) 	08/29/2020 	_x86_64_	(32 CPU)

06:00:01 PM     CPU     %user     %nice   %system   %iowait    %steal     %idle
06:00:02 PM     all      1.57      0.00      2.45      0.00      0.00     95.98
Average:        all      1.57      0.00      2.45      0.00      0.00     95.98
              total        used        free      shared  buff/cache   available
Mem:      131658512     5649352    91298720       12576    34710440   124992644
Swap:       8388604           0     8388604
Linux 4.15.0-112-generic (emage) 	08/29/2020 	_x86_64_	(32 CPU)

06:00:02 PM   runq-sz  plist-sz   ldavg-1   ldavg-5  ldavg-15   blocked
06:00:03 PM         1       721      0.18      0.17      0.18         0
Average:            1       721      0.18      0.17      0.18         0
Sun Aug 30 00:00:01 UTC 2020
Linux 4.15.0-112-generic (emage) 	08/30/2020 	_x86_64_	(32 CPU)

12:00:01 AM     CPU     %user     %nice   %system   %iowait    %steal     %idle
12:00:02 AM     all      1.25      0.00      2.85      0.00      0.00     95.90
Average:        all      1.25      0.00      2.85      0.00      0.00     95.90
              total        used        free      shared  buff/cache   available
Mem:      131658512     5641472    91304548       12576    34712492   125000528
Swap:       8388604           0     8388604
Linux 4.15.0-112-generic (emage) 	08/30/2020 	_x86_64_	(32 CPU)

12:00:02 AM   runq-sz  plist-sz   ldavg-1   ldavg-5  ldavg-15   blocked
12:00:03 AM         1       723      0.31      0.22      0.19         0
Average:            1       723      0.31      0.22      0.19         0
Sun Aug 30 06:00:01 UTC 2020
Linux 4.15.0-112-generic (emage) 	08/30/2020 	_x86_64_	(32 CPU)

06:00:01 AM     CPU     %user     %nice   %system   %iowait    %steal     %idle
06:00:02 AM     all      1.60      0.00      2.88      0.00      0.00     95.52
Average:        all      1.60      0.00      2.88      0.00      0.00     95.52
              total        used        free      shared  buff/cache   available
Mem:      131658512     5643992    91300020       12576    34714500   124998012
Swap:       8388604           0     8388604
Linux 4.15.0-112-generic (emage) 	08/30/2020 	_x86_64_	(32 CPU)

06:00:02 AM   runq-sz  plist-sz   ldavg-1   ldavg-5  ldavg-15   blocked
06:00:03 AM         0       724      0.21      0.20      0.18         0
Average:            0       724      0.21      0.20      0.18         0
Sun Aug 30 12:00:01 UTC 2020
Linux 4.15.0-112-generic (emage) 	08/30/2020 	_x86_64_	(32 CPU)

12:00:01 PM     CPU     %user     %nice   %system   %iowait    %steal     %idle
12:00:02 PM     all      1.38      0.00      2.69      0.00      0.00     95.93
Average:        all      1.38      0.00      2.69      0.00      0.00     95.93
              total        used        free      shared  buff/cache   available
Mem:      131658512     5640884    91298016       12576    34719612   125001124
Swap:       8388604           0     8388604
Linux 4.15.0-112-generic (emage) 	08/30/2020 	_x86_64_	(32 CPU)

12:00:02 PM   runq-sz  plist-sz   ldavg-1   ldavg-5  ldavg-15   blocked
12:00:03 PM         1       719      0.36      0.24      0.19         0
Average:            1       719      0.36      0.24      0.19         0
Sun Aug 30 18:00:01 UTC 2020
Linux 4.15.0-112-generic (emage) 	08/30/2020 	_x86_64_	(32 CPU)

06:00:01 PM     CPU     %user     %nice   %system   %iowait    %steal     %idle
06:00:02 PM     all      1.76      0.00      2.82      0.00      0.00     95.42
Average:        all      1.76      0.00      2.82      0.00      0.00     95.42
              total        used        free      shared  buff/cache   available
Mem:      131658512     5648424    91288312       12576    34721776   124993584
Swap:       8388604           0     8388604
Linux 4.15.0-112-generic (emage) 	08/30/2020 	_x86_64_	(32 CPU)

06:00:02 PM   runq-sz  plist-sz   ldavg-1   ldavg-5  ldavg-15   blocked
06:00:03 PM         0       724      0.08      0.12      0.15         0
Average:            0       724      0.08      0.12      0.15         0
Mon Aug 31 00:00:01 UTC 2020
Linux 4.15.0-112-generic (emage) 	08/31/2020 	_x86_64_	(32 CPU)

12:00:01 AM     CPU     %user     %nice   %system   %iowait    %steal     %idle
12:00:02 AM     all      1.44      0.00      3.55      2.67      0.00     92.34
Average:        all      1.44      0.00      3.55      2.67      0.00     92.34
              total        used        free      shared  buff/cache   available
Mem:      131658512     5643756    91284288       12580    34730468   124998184
Swap:       8388604           0     8388604
Linux 4.15.0-112-generic (emage) 	08/31/2020 	_x86_64_	(32 CPU)

12:00:02 AM   runq-sz  plist-sz   ldavg-1   ldavg-5  ldavg-15   blocked
12:00:03 AM         0       721      0.24      0.19      0.17         1
Average:            0       721      0.24      0.19      0.17         1
Mon Aug 31 06:00:01 UTC 2020
Linux 4.15.0-112-generic (emage) 	08/31/2020 	_x86_64_	(32 CPU)

06:00:11 AM     CPU     %user     %nice   %system   %iowait    %steal     %idle
06:00:12 AM     all      0.03      0.00      0.16      0.00      0.00     99.81
Average:        all      0.03      0.00      0.16      0.00      0.00     99.81
              total        used        free      shared  buff/cache   available
Mem:      131658512     5646148    90937536       12572    35074828   124995860
Swap:       8388604           0     8388604
Linux 4.15.0-112-generic (emage) 	08/31/2020 	_x86_64_	(32 CPU)

06:00:22 AM   runq-sz  plist-sz   ldavg-1   ldavg-5  ldavg-15   blocked
06:00:23 AM         1       722      1.31      1.19      0.84         0
Average:            1       722      1.31      1.19      0.84         0
Mon Aug 31 12:00:01 UTC 2020
Linux 4.15.0-112-generic (Viralint) 	08/31/2020 	_x86_64_	(32 CPU)

12:00:01 PM     CPU     %user     %nice   %system   %iowait    %steal     %idle
12:00:02 PM     all      0.94      0.00      4.48      0.13      0.00     94.45
Average:        all      0.94      0.00      4.48      0.13      0.00     94.45
              total        used        free      shared  buff/cache   available
Mem:      131658512      629708   126648016        4264     4380788   130022544
Swap:       8388604           0     8388604
Linux 4.15.0-112-generic (Viralint) 	08/31/2020 	_x86_64_	(32 CPU)

12:00:02 PM   runq-sz  plist-sz   ldavg-1   ldavg-5  ldavg-15   blocked
12:00:03 PM         3       462      0.40      0.08      0.03         0
Average:            3       462      0.40      0.08      0.03         0
Mon Aug 31 18:00:01 UTC 2020
Linux 4.15.0-112-generic (Viralint) 	08/31/2020 	_x86_64_	(32 CPU)

06:00:01 PM     CPU     %user     %nice   %system   %iowait    %steal     %idle
06:00:02 PM     all      1.12      0.00      4.87      0.00      0.00     94.01
Average:        all      1.12      0.00      4.87      0.00      0.00     94.01
              total        used        free      shared  buff/cache   available
Mem:      131658512      645288   126619316        4264     4393908   130004092
Swap:       8388604           0     8388604
Linux 4.15.0-112-generic (Viralint) 	08/31/2020 	_x86_64_	(32 CPU)

06:00:02 PM   runq-sz  plist-sz   ldavg-1   ldavg-5  ldavg-15   blocked
06:00:03 PM         3       463      0.00      0.00      0.00         0
Average:            3       463      0.00      0.00      0.00         0
Tue Sep  1 00:00:01 UTC 2020
Linux 4.15.0-112-generic (Viralint) 	09/01/2020 	_x86_64_	(32 CPU)

12:00:01 AM     CPU     %user     %nice   %system   %iowait    %steal     %idle
12:00:02 AM     all      0.78      0.00      4.55      0.00      0.00     94.67
Average:        all      0.78      0.00      4.55      0.00      0.00     94.67
              total        used        free      shared  buff/cache   available
Mem:      131658512      650084   126611104        4264     4397324   129998740
Swap:       8388604           0     8388604
Linux 4.15.0-112-generic (Viralint) 	09/01/2020 	_x86_64_	(32 CPU)

12:00:02 AM   runq-sz  plist-sz   ldavg-1   ldavg-5  ldavg-15   blocked
12:00:03 AM         2       463      0.40      0.08      0.03         0
Average:            2       463      0.40      0.08      0.03         0
Tue Sep  1 06:00:01 UTC 2020
Linux 4.15.0-112-generic (Viralint) 	09/01/2020 	_x86_64_	(32 CPU)

06:00:01 AM     CPU     %user     %nice   %system   %iowait    %steal     %idle
06:00:02 AM     all      1.47      0.00      5.66      0.00      0.00     92.88
Average:        all      1.47      0.00      5.66      0.00      0.00     92.88
              total        used        free      shared  buff/cache   available
Mem:      131658512      813316   126308492        4416     4536704   129823484
Swap:       8388604           0     8388604
Linux 4.15.0-112-generic (Viralint) 	09/01/2020 	_x86_64_	(32 CPU)

06:00:02 AM   runq-sz  plist-sz   ldavg-1   ldavg-5  ldavg-15   blocked
06:00:03 AM         3       560      0.00      0.00      0.00         0
Average:            3       560      0.00      0.00      0.00         0
Tue Sep  1 12:00:01 UTC 2020
Linux 4.15.0-112-generic (Viralint) 	09/01/2020 	_x86_64_	(32 CPU)

12:00:01 PM     CPU     %user     %nice   %system   %iowait    %steal     %idle
12:00:02 PM     all      0.97      0.00      4.52      0.00      0.00     94.51
Average:        all      0.97      0.00      4.52      0.00      0.00     94.51
              total        used        free      shared  buff/cache   available
Mem:      131658512      717020   122612068        4300     8329424   129875944
Swap:       8388604           0     8388604
Linux 4.15.0-112-generic (Viralint) 	09/01/2020 	_x86_64_	(32 CPU)

12:00:02 PM   runq-sz  plist-sz   ldavg-1   ldavg-5  ldavg-15   blocked
12:00:03 PM         3       476      0.48      0.10      0.03         0
Average:            3       476      0.48      0.10      0.03         0
Tue Sep  1 18:00:01 UTC 2020
Linux 4.15.0-112-generic (Viralint) 	09/01/2020 	_x86_64_	(32 CPU)

06:00:01 PM     CPU     %user     %nice   %system   %iowait    %steal     %idle
06:00:02 PM     all      1.63      0.00      5.45      0.00      0.00     92.92
Average:        all      1.63      0.00      5.45      0.00      0.00     92.92
              total        used        free      shared  buff/cache   available
Mem:      131658512     2095356   120906736        4296     8656420   128499552
Swap:       8388604           0     8388604
Linux 4.15.0-112-generic (Viralint) 	09/01/2020 	_x86_64_	(32 CPU)

06:00:02 PM   runq-sz  plist-sz   ldavg-1   ldavg-5  ldavg-15   blocked
06:00:03 PM         0       819      4.98      4.45      4.24         0
Average:            0       819      4.98      4.45      4.24         0
Wed Sep  2 00:00:01 UTC 2020
Linux 4.15.0-112-generic (Viralint) 	09/02/2020 	_x86_64_	(32 CPU)

12:00:01 AM     CPU     %user     %nice   %system   %iowait    %steal     %idle
12:00:02 AM     all      1.46      0.00      5.63      0.00      0.00     92.91
Average:        all      1.46      0.00      5.63      0.00      0.00     92.91
              total        used        free      shared  buff/cache   available
Mem:      131658512     2064056   120831780        4300     8762676   128533620
Swap:       8388604           0     8388604
Linux 4.15.0-112-generic (Viralint) 	09/02/2020 	_x86_64_	(32 CPU)

12:00:02 AM   runq-sz  plist-sz   ldavg-1   ldavg-5  ldavg-15   blocked
12:00:03 AM         3       821      4.45      4.18      4.04         0
Average:            3       821      4.45      4.18      4.04         0
Wed Sep  2 06:00:01 UTC 2020
Linux 4.15.0-112-generic (Viralint) 	09/02/2020 	_x86_64_	(32 CPU)

06:00:01 AM     CPU     %user     %nice   %system   %iowait    %steal     %idle
06:00:02 AM     all      1.55      0.00      6.91      0.00      0.00     91.55
Average:        all      1.55      0.00      6.91      0.00      0.00     91.55
              total        used        free      shared  buff/cache   available
Mem:      131658512     2168252   120579348        4304     8910912   128432204
Swap:       8388604           0     8388604
Linux 4.15.0-112-generic (Viralint) 	09/02/2020 	_x86_64_	(32 CPU)

06:00:02 AM   runq-sz  plist-sz   ldavg-1   ldavg-5  ldavg-15   blocked
06:00:03 AM         0       864      4.59      4.25      4.15         0
Average:            0       864      4.59      4.25      4.15         0
Wed Sep  2 12:00:01 UTC 2020
Linux 4.15.0-112-generic (Viralint) 	09/02/2020 	_x86_64_	(32 CPU)

12:00:01 PM     CPU     %user     %nice   %system   %iowait    %steal     %idle
12:00:02 PM     all      1.44      0.00      5.48      0.00      0.00     93.08
Average:        all      1.44      0.00      5.48      0.00      0.00     93.08
              total        used        free      shared  buff/cache   available
Mem:      131658512     2138956   120496088        4300     9023468   128464280
Swap:       8388604           0     8388604
Linux 4.15.0-112-generic (Viralint) 	09/02/2020 	_x86_64_	(32 CPU)

12:00:02 PM   runq-sz  plist-sz   ldavg-1   ldavg-5  ldavg-15   blocked
12:00:03 PM         2       868      4.40      4.20      4.09         0
Average:            2       868      4.40      4.20      4.09         0
Wed Sep  2 18:00:01 UTC 2020
Linux 4.15.0-112-generic (Viralint) 	09/02/2020 	_x86_64_	(32 CPU)

06:00:01 PM     CPU     %user     %nice   %system   %iowait    %steal     %idle
06:00:02 PM     all      1.15      0.00      5.95      0.00      0.00     92.89
Average:        all      1.15      0.00      5.95      0.00      0.00     92.89
              total        used        free      shared  buff/cache   available
Mem:      131658512     2210856   120316060        4304     9131596   128395264
Swap:       8388604           0     8388604
Linux 4.15.0-112-generic (Viralint) 	09/02/2020 	_x86_64_	(32 CPU)

06:00:02 PM   runq-sz  plist-sz   ldavg-1   ldavg-5  ldavg-15   blocked
06:00:03 PM         1       862      3.20      3.66      3.88         0
Average:            1       862      3.20      3.66      3.88         0
Thu Sep  3 00:00:01 UTC 2020
Linux 4.15.0-112-generic (Viralint) 	09/03/2020 	_x86_64_	(32 CPU)

12:00:01 AM     CPU     %user     %nice   %system   %iowait    %steal     %idle
12:00:02 AM     all      1.60      0.00      5.54      0.00      0.00     92.87
Average:        all      1.60      0.00      5.54      0.00      0.00     92.87
              total        used        free      shared  buff/cache   available
Mem:      131658512     2158396   120252720        4304     9247396   128450620
Swap:       8388604           0     8388604
Linux 4.15.0-112-generic (Viralint) 	09/03/2020 	_x86_64_	(32 CPU)

12:00:02 AM   runq-sz  plist-sz   ldavg-1   ldavg-5  ldavg-15   blocked
12:00:03 AM         3       884      3.55      3.83      3.97         0
Average:            3       884      3.55      3.83      3.97         0
Thu Sep  3 06:00:01 UTC 2020
Linux 4.15.0-112-generic (Viralint) 	09/03/2020 	_x86_64_	(32 CPU)

06:00:01 AM     CPU     %user     %nice   %system   %iowait    %steal     %idle
06:00:02 AM     all      1.47      0.00      5.55      0.00      0.00     92.98
Average:        all      1.47      0.00      5.55      0.00      0.00     92.98
              total        used        free      shared  buff/cache   available
Mem:      131658512     2229584   120072628        4300     9356300   128382328
Swap:       8388604           0     8388604
Linux 4.15.0-112-generic (Viralint) 	09/03/2020 	_x86_64_	(32 CPU)

06:00:02 AM   runq-sz  plist-sz   ldavg-1   ldavg-5  ldavg-15   blocked
06:00:03 AM         1       892      4.76      4.76      4.54         0
Average:            1       892      4.76      4.76      4.54         0
Thu Sep  3 12:00:01 UTC 2020
Linux 4.15.0-112-generic (Viralint) 	09/03/2020 	_x86_64_	(32 CPU)

12:00:01 PM     CPU     %user     %nice   %system   %iowait    %steal     %idle
12:00:02 PM     all      1.44      0.00      5.53      0.00      0.00     93.03
Average:        all      1.44      0.00      5.53      0.00      0.00     93.03
              total        used        free      shared  buff/cache   available
Mem:      131658512     2257260   119952576        4300     9448676   128357560
Swap:       8388604           0     8388604
Linux 4.15.0-112-generic (Viralint) 	09/03/2020 	_x86_64_	(32 CPU)

12:00:02 PM   runq-sz  plist-sz   ldavg-1   ldavg-5  ldavg-15   blocked
12:00:03 PM         1       889      2.94      3.68      3.98         0
Average:            1       889      2.94      3.68      3.98         0
Thu Sep  3 18:00:01 UTC 2020
Linux 4.15.0-112-generic (Viralint) 	09/03/2020 	_x86_64_	(32 CPU)

06:00:01 PM     CPU     %user     %nice   %system   %iowait    %steal     %idle
06:00:02 PM     all      1.79      0.00      5.70      0.00      0.00     92.51
Average:        all      1.79      0.00      5.70      0.00      0.00     92.51
              total        used        free      shared  buff/cache   available
Mem:      131658512     2209040   119885860        4304     9563612   128408680
Swap:       8388604           0     8388604
Linux 4.15.0-112-generic (Viralint) 	09/03/2020 	_x86_64_	(32 CPU)

06:00:02 PM   runq-sz  plist-sz   ldavg-1   ldavg-5  ldavg-15   blocked
06:00:03 PM         2       888      4.88      4.67      4.45         0
Average:            2       888      4.88      4.67      4.45         0
Fri Sep  4 00:00:01 UTC 2020
Linux 4.15.0-112-generic (Viralint) 	09/04/2020 	_x86_64_	(32 CPU)

12:00:01 AM     CPU     %user     %nice   %system   %iowait    %steal     %idle
12:00:02 AM     all      1.34      0.00      6.10      0.00      0.00     92.56
Average:        all      1.34      0.00      6.10      0.00      0.00     92.56
              total        used        free      shared  buff/cache   available
Mem:      131658512     2239800   119747520        4300     9671192   128380820
Swap:       8388604           0     8388604
Linux 4.15.0-112-generic (Viralint) 	09/04/2020 	_x86_64_	(32 CPU)

12:00:02 AM   runq-sz  plist-sz   ldavg-1   ldavg-5  ldavg-15   blocked
12:00:03 AM         1       864      5.08      4.55      4.34         0
Average:            1       864      5.08      4.55      4.34         0
Fri Sep  4 06:00:01 UTC 2020
Linux 4.15.0-112-generic (Viralint) 	09/04/2020 	_x86_64_	(32 CPU)

06:00:01 AM     CPU     %user     %nice   %system   %iowait    %steal     %idle
06:00:02 AM     all      1.56      0.00      5.97      0.00      0.00     92.47
Average:        all      1.56      0.00      5.97      0.00      0.00     92.47
              total        used        free      shared  buff/cache   available
Mem:      131658512     2344584   119500276        4416     9813652   128278848
Swap:       8388604           0     8388604
Linux 4.15.0-112-generic (Viralint) 	09/04/2020 	_x86_64_	(32 CPU)

06:00:02 AM   runq-sz  plist-sz   ldavg-1   ldavg-5  ldavg-15   blocked
06:00:03 AM         0       910      3.66      4.10      4.14         0
Average:            0       910      3.66      4.10      4.14         0
Fri Sep  4 12:00:01 UTC 2020
Linux 4.15.0-112-generic (Viralint) 	09/04/2020 	_x86_64_	(32 CPU)

12:00:01 PM     CPU     %user     %nice   %system   %iowait    %steal     %idle
12:00:02 PM     all      1.62      0.00      6.41      0.00      0.00     91.98
Average:        all      1.62      0.00      6.41      0.00      0.00     91.98
              total        used        free      shared  buff/cache   available
Mem:      131658512     2273740   119619556        4372     9765216   128352680
Swap:       8388604           0     8388604
Linux 4.15.0-112-generic (Viralint) 	09/04/2020 	_x86_64_	(32 CPU)

12:00:02 PM   runq-sz  plist-sz   ldavg-1   ldavg-5  ldavg-15   blocked
12:00:03 PM         0       883      4.69      4.33      4.19         0
Average:            0       883      4.69      4.33      4.19         0
Fri Sep  4 18:00:01 UTC 2020
Linux 4.15.0-112-generic (Viralint) 	09/04/2020 	_x86_64_	(32 CPU)

06:00:01 PM     CPU     %user     %nice   %system   %iowait    %steal     %idle
06:00:02 PM     all      1.41      0.00      5.88      0.00      0.00     92.72
Average:        all      1.41      0.00      5.88      0.00      0.00     92.72
              total        used        free      shared  buff/cache   available
Mem:      131658512     2292680   119476744        4392     9889088   128336612
Swap:       8388604           0     8388604
Linux 4.15.0-112-generic (Viralint) 	09/04/2020 	_x86_64_	(32 CPU)

06:00:02 PM   runq-sz  plist-sz   ldavg-1   ldavg-5  ldavg-15   blocked
06:00:03 PM         3       908      3.07      4.22      4.35         0
Average:            3       908      3.07      4.22      4.35         0
Sat Sep  5 00:00:01 UTC 2020
Linux 4.15.0-112-generic (Viralint) 	09/05/2020 	_x86_64_	(32 CPU)

12:00:01 AM     CPU     %user     %nice   %system   %iowait    %steal     %idle
12:00:02 AM     all      1.22      0.00      5.20      0.00      0.00     93.57
Average:        all      1.22      0.00      5.20      0.00      0.00     93.57
              total        used        free      shared  buff/cache   available
Mem:      131658512     2325788   119338132        4368     9994592   128306428
Swap:       8388604           0     8388604
Linux 4.15.0-112-generic (Viralint) 	09/05/2020 	_x86_64_	(32 CPU)

12:00:02 AM   runq-sz  plist-sz   ldavg-1   ldavg-5  ldavg-15   blocked
12:00:03 AM         3       885      3.89      3.79      3.93         0
Average:            3       885      3.89      3.79      3.93         0
Sat Sep  5 06:00:01 UTC 2020
Linux 4.15.0-112-generic (Viralint) 	09/05/2020 	_x86_64_	(32 CPU)

06:00:01 AM     CPU     %user     %nice   %system   %iowait    %steal     %idle
06:00:02 AM     all      1.31      0.00      5.35      0.03      0.00     93.31
Average:        all      1.31      0.00      5.35      0.03      0.00     93.31
              total        used        free      shared  buff/cache   available
Mem:      131658512     2306276   119246880        4368    10105356   128328748
Swap:       8388604           0     8388604
Linux 4.15.0-112-generic (Viralint) 	09/05/2020 	_x86_64_	(32 CPU)

06:00:02 AM   runq-sz  plist-sz   ldavg-1   ldavg-5  ldavg-15   blocked
06:00:03 AM         3       879      3.67      3.96      4.11         0
Average:            3       879      3.67      3.96      4.11         0
Sat Sep  5 12:00:01 UTC 2020
Linux 4.15.0-112-generic (Viralint) 	09/05/2020 	_x86_64_	(32 CPU)

12:00:01 PM     CPU     %user     %nice   %system   %iowait    %steal     %idle
12:00:02 PM     all      1.53      0.00      5.91      0.00      0.00     92.56
Average:        all      1.53      0.00      5.91      0.00      0.00     92.56
              total        used        free      shared  buff/cache   available
Mem:      131658512     2286128   119144168        4372    10228216   128351884
Swap:       8388604           0     8388604
Linux 4.15.0-112-generic (Viralint) 	09/05/2020 	_x86_64_	(32 CPU)

12:00:02 PM   runq-sz  plist-sz   ldavg-1   ldavg-5  ldavg-15   blocked
12:00:03 PM         2       881      4.76      4.41      4.35         0
Average:            2       881      4.76      4.41      4.35         0
Sat Sep  5 18:00:01 UTC 2020
Linux 4.15.0-112-generic (Viralint) 	09/05/2020 	_x86_64_	(32 CPU)

06:00:01 PM     CPU     %user     %nice   %system   %iowait    %steal     %idle
06:00:02 PM     all      1.41      0.00      5.82      0.00      0.00     92.77
Average:        all      1.41      0.00      5.82      0.00      0.00     92.77
              total        used        free      shared  buff/cache   available
Mem:      131658512     2331204   119000796        4368    10326512   128309708
Swap:       8388604           0     8388604
Linux 4.15.0-112-generic (Viralint) 	09/05/2020 	_x86_64_	(32 CPU)

06:00:02 PM   runq-sz  plist-sz   ldavg-1   ldavg-5  ldavg-15   blocked
06:00:03 PM         3       895      5.04      4.40      4.26         0
Average:            3       895      5.04      4.40      4.26         0
Sun Sep  6 00:00:02 UTC 2020
Linux 4.15.0-112-generic (Viralint) 	09/06/2020 	_x86_64_	(32 CPU)

12:00:02 AM     CPU     %user     %nice   %system   %iowait    %steal     %idle
12:00:03 AM     all      1.32      0.00      4.99      0.00      0.00     93.70
Average:        all      1.32      0.00      4.99      0.00      0.00     93.70
              total        used        free      shared  buff/cache   available
Mem:      131658512     2344000   118877004        4368    10437508   128299800
Swap:       8388604           0     8388604
Linux 4.15.0-112-generic (Viralint) 	09/06/2020 	_x86_64_	(32 CPU)

12:00:03 AM   runq-sz  plist-sz   ldavg-1   ldavg-5  ldavg-15   blocked
12:00:04 AM         3       889      4.28      4.09      4.10         0
Average:            3       889      4.28      4.09      4.10         0
Sun Sep  6 06:00:01 UTC 2020
Linux 4.15.0-112-generic (Viralint) 	09/06/2020 	_x86_64_	(32 CPU)

06:00:01 AM     CPU     %user     %nice   %system   %iowait    %steal     %idle
06:00:02 AM     all      1.50      0.00      5.89      0.00      0.00     92.60
Average:        all      1.50      0.00      5.89      0.00      0.00     92.60
              total        used        free      shared  buff/cache   available
Mem:      131658512     2306764   118795088        4372    10556660   128339936
Swap:       8388604           0     8388604
Linux 4.15.0-112-generic (Viralint) 	09/06/2020 	_x86_64_	(32 CPU)

06:00:02 AM   runq-sz  plist-sz   ldavg-1   ldavg-5  ldavg-15   blocked
06:00:03 AM         0       875      4.60      4.12      4.09         0
Average:            0       875      4.60      4.12      4.09         0
