Tue Aug 18 10:30:01 UTC 2020
MEMORY
””
0 daemon
0 dustin
0 message+
0 root
0 syslog
0 systemd+
USED
””
0 daemon
17 dustin
0 message+
0.1 root
0 syslog
0 systemd+
Tue Aug 18 11:00:01 UTC 2020
MEMORY
””
0 daemon
0 dustin
0 message+
0 root
0 syslog
0 systemd+
USED
””
0 daemon
0 dustin
0 message+
0 root
0 syslog
0 systemd+
Tue Aug 18 11:30:01 UTC 2020
MEMORY
””
0 daemon
0 dustin
0 message+
0 root
0 syslog
0 systemd+
USED
””
0 daemon
0 dustin
0 message+
0.1 root
0 syslog
0 systemd+
Tue Aug 18 12:00:01 UTC 2020
MEMORY
””
0 daemon
0 dustin
0 message+
0 root
0 syslog
0 systemd+
USED
””
0 daemon
0 dustin
0 message+
0.1 root
0 syslog
0 systemd+
Tue Aug 18 12:30:01 UTC 2020
MEMORY
””
0 daemon
0 dustin
0 message+
0 root
0 syslog
0 systemd+
USED
””
0 daemon
0 dustin
0 message+
0.1 root
0 syslog
0 systemd+
Tue Aug 18 13:00:01 UTC 2020
MEMORY
””
0 daemon
0 dustin
0 message+
0 root
0 syslog
0 systemd+
USED
””
0 daemon
0 dustin
0 message+
0.1 root
0 syslog
0 systemd+
Tue Aug 18 13:30:01 UTC 2020
MEMORY
””
0 daemon
0 dustin
0 message+
0 root
0 syslog
0 systemd+
USED
””
0 daemon
0 dustin
0 message+
0.1 root
0 syslog
0 systemd+
Tue Aug 18 14:00:01 UTC 2020
MEMORY
””
0 daemon
0 dustin
0 message+
0 root
0 syslog
0 systemd+
USED
””
0 daemon
0 dustin
0 message+
0.1 root
0 syslog
0 systemd+
Tue Aug 18 14:30:01 UTC 2020
MEMORY
””
0 daemon
0 dustin
0 message+
0 root
0 syslog
0 systemd+
USED
””
0 daemon
15 dustin
0 message+
0.1 root
0 syslog
0 systemd+
Tue Aug 18 15:00:01 UTC 2020
MEMORY
””
0 daemon
0 dustin
0 message+
0 root
0 syslog
0 systemd+
USED
””
0 daemon
0 dustin
0 message+
0.1 root
0 syslog
0 systemd+
Tue Aug 18 15:30:01 UTC 2020
MEMORY
””
0 daemon
0 dustin
0 message+
0 root
0 syslog
0 systemd+
USED
””
0 daemon
0 dustin
0 message+
0.1 root
0 syslog
0 systemd+
Tue Aug 18 16:00:01 UTC 2020
MEMORY
””
0 daemon
0 dustin
0 message+
0 root
0 syslog
0 systemd+
USED
””
0 daemon
0 dustin
0 message+
0.1 root
0 syslog
0 systemd+
Tue Aug 18 16:30:01 UTC 2020
MEMORY
””
0 daemon
0 dustin
0 message+
0 root
0 syslog
0 systemd+
USED
””
0 daemon
0 dustin
0 message+
0.1 root
0 syslog
0 systemd+
Tue Aug 18 17:00:01 UTC 2020
MEMORY
””
0 daemon
0 dustin
0 message+
0 root
0 syslog
0 systemd+
USED
””
0 daemon
13 dustin
0 message+
0.1 root
0 syslog
0 systemd+
Tue Aug 18 17:30:01 UTC 2020
MEMORY
””
0 daemon
0 dustin
0 message+
0 root
0 syslog
0 systemd+
USED
””
0 daemon
0 dustin
0 message+
0.1 root
0 syslog
0 systemd+
Tue Aug 18 18:00:01 UTC 2020
MEMORY
””
0 daemon
0 dustin
0 message+
0 root
0 syslog
0 systemd+
USED
””
0 daemon
0 dustin
0 message+
0.1 root
0 syslog
0 systemd+
Tue Aug 18 18:30:01 UTC 2020
MEMORY
””
0 daemon
0 dustin
0 message+
0 root
0 syslog
0 systemd+
USED
””
0 daemon
0 dustin
0 message+
0.1 root
0 syslog
0 systemd+
Tue Aug 18 19:00:01 UTC 2020
MEMORY
””
0 daemon
0 dustin
0 message+
0 root
0 syslog
0 systemd+
USED
””
0 daemon
0 dustin
0 message+
0.1 root
0 syslog
0 systemd+
Tue Aug 18 19:30:01 UTC 2020
MEMORY
””
0 daemon
0 dustin
0 message+
0 root
0 syslog
0 systemd+
USED
””
0 daemon
0 dustin
0 message+
0.1 root
0 syslog
0 systemd+
Tue Aug 18 20:00:01 UTC 2020
MEMORY
””
0 daemon
0 dustin
0 message+
0 root
0 syslog
0 systemd+
USED
””
0 daemon
0 dustin
0 message+
0.1 root
0 syslog
0 systemd+
Tue Aug 18 20:30:01 UTC 2020
MEMORY
””
0 daemon
0 dustin
0 message+
0 root
0 syslog
0 systemd+
USED
””
0 daemon
16 dustin
0 message+
0.1 root
0 syslog
0 systemd+
Tue Aug 18 21:00:01 UTC 2020
MEMORY
””
0 daemon
0 dustin
0 message+
0 root
0 syslog
0 systemd+
USED
””
0 daemon
0 dustin
0 message+
0.1 root
0 syslog
0 systemd+
Tue Aug 18 21:30:01 UTC 2020
MEMORY
””
0 daemon
0 dustin
0 message+
0 root
0 syslog
0 systemd+
USED
””
0 daemon
13 dustin
0 message+
0.1 root
0 syslog
0 systemd+
Tue Aug 18 22:00:01 UTC 2020
MEMORY
””
0 daemon
0 dustin
0 message+
0 root
0 syslog
0 systemd+
USED
””
0 daemon
0 dustin
0 message+
0.1 root
0 syslog
0 systemd+
Tue Aug 18 22:30:01 UTC 2020
MEMORY
””
0 daemon
0 dustin
0 message+
0 root
0 syslog
0 systemd+
USED
””
0 daemon
0 dustin
0 message+
0.1 root
0 syslog
0 systemd+
Tue Aug 18 23:00:01 UTC 2020
MEMORY
””
0 daemon
0 dustin
0 message+
0 root
0 syslog
0 systemd+
USED
””
0 daemon
0 dustin
0 message+
0.1 root
0 syslog
0 systemd+
Tue Aug 18 23:30:01 UTC 2020
MEMORY
””
0 daemon
0 dustin
0 message+
0 root
0 syslog
0 systemd+
USED
””
0 daemon
16 dustin
0 message+
0.1 root
0 syslog
0 systemd+
Wed Aug 19 00:00:01 UTC 2020
MEMORY
””
0 daemon
0 dustin
0 message+
0 root
0 syslog
0 systemd+
USED
””
0 daemon
0 dustin
0 message+
0.1 root
0 syslog
0 systemd+
Wed Aug 19 00:30:01 UTC 2020
MEMORY
””
0 daemon
0 dustin
0 message+
0 root
0 syslog
0 systemd+
USED
””
0 daemon
0 dustin
0 message+
0.1 root
0 syslog
0 systemd+
Wed Aug 19 01:00:01 UTC 2020
MEMORY
””
0 daemon
0 dustin
0 message+
0 root
0 syslog
0 systemd+
USED
””
0 daemon
16 dustin
0 message+
0.1 root
0 syslog
0 systemd+
Wed Aug 19 01:30:01 UTC 2020
MEMORY
””
0 daemon
0 dustin
0 message+
0 root
0 syslog
0 systemd+
USED
””
0 daemon
0 dustin
0 message+
0.1 root
0 syslog
0 systemd+
Wed Aug 19 02:00:01 UTC 2020
MEMORY
””
0 daemon
0 dustin
0 message+
0 root
0 syslog
0 systemd+
USED
””
0 daemon
0 dustin
0 message+
0.1 root
0 syslog
0 systemd+
Wed Aug 19 02:30:01 UTC 2020
MEMORY
””
0 daemon
0 dustin
0 message+
0 root
0 syslog
0 systemd+
USED
””
0 daemon
0 dustin
0 message+
0.1 root
0 syslog
0 systemd+
Wed Aug 19 03:00:01 UTC 2020
MEMORY
””
0 daemon
0 dustin
0 message+
0 root
0 syslog
0 systemd+
USED
””
0 daemon
15 dustin
0 message+
0.1 root
0 syslog
0 systemd+
Wed Aug 19 03:30:01 UTC 2020
MEMORY
””
0 daemon
0 dustin
0 message+
0 root
0 syslog
0 systemd+
USED
””
0 daemon
0 dustin
0 message+
0.1 root
0 syslog
0 systemd+
Wed Aug 19 04:00:01 UTC 2020
MEMORY
””
0 daemon
0 dustin
0 message+
0 root
0 syslog
0 systemd+
USED
””
0 daemon
0 dustin
0 message+
0.1 root
0 syslog
0 systemd+
Wed Aug 19 04:30:01 UTC 2020
MEMORY
””
0 daemon
0 dustin
0 message+
0 root
0 sshd
0 syslog
0 systemd+
USED
””
0 daemon
0 dustin
0 message+
0.5 root
0.1 sshd
0 syslog
0 systemd+
Wed Aug 19 05:00:01 UTC 2020
MEMORY
””
0 daemon
0 dustin
0 klein1
0 message+
0 root
0 syslog
0 systemd+
0 thinh
USED
””
0 daemon
0.1 dustin
0 klein1
0 message+
0.1 root
0 syslog
0 systemd+
0 thinh
Wed Aug 19 05:30:01 UTC 2020
MEMORY
””
0 daemon
0 dustin
0 klein1
0 message+
0 root
0 syslog
0 systemd+
USED
””
0 daemon
0 dustin
0 klein1
0 message+
0.1 root
0 syslog
0 systemd+
Wed Aug 19 06:00:01 UTC 2020
MEMORY
””
0 daemon
0 dustin
0 klein1
0 message+
0 root
0 syslog
0 systemd+
USED
””
0 daemon
0 dustin
0 klein1
0 message+
0.1 root
0 syslog
0 systemd+
Wed Aug 19 06:30:01 UTC 2020
MEMORY
””
0 daemon
0 dustin
0 klein1
0 message+
0 root
0 sshd
0 syslog
0 systemd+
USED
””
0 daemon
0 dustin
0 klein1
0 message+
0.1 root
0 sshd
0 syslog
0 systemd+
Wed Aug 19 12:00:01 UTC 2020
MEMORY
””
0 1007
0 daemon
0 dustin
0 message+
0 root
0 syslog
0 systemd+
USED
””
1.1 1007
0 daemon
0 dustin
0 message+
0.1 root
0 syslog
0 systemd+
Wed Aug 19 18:00:01 UTC 2020
MEMORY
””
0 1007
0 daemon
0 dustin
0 message+
0 root
0 syslog
0 systemd+
USED
””
1.1 1007
0 daemon
0 dustin
0 message+
0.1 root
0 syslog
0 systemd+
Thu Aug 20 00:00:01 UTC 2020
MEMORY
””
0 1007
0 daemon
0 dustin
0 message+
0 root
0 syslog
0 systemd+
USED
””
1.1 1007
0 daemon
0 dustin
0 message+
0.1 root
0 syslog
0 systemd+
Thu Aug 20 06:00:01 UTC 2020
MEMORY
””
0 daemon
0 dustin
0.9 klein
0 message+
0 nvidia-+
0 root
0 syslog
0 systemd+
USED
””
0 daemon
0 dustin
785.8 klein
0 message+
0 nvidia-+
0 root
0 syslog
0 systemd+
Thu Aug 20 12:00:01 UTC 2020
MEMORY
””
0 daemon
0 dustin
1.3 klein
0 message+
0 nvidia-+
0.1 root
0 syslog
0 systemd+
USED
””
0 daemon
1 dustin
1654.6 klein
0 message+
0 nvidia-+
0 root
0 syslog
0 systemd+
Thu Aug 20 18:00:01 UTC 2020
MEMORY
””
0 daemon
0 dustin
1 klein
0 message+
0 nvidia-+
0.1 root
0 syslog
0 systemd+
USED
””
0 daemon
0 dustin
239.9 klein
0 message+
0 nvidia-+
0.1 root
0 syslog
0 systemd+
Fri Aug 21 00:00:01 UTC 2020
MEMORY
””
0 daemon
0 dustin
1 klein
0 message+
0 nvidia-+
0 root
0 syslog
0 systemd+
USED
””
0 daemon
0 dustin
174.1 klein
0 message+
0 nvidia-+
0.3 root
0 syslog
0 systemd+
Fri Aug 21 06:00:01 UTC 2020
MEMORY
””
0 daemon
0 dao
0 dustin
1 klein
0 message+
0 nvidia-+
0 root
0 syslog
0 systemd+
USED
””
0 daemon
0 dao
0 dustin
156.1 klein
0 message+
0 nvidia-+
0.5 root
0 syslog
0 systemd+
Fri Aug 21 12:00:01 UTC 2020
MEMORY
””
0 daemon
0 dustin
0.2 klein
0 message+
0 nvidia-+
0.1 root
0 syslog
0 systemd+
USED
””
0 daemon
0 dustin
141.4 klein
0 message+
0 nvidia-+
0.2 root
0 syslog
0 systemd+
Fri Aug 21 18:00:01 UTC 2020
MEMORY
””
0 daemon
0 dustin
1.4 klein
0 message+
0 root
0 syslog
0 systemd+
USED
””
0 daemon
0 dustin
1493.6 klein
0 message+
0.2 root
0 syslog
0 systemd+
Sat Aug 22 00:00:01 UTC 2020
MEMORY
””
0 daemon
0 dustin
1.4 klein
0 message+
0 nvidia-+
0.1 root
0 syslog
0 systemd+
USED
””
0 daemon
0 dustin
1594.1 klein
0 message+
0 nvidia-+
0.2 root
0 syslog
0 systemd+
Sat Aug 22 06:00:01 UTC 2020
MEMORY
””
0 daemon
0 dustin
1.2 klein
0 message+
0 nvidia-+
0.1 root
0 syslog
0 systemd+
USED
””
0 daemon
0 dustin
1341.9 klein
0 message+
0 nvidia-+
0.3 root
0 syslog
0 systemd+
Sat Aug 22 12:00:01 UTC 2020
MEMORY
””
0 daemon
0 dustin
1.4 klein
0 message+
0 root
0 syslog
0 systemd+
USED
””
0 daemon
0 dustin
1492.7 klein
0 message+
0.1 root
0 syslog
0 systemd+
Sat Aug 22 18:00:01 UTC 2020
MEMORY
””
0 daemon
0 dustin
1.5 klein
0 message+
0 nvidia-+
0.1 root
0 syslog
0 systemd+
USED
””
0 daemon
0 dustin
1583.7 klein
0 message+
0 nvidia-+
10.1 root
0 syslog
0 systemd+
Sun Aug 23 00:00:01 UTC 2020
MEMORY
””
0 daemon
0 dustin
1.2 klein
0 message+
0 nvidia-+
0.1 root
0 syslog
0 systemd+
USED
””
0 daemon
0 dustin
1562.3 klein
0 message+
0 nvidia-+
4.2 root
0 syslog
0 systemd+
Sun Aug 23 06:00:01 UTC 2020
MEMORY
””
0 daemon
0 dustin
1.2 klein
0 message+
0 nvidia-+
0 root
0 syslog
0 systemd+
USED
””
0 daemon
0 dustin
1155.7 klein
0 message+
0 nvidia-+
5.5 root
0 syslog
0 systemd+
Sun Aug 23 12:00:01 UTC 2020
MEMORY
””
0 daemon
0 dustin
1.2 klein
0 message+
0 nvidia-+
0.1 root
0 syslog
0 systemd+
USED
””
0 daemon
0 dustin
935.7 klein
0 message+
0 nvidia-+
4.4 root
0 syslog
0 systemd+
Sun Aug 23 18:00:01 UTC 2020
MEMORY
””
0 daemon
0 dustin
1.2 klein
0 message+
0 nvidia-+
0.1 root
0 syslog
0 systemd+
USED
””
0 daemon
0 dustin
817.7 klein
0 message+
0 nvidia-+
3.2 root
0 syslog
0 systemd+
Mon Aug 24 00:00:01 UTC 2020
MEMORY
””
0 daemon
0 dustin
1.2 klein
0 message+
0 nvidia-+
0.1 root
0 syslog
0 systemd+
USED
””
0 daemon
0 dustin
651.7 klein
0 message+
0 nvidia-+
5.3 root
0 syslog
0 systemd+
Mon Aug 24 06:00:01 UTC 2020
MEMORY
””
0 daemon
0 dustin
0 emage
1.2 klein
0 message+
0 nvidia-+
0 root
0 syslog
0 systemd+
USED
””
0 daemon
0 dustin
0 emage
581.2 klein
0 message+
0 nvidia-+
0.4 root
0 syslog
0 systemd+
Mon Aug 24 12:00:01 UTC 2020
MEMORY
””
0 daemon
0 dustin
0 emage
26.3 klein
0 message+
0 nvidia-+
0.1 root
0 syslog
0 systemd+
USED
””
0 daemon
0 dustin
0 emage
2060.8 klein
0 message+
0 nvidia-+
0.4 root
0 syslog
0 systemd+
Mon Aug 24 18:00:01 UTC 2020
MEMORY
””
0 daemon
0 dustin
0 emage
1.1 klein
0 message+
0 nvidia-+
0.1 root
0 syslog
0 systemd+
USED
””
0 daemon
0 dustin
0 emage
766.6 klein
0 message+
0 nvidia-+
0.9 root
0 syslog
0 systemd+
Tue Aug 25 00:00:01 UTC 2020
MEMORY
””
0 daemon
0 dustin
0 emage
1.1 klein
0 message+
0 nvidia-+
0.1 root
0 syslog
0 systemd+
USED
””
0 daemon
0 dustin
0 emage
305.7 klein
0 message+
0 nvidia-+
0.2 root
0 syslog
0 systemd+
Tue Aug 25 06:00:01 UTC 2020
MEMORY
””
0 daemon
0 dustin
0 emage
3.7 klein
0 message+
0 nvidia-+
0 root
0 syslog
0 systemd+
USED
””
0 daemon
0 dustin
0 emage
129.9 klein
0 message+
0 nvidia-+
0.3 root
0 syslog
0 systemd+
Tue Aug 25 12:00:01 UTC 2020
MEMORY
””
0 daemon
0 dustin
0 emage
4 klein
0 message+
0 nvidia-+
0 root
0 syslog
0 systemd+
USED
””
0 daemon
14 dustin
0 emage
93.3 klein
0 message+
0 nvidia-+
0.3 root
0 syslog
0 systemd+
Tue Aug 25 18:00:01 UTC 2020
MEMORY
””
0 daemon
0 dustin
0 emage
3.6 klein
0 message+
0 nvidia-+
0 root
0 syslog
0 systemd+
USED
””
0 daemon
0 dustin
0 emage
345.5 klein
0 message+
0 nvidia-+
0.3 root
0 syslog
0 systemd+
Wed Aug 26 00:00:01 UTC 2020
MEMORY
””
0 daemon
0 dustin
0 emage
3.6 klein
0 message+
0 nvidia-+
0 root
0 syslog
0 systemd+
USED
””
0 daemon
0 dustin
0 emage
110.2 klein
0 message+
0 nvidia-+
0.3 root
0 syslog
0 systemd+
Wed Aug 26 06:00:01 UTC 2020
MEMORY
””
0 daemon
0 dustin
0 emage
3.6 klein
0 message+
0 nvidia-+
0 root
0 syslog
0 systemd+
0 thinh
USED
””
0 daemon
13 dustin
0 emage
68 klein
0 message+
0 nvidia-+
0.3 root
0 syslog
0 systemd+
0 thinh
Wed Aug 26 12:00:01 UTC 2020
MEMORY
””
0 daemon
0 dustin
0 emage
3.6 klein
0 message+
0 nvidia-+
0 root
0 syslog
0 systemd+
USED
””
0 daemon
0 dustin
0 emage
49.9 klein
0 message+
0 nvidia-+
0.3 root
0 syslog
0 systemd+
Wed Aug 26 18:00:01 UTC 2020
MEMORY
””
0 daemon
0 dustin
0 emage
3.6 klein
0 message+
0 nvidia-+
0 root
0 syslog
0 systemd+
USED
””
0 daemon
0 dustin
0 emage
1007.4 klein
0 message+
0 nvidia-+
0.3 root
0 syslog
0 systemd+
Thu Aug 27 00:00:01 UTC 2020
MEMORY
””
0 daemon
0 dustin
0 emage
3.6 klein
0 message+
0 nvidia-+
0 root
0 syslog
0 systemd+
USED
””
0 daemon
0 dustin
0 emage
141.4 klein
0 message+
0 nvidia-+
0.3 root
0 syslog
0 systemd+
Thu Aug 27 06:00:01 UTC 2020
MEMORY
””
0 daemon
0 dustin
0 emage
3.6 klein
0 message+
0 nvidia-+
0 root
0 syslog
0 systemd+
0.2 thinh
USED
””
0 daemon
0 dustin
0 emage
79.2 klein
0 message+
0 nvidia-+
0.3 root
0 syslog
0 systemd+
2 thinh
Thu Aug 27 12:00:01 UTC 2020
MEMORY
””
0 daemon
0 dustin
0 emage
3.5 klein
0 message+
0 nvidia-+
0 root
0 syslog
0 systemd+
6 thinh
USED
””
0 daemon
0 dustin
0 emage
639.9 klein
0 message+
0 nvidia-+
0.3 root
0 syslog
0 systemd+
865 thinh
Thu Aug 27 18:00:01 UTC 2020
MEMORY
””
0 daemon
0 dustin
0 emage
3.5 klein
0 message+
0 nvidia-+
0 root
0 syslog
0 systemd+
USED
””
0 daemon
0 dustin
0 emage
166.6 klein
0 message+
0 nvidia-+
0.3 root
0 syslog
0 systemd+
Fri Aug 28 00:00:01 UTC 2020
MEMORY
””
0 daemon
0 dustin
0 emage
3.5 klein
0 message+
0 nvidia-+
0 root
0 syslog
0 systemd+
USED
””
0 daemon
14 dustin
0 emage
99.8 klein
0 message+
0 nvidia-+
0.3 root
0 syslog
0 systemd+
Fri Aug 28 06:00:01 UTC 2020
MEMORY
””
0 daemon
0 dustin
0 emage
3.5 klein
0 message+
0 nvidia-+
0 root
0 syslog
0 systemd+
1.7 thinh
USED
””
0 daemon
0 dustin
0 emage
73.3 klein
0 message+
0 nvidia-+
0.3 root
0 syslog
0 systemd+
4 thinh
Fri Aug 28 12:00:01 UTC 2020
MEMORY
””
0 daemon
0 dustin
0 emage
3.5 klein
0 message+
0 nvidia-+
0 root
0 syslog
0 systemd+
0.7 thinh
USED
””
0 daemon
0 dustin
0 emage
59 klein
0 message+
0 nvidia-+
0.3 root
0 syslog
0 systemd+
1.5 thinh
Fri Aug 28 18:00:01 UTC 2020
MEMORY
””
0 daemon
0 dustin
0 emage
3.6 klein
0 message+
0 nvidia-+
0 root
0 syslog
0 systemd+
USED
””
0 daemon
0 dustin
0 emage
361.7 klein
0 message+
0 nvidia-+
0.3 root
0 syslog
0 systemd+
Sat Aug 29 00:00:01 UTC 2020
MEMORY
””
0 daemon
0 dustin
0 emage
3.6 klein
0 message+
0 nvidia-+
0 root
0 syslog
0 systemd+
USED
””
0 daemon
0 dustin
0 emage
126.6 klein
0 message+
0 nvidia-+
0.3 root
0 syslog
0 systemd+
Sat Aug 29 06:00:01 UTC 2020
MEMORY
””
0 daemon
0 dustin
0 emage
3.6 klein
0 message+
0 nvidia-+
0 root
0 syslog
0 systemd+
USED
””
0 daemon
0 dustin
0 emage
80.8 klein
0 message+
0 nvidia-+
0.3 root
0 syslog
0 systemd+
Sat Aug 29 12:00:01 UTC 2020
MEMORY
””
0 daemon
0 dustin
0 emage
3.6 klein
0 message+
0 nvidia-+
0 root
0 syslog
0 systemd+
USED
””
0 daemon
14 dustin
0 emage
61 klein
0 message+
0 nvidia-+
0.3 root
0 syslog
0 systemd+
Sat Aug 29 18:00:01 UTC 2020
MEMORY
””
0 daemon
0 dustin
0 emage
3.6 klein
0 message+
0 nvidia-+
0 root
0 syslog
0 systemd+
USED
””
0 daemon
0 dustin
0 emage
49.9 klein
0 message+
0 nvidia-+
0.2 root
0 syslog
0 systemd+
Sun Aug 30 00:00:01 UTC 2020
MEMORY
””
0 daemon
0 dustin
0 emage
3.6 klein
0 message+
0 nvidia-+
0 root
0 syslog
0 systemd+
USED
””
0 daemon
0 dustin
0 emage
42.6 klein
0 message+
0 nvidia-+
0.2 root
0 syslog
0 systemd+
Sun Aug 30 06:00:01 UTC 2020
MEMORY
””
0 daemon
0 dustin
0 emage
3.6 klein
0 message+
0 nvidia-+
0 root
0 syslog
0 systemd+
USED
””
0 daemon
0 dustin
0 emage
37.6 klein
0 message+
0 nvidia-+
0.2 root
0 syslog
0 systemd+
Sun Aug 30 12:00:01 UTC 2020
MEMORY
””
0 daemon
0 dustin
0 emage
3.6 klein
0 message+
0 nvidia-+
0 root
0 syslog
0 systemd+
USED
””
0 daemon
14 dustin
0 emage
34 klein
0 message+
0 nvidia-+
0.2 root
0 syslog
0 systemd+
Sun Aug 30 18:00:01 UTC 2020
MEMORY
””
0 daemon
0 dustin
0 emage
3.6 klein
0 message+
0 nvidia-+
0 root
0 syslog
0 systemd+
USED
””
0 daemon
0 dustin
0 emage
31.3 klein
0 message+
0 nvidia-+
0.2 root
0 syslog
0 systemd+
Mon Aug 31 00:00:01 UTC 2020
MEMORY
””
0 daemon
0 dustin
0 emage
3.6 klein
0 message+
0 nvidia-+
0 root
0 syslog
0 systemd+
USED
””
0 daemon
0 dustin
0 emage
29.2 klein
0 message+
0 nvidia-+
0.2 root
0 syslog
0 systemd+
Mon Aug 31 06:00:01 UTC 2020
MEMORY
””
0 daemon
0 dustin
0 emage
3.6 klein
0 message+
0 nvidia-+
0 root
0 syslog
0 systemd+
USED
””
0 daemon
0 dustin
0 emage
27.4 klein
0 message+
0 nvidia-+
0.2 root
0 syslog
0 systemd+
Mon Aug 31 12:00:01 UTC 2020
MEMORY
””
0 daemon
0 dustin
0 message+
0 root
0 syslog
0 systemd+
USED
””
0 daemon
0 dustin
0 message+
0.1 root
0 syslog
0 systemd+
Mon Aug 31 18:00:01 UTC 2020
MEMORY
””
0 daemon
0 dustin
0 message+
0 root
0 syslog
0 systemd+
USED
””
0 daemon
0 dustin
0 message+
0 root
0 syslog
0 systemd+
Tue Sep  1 00:00:01 UTC 2020
MEMORY
””
0 daemon
0 dustin
0 message+
0 root
0 syslog
0 systemd+
USED
””
0 daemon
0 dustin
0 message+
0.1 root
0 syslog
0 systemd+
Tue Sep  1 06:00:01 UTC 2020
MEMORY
””
0 daemon
0 dustin
0 klein
0 message+
0 root
0 sshd
0 syslog
0 systemd+
0 vimusic
0 www-data
USED
””
0 daemon
0 dustin
0 klein
0 message+
0.1 root
0 sshd
0 syslog
0 systemd+
0 vimusic
0 www-data
Tue Sep  1 12:00:01 UTC 2020
MEMORY
””
0 daemon
0 dustin
0 message+
0 root
0 syslog
0 systemd+
0 vimusic
USED
””
0 daemon
0 dustin
0 message+
0.1 root
0 syslog
0 systemd+
0 vimusic
Tue Sep  1 18:00:01 UTC 2020
MEMORY
””
0 daemon
0 dustin
0.9 klein
0 message+
0 nvidia-+
0 root
0 sshd
0 syslog
0 systemd+
USED
””
0 daemon
8 dustin
382 klein
0 message+
0 nvidia-+
0.4 root
0 sshd
0 syslog
0 systemd+
Wed Sep  2 00:00:01 UTC 2020
MEMORY
””
0 daemon
0 dustin
0.9 klein
0 message+
0.1 root
0 syslog
0 systemd+
USED
””
0 daemon
0 dustin
105.7 klein
0 message+
0.3 root
0 syslog
0 systemd+
Wed Sep  2 06:00:01 UTC 2020
MEMORY
””
0 daemon
0 dustin
0.9 klein
0 message+
0 nvidia-+
0 root
0 syslog
0 systemd+
0 www-data
USED
””
0 daemon
7 dustin
153.7 klein
0 message+
0 nvidia-+
0.8 root
0 syslog
0 systemd+
0 www-data
Wed Sep  2 12:00:01 UTC 2020
MEMORY
””
0 daemon
0 dustin
0.9 klein
0 message+
0 nvidia-+
0 root
0 syslog
0 systemd+
0 www-data
USED
””
0 daemon
0 dustin
140.6 klein
0 message+
0 nvidia-+
0.5 root
0 syslog
0 systemd+
0 www-data
Wed Sep  2 18:00:01 UTC 2020
MEMORY
””
0 daemon
0 dustin
0.9 klein
0 message+
0 nvidia-+
0.1 root
0 syslog
0 systemd+
0 www-data
USED
””
0 daemon
0 dustin
138.9 klein
0 message+
0 nvidia-+
0.8 root
0 syslog
0 systemd+
0 www-data
Thu Sep  3 00:00:01 UTC 2020
MEMORY
””
0 daemon
0 dustin
0.9 klein
0 message+
0 root
0 syslog
0 systemd+
0 www-data
USED
””
0 daemon
0 dustin
32.5 klein
0 message+
0.8 root
0 syslog
0 systemd+
0 www-data
Thu Sep  3 06:00:01 UTC 2020
MEMORY
””
0 daemon
0 dustin
0.9 klein
0 message+
0 nvidia-+
0 root
0 syslog
0 systemd+
0 www-data
USED
””
0 daemon
0 dustin
117.9 klein
0 message+
0 nvidia-+
1.4 root
0 syslog
0 systemd+
0 www-data
Thu Sep  3 12:00:01 UTC 2020
MEMORY
””
0 daemon
0 dustin
0.9 klein
0 message+
0 nvidia-+
0.1 root
0 syslog
0 systemd+
0 www-data
USED
””
0 daemon
6 dustin
114.6 klein
0 message+
0 nvidia-+
1.3 root
0 syslog
0 systemd+
0 www-data
Thu Sep  3 18:00:01 UTC 2020
MEMORY
””
0 daemon
0 dustin
0.9 klein
0 message+
0 root
0 syslog
0 systemd+
0 www-data
USED
””
0 daemon
30 dustin
30.4 klein
0 message+
0.9 root
0 syslog
0 systemd+
0 www-data
Fri Sep  4 00:00:01 UTC 2020
MEMORY
””
0 daemon
0 dustin
0.9 klein
0 message+
0 nvidia-+
0 root
0 syslog
0 systemd+
0 www-data
USED
””
0 daemon
0 dustin
114.8 klein
0 message+
0 nvidia-+
1 root
0 syslog
0 systemd+
0 www-data
Fri Sep  4 06:00:01 UTC 2020
MEMORY
””
0 daemon
0 dustin
0 emage
0.9 klein
0 message+
0 nvidia-+
0.1 root
0 syslog
0 systemd+
0 thinh
0 www-data
USED
””
0 daemon
0 dustin
0 emage
118.9 klein
0 message+
0 nvidia-+
1.4 root
0 syslog
0 systemd+
0 thinh
0 www-data
Fri Sep  4 12:00:01 UTC 2020
MEMORY
””
0 daemon
0 dustin
0 emage
0.9 klein
0 message+
0 nvidia-+
0 root
0 sshd
0 syslog
0 systemd+
USED
””
0 daemon
0 dustin
0 emage
102.3 klein
0 message+
0 nvidia-+
1.3 root
0 sshd
0 syslog
0 systemd+
Fri Sep  4 18:00:01 UTC 2020
MEMORY
””
0 daemon
0 dustin
0 emage
0.9 klein
0 message+
0 nvidia-+
0 root
0 syslog
0 systemd+
USED
””
0 daemon
0 dustin
0 emage
101.1 klein
0 message+
0 nvidia-+
1.3 root
0 syslog
0 systemd+
Sat Sep  5 00:00:01 UTC 2020
MEMORY
””
0 daemon
0 dustin
0 emage
0.9 klein
0 message+
0 nvidia-+
0.1 root
0 syslog
0 systemd+
USED
””
0 daemon
0 dustin
0 emage
103.1 klein
0 message+
0 nvidia-+
1.2 root
0 syslog
0 systemd+
Sat Sep  5 06:00:01 UTC 2020
MEMORY
””
0 daemon
0 dustin
0 emage
0.9 klein
0 message+
0 nvidia-+
0 root
0 syslog
0 systemd+
USED
””
0 daemon
0 dustin
0 emage
109.9 klein
0 message+
0 nvidia-+
1.4 root
0 syslog
0 systemd+
Sat Sep  5 12:00:01 UTC 2020
MEMORY
””
0 daemon
0 dustin
0 emage
0.9 klein
0 message+
0 root
0 syslog
0 systemd+
USED
””
0 daemon
0 dustin
0 emage
14 klein
0 message+
1.1 root
0 syslog
0 systemd+
Sat Sep  5 18:00:01 UTC 2020
MEMORY
””
0 daemon
0 dustin
0 emage
0.9 klein
0 message+
0 nvidia-+
0.1 root
0 syslog
0 systemd+
USED
””
0 daemon
0 dustin
0 emage
101.4 klein
0 message+
0 nvidia-+
1.2 root
0 syslog
0 systemd+
Sun Sep  6 00:00:02 UTC 2020
MEMORY
””
0 daemon
0 dustin
0 emage
0.9 klein
0 message+
0 nvidia-+
0 root
0 syslog
0 systemd+
USED
””
0 daemon
0 dustin
0 emage
114 klein
0 message+
0 nvidia-+
1.4 root
0 syslog
0 systemd+
Sun Sep  6 06:00:01 UTC 2020
MEMORY
””
0 daemon
0 dustin
0 emage
0.9 klein
0 message+
0 nvidia-+
0 root
0 syslog
0 systemd+
USED
””
0 daemon
0 dustin
0 emage
12.5 klein
0 message+
0 nvidia-+
1.2 root
0 syslog
0 systemd+
