Tue Aug 18 09:00:01 UTC 2020
utilization.gpu [%], utilization.memory [%], memory.total [MiB], memory.free [MiB], memory.used [MiB]
0 %, 0 %, 10989 MiB, 10989 MiB, 0 MiB
0 %, 0 %, 10989 MiB, 10989 MiB, 0 MiB
0 %, 0 %, 10989 MiB, 10989 MiB, 0 MiB
0 %, 0 %, 10989 MiB, 10989 MiB, 0 MiB
0 %, 0 %, 10989 MiB, 10989 MiB, 0 MiB
0 %, 0 %, 10989 MiB, 10989 MiB, 0 MiB
1 %, 0 %, 10989 MiB, 10989 MiB, 0 MiB
0 %, 0 %, 10989 MiB, 10989 MiB, 0 MiB
Tue Aug 18 09:30:01 UTC 2020
utilization.gpu [%], utilization.memory [%], memory.total [MiB], memory.free [MiB], memory.used [MiB]
0 %, 0 %, 10989 MiB, 10989 MiB, 0 MiB
0 %, 0 %, 10989 MiB, 10989 MiB, 0 MiB
0 %, 0 %, 10989 MiB, 10989 MiB, 0 MiB
0 %, 0 %, 10989 MiB, 10989 MiB, 0 MiB
0 %, 0 %, 10989 MiB, 10989 MiB, 0 MiB
0 %, 0 %, 10989 MiB, 10989 MiB, 0 MiB
1 %, 0 %, 10989 MiB, 10989 MiB, 0 MiB
0 %, 0 %, 10989 MiB, 10989 MiB, 0 MiB
Tue Aug 18 10:00:01 UTC 2020
utilization.gpu [%], utilization.memory [%], memory.total [MiB], memory.free [MiB], memory.used [MiB]
0 %, 0 %, 10989 MiB, 10989 MiB, 0 MiB
0 %, 0 %, 10989 MiB, 10989 MiB, 0 MiB
0 %, 0 %, 10989 MiB, 10989 MiB, 0 MiB
0 %, 0 %, 10989 MiB, 10989 MiB, 0 MiB
0 %, 0 %, 10989 MiB, 10989 MiB, 0 MiB
0 %, 0 %, 10989 MiB, 10989 MiB, 0 MiB
1 %, 0 %, 10989 MiB, 10989 MiB, 0 MiB
0 %, 0 %, 10989 MiB, 10989 MiB, 0 MiB
Tue Aug 18 10:30:01 UTC 2020
utilization.gpu [%], utilization.memory [%], memory.total [MiB], memory.free [MiB], memory.used [MiB]
0 %, 0 %, 10989 MiB, 10989 MiB, 0 MiB
0 %, 0 %, 10989 MiB, 10989 MiB, 0 MiB
0 %, 0 %, 10989 MiB, 10989 MiB, 0 MiB
0 %, 0 %, 10989 MiB, 10989 MiB, 0 MiB
0 %, 0 %, 10989 MiB, 10989 MiB, 0 MiB
0 %, 0 %, 10989 MiB, 10989 MiB, 0 MiB
1 %, 0 %, 10989 MiB, 10989 MiB, 0 MiB
0 %, 0 %, 10989 MiB, 10989 MiB, 0 MiB
Tue Aug 18 11:00:01 UTC 2020
utilization.gpu [%], utilization.memory [%], memory.total [MiB], memory.free [MiB], memory.used [MiB]
0 %, 0 %, 10989 MiB, 10989 MiB, 0 MiB
0 %, 0 %, 10989 MiB, 10989 MiB, 0 MiB
0 %, 0 %, 10989 MiB, 10989 MiB, 0 MiB
0 %, 0 %, 10989 MiB, 10989 MiB, 0 MiB
0 %, 0 %, 10989 MiB, 10989 MiB, 0 MiB
0 %, 0 %, 10989 MiB, 10989 MiB, 0 MiB
1 %, 0 %, 10989 MiB, 10989 MiB, 0 MiB
0 %, 0 %, 10989 MiB, 10989 MiB, 0 MiB
Tue Aug 18 11:30:01 UTC 2020
utilization.gpu [%], utilization.memory [%], memory.total [MiB], memory.free [MiB], memory.used [MiB]
0 %, 0 %, 10989 MiB, 10989 MiB, 0 MiB
0 %, 0 %, 10989 MiB, 10989 MiB, 0 MiB
0 %, 0 %, 10989 MiB, 10989 MiB, 0 MiB
0 %, 0 %, 10989 MiB, 10989 MiB, 0 MiB
0 %, 0 %, 10989 MiB, 10989 MiB, 0 MiB
0 %, 0 %, 10989 MiB, 10989 MiB, 0 MiB
1 %, 0 %, 10989 MiB, 10989 MiB, 0 MiB
0 %, 0 %, 10989 MiB, 10989 MiB, 0 MiB
Tue Aug 18 12:00:01 UTC 2020
utilization.gpu [%], utilization.memory [%], memory.total [MiB], memory.free [MiB], memory.used [MiB]
0 %, 0 %, 10989 MiB, 10989 MiB, 0 MiB
0 %, 0 %, 10989 MiB, 10989 MiB, 0 MiB
0 %, 0 %, 10989 MiB, 10989 MiB, 0 MiB
0 %, 0 %, 10989 MiB, 10989 MiB, 0 MiB
0 %, 0 %, 10989 MiB, 10989 MiB, 0 MiB
0 %, 0 %, 10989 MiB, 10989 MiB, 0 MiB
1 %, 0 %, 10989 MiB, 10989 MiB, 0 MiB
0 %, 0 %, 10989 MiB, 10989 MiB, 0 MiB
Tue Aug 18 12:30:01 UTC 2020
utilization.gpu [%], utilization.memory [%], memory.total [MiB], memory.free [MiB], memory.used [MiB]
0 %, 0 %, 10989 MiB, 10989 MiB, 0 MiB
0 %, 0 %, 10989 MiB, 10989 MiB, 0 MiB
0 %, 0 %, 10989 MiB, 10989 MiB, 0 MiB
0 %, 0 %, 10989 MiB, 10989 MiB, 0 MiB
0 %, 0 %, 10989 MiB, 10989 MiB, 0 MiB
0 %, 0 %, 10989 MiB, 10989 MiB, 0 MiB
1 %, 0 %, 10989 MiB, 10989 MiB, 0 MiB
0 %, 0 %, 10989 MiB, 10989 MiB, 0 MiB
Tue Aug 18 13:00:01 UTC 2020
utilization.gpu [%], utilization.memory [%], memory.total [MiB], memory.free [MiB], memory.used [MiB]
0 %, 0 %, 10989 MiB, 10989 MiB, 0 MiB
0 %, 0 %, 10989 MiB, 10989 MiB, 0 MiB
0 %, 0 %, 10989 MiB, 10989 MiB, 0 MiB
0 %, 0 %, 10989 MiB, 10989 MiB, 0 MiB
0 %, 0 %, 10989 MiB, 10989 MiB, 0 MiB
0 %, 0 %, 10989 MiB, 10989 MiB, 0 MiB
1 %, 0 %, 10989 MiB, 10989 MiB, 0 MiB
0 %, 0 %, 10989 MiB, 10989 MiB, 0 MiB
Tue Aug 18 13:30:01 UTC 2020
utilization.gpu [%], utilization.memory [%], memory.total [MiB], memory.free [MiB], memory.used [MiB]
0 %, 0 %, 10989 MiB, 10989 MiB, 0 MiB
0 %, 0 %, 10989 MiB, 10989 MiB, 0 MiB
0 %, 0 %, 10989 MiB, 10989 MiB, 0 MiB
0 %, 0 %, 10989 MiB, 10989 MiB, 0 MiB
0 %, 0 %, 10989 MiB, 10989 MiB, 0 MiB
0 %, 0 %, 10989 MiB, 10989 MiB, 0 MiB
1 %, 0 %, 10989 MiB, 10989 MiB, 0 MiB
0 %, 0 %, 10989 MiB, 10989 MiB, 0 MiB
Tue Aug 18 14:00:01 UTC 2020
utilization.gpu [%], utilization.memory [%], memory.total [MiB], memory.free [MiB], memory.used [MiB]
0 %, 0 %, 10989 MiB, 10989 MiB, 0 MiB
0 %, 0 %, 10989 MiB, 10989 MiB, 0 MiB
0 %, 0 %, 10989 MiB, 10989 MiB, 0 MiB
0 %, 0 %, 10989 MiB, 10989 MiB, 0 MiB
0 %, 0 %, 10989 MiB, 10989 MiB, 0 MiB
0 %, 0 %, 10989 MiB, 10989 MiB, 0 MiB
1 %, 0 %, 10989 MiB, 10989 MiB, 0 MiB
0 %, 0 %, 10989 MiB, 10989 MiB, 0 MiB
Tue Aug 18 14:30:01 UTC 2020
utilization.gpu [%], utilization.memory [%], memory.total [MiB], memory.free [MiB], memory.used [MiB]
0 %, 0 %, 10989 MiB, 10989 MiB, 0 MiB
0 %, 0 %, 10989 MiB, 10989 MiB, 0 MiB
0 %, 0 %, 10989 MiB, 10989 MiB, 0 MiB
0 %, 0 %, 10989 MiB, 10989 MiB, 0 MiB
0 %, 0 %, 10989 MiB, 10989 MiB, 0 MiB
0 %, 0 %, 10989 MiB, 10989 MiB, 0 MiB
1 %, 0 %, 10989 MiB, 10989 MiB, 0 MiB
0 %, 0 %, 10989 MiB, 10989 MiB, 0 MiB
Tue Aug 18 15:00:01 UTC 2020
utilization.gpu [%], utilization.memory [%], memory.total [MiB], memory.free [MiB], memory.used [MiB]
0 %, 0 %, 10989 MiB, 10989 MiB, 0 MiB
0 %, 0 %, 10989 MiB, 10989 MiB, 0 MiB
0 %, 0 %, 10989 MiB, 10989 MiB, 0 MiB
0 %, 0 %, 10989 MiB, 10989 MiB, 0 MiB
0 %, 0 %, 10989 MiB, 10989 MiB, 0 MiB
0 %, 0 %, 10989 MiB, 10989 MiB, 0 MiB
1 %, 0 %, 10989 MiB, 10989 MiB, 0 MiB
0 %, 0 %, 10989 MiB, 10989 MiB, 0 MiB
Tue Aug 18 15:30:01 UTC 2020
utilization.gpu [%], utilization.memory [%], memory.total [MiB], memory.free [MiB], memory.used [MiB]
0 %, 0 %, 10989 MiB, 10989 MiB, 0 MiB
0 %, 0 %, 10989 MiB, 10989 MiB, 0 MiB
0 %, 0 %, 10989 MiB, 10989 MiB, 0 MiB
0 %, 0 %, 10989 MiB, 10989 MiB, 0 MiB
0 %, 0 %, 10989 MiB, 10989 MiB, 0 MiB
0 %, 0 %, 10989 MiB, 10989 MiB, 0 MiB
1 %, 0 %, 10989 MiB, 10989 MiB, 0 MiB
0 %, 0 %, 10989 MiB, 10989 MiB, 0 MiB
Tue Aug 18 16:00:01 UTC 2020
utilization.gpu [%], utilization.memory [%], memory.total [MiB], memory.free [MiB], memory.used [MiB]
0 %, 0 %, 10989 MiB, 10989 MiB, 0 MiB
0 %, 0 %, 10989 MiB, 10989 MiB, 0 MiB
0 %, 0 %, 10989 MiB, 10989 MiB, 0 MiB
0 %, 0 %, 10989 MiB, 10989 MiB, 0 MiB
0 %, 0 %, 10989 MiB, 10989 MiB, 0 MiB
0 %, 0 %, 10989 MiB, 10989 MiB, 0 MiB
1 %, 0 %, 10989 MiB, 10989 MiB, 0 MiB
0 %, 0 %, 10989 MiB, 10989 MiB, 0 MiB
Tue Aug 18 16:30:01 UTC 2020
utilization.gpu [%], utilization.memory [%], memory.total [MiB], memory.free [MiB], memory.used [MiB]
0 %, 0 %, 10989 MiB, 10989 MiB, 0 MiB
0 %, 0 %, 10989 MiB, 10989 MiB, 0 MiB
0 %, 0 %, 10989 MiB, 10989 MiB, 0 MiB
0 %, 0 %, 10989 MiB, 10989 MiB, 0 MiB
0 %, 0 %, 10989 MiB, 10989 MiB, 0 MiB
0 %, 0 %, 10989 MiB, 10989 MiB, 0 MiB
1 %, 0 %, 10989 MiB, 10989 MiB, 0 MiB
0 %, 0 %, 10989 MiB, 10989 MiB, 0 MiB
Tue Aug 18 17:00:01 UTC 2020
utilization.gpu [%], utilization.memory [%], memory.total [MiB], memory.free [MiB], memory.used [MiB]
0 %, 0 %, 10989 MiB, 10989 MiB, 0 MiB
0 %, 0 %, 10989 MiB, 10989 MiB, 0 MiB
0 %, 0 %, 10989 MiB, 10989 MiB, 0 MiB
0 %, 0 %, 10989 MiB, 10989 MiB, 0 MiB
0 %, 0 %, 10989 MiB, 10989 MiB, 0 MiB
0 %, 0 %, 10989 MiB, 10989 MiB, 0 MiB
1 %, 0 %, 10989 MiB, 10989 MiB, 0 MiB
0 %, 0 %, 10989 MiB, 10989 MiB, 0 MiB
Tue Aug 18 17:30:01 UTC 2020
utilization.gpu [%], utilization.memory [%], memory.total [MiB], memory.free [MiB], memory.used [MiB]
0 %, 0 %, 10989 MiB, 10989 MiB, 0 MiB
0 %, 0 %, 10989 MiB, 10989 MiB, 0 MiB
0 %, 0 %, 10989 MiB, 10989 MiB, 0 MiB
0 %, 0 %, 10989 MiB, 10989 MiB, 0 MiB
0 %, 0 %, 10989 MiB, 10989 MiB, 0 MiB
0 %, 0 %, 10989 MiB, 10989 MiB, 0 MiB
1 %, 0 %, 10989 MiB, 10989 MiB, 0 MiB
0 %, 0 %, 10989 MiB, 10989 MiB, 0 MiB
Tue Aug 18 18:00:01 UTC 2020
utilization.gpu [%], utilization.memory [%], memory.total [MiB], memory.free [MiB], memory.used [MiB]
0 %, 0 %, 10989 MiB, 10989 MiB, 0 MiB
0 %, 0 %, 10989 MiB, 10989 MiB, 0 MiB
0 %, 0 %, 10989 MiB, 10989 MiB, 0 MiB
0 %, 0 %, 10989 MiB, 10989 MiB, 0 MiB
0 %, 0 %, 10989 MiB, 10989 MiB, 0 MiB
0 %, 0 %, 10989 MiB, 10989 MiB, 0 MiB
1 %, 0 %, 10989 MiB, 10989 MiB, 0 MiB
0 %, 0 %, 10989 MiB, 10989 MiB, 0 MiB
Tue Aug 18 18:30:01 UTC 2020
utilization.gpu [%], utilization.memory [%], memory.total [MiB], memory.free [MiB], memory.used [MiB]
0 %, 0 %, 10989 MiB, 10989 MiB, 0 MiB
0 %, 0 %, 10989 MiB, 10989 MiB, 0 MiB
0 %, 0 %, 10989 MiB, 10989 MiB, 0 MiB
0 %, 0 %, 10989 MiB, 10989 MiB, 0 MiB
0 %, 0 %, 10989 MiB, 10989 MiB, 0 MiB
0 %, 0 %, 10989 MiB, 10989 MiB, 0 MiB
1 %, 0 %, 10989 MiB, 10989 MiB, 0 MiB
0 %, 0 %, 10989 MiB, 10989 MiB, 0 MiB
Tue Aug 18 19:00:01 UTC 2020
utilization.gpu [%], utilization.memory [%], memory.total [MiB], memory.free [MiB], memory.used [MiB]
0 %, 0 %, 10989 MiB, 10989 MiB, 0 MiB
0 %, 0 %, 10989 MiB, 10989 MiB, 0 MiB
0 %, 0 %, 10989 MiB, 10989 MiB, 0 MiB
0 %, 0 %, 10989 MiB, 10989 MiB, 0 MiB
0 %, 0 %, 10989 MiB, 10989 MiB, 0 MiB
0 %, 0 %, 10989 MiB, 10989 MiB, 0 MiB
1 %, 0 %, 10989 MiB, 10989 MiB, 0 MiB
0 %, 0 %, 10989 MiB, 10989 MiB, 0 MiB
Tue Aug 18 19:30:01 UTC 2020
utilization.gpu [%], utilization.memory [%], memory.total [MiB], memory.free [MiB], memory.used [MiB]
0 %, 0 %, 10989 MiB, 10989 MiB, 0 MiB
0 %, 0 %, 10989 MiB, 10989 MiB, 0 MiB
0 %, 0 %, 10989 MiB, 10989 MiB, 0 MiB
0 %, 0 %, 10989 MiB, 10989 MiB, 0 MiB
0 %, 0 %, 10989 MiB, 10989 MiB, 0 MiB
0 %, 0 %, 10989 MiB, 10989 MiB, 0 MiB
1 %, 0 %, 10989 MiB, 10989 MiB, 0 MiB
0 %, 0 %, 10989 MiB, 10989 MiB, 0 MiB
Tue Aug 18 20:00:01 UTC 2020
utilization.gpu [%], utilization.memory [%], memory.total [MiB], memory.free [MiB], memory.used [MiB]
0 %, 0 %, 10989 MiB, 10989 MiB, 0 MiB
0 %, 0 %, 10989 MiB, 10989 MiB, 0 MiB
0 %, 0 %, 10989 MiB, 10989 MiB, 0 MiB
0 %, 0 %, 10989 MiB, 10989 MiB, 0 MiB
0 %, 0 %, 10989 MiB, 10989 MiB, 0 MiB
0 %, 0 %, 10989 MiB, 10989 MiB, 0 MiB
1 %, 0 %, 10989 MiB, 10989 MiB, 0 MiB
0 %, 0 %, 10989 MiB, 10989 MiB, 0 MiB
Tue Aug 18 20:30:01 UTC 2020
utilization.gpu [%], utilization.memory [%], memory.total [MiB], memory.free [MiB], memory.used [MiB]
0 %, 0 %, 10989 MiB, 10989 MiB, 0 MiB
0 %, 0 %, 10989 MiB, 10989 MiB, 0 MiB
0 %, 0 %, 10989 MiB, 10989 MiB, 0 MiB
0 %, 0 %, 10989 MiB, 10989 MiB, 0 MiB
0 %, 0 %, 10989 MiB, 10989 MiB, 0 MiB
0 %, 0 %, 10989 MiB, 10989 MiB, 0 MiB
1 %, 0 %, 10989 MiB, 10989 MiB, 0 MiB
0 %, 0 %, 10989 MiB, 10989 MiB, 0 MiB
Tue Aug 18 21:00:01 UTC 2020
utilization.gpu [%], utilization.memory [%], memory.total [MiB], memory.free [MiB], memory.used [MiB]
0 %, 0 %, 10989 MiB, 10989 MiB, 0 MiB
0 %, 0 %, 10989 MiB, 10989 MiB, 0 MiB
0 %, 0 %, 10989 MiB, 10989 MiB, 0 MiB
0 %, 0 %, 10989 MiB, 10989 MiB, 0 MiB
0 %, 0 %, 10989 MiB, 10989 MiB, 0 MiB
0 %, 0 %, 10989 MiB, 10989 MiB, 0 MiB
1 %, 0 %, 10989 MiB, 10989 MiB, 0 MiB
0 %, 0 %, 10989 MiB, 10989 MiB, 0 MiB
Tue Aug 18 21:30:01 UTC 2020
utilization.gpu [%], utilization.memory [%], memory.total [MiB], memory.free [MiB], memory.used [MiB]
0 %, 0 %, 10989 MiB, 10989 MiB, 0 MiB
0 %, 0 %, 10989 MiB, 10989 MiB, 0 MiB
0 %, 0 %, 10989 MiB, 10989 MiB, 0 MiB
0 %, 0 %, 10989 MiB, 10989 MiB, 0 MiB
0 %, 0 %, 10989 MiB, 10989 MiB, 0 MiB
0 %, 0 %, 10989 MiB, 10989 MiB, 0 MiB
1 %, 0 %, 10989 MiB, 10989 MiB, 0 MiB
0 %, 0 %, 10989 MiB, 10989 MiB, 0 MiB
Tue Aug 18 22:00:01 UTC 2020
utilization.gpu [%], utilization.memory [%], memory.total [MiB], memory.free [MiB], memory.used [MiB]
0 %, 0 %, 10989 MiB, 10989 MiB, 0 MiB
0 %, 0 %, 10989 MiB, 10989 MiB, 0 MiB
0 %, 0 %, 10989 MiB, 10989 MiB, 0 MiB
0 %, 0 %, 10989 MiB, 10989 MiB, 0 MiB
0 %, 0 %, 10989 MiB, 10989 MiB, 0 MiB
0 %, 0 %, 10989 MiB, 10989 MiB, 0 MiB
1 %, 0 %, 10989 MiB, 10989 MiB, 0 MiB
0 %, 0 %, 10989 MiB, 10989 MiB, 0 MiB
Tue Aug 18 22:30:01 UTC 2020
utilization.gpu [%], utilization.memory [%], memory.total [MiB], memory.free [MiB], memory.used [MiB]
0 %, 0 %, 10989 MiB, 10989 MiB, 0 MiB
0 %, 0 %, 10989 MiB, 10989 MiB, 0 MiB
0 %, 0 %, 10989 MiB, 10989 MiB, 0 MiB
0 %, 0 %, 10989 MiB, 10989 MiB, 0 MiB
0 %, 0 %, 10989 MiB, 10989 MiB, 0 MiB
1 %, 0 %, 10989 MiB, 10989 MiB, 0 MiB
1 %, 0 %, 10989 MiB, 10989 MiB, 0 MiB
0 %, 0 %, 10989 MiB, 10989 MiB, 0 MiB
Tue Aug 18 23:00:01 UTC 2020
utilization.gpu [%], utilization.memory [%], memory.total [MiB], memory.free [MiB], memory.used [MiB]
0 %, 0 %, 10989 MiB, 10989 MiB, 0 MiB
0 %, 0 %, 10989 MiB, 10989 MiB, 0 MiB
0 %, 0 %, 10989 MiB, 10989 MiB, 0 MiB
0 %, 0 %, 10989 MiB, 10989 MiB, 0 MiB
0 %, 0 %, 10989 MiB, 10989 MiB, 0 MiB
0 %, 0 %, 10989 MiB, 10989 MiB, 0 MiB
1 %, 0 %, 10989 MiB, 10989 MiB, 0 MiB
0 %, 0 %, 10989 MiB, 10989 MiB, 0 MiB
Tue Aug 18 23:30:01 UTC 2020
utilization.gpu [%], utilization.memory [%], memory.total [MiB], memory.free [MiB], memory.used [MiB]
0 %, 0 %, 10989 MiB, 10989 MiB, 0 MiB
0 %, 0 %, 10989 MiB, 10989 MiB, 0 MiB
0 %, 0 %, 10989 MiB, 10989 MiB, 0 MiB
0 %, 0 %, 10989 MiB, 10989 MiB, 0 MiB
0 %, 0 %, 10989 MiB, 10989 MiB, 0 MiB
0 %, 0 %, 10989 MiB, 10989 MiB, 0 MiB
1 %, 0 %, 10989 MiB, 10989 MiB, 0 MiB
0 %, 0 %, 10989 MiB, 10989 MiB, 0 MiB
Wed Aug 19 00:00:01 UTC 2020
utilization.gpu [%], utilization.memory [%], memory.total [MiB], memory.free [MiB], memory.used [MiB]
0 %, 0 %, 10989 MiB, 10989 MiB, 0 MiB
0 %, 0 %, 10989 MiB, 10989 MiB, 0 MiB
0 %, 0 %, 10989 MiB, 10989 MiB, 0 MiB
0 %, 0 %, 10989 MiB, 10989 MiB, 0 MiB
0 %, 0 %, 10989 MiB, 10989 MiB, 0 MiB
0 %, 0 %, 10989 MiB, 10989 MiB, 0 MiB
1 %, 0 %, 10989 MiB, 10989 MiB, 0 MiB
0 %, 0 %, 10989 MiB, 10989 MiB, 0 MiB
Wed Aug 19 00:30:01 UTC 2020
utilization.gpu [%], utilization.memory [%], memory.total [MiB], memory.free [MiB], memory.used [MiB]
0 %, 0 %, 10989 MiB, 10989 MiB, 0 MiB
0 %, 0 %, 10989 MiB, 10989 MiB, 0 MiB
0 %, 0 %, 10989 MiB, 10989 MiB, 0 MiB
0 %, 0 %, 10989 MiB, 10989 MiB, 0 MiB
0 %, 0 %, 10989 MiB, 10989 MiB, 0 MiB
0 %, 0 %, 10989 MiB, 10989 MiB, 0 MiB
1 %, 0 %, 10989 MiB, 10989 MiB, 0 MiB
0 %, 0 %, 10989 MiB, 10989 MiB, 0 MiB
Wed Aug 19 01:00:01 UTC 2020
utilization.gpu [%], utilization.memory [%], memory.total [MiB], memory.free [MiB], memory.used [MiB]
0 %, 0 %, 10989 MiB, 10989 MiB, 0 MiB
0 %, 0 %, 10989 MiB, 10989 MiB, 0 MiB
0 %, 0 %, 10989 MiB, 10989 MiB, 0 MiB
0 %, 0 %, 10989 MiB, 10989 MiB, 0 MiB
0 %, 0 %, 10989 MiB, 10989 MiB, 0 MiB
0 %, 0 %, 10989 MiB, 10989 MiB, 0 MiB
1 %, 0 %, 10989 MiB, 10989 MiB, 0 MiB
0 %, 0 %, 10989 MiB, 10989 MiB, 0 MiB
Wed Aug 19 01:30:01 UTC 2020
utilization.gpu [%], utilization.memory [%], memory.total [MiB], memory.free [MiB], memory.used [MiB]
0 %, 0 %, 10989 MiB, 10989 MiB, 0 MiB
0 %, 0 %, 10989 MiB, 10989 MiB, 0 MiB
0 %, 0 %, 10989 MiB, 10989 MiB, 0 MiB
0 %, 0 %, 10989 MiB, 10989 MiB, 0 MiB
0 %, 0 %, 10989 MiB, 10989 MiB, 0 MiB
1 %, 0 %, 10989 MiB, 10989 MiB, 0 MiB
1 %, 0 %, 10989 MiB, 10989 MiB, 0 MiB
0 %, 0 %, 10989 MiB, 10989 MiB, 0 MiB
Wed Aug 19 02:00:01 UTC 2020
utilization.gpu [%], utilization.memory [%], memory.total [MiB], memory.free [MiB], memory.used [MiB]
0 %, 0 %, 10989 MiB, 10989 MiB, 0 MiB
0 %, 0 %, 10989 MiB, 10989 MiB, 0 MiB
0 %, 0 %, 10989 MiB, 10989 MiB, 0 MiB
0 %, 0 %, 10989 MiB, 10989 MiB, 0 MiB
0 %, 0 %, 10989 MiB, 10989 MiB, 0 MiB
0 %, 0 %, 10989 MiB, 10989 MiB, 0 MiB
1 %, 0 %, 10989 MiB, 10989 MiB, 0 MiB
0 %, 0 %, 10989 MiB, 10989 MiB, 0 MiB
Wed Aug 19 02:30:01 UTC 2020
utilization.gpu [%], utilization.memory [%], memory.total [MiB], memory.free [MiB], memory.used [MiB]
0 %, 0 %, 10989 MiB, 10989 MiB, 0 MiB
0 %, 0 %, 10989 MiB, 10989 MiB, 0 MiB
0 %, 0 %, 10989 MiB, 10989 MiB, 0 MiB
0 %, 0 %, 10989 MiB, 10989 MiB, 0 MiB
0 %, 0 %, 10989 MiB, 10989 MiB, 0 MiB
0 %, 0 %, 10989 MiB, 10989 MiB, 0 MiB
1 %, 0 %, 10989 MiB, 10989 MiB, 0 MiB
0 %, 0 %, 10989 MiB, 10989 MiB, 0 MiB
Wed Aug 19 03:00:01 UTC 2020
utilization.gpu [%], utilization.memory [%], memory.total [MiB], memory.free [MiB], memory.used [MiB]
0 %, 0 %, 10989 MiB, 10989 MiB, 0 MiB
0 %, 0 %, 10989 MiB, 10989 MiB, 0 MiB
0 %, 0 %, 10989 MiB, 10989 MiB, 0 MiB
0 %, 0 %, 10989 MiB, 10989 MiB, 0 MiB
0 %, 0 %, 10989 MiB, 10989 MiB, 0 MiB
0 %, 0 %, 10989 MiB, 10989 MiB, 0 MiB
1 %, 0 %, 10989 MiB, 10989 MiB, 0 MiB
0 %, 0 %, 10989 MiB, 10989 MiB, 0 MiB
Wed Aug 19 03:30:01 UTC 2020
utilization.gpu [%], utilization.memory [%], memory.total [MiB], memory.free [MiB], memory.used [MiB]
0 %, 0 %, 10989 MiB, 10989 MiB, 0 MiB
0 %, 0 %, 10989 MiB, 10989 MiB, 0 MiB
0 %, 0 %, 10989 MiB, 10989 MiB, 0 MiB
0 %, 0 %, 10989 MiB, 10989 MiB, 0 MiB
0 %, 0 %, 10989 MiB, 10989 MiB, 0 MiB
0 %, 0 %, 10989 MiB, 10989 MiB, 0 MiB
1 %, 0 %, 10989 MiB, 10989 MiB, 0 MiB
0 %, 0 %, 10989 MiB, 10989 MiB, 0 MiB
Wed Aug 19 04:00:01 UTC 2020
utilization.gpu [%], utilization.memory [%], memory.total [MiB], memory.free [MiB], memory.used [MiB]
0 %, 0 %, 10989 MiB, 10989 MiB, 0 MiB
0 %, 0 %, 10989 MiB, 10989 MiB, 0 MiB
0 %, 0 %, 10989 MiB, 10989 MiB, 0 MiB
0 %, 0 %, 10989 MiB, 10989 MiB, 0 MiB
0 %, 0 %, 10989 MiB, 10989 MiB, 0 MiB
0 %, 0 %, 10989 MiB, 10989 MiB, 0 MiB
1 %, 0 %, 10989 MiB, 10989 MiB, 0 MiB
0 %, 0 %, 10989 MiB, 10989 MiB, 0 MiB
Wed Aug 19 04:30:01 UTC 2020
utilization.gpu [%], utilization.memory [%], memory.total [MiB], memory.free [MiB], memory.used [MiB]
0 %, 0 %, 10989 MiB, 10989 MiB, 0 MiB
0 %, 0 %, 10989 MiB, 10989 MiB, 0 MiB
0 %, 0 %, 10989 MiB, 10989 MiB, 0 MiB
0 %, 0 %, 10989 MiB, 10989 MiB, 0 MiB
0 %, 0 %, 10989 MiB, 10989 MiB, 0 MiB
0 %, 0 %, 10989 MiB, 10989 MiB, 0 MiB
1 %, 0 %, 10989 MiB, 10989 MiB, 0 MiB
0 %, 0 %, 10989 MiB, 10989 MiB, 0 MiB
Wed Aug 19 05:00:01 UTC 2020
utilization.gpu [%], utilization.memory [%], memory.total [MiB], memory.free [MiB], memory.used [MiB]
0 %, 0 %, 10989 MiB, 10989 MiB, 0 MiB
0 %, 0 %, 10989 MiB, 10989 MiB, 0 MiB
0 %, 0 %, 10989 MiB, 10989 MiB, 0 MiB
0 %, 0 %, 10989 MiB, 10989 MiB, 0 MiB
0 %, 0 %, 10989 MiB, 10989 MiB, 0 MiB
0 %, 0 %, 10989 MiB, 10989 MiB, 0 MiB
1 %, 0 %, 10989 MiB, 10989 MiB, 0 MiB
0 %, 0 %, 10989 MiB, 10989 MiB, 0 MiB
Wed Aug 19 05:30:01 UTC 2020
utilization.gpu [%], utilization.memory [%], memory.total [MiB], memory.free [MiB], memory.used [MiB]
0 %, 0 %, 10989 MiB, 10989 MiB, 0 MiB
0 %, 0 %, 10989 MiB, 10989 MiB, 0 MiB
0 %, 0 %, 10989 MiB, 10989 MiB, 0 MiB
0 %, 0 %, 10989 MiB, 10989 MiB, 0 MiB
0 %, 0 %, 10989 MiB, 10989 MiB, 0 MiB
0 %, 0 %, 10989 MiB, 10989 MiB, 0 MiB
1 %, 0 %, 10989 MiB, 10989 MiB, 0 MiB
0 %, 0 %, 10989 MiB, 10989 MiB, 0 MiB
Wed Aug 19 06:00:01 UTC 2020
utilization.gpu [%], utilization.memory [%], memory.total [MiB], memory.free [MiB], memory.used [MiB]
0 %, 0 %, 10989 MiB, 10989 MiB, 0 MiB
0 %, 0 %, 10989 MiB, 10989 MiB, 0 MiB
0 %, 0 %, 10989 MiB, 10989 MiB, 0 MiB
0 %, 0 %, 10989 MiB, 10989 MiB, 0 MiB
0 %, 0 %, 10989 MiB, 10989 MiB, 0 MiB
0 %, 0 %, 10989 MiB, 10989 MiB, 0 MiB
1 %, 0 %, 10989 MiB, 10989 MiB, 0 MiB
0 %, 0 %, 10989 MiB, 10989 MiB, 0 MiB
Wed Aug 19 06:30:01 UTC 2020
utilization.gpu [%], utilization.memory [%], memory.total [MiB], memory.free [MiB], memory.used [MiB]
0 %, 0 %, 10989 MiB, 10989 MiB, 0 MiB
0 %, 0 %, 10989 MiB, 10989 MiB, 0 MiB
0 %, 0 %, 10989 MiB, 10989 MiB, 0 MiB
0 %, 0 %, 10989 MiB, 10989 MiB, 0 MiB
0 %, 0 %, 10989 MiB, 10989 MiB, 0 MiB
0 %, 0 %, 10989 MiB, 10989 MiB, 0 MiB
1 %, 0 %, 10989 MiB, 10989 MiB, 0 MiB
0 %, 0 %, 10989 MiB, 10989 MiB, 0 MiB
Wed Aug 19 12:00:01 UTC 2020
utilization.gpu [%], utilization.memory [%], memory.total [MiB], memory.free [MiB], memory.used [MiB]
0 %, 0 %, 10989 MiB, 10989 MiB, 0 MiB
0 %, 0 %, 10989 MiB, 10989 MiB, 0 MiB
0 %, 0 %, 10989 MiB, 10989 MiB, 0 MiB
0 %, 0 %, 10989 MiB, 10989 MiB, 0 MiB
0 %, 0 %, 10989 MiB, 10989 MiB, 0 MiB
0 %, 0 %, 10989 MiB, 10989 MiB, 0 MiB
1 %, 0 %, 10989 MiB, 10989 MiB, 0 MiB
0 %, 0 %, 10989 MiB, 10989 MiB, 0 MiB
Wed Aug 19 18:00:01 UTC 2020
utilization.gpu [%], utilization.memory [%], memory.total [MiB], memory.free [MiB], memory.used [MiB]
0 %, 0 %, 10989 MiB, 10989 MiB, 0 MiB
0 %, 0 %, 10989 MiB, 10989 MiB, 0 MiB
0 %, 0 %, 10989 MiB, 10989 MiB, 0 MiB
0 %, 0 %, 10989 MiB, 10989 MiB, 0 MiB
0 %, 0 %, 10989 MiB, 10989 MiB, 0 MiB
0 %, 0 %, 10989 MiB, 10989 MiB, 0 MiB
1 %, 0 %, 10989 MiB, 10989 MiB, 0 MiB
0 %, 0 %, 10989 MiB, 10989 MiB, 0 MiB
Thu Aug 20 00:00:01 UTC 2020
utilization.gpu [%], utilization.memory [%], memory.total [MiB], memory.free [MiB], memory.used [MiB]
0 %, 0 %, 10989 MiB, 10989 MiB, 0 MiB
0 %, 0 %, 10989 MiB, 10989 MiB, 0 MiB
0 %, 0 %, 10989 MiB, 10989 MiB, 0 MiB
0 %, 0 %, 10989 MiB, 10989 MiB, 0 MiB
0 %, 0 %, 10989 MiB, 10989 MiB, 0 MiB
0 %, 0 %, 10989 MiB, 10989 MiB, 0 MiB
1 %, 0 %, 10989 MiB, 10989 MiB, 0 MiB
0 %, 0 %, 10989 MiB, 10989 MiB, 0 MiB
Thu Aug 20 06:00:01 UTC 2020
utilization.gpu [%], utilization.memory [%], memory.total [MiB], memory.free [MiB], memory.used [MiB]
0 %, 0 %, 10989 MiB, 10989 MiB, 0 MiB
0 %, 0 %, 10989 MiB, 10989 MiB, 0 MiB
0 %, 0 %, 10989 MiB, 10989 MiB, 0 MiB
0 %, 0 %, 10989 MiB, 10989 MiB, 0 MiB
0 %, 0 %, 10989 MiB, 10989 MiB, 0 MiB
0 %, 0 %, 10989 MiB, 10989 MiB, 0 MiB
1 %, 0 %, 10989 MiB, 10989 MiB, 0 MiB
0 %, 0 %, 10989 MiB, 10989 MiB, 0 MiB
Thu Aug 20 12:00:01 UTC 2020
utilization.gpu [%], utilization.memory [%], memory.total [MiB], memory.free [MiB], memory.used [MiB]
0 %, 0 %, 10989 MiB, 10989 MiB, 0 MiB
0 %, 0 %, 10989 MiB, 10989 MiB, 0 MiB
0 %, 0 %, 10989 MiB, 10989 MiB, 0 MiB
0 %, 0 %, 10989 MiB, 10989 MiB, 0 MiB
0 %, 0 %, 10989 MiB, 10989 MiB, 0 MiB
1 %, 0 %, 10989 MiB, 10989 MiB, 0 MiB
1 %, 0 %, 10989 MiB, 10989 MiB, 0 MiB
0 %, 0 %, 10989 MiB, 10989 MiB, 0 MiB
Thu Aug 20 18:00:01 UTC 2020
utilization.gpu [%], utilization.memory [%], memory.total [MiB], memory.free [MiB], memory.used [MiB]
0 %, 0 %, 10989 MiB, 10989 MiB, 0 MiB
0 %, 0 %, 10989 MiB, 10989 MiB, 0 MiB
0 %, 0 %, 10989 MiB, 10989 MiB, 0 MiB
0 %, 0 %, 10989 MiB, 10989 MiB, 0 MiB
0 %, 0 %, 10989 MiB, 10989 MiB, 0 MiB
0 %, 0 %, 10989 MiB, 10989 MiB, 0 MiB
1 %, 0 %, 10989 MiB, 10989 MiB, 0 MiB
0 %, 0 %, 10989 MiB, 10989 MiB, 0 MiB
Fri Aug 21 00:00:01 UTC 2020
utilization.gpu [%], utilization.memory [%], memory.total [MiB], memory.free [MiB], memory.used [MiB]
0 %, 0 %, 10989 MiB, 10989 MiB, 0 MiB
0 %, 0 %, 10989 MiB, 10989 MiB, 0 MiB
0 %, 0 %, 10989 MiB, 10989 MiB, 0 MiB
0 %, 0 %, 10989 MiB, 10989 MiB, 0 MiB
0 %, 0 %, 10989 MiB, 10989 MiB, 0 MiB
0 %, 0 %, 10989 MiB, 10989 MiB, 0 MiB
1 %, 0 %, 10989 MiB, 10989 MiB, 0 MiB
0 %, 0 %, 10989 MiB, 10989 MiB, 0 MiB
Fri Aug 21 06:00:01 UTC 2020
utilization.gpu [%], utilization.memory [%], memory.total [MiB], memory.free [MiB], memory.used [MiB]
0 %, 0 %, 10989 MiB, 10989 MiB, 0 MiB
0 %, 0 %, 10989 MiB, 10989 MiB, 0 MiB
0 %, 0 %, 10989 MiB, 10989 MiB, 0 MiB
0 %, 0 %, 10989 MiB, 10989 MiB, 0 MiB
0 %, 0 %, 10989 MiB, 10989 MiB, 0 MiB
0 %, 0 %, 10989 MiB, 10989 MiB, 0 MiB
1 %, 0 %, 10989 MiB, 10989 MiB, 0 MiB
0 %, 0 %, 10989 MiB, 10989 MiB, 0 MiB
Fri Aug 21 12:00:01 UTC 2020
utilization.gpu [%], utilization.memory [%], memory.total [MiB], memory.free [MiB], memory.used [MiB]
0 %, 0 %, 10989 MiB, 10989 MiB, 0 MiB
0 %, 0 %, 10989 MiB, 10989 MiB, 0 MiB
0 %, 0 %, 10989 MiB, 10989 MiB, 0 MiB
0 %, 0 %, 10989 MiB, 10989 MiB, 0 MiB
0 %, 0 %, 10989 MiB, 10989 MiB, 0 MiB
0 %, 0 %, 10989 MiB, 10989 MiB, 0 MiB
1 %, 0 %, 10989 MiB, 10989 MiB, 0 MiB
0 %, 0 %, 10989 MiB, 10989 MiB, 0 MiB
Fri Aug 21 18:00:01 UTC 2020
utilization.gpu [%], utilization.memory [%], memory.total [MiB], memory.free [MiB], memory.used [MiB]
0 %, 0 %, 10989 MiB, 10989 MiB, 0 MiB
0 %, 0 %, 10989 MiB, 10989 MiB, 0 MiB
0 %, 0 %, 10989 MiB, 10989 MiB, 0 MiB
0 %, 0 %, 10989 MiB, 10989 MiB, 0 MiB
0 %, 0 %, 10989 MiB, 10989 MiB, 0 MiB
1 %, 0 %, 10989 MiB, 10989 MiB, 0 MiB
1 %, 0 %, 10989 MiB, 10989 MiB, 0 MiB
0 %, 0 %, 10989 MiB, 10989 MiB, 0 MiB
Sat Aug 22 00:00:01 UTC 2020
utilization.gpu [%], utilization.memory [%], memory.total [MiB], memory.free [MiB], memory.used [MiB]
0 %, 0 %, 10989 MiB, 10989 MiB, 0 MiB
0 %, 0 %, 10989 MiB, 10989 MiB, 0 MiB
0 %, 0 %, 10989 MiB, 10989 MiB, 0 MiB
0 %, 0 %, 10989 MiB, 10989 MiB, 0 MiB
0 %, 0 %, 10989 MiB, 10989 MiB, 0 MiB
0 %, 0 %, 10989 MiB, 10989 MiB, 0 MiB
1 %, 0 %, 10989 MiB, 10989 MiB, 0 MiB
0 %, 0 %, 10989 MiB, 10989 MiB, 0 MiB
Sat Aug 22 06:00:01 UTC 2020
utilization.gpu [%], utilization.memory [%], memory.total [MiB], memory.free [MiB], memory.used [MiB]
0 %, 0 %, 10989 MiB, 10989 MiB, 0 MiB
0 %, 0 %, 10989 MiB, 10989 MiB, 0 MiB
0 %, 0 %, 10989 MiB, 10989 MiB, 0 MiB
0 %, 0 %, 10989 MiB, 10989 MiB, 0 MiB
0 %, 0 %, 10989 MiB, 10989 MiB, 0 MiB
0 %, 0 %, 10989 MiB, 10989 MiB, 0 MiB
1 %, 0 %, 10989 MiB, 10989 MiB, 0 MiB
0 %, 0 %, 10989 MiB, 10989 MiB, 0 MiB
Sat Aug 22 12:00:01 UTC 2020
utilization.gpu [%], utilization.memory [%], memory.total [MiB], memory.free [MiB], memory.used [MiB]
0 %, 0 %, 10989 MiB, 10989 MiB, 0 MiB
0 %, 0 %, 10989 MiB, 10989 MiB, 0 MiB
0 %, 0 %, 10989 MiB, 10989 MiB, 0 MiB
0 %, 0 %, 10989 MiB, 10989 MiB, 0 MiB
0 %, 0 %, 10989 MiB, 10989 MiB, 0 MiB
1 %, 0 %, 10989 MiB, 10989 MiB, 0 MiB
1 %, 0 %, 10989 MiB, 10989 MiB, 0 MiB
0 %, 0 %, 10989 MiB, 10989 MiB, 0 MiB
Sat Aug 22 18:00:01 UTC 2020
utilization.gpu [%], utilization.memory [%], memory.total [MiB], memory.free [MiB], memory.used [MiB]
0 %, 0 %, 10989 MiB, 10989 MiB, 0 MiB
0 %, 0 %, 10989 MiB, 10989 MiB, 0 MiB
0 %, 0 %, 10989 MiB, 10989 MiB, 0 MiB
0 %, 0 %, 10989 MiB, 10989 MiB, 0 MiB
0 %, 0 %, 10989 MiB, 10989 MiB, 0 MiB
1 %, 0 %, 10989 MiB, 10989 MiB, 0 MiB
1 %, 0 %, 10989 MiB, 10989 MiB, 0 MiB
0 %, 0 %, 10989 MiB, 10989 MiB, 0 MiB
Sun Aug 23 00:00:01 UTC 2020
utilization.gpu [%], utilization.memory [%], memory.total [MiB], memory.free [MiB], memory.used [MiB]
0 %, 0 %, 10989 MiB, 10989 MiB, 0 MiB
0 %, 0 %, 10989 MiB, 10989 MiB, 0 MiB
0 %, 0 %, 10989 MiB, 10989 MiB, 0 MiB
0 %, 0 %, 10989 MiB, 10989 MiB, 0 MiB
0 %, 0 %, 10989 MiB, 10989 MiB, 0 MiB
0 %, 0 %, 10989 MiB, 10989 MiB, 0 MiB
1 %, 0 %, 10989 MiB, 10989 MiB, 0 MiB
0 %, 0 %, 10989 MiB, 10989 MiB, 0 MiB
Sun Aug 23 06:00:01 UTC 2020
utilization.gpu [%], utilization.memory [%], memory.total [MiB], memory.free [MiB], memory.used [MiB]
0 %, 0 %, 10989 MiB, 10989 MiB, 0 MiB
0 %, 0 %, 10989 MiB, 10989 MiB, 0 MiB
0 %, 0 %, 10989 MiB, 10989 MiB, 0 MiB
0 %, 0 %, 10989 MiB, 10989 MiB, 0 MiB
0 %, 0 %, 10989 MiB, 10989 MiB, 0 MiB
0 %, 0 %, 10989 MiB, 10989 MiB, 0 MiB
1 %, 0 %, 10989 MiB, 10989 MiB, 0 MiB
0 %, 0 %, 10989 MiB, 10989 MiB, 0 MiB
Sun Aug 23 12:00:01 UTC 2020
utilization.gpu [%], utilization.memory [%], memory.total [MiB], memory.free [MiB], memory.used [MiB]
0 %, 0 %, 10989 MiB, 10989 MiB, 0 MiB
0 %, 0 %, 10989 MiB, 10989 MiB, 0 MiB
0 %, 0 %, 10989 MiB, 10989 MiB, 0 MiB
0 %, 0 %, 10989 MiB, 10989 MiB, 0 MiB
0 %, 0 %, 10989 MiB, 10989 MiB, 0 MiB
0 %, 0 %, 10989 MiB, 10989 MiB, 0 MiB
1 %, 0 %, 10989 MiB, 10989 MiB, 0 MiB
0 %, 0 %, 10989 MiB, 10989 MiB, 0 MiB
Sun Aug 23 18:00:01 UTC 2020
utilization.gpu [%], utilization.memory [%], memory.total [MiB], memory.free [MiB], memory.used [MiB]
0 %, 0 %, 10989 MiB, 10989 MiB, 0 MiB
0 %, 0 %, 10989 MiB, 10989 MiB, 0 MiB
0 %, 0 %, 10989 MiB, 10989 MiB, 0 MiB
0 %, 0 %, 10989 MiB, 10989 MiB, 0 MiB
0 %, 0 %, 10989 MiB, 10989 MiB, 0 MiB
0 %, 0 %, 10989 MiB, 10989 MiB, 0 MiB
1 %, 0 %, 10989 MiB, 10989 MiB, 0 MiB
0 %, 0 %, 10989 MiB, 10989 MiB, 0 MiB
Mon Aug 24 00:00:01 UTC 2020
utilization.gpu [%], utilization.memory [%], memory.total [MiB], memory.free [MiB], memory.used [MiB]
0 %, 0 %, 10989 MiB, 10989 MiB, 0 MiB
0 %, 0 %, 10989 MiB, 10989 MiB, 0 MiB
0 %, 0 %, 10989 MiB, 10989 MiB, 0 MiB
0 %, 0 %, 10989 MiB, 10989 MiB, 0 MiB
0 %, 0 %, 10989 MiB, 10989 MiB, 0 MiB
0 %, 0 %, 10989 MiB, 10989 MiB, 0 MiB
1 %, 0 %, 10989 MiB, 10989 MiB, 0 MiB
0 %, 0 %, 10989 MiB, 10989 MiB, 0 MiB
Mon Aug 24 06:00:01 UTC 2020
utilization.gpu [%], utilization.memory [%], memory.total [MiB], memory.free [MiB], memory.used [MiB]
0 %, 0 %, 10989 MiB, 10989 MiB, 0 MiB
0 %, 0 %, 10989 MiB, 10989 MiB, 0 MiB
0 %, 0 %, 10989 MiB, 10989 MiB, 0 MiB
0 %, 0 %, 10989 MiB, 10989 MiB, 0 MiB
0 %, 0 %, 10989 MiB, 10989 MiB, 0 MiB
0 %, 0 %, 10989 MiB, 10989 MiB, 0 MiB
1 %, 0 %, 10989 MiB, 10989 MiB, 0 MiB
0 %, 0 %, 10989 MiB, 10989 MiB, 0 MiB
Mon Aug 24 12:00:01 UTC 2020
utilization.gpu [%], utilization.memory [%], memory.total [MiB], memory.free [MiB], memory.used [MiB]
89 %, 46 %, 10989 MiB, 6585 MiB, 4404 MiB
0 %, 0 %, 10989 MiB, 10989 MiB, 0 MiB
0 %, 0 %, 10989 MiB, 10989 MiB, 0 MiB
0 %, 0 %, 10989 MiB, 10989 MiB, 0 MiB
0 %, 0 %, 10989 MiB, 10989 MiB, 0 MiB
0 %, 0 %, 10989 MiB, 10989 MiB, 0 MiB
1 %, 0 %, 10989 MiB, 10989 MiB, 0 MiB
0 %, 0 %, 10989 MiB, 10989 MiB, 0 MiB
Mon Aug 24 18:00:01 UTC 2020
utilization.gpu [%], utilization.memory [%], memory.total [MiB], memory.free [MiB], memory.used [MiB]
0 %, 0 %, 10989 MiB, 10989 MiB, 0 MiB
0 %, 0 %, 10989 MiB, 10989 MiB, 0 MiB
0 %, 0 %, 10989 MiB, 10989 MiB, 0 MiB
0 %, 0 %, 10989 MiB, 10989 MiB, 0 MiB
0 %, 0 %, 10989 MiB, 10989 MiB, 0 MiB
0 %, 0 %, 10989 MiB, 10989 MiB, 0 MiB
1 %, 0 %, 10989 MiB, 10989 MiB, 0 MiB
0 %, 0 %, 10989 MiB, 10989 MiB, 0 MiB
Tue Aug 25 00:00:01 UTC 2020
utilization.gpu [%], utilization.memory [%], memory.total [MiB], memory.free [MiB], memory.used [MiB]
0 %, 0 %, 10989 MiB, 10989 MiB, 0 MiB
0 %, 0 %, 10989 MiB, 10989 MiB, 0 MiB
0 %, 0 %, 10989 MiB, 10989 MiB, 0 MiB
0 %, 0 %, 10989 MiB, 10989 MiB, 0 MiB
0 %, 0 %, 10989 MiB, 10989 MiB, 0 MiB
0 %, 0 %, 10989 MiB, 10989 MiB, 0 MiB
1 %, 0 %, 10989 MiB, 10989 MiB, 0 MiB
0 %, 0 %, 10989 MiB, 10989 MiB, 0 MiB
Tue Aug 25 06:00:01 UTC 2020
utilization.gpu [%], utilization.memory [%], memory.total [MiB], memory.free [MiB], memory.used [MiB]
0 %, 0 %, 10989 MiB, 9746 MiB, 1243 MiB
0 %, 0 %, 10989 MiB, 10979 MiB, 10 MiB
0 %, 0 %, 10989 MiB, 10979 MiB, 10 MiB
0 %, 0 %, 10989 MiB, 10979 MiB, 10 MiB
0 %, 0 %, 10989 MiB, 10979 MiB, 10 MiB
0 %, 0 %, 10989 MiB, 10979 MiB, 10 MiB
0 %, 0 %, 10989 MiB, 10979 MiB, 10 MiB
0 %, 0 %, 10989 MiB, 10979 MiB, 10 MiB
Tue Aug 25 12:00:01 UTC 2020
utilization.gpu [%], utilization.memory [%], memory.total [MiB], memory.free [MiB], memory.used [MiB]
0 %, 0 %, 10989 MiB, 9614 MiB, 1375 MiB
0 %, 0 %, 10989 MiB, 10979 MiB, 10 MiB
0 %, 0 %, 10989 MiB, 10979 MiB, 10 MiB
0 %, 0 %, 10989 MiB, 10979 MiB, 10 MiB
0 %, 0 %, 10989 MiB, 10979 MiB, 10 MiB
0 %, 0 %, 10989 MiB, 10979 MiB, 10 MiB
0 %, 0 %, 10989 MiB, 10979 MiB, 10 MiB
0 %, 0 %, 10989 MiB, 10979 MiB, 10 MiB
Tue Aug 25 18:00:01 UTC 2020
utilization.gpu [%], utilization.memory [%], memory.total [MiB], memory.free [MiB], memory.used [MiB]
0 %, 0 %, 10989 MiB, 9614 MiB, 1375 MiB
0 %, 0 %, 10989 MiB, 10979 MiB, 10 MiB
0 %, 0 %, 10989 MiB, 10979 MiB, 10 MiB
0 %, 0 %, 10989 MiB, 10979 MiB, 10 MiB
0 %, 0 %, 10989 MiB, 10979 MiB, 10 MiB
0 %, 0 %, 10989 MiB, 10979 MiB, 10 MiB
0 %, 0 %, 10989 MiB, 10979 MiB, 10 MiB
0 %, 0 %, 10989 MiB, 10979 MiB, 10 MiB
Wed Aug 26 00:00:01 UTC 2020
utilization.gpu [%], utilization.memory [%], memory.total [MiB], memory.free [MiB], memory.used [MiB]
0 %, 0 %, 10989 MiB, 9614 MiB, 1375 MiB
0 %, 0 %, 10989 MiB, 10979 MiB, 10 MiB
0 %, 0 %, 10989 MiB, 10979 MiB, 10 MiB
0 %, 0 %, 10989 MiB, 10979 MiB, 10 MiB
0 %, 0 %, 10989 MiB, 10979 MiB, 10 MiB
0 %, 0 %, 10989 MiB, 10979 MiB, 10 MiB
0 %, 0 %, 10989 MiB, 10979 MiB, 10 MiB
0 %, 0 %, 10989 MiB, 10979 MiB, 10 MiB
Wed Aug 26 06:00:01 UTC 2020
utilization.gpu [%], utilization.memory [%], memory.total [MiB], memory.free [MiB], memory.used [MiB]
0 %, 0 %, 10989 MiB, 9614 MiB, 1375 MiB
0 %, 0 %, 10989 MiB, 10979 MiB, 10 MiB
0 %, 0 %, 10989 MiB, 10979 MiB, 10 MiB
0 %, 0 %, 10989 MiB, 10979 MiB, 10 MiB
0 %, 0 %, 10989 MiB, 10979 MiB, 10 MiB
0 %, 0 %, 10989 MiB, 10979 MiB, 10 MiB
0 %, 0 %, 10989 MiB, 10979 MiB, 10 MiB
0 %, 0 %, 10989 MiB, 10979 MiB, 10 MiB
Wed Aug 26 12:00:01 UTC 2020
utilization.gpu [%], utilization.memory [%], memory.total [MiB], memory.free [MiB], memory.used [MiB]
0 %, 0 %, 10989 MiB, 9614 MiB, 1375 MiB
0 %, 0 %, 10989 MiB, 10979 MiB, 10 MiB
0 %, 0 %, 10989 MiB, 10979 MiB, 10 MiB
0 %, 0 %, 10989 MiB, 10979 MiB, 10 MiB
0 %, 0 %, 10989 MiB, 10979 MiB, 10 MiB
0 %, 0 %, 10989 MiB, 10979 MiB, 10 MiB
0 %, 0 %, 10989 MiB, 10979 MiB, 10 MiB
0 %, 0 %, 10989 MiB, 10979 MiB, 10 MiB
Wed Aug 26 18:00:01 UTC 2020
utilization.gpu [%], utilization.memory [%], memory.total [MiB], memory.free [MiB], memory.used [MiB]
0 %, 0 %, 10989 MiB, 9614 MiB, 1375 MiB
0 %, 0 %, 10989 MiB, 10979 MiB, 10 MiB
0 %, 0 %, 10989 MiB, 10979 MiB, 10 MiB
0 %, 0 %, 10989 MiB, 10979 MiB, 10 MiB
0 %, 0 %, 10989 MiB, 10979 MiB, 10 MiB
0 %, 0 %, 10989 MiB, 10979 MiB, 10 MiB
0 %, 0 %, 10989 MiB, 10979 MiB, 10 MiB
0 %, 0 %, 10989 MiB, 10979 MiB, 10 MiB
Thu Aug 27 00:00:01 UTC 2020
utilization.gpu [%], utilization.memory [%], memory.total [MiB], memory.free [MiB], memory.used [MiB]
0 %, 0 %, 10989 MiB, 9614 MiB, 1375 MiB
0 %, 0 %, 10989 MiB, 10979 MiB, 10 MiB
0 %, 0 %, 10989 MiB, 10979 MiB, 10 MiB
0 %, 0 %, 10989 MiB, 10979 MiB, 10 MiB
0 %, 0 %, 10989 MiB, 10979 MiB, 10 MiB
0 %, 0 %, 10989 MiB, 10979 MiB, 10 MiB
0 %, 0 %, 10989 MiB, 10979 MiB, 10 MiB
0 %, 0 %, 10989 MiB, 10979 MiB, 10 MiB
Thu Aug 27 06:00:01 UTC 2020
utilization.gpu [%], utilization.memory [%], memory.total [MiB], memory.free [MiB], memory.used [MiB]
0 %, 0 %, 10989 MiB, 9614 MiB, 1375 MiB
0 %, 0 %, 10989 MiB, 10979 MiB, 10 MiB
0 %, 0 %, 10989 MiB, 10979 MiB, 10 MiB
0 %, 0 %, 10989 MiB, 10979 MiB, 10 MiB
0 %, 0 %, 10989 MiB, 10979 MiB, 10 MiB
0 %, 0 %, 10989 MiB, 10979 MiB, 10 MiB
0 %, 0 %, 10989 MiB, 10979 MiB, 10 MiB
0 %, 0 %, 10989 MiB, 10979 MiB, 10 MiB
Thu Aug 27 12:00:01 UTC 2020
utilization.gpu [%], utilization.memory [%], memory.total [MiB], memory.free [MiB], memory.used [MiB]
0 %, 0 %, 10989 MiB, 9614 MiB, 1375 MiB
0 %, 0 %, 10989 MiB, 10979 MiB, 10 MiB
0 %, 0 %, 10989 MiB, 10979 MiB, 10 MiB
0 %, 0 %, 10989 MiB, 10979 MiB, 10 MiB
0 %, 0 %, 10989 MiB, 10979 MiB, 10 MiB
0 %, 0 %, 10989 MiB, 10979 MiB, 10 MiB
0 %, 0 %, 10989 MiB, 10979 MiB, 10 MiB
0 %, 0 %, 10989 MiB, 10979 MiB, 10 MiB
Thu Aug 27 18:00:01 UTC 2020
utilization.gpu [%], utilization.memory [%], memory.total [MiB], memory.free [MiB], memory.used [MiB]
0 %, 0 %, 10989 MiB, 9614 MiB, 1375 MiB
0 %, 0 %, 10989 MiB, 10979 MiB, 10 MiB
0 %, 0 %, 10989 MiB, 10979 MiB, 10 MiB
0 %, 0 %, 10989 MiB, 10979 MiB, 10 MiB
0 %, 0 %, 10989 MiB, 10979 MiB, 10 MiB
0 %, 0 %, 10989 MiB, 10979 MiB, 10 MiB
0 %, 0 %, 10989 MiB, 10979 MiB, 10 MiB
0 %, 0 %, 10989 MiB, 10979 MiB, 10 MiB
Fri Aug 28 00:00:01 UTC 2020
utilization.gpu [%], utilization.memory [%], memory.total [MiB], memory.free [MiB], memory.used [MiB]
0 %, 0 %, 10989 MiB, 9614 MiB, 1375 MiB
0 %, 0 %, 10989 MiB, 10979 MiB, 10 MiB
0 %, 0 %, 10989 MiB, 10979 MiB, 10 MiB
0 %, 0 %, 10989 MiB, 10979 MiB, 10 MiB
0 %, 0 %, 10989 MiB, 10979 MiB, 10 MiB
0 %, 0 %, 10989 MiB, 10979 MiB, 10 MiB
0 %, 0 %, 10989 MiB, 10979 MiB, 10 MiB
0 %, 0 %, 10989 MiB, 10979 MiB, 10 MiB
Fri Aug 28 06:00:01 UTC 2020
utilization.gpu [%], utilization.memory [%], memory.total [MiB], memory.free [MiB], memory.used [MiB]
0 %, 0 %, 10989 MiB, 9614 MiB, 1375 MiB
0 %, 0 %, 10989 MiB, 10979 MiB, 10 MiB
0 %, 0 %, 10989 MiB, 10979 MiB, 10 MiB
0 %, 0 %, 10989 MiB, 10979 MiB, 10 MiB
0 %, 0 %, 10989 MiB, 10979 MiB, 10 MiB
0 %, 0 %, 10989 MiB, 10979 MiB, 10 MiB
0 %, 0 %, 10989 MiB, 10979 MiB, 10 MiB
0 %, 0 %, 10989 MiB, 10979 MiB, 10 MiB
Fri Aug 28 12:00:01 UTC 2020
utilization.gpu [%], utilization.memory [%], memory.total [MiB], memory.free [MiB], memory.used [MiB]
0 %, 0 %, 10989 MiB, 9614 MiB, 1375 MiB
0 %, 0 %, 10989 MiB, 10979 MiB, 10 MiB
0 %, 0 %, 10989 MiB, 10979 MiB, 10 MiB
0 %, 0 %, 10989 MiB, 10979 MiB, 10 MiB
0 %, 0 %, 10989 MiB, 10979 MiB, 10 MiB
0 %, 0 %, 10989 MiB, 10979 MiB, 10 MiB
0 %, 0 %, 10989 MiB, 10979 MiB, 10 MiB
0 %, 0 %, 10989 MiB, 10979 MiB, 10 MiB
Fri Aug 28 18:00:01 UTC 2020
utilization.gpu [%], utilization.memory [%], memory.total [MiB], memory.free [MiB], memory.used [MiB]
0 %, 0 %, 10989 MiB, 9614 MiB, 1375 MiB
0 %, 0 %, 10989 MiB, 10979 MiB, 10 MiB
0 %, 0 %, 10989 MiB, 10979 MiB, 10 MiB
0 %, 0 %, 10989 MiB, 10979 MiB, 10 MiB
0 %, 0 %, 10989 MiB, 10979 MiB, 10 MiB
0 %, 0 %, 10989 MiB, 10979 MiB, 10 MiB
0 %, 0 %, 10989 MiB, 10979 MiB, 10 MiB
0 %, 0 %, 10989 MiB, 10979 MiB, 10 MiB
Sat Aug 29 00:00:01 UTC 2020
utilization.gpu [%], utilization.memory [%], memory.total [MiB], memory.free [MiB], memory.used [MiB]
0 %, 0 %, 10989 MiB, 9614 MiB, 1375 MiB
0 %, 0 %, 10989 MiB, 10979 MiB, 10 MiB
0 %, 0 %, 10989 MiB, 10979 MiB, 10 MiB
0 %, 0 %, 10989 MiB, 10979 MiB, 10 MiB
0 %, 0 %, 10989 MiB, 10979 MiB, 10 MiB
0 %, 0 %, 10989 MiB, 10979 MiB, 10 MiB
0 %, 0 %, 10989 MiB, 10979 MiB, 10 MiB
0 %, 0 %, 10989 MiB, 10979 MiB, 10 MiB
Sat Aug 29 06:00:01 UTC 2020
utilization.gpu [%], utilization.memory [%], memory.total [MiB], memory.free [MiB], memory.used [MiB]
0 %, 0 %, 10989 MiB, 9614 MiB, 1375 MiB
0 %, 0 %, 10989 MiB, 10979 MiB, 10 MiB
0 %, 0 %, 10989 MiB, 10979 MiB, 10 MiB
0 %, 0 %, 10989 MiB, 10979 MiB, 10 MiB
0 %, 0 %, 10989 MiB, 10979 MiB, 10 MiB
0 %, 0 %, 10989 MiB, 10979 MiB, 10 MiB
0 %, 0 %, 10989 MiB, 10979 MiB, 10 MiB
0 %, 0 %, 10989 MiB, 10979 MiB, 10 MiB
Sat Aug 29 12:00:01 UTC 2020
utilization.gpu [%], utilization.memory [%], memory.total [MiB], memory.free [MiB], memory.used [MiB]
0 %, 0 %, 10989 MiB, 9614 MiB, 1375 MiB
0 %, 0 %, 10989 MiB, 10979 MiB, 10 MiB
0 %, 0 %, 10989 MiB, 10979 MiB, 10 MiB
0 %, 0 %, 10989 MiB, 10979 MiB, 10 MiB
0 %, 0 %, 10989 MiB, 10979 MiB, 10 MiB
0 %, 0 %, 10989 MiB, 10979 MiB, 10 MiB
0 %, 0 %, 10989 MiB, 10979 MiB, 10 MiB
0 %, 0 %, 10989 MiB, 10979 MiB, 10 MiB
Sat Aug 29 18:00:01 UTC 2020
utilization.gpu [%], utilization.memory [%], memory.total [MiB], memory.free [MiB], memory.used [MiB]
0 %, 0 %, 10989 MiB, 9614 MiB, 1375 MiB
0 %, 0 %, 10989 MiB, 10979 MiB, 10 MiB
0 %, 0 %, 10989 MiB, 10979 MiB, 10 MiB
0 %, 0 %, 10989 MiB, 10979 MiB, 10 MiB
0 %, 0 %, 10989 MiB, 10979 MiB, 10 MiB
0 %, 0 %, 10989 MiB, 10979 MiB, 10 MiB
0 %, 0 %, 10989 MiB, 10979 MiB, 10 MiB
0 %, 0 %, 10989 MiB, 10979 MiB, 10 MiB
Sun Aug 30 00:00:01 UTC 2020
utilization.gpu [%], utilization.memory [%], memory.total [MiB], memory.free [MiB], memory.used [MiB]
0 %, 0 %, 10989 MiB, 9614 MiB, 1375 MiB
0 %, 0 %, 10989 MiB, 10979 MiB, 10 MiB
0 %, 0 %, 10989 MiB, 10979 MiB, 10 MiB
0 %, 0 %, 10989 MiB, 10979 MiB, 10 MiB
0 %, 0 %, 10989 MiB, 10979 MiB, 10 MiB
0 %, 0 %, 10989 MiB, 10979 MiB, 10 MiB
0 %, 0 %, 10989 MiB, 10979 MiB, 10 MiB
0 %, 0 %, 10989 MiB, 10979 MiB, 10 MiB
Sun Aug 30 06:00:01 UTC 2020
utilization.gpu [%], utilization.memory [%], memory.total [MiB], memory.free [MiB], memory.used [MiB]
0 %, 0 %, 10989 MiB, 9614 MiB, 1375 MiB
0 %, 0 %, 10989 MiB, 10979 MiB, 10 MiB
0 %, 0 %, 10989 MiB, 10979 MiB, 10 MiB
0 %, 0 %, 10989 MiB, 10979 MiB, 10 MiB
0 %, 0 %, 10989 MiB, 10979 MiB, 10 MiB
0 %, 0 %, 10989 MiB, 10979 MiB, 10 MiB
0 %, 0 %, 10989 MiB, 10979 MiB, 10 MiB
0 %, 0 %, 10989 MiB, 10979 MiB, 10 MiB
Sun Aug 30 12:00:01 UTC 2020
utilization.gpu [%], utilization.memory [%], memory.total [MiB], memory.free [MiB], memory.used [MiB]
0 %, 0 %, 10989 MiB, 9614 MiB, 1375 MiB
0 %, 0 %, 10989 MiB, 10979 MiB, 10 MiB
0 %, 0 %, 10989 MiB, 10979 MiB, 10 MiB
0 %, 0 %, 10989 MiB, 10979 MiB, 10 MiB
0 %, 0 %, 10989 MiB, 10979 MiB, 10 MiB
0 %, 0 %, 10989 MiB, 10979 MiB, 10 MiB
0 %, 0 %, 10989 MiB, 10979 MiB, 10 MiB
0 %, 0 %, 10989 MiB, 10979 MiB, 10 MiB
Sun Aug 30 18:00:01 UTC 2020
utilization.gpu [%], utilization.memory [%], memory.total [MiB], memory.free [MiB], memory.used [MiB]
0 %, 0 %, 10989 MiB, 9614 MiB, 1375 MiB
0 %, 0 %, 10989 MiB, 10979 MiB, 10 MiB
0 %, 0 %, 10989 MiB, 10979 MiB, 10 MiB
0 %, 0 %, 10989 MiB, 10979 MiB, 10 MiB
0 %, 0 %, 10989 MiB, 10979 MiB, 10 MiB
0 %, 0 %, 10989 MiB, 10979 MiB, 10 MiB
0 %, 0 %, 10989 MiB, 10979 MiB, 10 MiB
0 %, 0 %, 10989 MiB, 10979 MiB, 10 MiB
Mon Aug 31 00:00:01 UTC 2020
utilization.gpu [%], utilization.memory [%], memory.total [MiB], memory.free [MiB], memory.used [MiB]
0 %, 0 %, 10989 MiB, 9614 MiB, 1375 MiB
0 %, 0 %, 10989 MiB, 10979 MiB, 10 MiB
0 %, 0 %, 10989 MiB, 10979 MiB, 10 MiB
0 %, 0 %, 10989 MiB, 10979 MiB, 10 MiB
0 %, 0 %, 10989 MiB, 10979 MiB, 10 MiB
0 %, 0 %, 10989 MiB, 10979 MiB, 10 MiB
0 %, 0 %, 10989 MiB, 10979 MiB, 10 MiB
0 %, 0 %, 10989 MiB, 10979 MiB, 10 MiB
Mon Aug 31 06:00:01 UTC 2020
utilization.gpu [%], utilization.memory [%], memory.total [MiB], memory.free [MiB], memory.used [MiB]
0 %, 0 %, 10989 MiB, 9614 MiB, 1375 MiB
0 %, 0 %, 10989 MiB, 10979 MiB, 10 MiB
0 %, 0 %, 10989 MiB, 10979 MiB, 10 MiB
0 %, 0 %, 10989 MiB, 10979 MiB, 10 MiB
0 %, 0 %, 10989 MiB, 10979 MiB, 10 MiB
0 %, 0 %, 10989 MiB, 10979 MiB, 10 MiB
0 %, 0 %, 10989 MiB, 10979 MiB, 10 MiB
0 %, 0 %, 10989 MiB, 10979 MiB, 10 MiB
Mon Aug 31 12:00:01 UTC 2020
utilization.gpu [%], utilization.memory [%], memory.total [MiB], memory.free [MiB], memory.used [MiB]
0 %, 0 %, 10989 MiB, 10989 MiB, 0 MiB
0 %, 0 %, 10989 MiB, 10989 MiB, 0 MiB
0 %, 0 %, 10989 MiB, 10989 MiB, 0 MiB
0 %, 0 %, 10989 MiB, 10989 MiB, 0 MiB
0 %, 0 %, 10989 MiB, 10989 MiB, 0 MiB
0 %, 0 %, 10989 MiB, 10989 MiB, 0 MiB
1 %, 0 %, 10989 MiB, 10989 MiB, 0 MiB
0 %, 0 %, 10989 MiB, 10989 MiB, 0 MiB
Mon Aug 31 18:00:01 UTC 2020
utilization.gpu [%], utilization.memory [%], memory.total [MiB], memory.free [MiB], memory.used [MiB]
0 %, 0 %, 10989 MiB, 10989 MiB, 0 MiB
0 %, 0 %, 10989 MiB, 10989 MiB, 0 MiB
0 %, 0 %, 10989 MiB, 10989 MiB, 0 MiB
0 %, 0 %, 10989 MiB, 10989 MiB, 0 MiB
0 %, 0 %, 10989 MiB, 10989 MiB, 0 MiB
0 %, 0 %, 10989 MiB, 10989 MiB, 0 MiB
1 %, 0 %, 10989 MiB, 10989 MiB, 0 MiB
0 %, 0 %, 10989 MiB, 10989 MiB, 0 MiB
Tue Sep  1 00:00:01 UTC 2020
utilization.gpu [%], utilization.memory [%], memory.total [MiB], memory.free [MiB], memory.used [MiB]
0 %, 0 %, 10989 MiB, 10989 MiB, 0 MiB
0 %, 0 %, 10989 MiB, 10989 MiB, 0 MiB
0 %, 0 %, 10989 MiB, 10989 MiB, 0 MiB
0 %, 0 %, 10989 MiB, 10989 MiB, 0 MiB
0 %, 0 %, 10989 MiB, 10989 MiB, 0 MiB
0 %, 0 %, 10989 MiB, 10989 MiB, 0 MiB
1 %, 0 %, 10989 MiB, 10989 MiB, 0 MiB
0 %, 0 %, 10989 MiB, 10989 MiB, 0 MiB
Tue Sep  1 06:00:01 UTC 2020
utilization.gpu [%], utilization.memory [%], memory.total [MiB], memory.free [MiB], memory.used [MiB]
0 %, 0 %, 10989 MiB, 10989 MiB, 0 MiB
0 %, 0 %, 10989 MiB, 10989 MiB, 0 MiB
0 %, 0 %, 10989 MiB, 10989 MiB, 0 MiB
0 %, 0 %, 10989 MiB, 10989 MiB, 0 MiB
0 %, 0 %, 10989 MiB, 10989 MiB, 0 MiB
0 %, 0 %, 10989 MiB, 10989 MiB, 0 MiB
1 %, 0 %, 10989 MiB, 10989 MiB, 0 MiB
0 %, 0 %, 10989 MiB, 10989 MiB, 0 MiB
Tue Sep  1 12:00:01 UTC 2020
utilization.gpu [%], utilization.memory [%], memory.total [MiB], memory.free [MiB], memory.used [MiB]
0 %, 0 %, 10989 MiB, 10989 MiB, 0 MiB
0 %, 0 %, 10989 MiB, 10989 MiB, 0 MiB
0 %, 0 %, 10989 MiB, 10989 MiB, 0 MiB
0 %, 0 %, 10989 MiB, 10989 MiB, 0 MiB
0 %, 0 %, 10989 MiB, 10989 MiB, 0 MiB
0 %, 0 %, 10989 MiB, 10989 MiB, 0 MiB
1 %, 0 %, 10989 MiB, 10989 MiB, 0 MiB
0 %, 0 %, 10989 MiB, 10989 MiB, 0 MiB
Tue Sep  1 18:00:01 UTC 2020
utilization.gpu [%], utilization.memory [%], memory.total [MiB], memory.free [MiB], memory.used [MiB]
0 %, 0 %, 10989 MiB, 10989 MiB, 0 MiB
0 %, 0 %, 10989 MiB, 10989 MiB, 0 MiB
0 %, 0 %, 10989 MiB, 10989 MiB, 0 MiB
0 %, 0 %, 10989 MiB, 10989 MiB, 0 MiB
0 %, 0 %, 10989 MiB, 10989 MiB, 0 MiB
0 %, 0 %, 10989 MiB, 10989 MiB, 0 MiB
1 %, 0 %, 10989 MiB, 10989 MiB, 0 MiB
0 %, 0 %, 10989 MiB, 10989 MiB, 0 MiB
Wed Sep  2 00:00:01 UTC 2020
utilization.gpu [%], utilization.memory [%], memory.total [MiB], memory.free [MiB], memory.used [MiB]
0 %, 0 %, 10989 MiB, 10989 MiB, 0 MiB
0 %, 0 %, 10989 MiB, 10989 MiB, 0 MiB
0 %, 0 %, 10989 MiB, 10989 MiB, 0 MiB
0 %, 0 %, 10989 MiB, 10989 MiB, 0 MiB
0 %, 0 %, 10989 MiB, 10989 MiB, 0 MiB
0 %, 0 %, 10989 MiB, 10989 MiB, 0 MiB
1 %, 0 %, 10989 MiB, 10989 MiB, 0 MiB
0 %, 0 %, 10989 MiB, 10989 MiB, 0 MiB
Wed Sep  2 06:00:01 UTC 2020
utilization.gpu [%], utilization.memory [%], memory.total [MiB], memory.free [MiB], memory.used [MiB]
0 %, 0 %, 10989 MiB, 10989 MiB, 0 MiB
0 %, 0 %, 10989 MiB, 10989 MiB, 0 MiB
0 %, 0 %, 10989 MiB, 10989 MiB, 0 MiB
0 %, 0 %, 10989 MiB, 10989 MiB, 0 MiB
0 %, 0 %, 10989 MiB, 10989 MiB, 0 MiB
0 %, 0 %, 10989 MiB, 10989 MiB, 0 MiB
1 %, 0 %, 10989 MiB, 10989 MiB, 0 MiB
0 %, 0 %, 10989 MiB, 10989 MiB, 0 MiB
Wed Sep  2 12:00:01 UTC 2020
utilization.gpu [%], utilization.memory [%], memory.total [MiB], memory.free [MiB], memory.used [MiB]
0 %, 0 %, 10989 MiB, 10989 MiB, 0 MiB
0 %, 0 %, 10989 MiB, 10989 MiB, 0 MiB
0 %, 0 %, 10989 MiB, 10989 MiB, 0 MiB
0 %, 0 %, 10989 MiB, 10989 MiB, 0 MiB
0 %, 0 %, 10989 MiB, 10989 MiB, 0 MiB
0 %, 0 %, 10989 MiB, 10989 MiB, 0 MiB
1 %, 0 %, 10989 MiB, 10989 MiB, 0 MiB
0 %, 0 %, 10989 MiB, 10989 MiB, 0 MiB
Wed Sep  2 18:00:01 UTC 2020
utilization.gpu [%], utilization.memory [%], memory.total [MiB], memory.free [MiB], memory.used [MiB]
0 %, 0 %, 10989 MiB, 10989 MiB, 0 MiB
0 %, 0 %, 10989 MiB, 10989 MiB, 0 MiB
0 %, 0 %, 10989 MiB, 10989 MiB, 0 MiB
0 %, 0 %, 10989 MiB, 10989 MiB, 0 MiB
0 %, 0 %, 10989 MiB, 10989 MiB, 0 MiB
0 %, 0 %, 10989 MiB, 10989 MiB, 0 MiB
1 %, 0 %, 10989 MiB, 10989 MiB, 0 MiB
0 %, 0 %, 10989 MiB, 10989 MiB, 0 MiB
Thu Sep  3 00:00:01 UTC 2020
utilization.gpu [%], utilization.memory [%], memory.total [MiB], memory.free [MiB], memory.used [MiB]
0 %, 0 %, 10989 MiB, 10989 MiB, 0 MiB
0 %, 0 %, 10989 MiB, 10989 MiB, 0 MiB
0 %, 0 %, 10989 MiB, 10989 MiB, 0 MiB
0 %, 0 %, 10989 MiB, 10989 MiB, 0 MiB
0 %, 0 %, 10989 MiB, 10989 MiB, 0 MiB
0 %, 0 %, 10989 MiB, 10989 MiB, 0 MiB
1 %, 0 %, 10989 MiB, 10989 MiB, 0 MiB
0 %, 0 %, 10989 MiB, 10989 MiB, 0 MiB
Thu Sep  3 06:00:01 UTC 2020
utilization.gpu [%], utilization.memory [%], memory.total [MiB], memory.free [MiB], memory.used [MiB]
0 %, 0 %, 10989 MiB, 10989 MiB, 0 MiB
0 %, 0 %, 10989 MiB, 10989 MiB, 0 MiB
0 %, 0 %, 10989 MiB, 10989 MiB, 0 MiB
0 %, 0 %, 10989 MiB, 10989 MiB, 0 MiB
0 %, 0 %, 10989 MiB, 10989 MiB, 0 MiB
0 %, 0 %, 10989 MiB, 10989 MiB, 0 MiB
1 %, 0 %, 10989 MiB, 10989 MiB, 0 MiB
0 %, 0 %, 10989 MiB, 10989 MiB, 0 MiB
Thu Sep  3 12:00:01 UTC 2020
utilization.gpu [%], utilization.memory [%], memory.total [MiB], memory.free [MiB], memory.used [MiB]
0 %, 0 %, 10989 MiB, 10989 MiB, 0 MiB
0 %, 0 %, 10989 MiB, 10989 MiB, 0 MiB
0 %, 0 %, 10989 MiB, 10989 MiB, 0 MiB
0 %, 0 %, 10989 MiB, 10989 MiB, 0 MiB
0 %, 0 %, 10989 MiB, 10989 MiB, 0 MiB
0 %, 0 %, 10989 MiB, 10989 MiB, 0 MiB
1 %, 0 %, 10989 MiB, 10989 MiB, 0 MiB
0 %, 0 %, 10989 MiB, 10989 MiB, 0 MiB
Thu Sep  3 18:00:01 UTC 2020
utilization.gpu [%], utilization.memory [%], memory.total [MiB], memory.free [MiB], memory.used [MiB]
0 %, 0 %, 10989 MiB, 10989 MiB, 0 MiB
0 %, 0 %, 10989 MiB, 10989 MiB, 0 MiB
0 %, 0 %, 10989 MiB, 10989 MiB, 0 MiB
0 %, 0 %, 10989 MiB, 10989 MiB, 0 MiB
0 %, 0 %, 10989 MiB, 10989 MiB, 0 MiB
0 %, 0 %, 10989 MiB, 10989 MiB, 0 MiB
1 %, 0 %, 10989 MiB, 10989 MiB, 0 MiB
0 %, 0 %, 10989 MiB, 10989 MiB, 0 MiB
Fri Sep  4 00:00:01 UTC 2020
utilization.gpu [%], utilization.memory [%], memory.total [MiB], memory.free [MiB], memory.used [MiB]
0 %, 0 %, 10989 MiB, 10989 MiB, 0 MiB
0 %, 0 %, 10989 MiB, 10989 MiB, 0 MiB
0 %, 0 %, 10989 MiB, 10989 MiB, 0 MiB
0 %, 0 %, 10989 MiB, 10989 MiB, 0 MiB
0 %, 0 %, 10989 MiB, 10989 MiB, 0 MiB
0 %, 0 %, 10989 MiB, 10989 MiB, 0 MiB
1 %, 0 %, 10989 MiB, 10989 MiB, 0 MiB
0 %, 0 %, 10989 MiB, 10989 MiB, 0 MiB
Fri Sep  4 06:00:01 UTC 2020
utilization.gpu [%], utilization.memory [%], memory.total [MiB], memory.free [MiB], memory.used [MiB]
0 %, 0 %, 10989 MiB, 10989 MiB, 0 MiB
0 %, 0 %, 10989 MiB, 10989 MiB, 0 MiB
0 %, 0 %, 10989 MiB, 10989 MiB, 0 MiB
0 %, 0 %, 10989 MiB, 10989 MiB, 0 MiB
0 %, 0 %, 10989 MiB, 10989 MiB, 0 MiB
0 %, 0 %, 10989 MiB, 10989 MiB, 0 MiB
1 %, 0 %, 10989 MiB, 10989 MiB, 0 MiB
0 %, 0 %, 10989 MiB, 10989 MiB, 0 MiB
Fri Sep  4 12:00:01 UTC 2020
utilization.gpu [%], utilization.memory [%], memory.total [MiB], memory.free [MiB], memory.used [MiB]
0 %, 0 %, 10989 MiB, 10989 MiB, 0 MiB
0 %, 0 %, 10989 MiB, 10989 MiB, 0 MiB
0 %, 0 %, 10989 MiB, 10989 MiB, 0 MiB
0 %, 0 %, 10989 MiB, 10989 MiB, 0 MiB
0 %, 0 %, 10989 MiB, 10989 MiB, 0 MiB
0 %, 0 %, 10989 MiB, 10989 MiB, 0 MiB
1 %, 0 %, 10989 MiB, 10989 MiB, 0 MiB
0 %, 0 %, 10989 MiB, 10989 MiB, 0 MiB
Fri Sep  4 18:00:01 UTC 2020
utilization.gpu [%], utilization.memory [%], memory.total [MiB], memory.free [MiB], memory.used [MiB]
0 %, 0 %, 10989 MiB, 10989 MiB, 0 MiB
0 %, 0 %, 10989 MiB, 10989 MiB, 0 MiB
0 %, 0 %, 10989 MiB, 10989 MiB, 0 MiB
0 %, 0 %, 10989 MiB, 10989 MiB, 0 MiB
0 %, 0 %, 10989 MiB, 10989 MiB, 0 MiB
0 %, 0 %, 10989 MiB, 10989 MiB, 0 MiB
1 %, 0 %, 10989 MiB, 10989 MiB, 0 MiB
0 %, 0 %, 10989 MiB, 10989 MiB, 0 MiB
Sat Sep  5 00:00:01 UTC 2020
utilization.gpu [%], utilization.memory [%], memory.total [MiB], memory.free [MiB], memory.used [MiB]
0 %, 0 %, 10989 MiB, 10989 MiB, 0 MiB
0 %, 0 %, 10989 MiB, 10989 MiB, 0 MiB
0 %, 0 %, 10989 MiB, 10989 MiB, 0 MiB
0 %, 0 %, 10989 MiB, 10989 MiB, 0 MiB
0 %, 0 %, 10989 MiB, 10989 MiB, 0 MiB
0 %, 0 %, 10989 MiB, 10989 MiB, 0 MiB
1 %, 0 %, 10989 MiB, 10989 MiB, 0 MiB
0 %, 0 %, 10989 MiB, 10989 MiB, 0 MiB
Sat Sep  5 06:00:01 UTC 2020
utilization.gpu [%], utilization.memory [%], memory.total [MiB], memory.free [MiB], memory.used [MiB]
0 %, 0 %, 10989 MiB, 10989 MiB, 0 MiB
0 %, 0 %, 10989 MiB, 10989 MiB, 0 MiB
0 %, 0 %, 10989 MiB, 10989 MiB, 0 MiB
0 %, 0 %, 10989 MiB, 10989 MiB, 0 MiB
0 %, 0 %, 10989 MiB, 10989 MiB, 0 MiB
0 %, 0 %, 10989 MiB, 10989 MiB, 0 MiB
1 %, 0 %, 10989 MiB, 10989 MiB, 0 MiB
0 %, 0 %, 10989 MiB, 10989 MiB, 0 MiB
Sat Sep  5 12:00:01 UTC 2020
utilization.gpu [%], utilization.memory [%], memory.total [MiB], memory.free [MiB], memory.used [MiB]
0 %, 0 %, 10989 MiB, 10989 MiB, 0 MiB
0 %, 0 %, 10989 MiB, 10989 MiB, 0 MiB
0 %, 0 %, 10989 MiB, 10989 MiB, 0 MiB
0 %, 0 %, 10989 MiB, 10989 MiB, 0 MiB
0 %, 0 %, 10989 MiB, 10989 MiB, 0 MiB
0 %, 0 %, 10989 MiB, 10989 MiB, 0 MiB
1 %, 0 %, 10989 MiB, 10989 MiB, 0 MiB
0 %, 0 %, 10989 MiB, 10989 MiB, 0 MiB
Sat Sep  5 18:00:01 UTC 2020
utilization.gpu [%], utilization.memory [%], memory.total [MiB], memory.free [MiB], memory.used [MiB]
0 %, 0 %, 10989 MiB, 10989 MiB, 0 MiB
0 %, 0 %, 10989 MiB, 10989 MiB, 0 MiB
0 %, 0 %, 10989 MiB, 10989 MiB, 0 MiB
0 %, 0 %, 10989 MiB, 10989 MiB, 0 MiB
0 %, 0 %, 10989 MiB, 10989 MiB, 0 MiB
0 %, 0 %, 10989 MiB, 10989 MiB, 0 MiB
1 %, 0 %, 10989 MiB, 10989 MiB, 0 MiB
0 %, 0 %, 10989 MiB, 10989 MiB, 0 MiB
Sun Sep  6 00:00:02 UTC 2020
utilization.gpu [%], utilization.memory [%], memory.total [MiB], memory.free [MiB], memory.used [MiB]
0 %, 0 %, 10989 MiB, 10989 MiB, 0 MiB
0 %, 0 %, 10989 MiB, 10989 MiB, 0 MiB
0 %, 0 %, 10989 MiB, 10989 MiB, 0 MiB
0 %, 0 %, 10989 MiB, 10989 MiB, 0 MiB
0 %, 0 %, 10989 MiB, 10989 MiB, 0 MiB
0 %, 0 %, 10989 MiB, 10989 MiB, 0 MiB
1 %, 0 %, 10989 MiB, 10989 MiB, 0 MiB
0 %, 0 %, 10989 MiB, 10989 MiB, 0 MiB
Sun Sep  6 06:00:01 UTC 2020
utilization.gpu [%], utilization.memory [%], memory.total [MiB], memory.free [MiB], memory.used [MiB]
0 %, 0 %, 10989 MiB, 10989 MiB, 0 MiB
0 %, 0 %, 10989 MiB, 10989 MiB, 0 MiB
0 %, 0 %, 10989 MiB, 10989 MiB, 0 MiB
0 %, 0 %, 10989 MiB, 10989 MiB, 0 MiB
0 %, 0 %, 10989 MiB, 10989 MiB, 0 MiB
0 %, 0 %, 10989 MiB, 10989 MiB, 0 MiB
1 %, 0 %, 10989 MiB, 10989 MiB, 0 MiB
0 %, 0 %, 10989 MiB, 10989 MiB, 0 MiB
