Mon Aug 24 06:51:16 UTC 2020
emage                   Mon Aug 24 06:51:18 2020  410.104
[0] GeForce RTX 2080 Ti | 41'C,   0 % |     0 / 10989 MB |
[1] GeForce RTX 2080 Ti | 62'C,   0 % |     0 / 10989 MB |
[2] GeForce RTX 2080 Ti | 42'C,   0 % |     0 / 10989 MB |
[3] GeForce RTX 2080 Ti | 55'C,   0 % |     0 / 10989 MB |
[4] GeForce RTX 2080 Ti | 68'C,   0 % |     0 / 10989 MB |
[5] GeForce RTX 2080 Ti | 77'C,   0 % |     0 / 10989 MB |
[6] GeForce RTX 2080 Ti | 65'C,   1 % |     0 / 10989 MB |
[7] GeForce RTX 2080 Ti | 85'C,   0 % |     0 / 10989 MB |
Mon Aug 24 12:00:01 UTC 2020
emage                   Mon Aug 24 12:00:02 2020  410.104
[0] GeForce RTX 2080 Ti | 79'C,  89 % |  4404 / 10989 MB | klein(2197M) klein(2197M)
[1] GeForce RTX 2080 Ti | 67'C,   0 % |     0 / 10989 MB |
[2] GeForce RTX 2080 Ti | 40'C,   0 % |     0 / 10989 MB |
[3] GeForce RTX 2080 Ti | 53'C,   0 % |     0 / 10989 MB |
[4] GeForce RTX 2080 Ti | 68'C,   0 % |     0 / 10989 MB |
[5] GeForce RTX 2080 Ti | 77'C,   0 % |     0 / 10989 MB |
[6] GeForce RTX 2080 Ti | 65'C,   1 % |     0 / 10989 MB |
[7] GeForce RTX 2080 Ti | 87'C,   0 % |     0 / 10989 MB |
Mon Aug 24 18:00:01 UTC 2020
emage                   Mon Aug 24 18:00:04 2020  410.104
[0] GeForce RTX 2080 Ti | 38'C,   0 % |     0 / 10989 MB |
[1] GeForce RTX 2080 Ti | 59'C,   0 % |     0 / 10989 MB |
[2] GeForce RTX 2080 Ti | 39'C,   0 % |     0 / 10989 MB |
[3] GeForce RTX 2080 Ti | 51'C,   0 % |     0 / 10989 MB |
[4] GeForce RTX 2080 Ti | 64'C,   0 % |     0 / 10989 MB |
[5] GeForce RTX 2080 Ti | 73'C,   0 % |     0 / 10989 MB |
[6] GeForce RTX 2080 Ti | 62'C,   1 % |     0 / 10989 MB |
[7] GeForce RTX 2080 Ti | 76'C,   0 % |     0 / 10989 MB |
Tue Aug 25 00:00:01 UTC 2020
emage                   Tue Aug 25 00:00:08 2020  410.104
[0] GeForce RTX 2080 Ti | 38'C,   0 % |     0 / 10989 MB |
[1] GeForce RTX 2080 Ti | 59'C,   0 % |     0 / 10989 MB |
[2] GeForce RTX 2080 Ti | 39'C,   0 % |     0 / 10989 MB |
[3] GeForce RTX 2080 Ti | 51'C,   0 % |     0 / 10989 MB |
[4] GeForce RTX 2080 Ti | 64'C,   0 % |     0 / 10989 MB |
[5] GeForce RTX 2080 Ti | 73'C,   0 % |     0 / 10989 MB |
[6] GeForce RTX 2080 Ti | 61'C,   1 % |     0 / 10989 MB |
[7] GeForce RTX 2080 Ti | 76'C,   0 % |     0 / 10989 MB |
Tue Aug 25 06:00:01 UTC 2020
emage                   Tue Aug 25 06:00:02 2020  410.104
[0] GeForce RTX 2080 Ti | 32'C,   0 % |  1243 / 10989 MB | klein(1233M)
[1] GeForce RTX 2080 Ti | 42'C,   0 % |    10 / 10989 MB |
[2] GeForce RTX 2080 Ti | 29'C,   0 % |    10 / 10989 MB |
[3] GeForce RTX 2080 Ti | 37'C,   0 % |    10 / 10989 MB |
[4] GeForce RTX 2080 Ti | 42'C,   0 % |    10 / 10989 MB |
[5] GeForce RTX 2080 Ti | 39'C,   0 % |    10 / 10989 MB |
[6] GeForce RTX 2080 Ti | 36'C,   0 % |    10 / 10989 MB |
[7] GeForce RTX 2080 Ti | 40'C,   0 % |    10 / 10989 MB |
Tue Aug 25 12:00:01 UTC 2020
emage                   Tue Aug 25 12:00:01 2020  410.104
[0] GeForce RTX 2080 Ti | 30'C,   0 % |  1375 / 10989 MB | klein(1365M)
[1] GeForce RTX 2080 Ti | 39'C,   0 % |    10 / 10989 MB |
[2] GeForce RTX 2080 Ti | 27'C,   0 % |    10 / 10989 MB |
[3] GeForce RTX 2080 Ti | 34'C,   0 % |    10 / 10989 MB |
[4] GeForce RTX 2080 Ti | 39'C,   0 % |    10 / 10989 MB |
[5] GeForce RTX 2080 Ti | 36'C,   0 % |    10 / 10989 MB |
[6] GeForce RTX 2080 Ti | 33'C,   0 % |    10 / 10989 MB |
[7] GeForce RTX 2080 Ti | 37'C,   0 % |    10 / 10989 MB |
Tue Aug 25 18:00:01 UTC 2020
emage                   Tue Aug 25 18:00:01 2020  410.104
[0] GeForce RTX 2080 Ti | 29'C,   0 % |  1375 / 10989 MB | klein(1365M)
[1] GeForce RTX 2080 Ti | 39'C,   0 % |    10 / 10989 MB |
[2] GeForce RTX 2080 Ti | 27'C,   0 % |    10 / 10989 MB |
[3] GeForce RTX 2080 Ti | 34'C,   0 % |    10 / 10989 MB |
[4] GeForce RTX 2080 Ti | 39'C,   0 % |    10 / 10989 MB |
[5] GeForce RTX 2080 Ti | 36'C,   0 % |    10 / 10989 MB |
[6] GeForce RTX 2080 Ti | 33'C,   0 % |    10 / 10989 MB |
[7] GeForce RTX 2080 Ti | 36'C,   0 % |    10 / 10989 MB |
Wed Aug 26 00:00:01 UTC 2020
emage                   Wed Aug 26 00:00:02 2020  410.104
[0] GeForce RTX 2080 Ti | 29'C,   0 % |  1375 / 10989 MB | klein(1365M)
[1] GeForce RTX 2080 Ti | 38'C,   0 % |    10 / 10989 MB |
[2] GeForce RTX 2080 Ti | 26'C,   0 % |    10 / 10989 MB |
[3] GeForce RTX 2080 Ti | 34'C,   0 % |    10 / 10989 MB |
[4] GeForce RTX 2080 Ti | 38'C,   0 % |    10 / 10989 MB |
[5] GeForce RTX 2080 Ti | 36'C,   0 % |    10 / 10989 MB |
[6] GeForce RTX 2080 Ti | 33'C,   0 % |    10 / 10989 MB |
[7] GeForce RTX 2080 Ti | 36'C,   0 % |    10 / 10989 MB |
Wed Aug 26 06:00:01 UTC 2020
emage                   Wed Aug 26 06:00:01 2020  410.104
[0] GeForce RTX 2080 Ti | 31'C,   0 % |  1375 / 10989 MB | klein(1365M)
[1] GeForce RTX 2080 Ti | 41'C,   0 % |    10 / 10989 MB |
[2] GeForce RTX 2080 Ti | 29'C,   0 % |    10 / 10989 MB |
[3] GeForce RTX 2080 Ti | 37'C,   0 % |    10 / 10989 MB |
[4] GeForce RTX 2080 Ti | 41'C,   0 % |    10 / 10989 MB |
[5] GeForce RTX 2080 Ti | 39'C,   0 % |    10 / 10989 MB |
[6] GeForce RTX 2080 Ti | 35'C,   0 % |    10 / 10989 MB |
[7] GeForce RTX 2080 Ti | 39'C,   0 % |    10 / 10989 MB |
Wed Aug 26 12:00:01 UTC 2020
emage                   Wed Aug 26 12:00:02 2020  410.104
[0] GeForce RTX 2080 Ti | 29'C,   0 % |  1375 / 10989 MB | klein(1365M)
[1] GeForce RTX 2080 Ti | 38'C,   0 % |    10 / 10989 MB |
[2] GeForce RTX 2080 Ti | 26'C,   0 % |    10 / 10989 MB |
[3] GeForce RTX 2080 Ti | 34'C,   0 % |    10 / 10989 MB |
[4] GeForce RTX 2080 Ti | 39'C,   0 % |    10 / 10989 MB |
[5] GeForce RTX 2080 Ti | 36'C,   0 % |    10 / 10989 MB |
[6] GeForce RTX 2080 Ti | 33'C,   0 % |    10 / 10989 MB |
[7] GeForce RTX 2080 Ti | 36'C,   0 % |    10 / 10989 MB |
Wed Aug 26 18:00:01 UTC 2020
emage                   Wed Aug 26 18:00:01 2020  410.104
[0] GeForce RTX 2080 Ti | 29'C,   0 % |  1375 / 10989 MB | klein(1365M)
[1] GeForce RTX 2080 Ti | 38'C,   0 % |    10 / 10989 MB |
[2] GeForce RTX 2080 Ti | 26'C,   0 % |    10 / 10989 MB |
[3] GeForce RTX 2080 Ti | 34'C,   0 % |    10 / 10989 MB |
[4] GeForce RTX 2080 Ti | 38'C,   0 % |    10 / 10989 MB |
[5] GeForce RTX 2080 Ti | 36'C,   0 % |    10 / 10989 MB |
[6] GeForce RTX 2080 Ti | 33'C,   0 % |    10 / 10989 MB |
[7] GeForce RTX 2080 Ti | 36'C,   0 % |    10 / 10989 MB |
Thu Aug 27 00:00:01 UTC 2020
emage                   Thu Aug 27 00:00:01 2020  410.104
[0] GeForce RTX 2080 Ti | 29'C,   0 % |  1375 / 10989 MB | klein(1365M)
[1] GeForce RTX 2080 Ti | 38'C,   0 % |    10 / 10989 MB |
[2] GeForce RTX 2080 Ti | 26'C,   0 % |    10 / 10989 MB |
[3] GeForce RTX 2080 Ti | 34'C,   0 % |    10 / 10989 MB |
[4] GeForce RTX 2080 Ti | 38'C,   0 % |    10 / 10989 MB |
[5] GeForce RTX 2080 Ti | 35'C,   0 % |    10 / 10989 MB |
[6] GeForce RTX 2080 Ti | 32'C,   0 % |    10 / 10989 MB |
[7] GeForce RTX 2080 Ti | 36'C,   0 % |    10 / 10989 MB |
Thu Aug 27 06:00:01 UTC 2020
emage                   Thu Aug 27 06:00:01 2020  410.104
[0] GeForce RTX 2080 Ti | 29'C,   0 % |  1375 / 10989 MB | klein(1365M)
[1] GeForce RTX 2080 Ti | 38'C,   0 % |    10 / 10989 MB |
[2] GeForce RTX 2080 Ti | 26'C,   0 % |    10 / 10989 MB |
[3] GeForce RTX 2080 Ti | 34'C,   0 % |    10 / 10989 MB |
[4] GeForce RTX 2080 Ti | 39'C,   0 % |    10 / 10989 MB |
[5] GeForce RTX 2080 Ti | 36'C,   0 % |    10 / 10989 MB |
[6] GeForce RTX 2080 Ti | 33'C,   0 % |    10 / 10989 MB |
[7] GeForce RTX 2080 Ti | 36'C,   0 % |    10 / 10989 MB |
Thu Aug 27 12:00:01 UTC 2020
emage                   Thu Aug 27 12:00:01 2020  410.104
[0] GeForce RTX 2080 Ti | 30'C,   0 % |  1375 / 10989 MB | klein(1365M)
[1] GeForce RTX 2080 Ti | 39'C,   0 % |    10 / 10989 MB |
[2] GeForce RTX 2080 Ti | 27'C,   0 % |    10 / 10989 MB |
[3] GeForce RTX 2080 Ti | 35'C,   0 % |    10 / 10989 MB |
[4] GeForce RTX 2080 Ti | 39'C,   0 % |    10 / 10989 MB |
[5] GeForce RTX 2080 Ti | 36'C,   0 % |    10 / 10989 MB |
[6] GeForce RTX 2080 Ti | 33'C,   0 % |    10 / 10989 MB |
[7] GeForce RTX 2080 Ti | 37'C,   0 % |    10 / 10989 MB |
Thu Aug 27 18:00:01 UTC 2020
emage                   Thu Aug 27 18:00:02 2020  410.104
[0] GeForce RTX 2080 Ti | 29'C,   0 % |  1375 / 10989 MB | klein(1365M)
[1] GeForce RTX 2080 Ti | 38'C,   0 % |    10 / 10989 MB |
[2] GeForce RTX 2080 Ti | 26'C,   0 % |    10 / 10989 MB |
[3] GeForce RTX 2080 Ti | 34'C,   0 % |    10 / 10989 MB |
[4] GeForce RTX 2080 Ti | 39'C,   0 % |    10 / 10989 MB |
[5] GeForce RTX 2080 Ti | 36'C,   0 % |    10 / 10989 MB |
[6] GeForce RTX 2080 Ti | 33'C,   0 % |    10 / 10989 MB |
[7] GeForce RTX 2080 Ti | 36'C,   0 % |    10 / 10989 MB |
Fri Aug 28 00:00:01 UTC 2020
emage                   Fri Aug 28 00:00:01 2020  410.104
[0] GeForce RTX 2080 Ti | 29'C,   0 % |  1375 / 10989 MB | klein(1365M)
[1] GeForce RTX 2080 Ti | 38'C,   0 % |    10 / 10989 MB |
[2] GeForce RTX 2080 Ti | 27'C,   0 % |    10 / 10989 MB |
[3] GeForce RTX 2080 Ti | 34'C,   0 % |    10 / 10989 MB |
[4] GeForce RTX 2080 Ti | 39'C,   0 % |    10 / 10989 MB |
[5] GeForce RTX 2080 Ti | 36'C,   0 % |    10 / 10989 MB |
[6] GeForce RTX 2080 Ti | 33'C,   0 % |    10 / 10989 MB |
[7] GeForce RTX 2080 Ti | 36'C,   0 % |    10 / 10989 MB |
Fri Aug 28 06:00:01 UTC 2020
emage                   Fri Aug 28 06:00:01 2020  410.104
[0] GeForce RTX 2080 Ti | 30'C,   0 % |  1375 / 10989 MB | klein(1365M)
[1] GeForce RTX 2080 Ti | 40'C,   0 % |    10 / 10989 MB |
[2] GeForce RTX 2080 Ti | 28'C,   0 % |    10 / 10989 MB |
[3] GeForce RTX 2080 Ti | 35'C,   0 % |    10 / 10989 MB |
[4] GeForce RTX 2080 Ti | 40'C,   0 % |    10 / 10989 MB |
[5] GeForce RTX 2080 Ti | 37'C,   0 % |    10 / 10989 MB |
[6] GeForce RTX 2080 Ti | 34'C,   0 % |    10 / 10989 MB |
[7] GeForce RTX 2080 Ti | 38'C,   0 % |    10 / 10989 MB |
Fri Aug 28 12:00:01 UTC 2020
emage                   Fri Aug 28 12:00:02 2020  410.104
[0] GeForce RTX 2080 Ti | 30'C,   0 % |  1375 / 10989 MB | klein(1365M)
[1] GeForce RTX 2080 Ti | 39'C,   0 % |    10 / 10989 MB |
[2] GeForce RTX 2080 Ti | 27'C,   0 % |    10 / 10989 MB |
[3] GeForce RTX 2080 Ti | 34'C,   0 % |    10 / 10989 MB |
[4] GeForce RTX 2080 Ti | 39'C,   0 % |    10 / 10989 MB |
[5] GeForce RTX 2080 Ti | 36'C,   0 % |    10 / 10989 MB |
[6] GeForce RTX 2080 Ti | 33'C,   0 % |    10 / 10989 MB |
[7] GeForce RTX 2080 Ti | 37'C,   0 % |    10 / 10989 MB |
Fri Aug 28 18:00:01 UTC 2020
emage                   Fri Aug 28 18:00:01 2020  410.104
[0] GeForce RTX 2080 Ti | 30'C,   0 % |  1375 / 10989 MB | klein(1365M)
[1] GeForce RTX 2080 Ti | 39'C,   0 % |    10 / 10989 MB |
[2] GeForce RTX 2080 Ti | 27'C,   0 % |    10 / 10989 MB |
[3] GeForce RTX 2080 Ti | 34'C,   0 % |    10 / 10989 MB |
[4] GeForce RTX 2080 Ti | 39'C,   0 % |    10 / 10989 MB |
[5] GeForce RTX 2080 Ti | 36'C,   0 % |    10 / 10989 MB |
[6] GeForce RTX 2080 Ti | 33'C,   0 % |    10 / 10989 MB |
[7] GeForce RTX 2080 Ti | 37'C,   0 % |    10 / 10989 MB |
Sat Aug 29 00:00:01 UTC 2020
emage                   Sat Aug 29 00:00:01 2020  410.104
[0] GeForce RTX 2080 Ti | 29'C,   0 % |  1375 / 10989 MB | klein(1365M)
[1] GeForce RTX 2080 Ti | 38'C,   0 % |    10 / 10989 MB |
[2] GeForce RTX 2080 Ti | 26'C,   0 % |    10 / 10989 MB |
[3] GeForce RTX 2080 Ti | 34'C,   0 % |    10 / 10989 MB |
[4] GeForce RTX 2080 Ti | 38'C,   0 % |    10 / 10989 MB |
[5] GeForce RTX 2080 Ti | 36'C,   0 % |    10 / 10989 MB |
[6] GeForce RTX 2080 Ti | 32'C,   0 % |    10 / 10989 MB |
[7] GeForce RTX 2080 Ti | 36'C,   0 % |    10 / 10989 MB |
Sat Aug 29 06:00:01 UTC 2020
emage                   Sat Aug 29 06:00:02 2020  410.104
[0] GeForce RTX 2080 Ti | 29'C,   0 % |  1375 / 10989 MB | klein(1365M)
[1] GeForce RTX 2080 Ti | 38'C,   0 % |    10 / 10989 MB |
[2] GeForce RTX 2080 Ti | 26'C,   0 % |    10 / 10989 MB |
[3] GeForce RTX 2080 Ti | 34'C,   0 % |    10 / 10989 MB |
[4] GeForce RTX 2080 Ti | 38'C,   0 % |    10 / 10989 MB |
[5] GeForce RTX 2080 Ti | 36'C,   0 % |    10 / 10989 MB |
[6] GeForce RTX 2080 Ti | 32'C,   0 % |    10 / 10989 MB |
[7] GeForce RTX 2080 Ti | 36'C,   0 % |    10 / 10989 MB |
Sat Aug 29 12:00:01 UTC 2020
emage                   Sat Aug 29 12:00:01 2020  410.104
[0] GeForce RTX 2080 Ti | 29'C,   0 % |  1375 / 10989 MB | klein(1365M)
[1] GeForce RTX 2080 Ti | 38'C,   0 % |    10 / 10989 MB |
[2] GeForce RTX 2080 Ti | 26'C,   0 % |    10 / 10989 MB |
[3] GeForce RTX 2080 Ti | 34'C,   0 % |    10 / 10989 MB |
[4] GeForce RTX 2080 Ti | 38'C,   0 % |    10 / 10989 MB |
[5] GeForce RTX 2080 Ti | 35'C,   0 % |    10 / 10989 MB |
[6] GeForce RTX 2080 Ti | 32'C,   0 % |    10 / 10989 MB |
[7] GeForce RTX 2080 Ti | 36'C,   0 % |    10 / 10989 MB |
Sat Aug 29 18:00:01 UTC 2020
emage                   Sat Aug 29 18:00:01 2020  410.104
[0] GeForce RTX 2080 Ti | 29'C,   0 % |  1375 / 10989 MB | klein(1365M)
[1] GeForce RTX 2080 Ti | 38'C,   0 % |    10 / 10989 MB |
[2] GeForce RTX 2080 Ti | 26'C,   0 % |    10 / 10989 MB |
[3] GeForce RTX 2080 Ti | 34'C,   0 % |    10 / 10989 MB |
[4] GeForce RTX 2080 Ti | 38'C,   0 % |    10 / 10989 MB |
[5] GeForce RTX 2080 Ti | 36'C,   0 % |    10 / 10989 MB |
[6] GeForce RTX 2080 Ti | 32'C,   0 % |    10 / 10989 MB |
[7] GeForce RTX 2080 Ti | 36'C,   0 % |    10 / 10989 MB |
Sun Aug 30 00:00:01 UTC 2020
emage                   Sun Aug 30 00:00:01 2020  410.104
[0] GeForce RTX 2080 Ti | 29'C,   0 % |  1375 / 10989 MB | klein(1365M)
[1] GeForce RTX 2080 Ti | 38'C,   0 % |    10 / 10989 MB |
[2] GeForce RTX 2080 Ti | 26'C,   0 % |    10 / 10989 MB |
[3] GeForce RTX 2080 Ti | 34'C,   0 % |    10 / 10989 MB |
[4] GeForce RTX 2080 Ti | 38'C,   0 % |    10 / 10989 MB |
[5] GeForce RTX 2080 Ti | 36'C,   0 % |    10 / 10989 MB |
[6] GeForce RTX 2080 Ti | 32'C,   0 % |    10 / 10989 MB |
[7] GeForce RTX 2080 Ti | 36'C,   0 % |    10 / 10989 MB |
Sun Aug 30 06:00:01 UTC 2020
emage                   Sun Aug 30 06:00:01 2020  410.104
[0] GeForce RTX 2080 Ti | 29'C,   0 % |  1375 / 10989 MB | klein(1365M)
[1] GeForce RTX 2080 Ti | 38'C,   0 % |    10 / 10989 MB |
[2] GeForce RTX 2080 Ti | 26'C,   0 % |    10 / 10989 MB |
[3] GeForce RTX 2080 Ti | 34'C,   0 % |    10 / 10989 MB |
[4] GeForce RTX 2080 Ti | 39'C,   0 % |    10 / 10989 MB |
[5] GeForce RTX 2080 Ti | 36'C,   0 % |    10 / 10989 MB |
[6] GeForce RTX 2080 Ti | 33'C,   0 % |    10 / 10989 MB |
[7] GeForce RTX 2080 Ti | 36'C,   0 % |    10 / 10989 MB |
Sun Aug 30 12:00:01 UTC 2020
emage                   Sun Aug 30 12:00:01 2020  410.104
[0] GeForce RTX 2080 Ti | 29'C,   0 % |  1375 / 10989 MB | klein(1365M)
[1] GeForce RTX 2080 Ti | 38'C,   0 % |    10 / 10989 MB |
[2] GeForce RTX 2080 Ti | 26'C,   0 % |    10 / 10989 MB |
[3] GeForce RTX 2080 Ti | 34'C,   0 % |    10 / 10989 MB |
[4] GeForce RTX 2080 Ti | 39'C,   0 % |    10 / 10989 MB |
[5] GeForce RTX 2080 Ti | 36'C,   0 % |    10 / 10989 MB |
[6] GeForce RTX 2080 Ti | 33'C,   0 % |    10 / 10989 MB |
[7] GeForce RTX 2080 Ti | 36'C,   0 % |    10 / 10989 MB |
Sun Aug 30 18:00:01 UTC 2020
emage                   Sun Aug 30 18:00:01 2020  410.104
[0] GeForce RTX 2080 Ti | 29'C,   0 % |  1375 / 10989 MB | klein(1365M)
[1] GeForce RTX 2080 Ti | 39'C,   0 % |    10 / 10989 MB |
[2] GeForce RTX 2080 Ti | 27'C,   0 % |    10 / 10989 MB |
[3] GeForce RTX 2080 Ti | 34'C,   0 % |    10 / 10989 MB |
[4] GeForce RTX 2080 Ti | 39'C,   0 % |    10 / 10989 MB |
[5] GeForce RTX 2080 Ti | 36'C,   0 % |    10 / 10989 MB |
[6] GeForce RTX 2080 Ti | 33'C,   0 % |    10 / 10989 MB |
[7] GeForce RTX 2080 Ti | 36'C,   0 % |    10 / 10989 MB |
Mon Aug 31 00:00:01 UTC 2020
emage                   Mon Aug 31 00:00:02 2020  410.104
[0] GeForce RTX 2080 Ti | 29'C,   0 % |  1375 / 10989 MB | klein(1365M)
[1] GeForce RTX 2080 Ti | 38'C,   0 % |    10 / 10989 MB |
[2] GeForce RTX 2080 Ti | 26'C,   0 % |    10 / 10989 MB |
[3] GeForce RTX 2080 Ti | 34'C,   0 % |    10 / 10989 MB |
[4] GeForce RTX 2080 Ti | 39'C,   0 % |    10 / 10989 MB |
[5] GeForce RTX 2080 Ti | 36'C,   0 % |    10 / 10989 MB |
[6] GeForce RTX 2080 Ti | 33'C,   0 % |    10 / 10989 MB |
[7] GeForce RTX 2080 Ti | 36'C,   0 % |    10 / 10989 MB |
Mon Aug 31 06:00:01 UTC 2020
emage                   Mon Aug 31 06:00:01 2020  410.104
[0] GeForce RTX 2080 Ti | 34'C,   0 % |  1375 / 10989 MB | klein(1365M)
[1] GeForce RTX 2080 Ti | 43'C,   0 % |    10 / 10989 MB |
[2] GeForce RTX 2080 Ti | 31'C,   0 % |    10 / 10989 MB |
[3] GeForce RTX 2080 Ti | 39'C,   0 % |    10 / 10989 MB |
[4] GeForce RTX 2080 Ti | 44'C,   0 % |    10 / 10989 MB |
[5] GeForce RTX 2080 Ti | 41'C,   0 % |    10 / 10989 MB |
[6] GeForce RTX 2080 Ti | 38'C,   0 % |    10 / 10989 MB |
[7] GeForce RTX 2080 Ti | 41'C,   0 % |    10 / 10989 MB |
Mon Aug 31 12:00:01 UTC 2020
Viralint                Mon Aug 31 12:00:10 2020  410.104
[0] GeForce RTX 2080 Ti | 35'C,   0 % |     0 / 10989 MB |
[1] GeForce RTX 2080 Ti | 52'C,   0 % |     0 / 10989 MB |
[2] GeForce RTX 2080 Ti | 36'C,   0 % |     0 / 10989 MB |
[3] GeForce RTX 2080 Ti | 46'C,   0 % |     0 / 10989 MB |
[4] GeForce RTX 2080 Ti | 59'C,   0 % |     0 / 10989 MB |
[5] GeForce RTX 2080 Ti | 64'C,   0 % |     0 / 10989 MB |
[6] GeForce RTX 2080 Ti | 59'C,   1 % |     0 / 10989 MB |
[7] GeForce RTX 2080 Ti | 67'C,   0 % |     0 / 10989 MB |
Mon Aug 31 18:00:01 UTC 2020
Viralint                Mon Aug 31 18:00:10 2020  410.104
[0] GeForce RTX 2080 Ti | 35'C,   0 % |     0 / 10989 MB |
[1] GeForce RTX 2080 Ti | 51'C,   0 % |     0 / 10989 MB |
[2] GeForce RTX 2080 Ti | 36'C,   0 % |     0 / 10989 MB |
[3] GeForce RTX 2080 Ti | 45'C,   0 % |     0 / 10989 MB |
[4] GeForce RTX 2080 Ti | 58'C,   0 % |     0 / 10989 MB |
[5] GeForce RTX 2080 Ti | 63'C,   0 % |     0 / 10989 MB |
[6] GeForce RTX 2080 Ti | 58'C,   1 % |     0 / 10989 MB |
[7] GeForce RTX 2080 Ti | 66'C,   0 % |     0 / 10989 MB |
Tue Sep  1 00:00:01 UTC 2020
Viralint                Tue Sep  1 00:00:10 2020  410.104
[0] GeForce RTX 2080 Ti | 35'C,   0 % |     0 / 10989 MB |
[1] GeForce RTX 2080 Ti | 51'C,   0 % |     0 / 10989 MB |
[2] GeForce RTX 2080 Ti | 35'C,   0 % |     0 / 10989 MB |
[3] GeForce RTX 2080 Ti | 45'C,   0 % |     0 / 10989 MB |
[4] GeForce RTX 2080 Ti | 58'C,   0 % |     0 / 10989 MB |
[5] GeForce RTX 2080 Ti | 63'C,   0 % |     0 / 10989 MB |
[6] GeForce RTX 2080 Ti | 58'C,   1 % |     0 / 10989 MB |
[7] GeForce RTX 2080 Ti | 66'C,   0 % |     0 / 10989 MB |
Tue Sep  1 06:00:01 UTC 2020
Viralint                Tue Sep  1 06:00:10 2020  410.104
[0] GeForce RTX 2080 Ti | 38'C,   0 % |     0 / 10989 MB |
[1] GeForce RTX 2080 Ti | 55'C,   0 % |     0 / 10989 MB |
[2] GeForce RTX 2080 Ti | 39'C,   0 % |     0 / 10989 MB |
[3] GeForce RTX 2080 Ti | 50'C,   0 % |     0 / 10989 MB |
[4] GeForce RTX 2080 Ti | 61'C,   0 % |     0 / 10989 MB |
[5] GeForce RTX 2080 Ti | 66'C,   0 % |     0 / 10989 MB |
[6] GeForce RTX 2080 Ti | 61'C,   1 % |     0 / 10989 MB |
[7] GeForce RTX 2080 Ti | 69'C,   0 % |     0 / 10989 MB |
Tue Sep  1 12:00:01 UTC 2020
Viralint                Tue Sep  1 12:00:10 2020  410.104
[0] GeForce RTX 2080 Ti | 35'C,   0 % |     0 / 10989 MB |
[1] GeForce RTX 2080 Ti | 52'C,   0 % |     0 / 10989 MB |
[2] GeForce RTX 2080 Ti | 36'C,   0 % |     0 / 10989 MB |
[3] GeForce RTX 2080 Ti | 46'C,   0 % |     0 / 10989 MB |
[4] GeForce RTX 2080 Ti | 58'C,   0 % |     0 / 10989 MB |
[5] GeForce RTX 2080 Ti | 64'C,   0 % |     0 / 10989 MB |
[6] GeForce RTX 2080 Ti | 58'C,   1 % |     0 / 10989 MB |
[7] GeForce RTX 2080 Ti | 66'C,   0 % |     0 / 10989 MB |
Tue Sep  1 18:00:01 UTC 2020
Viralint                Tue Sep  1 18:00:03 2020  410.104
[0] GeForce RTX 2080 Ti | 38'C,   0 % |     0 / 10989 MB |
[1] GeForce RTX 2080 Ti | 60'C,   0 % |     0 / 10989 MB |
[2] GeForce RTX 2080 Ti | 39'C,   0 % |     0 / 10989 MB |
[3] GeForce RTX 2080 Ti | 51'C,   0 % |     0 / 10989 MB |
[4] GeForce RTX 2080 Ti | 64'C,   0 % |     0 / 10989 MB |
[5] GeForce RTX 2080 Ti | 73'C,   0 % |     0 / 10989 MB |
[6] GeForce RTX 2080 Ti | 61'C,   1 % |     0 / 10989 MB |
[7] GeForce RTX 2080 Ti | 76'C,   0 % |     0 / 10989 MB |
Wed Sep  2 00:00:01 UTC 2020
Viralint                Wed Sep  2 00:00:08 2020  410.104
[0] GeForce RTX 2080 Ti | 38'C,   0 % |     0 / 10989 MB |
[1] GeForce RTX 2080 Ti | 59'C,   0 % |     0 / 10989 MB |
[2] GeForce RTX 2080 Ti | 39'C,   0 % |     0 / 10989 MB |
[3] GeForce RTX 2080 Ti | 51'C,   0 % |     0 / 10989 MB |
[4] GeForce RTX 2080 Ti | 64'C,   0 % |     0 / 10989 MB |
[5] GeForce RTX 2080 Ti | 72'C,   0 % |     0 / 10989 MB |
[6] GeForce RTX 2080 Ti | 61'C,   1 % |     0 / 10989 MB |
[7] GeForce RTX 2080 Ti | 76'C,   0 % |     0 / 10989 MB |
Wed Sep  2 06:00:01 UTC 2020
Viralint                Wed Sep  2 06:00:03 2020  410.104
[0] GeForce RTX 2080 Ti | 42'C,   0 % |     0 / 10989 MB |
[1] GeForce RTX 2080 Ti | 64'C,   0 % |     0 / 10989 MB |
[2] GeForce RTX 2080 Ti | 43'C,   0 % |     0 / 10989 MB |
[3] GeForce RTX 2080 Ti | 57'C,   0 % |     0 / 10989 MB |
[4] GeForce RTX 2080 Ti | 70'C,   0 % |     0 / 10989 MB |
[5] GeForce RTX 2080 Ti | 80'C,   0 % |     0 / 10989 MB |
[6] GeForce RTX 2080 Ti | 67'C,   1 % |     0 / 10989 MB |
[7] GeForce RTX 2080 Ti | 88'C,   0 % |     0 / 10989 MB |
Wed Sep  2 12:00:01 UTC 2020
Viralint                Wed Sep  2 12:00:10 2020  410.104
[0] GeForce RTX 2080 Ti | 38'C,   0 % |     0 / 10989 MB |
[1] GeForce RTX 2080 Ti | 60'C,   0 % |     0 / 10989 MB |
[2] GeForce RTX 2080 Ti | 39'C,   0 % |     0 / 10989 MB |
[3] GeForce RTX 2080 Ti | 51'C,   0 % |     0 / 10989 MB |
[4] GeForce RTX 2080 Ti | 64'C,   0 % |     0 / 10989 MB |
[5] GeForce RTX 2080 Ti | 73'C,   0 % |     0 / 10989 MB |
[6] GeForce RTX 2080 Ti | 61'C,   1 % |     0 / 10989 MB |
[7] GeForce RTX 2080 Ti | 76'C,   0 % |     0 / 10989 MB |
Wed Sep  2 18:00:01 UTC 2020
Viralint                Wed Sep  2 18:00:04 2020  410.104
[0] GeForce RTX 2080 Ti | 37'C,   0 % |     0 / 10989 MB |
[1] GeForce RTX 2080 Ti | 59'C,   0 % |     0 / 10989 MB |
[2] GeForce RTX 2080 Ti | 38'C,   0 % |     0 / 10989 MB |
[3] GeForce RTX 2080 Ti | 51'C,   0 % |     0 / 10989 MB |
[4] GeForce RTX 2080 Ti | 63'C,   0 % |     0 / 10989 MB |
[5] GeForce RTX 2080 Ti | 72'C,   0 % |     0 / 10989 MB |
[6] GeForce RTX 2080 Ti | 61'C,   1 % |     0 / 10989 MB |
[7] GeForce RTX 2080 Ti | 75'C,   0 % |     0 / 10989 MB |
Thu Sep  3 00:00:01 UTC 2020
Viralint                Thu Sep  3 00:00:10 2020  410.104
[0] GeForce RTX 2080 Ti | 38'C,   0 % |     0 / 10989 MB |
[1] GeForce RTX 2080 Ti | 59'C,   0 % |     0 / 10989 MB |
[2] GeForce RTX 2080 Ti | 39'C,   0 % |     0 / 10989 MB |
[3] GeForce RTX 2080 Ti | 51'C,   0 % |     0 / 10989 MB |
[4] GeForce RTX 2080 Ti | 63'C,   0 % |     0 / 10989 MB |
[5] GeForce RTX 2080 Ti | 72'C,   0 % |     0 / 10989 MB |
[6] GeForce RTX 2080 Ti | 61'C,   1 % |     0 / 10989 MB |
[7] GeForce RTX 2080 Ti | 75'C,   0 % |     0 / 10989 MB |
Thu Sep  3 06:00:01 UTC 2020
Viralint                Thu Sep  3 06:00:04 2020  410.104
[0] GeForce RTX 2080 Ti | 40'C,   0 % |     0 / 10989 MB |
[1] GeForce RTX 2080 Ti | 61'C,   0 % |     0 / 10989 MB |
[2] GeForce RTX 2080 Ti | 41'C,   0 % |     0 / 10989 MB |
[3] GeForce RTX 2080 Ti | 54'C,   0 % |     0 / 10989 MB |
[4] GeForce RTX 2080 Ti | 67'C,   0 % |     0 / 10989 MB |
[5] GeForce RTX 2080 Ti | 76'C,   0 % |     0 / 10989 MB |
[6] GeForce RTX 2080 Ti | 64'C,   1 % |     0 / 10989 MB |
[7] GeForce RTX 2080 Ti | 83'C,   0 % |     0 / 10989 MB |
Thu Sep  3 12:00:01 UTC 2020
Viralint                Thu Sep  3 12:00:03 2020  410.104
[0] GeForce RTX 2080 Ti | 38'C,   0 % |     0 / 10989 MB |
[1] GeForce RTX 2080 Ti | 60'C,   0 % |     0 / 10989 MB |
[2] GeForce RTX 2080 Ti | 39'C,   0 % |     0 / 10989 MB |
[3] GeForce RTX 2080 Ti | 51'C,   0 % |     0 / 10989 MB |
[4] GeForce RTX 2080 Ti | 64'C,   0 % |     0 / 10989 MB |
[5] GeForce RTX 2080 Ti | 73'C,   0 % |     0 / 10989 MB |
[6] GeForce RTX 2080 Ti | 61'C,   1 % |     0 / 10989 MB |
[7] GeForce RTX 2080 Ti | 76'C,   0 % |     0 / 10989 MB |
Thu Sep  3 18:00:01 UTC 2020
Viralint                Thu Sep  3 18:00:10 2020  410.104
[0] GeForce RTX 2080 Ti | 37'C,   0 % |     0 / 10989 MB |
[1] GeForce RTX 2080 Ti | 59'C,   0 % |     0 / 10989 MB |
[2] GeForce RTX 2080 Ti | 38'C,   0 % |     0 / 10989 MB |
[3] GeForce RTX 2080 Ti | 51'C,   0 % |     0 / 10989 MB |
[4] GeForce RTX 2080 Ti | 63'C,   0 % |     0 / 10989 MB |
[5] GeForce RTX 2080 Ti | 72'C,   0 % |     0 / 10989 MB |
[6] GeForce RTX 2080 Ti | 61'C,   1 % |     0 / 10989 MB |
[7] GeForce RTX 2080 Ti | 75'C,   0 % |     0 / 10989 MB |
Fri Sep  4 00:00:01 UTC 2020
Viralint                Fri Sep  4 00:00:10 2020  410.104
[0] GeForce RTX 2080 Ti | 37'C,   0 % |     0 / 10989 MB |
[1] GeForce RTX 2080 Ti | 59'C,   0 % |     0 / 10989 MB |
[2] GeForce RTX 2080 Ti | 38'C,   0 % |     0 / 10989 MB |
[3] GeForce RTX 2080 Ti | 50'C,   0 % |     0 / 10989 MB |
[4] GeForce RTX 2080 Ti | 63'C,   0 % |     0 / 10989 MB |
[5] GeForce RTX 2080 Ti | 71'C,   0 % |     0 / 10989 MB |
[6] GeForce RTX 2080 Ti | 60'C,   1 % |     0 / 10989 MB |
[7] GeForce RTX 2080 Ti | 74'C,   0 % |     0 / 10989 MB |
Fri Sep  4 06:00:01 UTC 2020
Viralint                Fri Sep  4 06:00:03 2020  410.104
[0] GeForce RTX 2080 Ti | 41'C,   0 % |     0 / 10989 MB |
[1] GeForce RTX 2080 Ti | 63'C,   0 % |     0 / 10989 MB |
[2] GeForce RTX 2080 Ti | 42'C,   0 % |     0 / 10989 MB |
[3] GeForce RTX 2080 Ti | 56'C,   0 % |     0 / 10989 MB |
[4] GeForce RTX 2080 Ti | 69'C,   0 % |     0 / 10989 MB |
[5] GeForce RTX 2080 Ti | 78'C,   0 % |     0 / 10989 MB |
[6] GeForce RTX 2080 Ti | 65'C,   1 % |     0 / 10989 MB |
[7] GeForce RTX 2080 Ti | 88'C,   0 % |     0 / 10989 MB |
Fri Sep  4 12:00:01 UTC 2020
Viralint                Fri Sep  4 12:00:07 2020  410.104
[0] GeForce RTX 2080 Ti | 40'C,   0 % |     0 / 10989 MB |
[1] GeForce RTX 2080 Ti | 61'C,   0 % |     0 / 10989 MB |
[2] GeForce RTX 2080 Ti | 41'C,   0 % |     0 / 10989 MB |
[3] GeForce RTX 2080 Ti | 54'C,   0 % |     0 / 10989 MB |
[4] GeForce RTX 2080 Ti | 67'C,   0 % |     0 / 10989 MB |
[5] GeForce RTX 2080 Ti | 76'C,   0 % |     0 / 10989 MB |
[6] GeForce RTX 2080 Ti | 64'C,   1 % |     0 / 10989 MB |
[7] GeForce RTX 2080 Ti | 83'C,   0 % |     0 / 10989 MB |
Fri Sep  4 18:00:01 UTC 2020
Viralint                Fri Sep  4 18:00:12 2020  410.104
[0] GeForce RTX 2080 Ti | 40'C,   0 % |     0 / 10989 MB |
[1] GeForce RTX 2080 Ti | 61'C,   0 % |     0 / 10989 MB |
[2] GeForce RTX 2080 Ti | 40'C,   0 % |     0 / 10989 MB |
[3] GeForce RTX 2080 Ti | 53'C,   0 % |     0 / 10989 MB |
[4] GeForce RTX 2080 Ti | 66'C,   0 % |     0 / 10989 MB |
[5] GeForce RTX 2080 Ti | 75'C,   0 % |     0 / 10989 MB |
[6] GeForce RTX 2080 Ti | 63'C,   1 % |     0 / 10989 MB |
[7] GeForce RTX 2080 Ti | 81'C,   0 % |     0 / 10989 MB |
Sat Sep  5 00:00:01 UTC 2020
Viralint                Sat Sep  5 00:00:03 2020  410.104
[0] GeForce RTX 2080 Ti | 39'C,   0 % |     0 / 10989 MB |
[1] GeForce RTX 2080 Ti | 61'C,   0 % |     0 / 10989 MB |
[2] GeForce RTX 2080 Ti | 40'C,   0 % |     0 / 10989 MB |
[3] GeForce RTX 2080 Ti | 53'C,   0 % |     0 / 10989 MB |
[4] GeForce RTX 2080 Ti | 66'C,   0 % |     0 / 10989 MB |
[5] GeForce RTX 2080 Ti | 75'C,   0 % |     0 / 10989 MB |
[6] GeForce RTX 2080 Ti | 63'C,   1 % |     0 / 10989 MB |
[7] GeForce RTX 2080 Ti | 81'C,   0 % |     0 / 10989 MB |
Sat Sep  5 06:00:01 UTC 2020
Viralint                Sat Sep  5 06:00:06 2020  410.104
[0] GeForce RTX 2080 Ti | 39'C,   0 % |     0 / 10989 MB |
[1] GeForce RTX 2080 Ti | 61'C,   0 % |     0 / 10989 MB |
[2] GeForce RTX 2080 Ti | 40'C,   0 % |     0 / 10989 MB |
[3] GeForce RTX 2080 Ti | 53'C,   0 % |     0 / 10989 MB |
[4] GeForce RTX 2080 Ti | 66'C,   0 % |     0 / 10989 MB |
[5] GeForce RTX 2080 Ti | 75'C,   0 % |     0 / 10989 MB |
[6] GeForce RTX 2080 Ti | 63'C,   1 % |     0 / 10989 MB |
[7] GeForce RTX 2080 Ti | 80'C,   0 % |     0 / 10989 MB |
Sat Sep  5 12:00:01 UTC 2020
Viralint                Sat Sep  5 12:00:09 2020  410.104
[0] GeForce RTX 2080 Ti | 39'C,   0 % |     0 / 10989 MB |
[1] GeForce RTX 2080 Ti | 61'C,   0 % |     0 / 10989 MB |
[2] GeForce RTX 2080 Ti | 40'C,   0 % |     0 / 10989 MB |
[3] GeForce RTX 2080 Ti | 53'C,   0 % |     0 / 10989 MB |
[4] GeForce RTX 2080 Ti | 66'C,   0 % |     0 / 10989 MB |
[5] GeForce RTX 2080 Ti | 75'C,   0 % |     0 / 10989 MB |
[6] GeForce RTX 2080 Ti | 63'C,   1 % |     0 / 10989 MB |
[7] GeForce RTX 2080 Ti | 80'C,   0 % |     0 / 10989 MB |
Sat Sep  5 18:00:01 UTC 2020
Viralint                Sat Sep  5 18:00:07 2020  410.104
[0] GeForce RTX 2080 Ti | 39'C,   0 % |     0 / 10989 MB |
[1] GeForce RTX 2080 Ti | 61'C,   0 % |     0 / 10989 MB |
[2] GeForce RTX 2080 Ti | 40'C,   0 % |     0 / 10989 MB |
[3] GeForce RTX 2080 Ti | 53'C,   0 % |     0 / 10989 MB |
[4] GeForce RTX 2080 Ti | 66'C,   0 % |     0 / 10989 MB |
[5] GeForce RTX 2080 Ti | 75'C,   0 % |     0 / 10989 MB |
[6] GeForce RTX 2080 Ti | 62'C,   1 % |     0 / 10989 MB |
[7] GeForce RTX 2080 Ti | 79'C,   0 % |     0 / 10989 MB |
Sun Sep  6 00:00:02 UTC 2020
Viralint                Sun Sep  6 00:00:06 2020  410.104
[0] GeForce RTX 2080 Ti | 39'C,   0 % |     0 / 10989 MB |
[1] GeForce RTX 2080 Ti | 60'C,   0 % |     0 / 10989 MB |
[2] GeForce RTX 2080 Ti | 40'C,   0 % |     0 / 10989 MB |
[3] GeForce RTX 2080 Ti | 52'C,   0 % |     0 / 10989 MB |
[4] GeForce RTX 2080 Ti | 65'C,   0 % |     0 / 10989 MB |
[5] GeForce RTX 2080 Ti | 74'C,   0 % |     0 / 10989 MB |
[6] GeForce RTX 2080 Ti | 62'C,   1 % |     0 / 10989 MB |
[7] GeForce RTX 2080 Ti | 79'C,   0 % |     0 / 10989 MB |
Sun Sep  6 06:00:01 UTC 2020
Viralint                Sun Sep  6 06:00:02 2020  410.104
[0] GeForce RTX 2080 Ti | 39'C,   0 % |     0 / 10989 MB |
[1] GeForce RTX 2080 Ti | 61'C,   0 % |     0 / 10989 MB |
[2] GeForce RTX 2080 Ti | 40'C,   0 % |     0 / 10989 MB |
[3] GeForce RTX 2080 Ti | 53'C,   0 % |     0 / 10989 MB |
[4] GeForce RTX 2080 Ti | 66'C,   0 % |     0 / 10989 MB |
[5] GeForce RTX 2080 Ti | 75'C,   0 % |     0 / 10989 MB |
[6] GeForce RTX 2080 Ti | 63'C,   1 % |     0 / 10989 MB |
[7] GeForce RTX 2080 Ti | 80'C,   0 % |     0 / 10989 MB |
