Mon Aug 17 08:00:01 UTC 2020
utilization.gpu [%], utilization.memory [%], memory.total [MiB], memory.free [MiB], memory.used [MiB]
0 %, 0 %, 10989 MiB, 8887 MiB, 2102 MiB
0 %, 0 %, 10989 MiB, 10979 MiB, 10 MiB
0 %, 0 %, 10989 MiB, 4946 MiB, 6043 MiB
0 %, 0 %, 10989 MiB, 8258 MiB, 2731 MiB
49 %, 29 %, 10989 MiB, 76 MiB, 10913 MiB
0 %, 0 %, 10989 MiB, 10979 MiB, 10 MiB
6 %, 0 %, 10989 MiB, 7958 MiB, 3031 MiB
0 %, 0 %, 10989 MiB, 10979 MiB, 10 MiB
Mon Aug 17 08:30:01 UTC 2020
utilization.gpu [%], utilization.memory [%], memory.total [MiB], memory.free [MiB], memory.used [MiB]
0 %, 0 %, 10989 MiB, 8887 MiB, 2102 MiB
0 %, 0 %, 10989 MiB, 10979 MiB, 10 MiB
0 %, 0 %, 10989 MiB, 4946 MiB, 6043 MiB
0 %, 0 %, 10989 MiB, 8258 MiB, 2731 MiB
50 %, 29 %, 10989 MiB, 76 MiB, 10913 MiB
0 %, 0 %, 10989 MiB, 10979 MiB, 10 MiB
6 %, 0 %, 10989 MiB, 7958 MiB, 3031 MiB
0 %, 0 %, 10989 MiB, 10979 MiB, 10 MiB
Mon Aug 17 09:00:01 UTC 2020
utilization.gpu [%], utilization.memory [%], memory.total [MiB], memory.free [MiB], memory.used [MiB]
0 %, 0 %, 10989 MiB, 8887 MiB, 2102 MiB
0 %, 0 %, 10989 MiB, 10979 MiB, 10 MiB
0 %, 0 %, 10989 MiB, 4946 MiB, 6043 MiB
0 %, 0 %, 10989 MiB, 8258 MiB, 2731 MiB
50 %, 29 %, 10989 MiB, 76 MiB, 10913 MiB
0 %, 0 %, 10989 MiB, 10979 MiB, 10 MiB
3 %, 0 %, 10989 MiB, 7958 MiB, 3031 MiB
0 %, 0 %, 10989 MiB, 10979 MiB, 10 MiB
Mon Aug 17 09:30:01 UTC 2020
utilization.gpu [%], utilization.memory [%], memory.total [MiB], memory.free [MiB], memory.used [MiB]
0 %, 0 %, 10989 MiB, 8887 MiB, 2102 MiB
0 %, 0 %, 10989 MiB, 10979 MiB, 10 MiB
0 %, 0 %, 10989 MiB, 4946 MiB, 6043 MiB
0 %, 0 %, 10989 MiB, 8258 MiB, 2731 MiB
50 %, 29 %, 10989 MiB, 76 MiB, 10913 MiB
0 %, 0 %, 10989 MiB, 10979 MiB, 10 MiB
0 %, 0 %, 10989 MiB, 7958 MiB, 3031 MiB
0 %, 0 %, 10989 MiB, 10979 MiB, 10 MiB
Mon Aug 17 10:00:01 UTC 2020
utilization.gpu [%], utilization.memory [%], memory.total [MiB], memory.free [MiB], memory.used [MiB]
0 %, 0 %, 10989 MiB, 8887 MiB, 2102 MiB
0 %, 0 %, 10989 MiB, 10979 MiB, 10 MiB
0 %, 0 %, 10989 MiB, 4946 MiB, 6043 MiB
0 %, 0 %, 10989 MiB, 8258 MiB, 2731 MiB
37 %, 20 %, 10989 MiB, 76 MiB, 10913 MiB
0 %, 0 %, 10989 MiB, 10979 MiB, 10 MiB
5 %, 0 %, 10989 MiB, 7958 MiB, 3031 MiB
0 %, 0 %, 10989 MiB, 10979 MiB, 10 MiB
Mon Aug 17 10:30:01 UTC 2020
utilization.gpu [%], utilization.memory [%], memory.total [MiB], memory.free [MiB], memory.used [MiB]
0 %, 0 %, 10989 MiB, 8887 MiB, 2102 MiB
0 %, 0 %, 10989 MiB, 10979 MiB, 10 MiB
0 %, 0 %, 10989 MiB, 4946 MiB, 6043 MiB
0 %, 0 %, 10989 MiB, 8258 MiB, 2731 MiB
45 %, 27 %, 10989 MiB, 76 MiB, 10913 MiB
0 %, 0 %, 10989 MiB, 10979 MiB, 10 MiB
0 %, 0 %, 10989 MiB, 7958 MiB, 3031 MiB
0 %, 0 %, 10989 MiB, 10979 MiB, 10 MiB
Mon Aug 17 11:00:01 UTC 2020
utilization.gpu [%], utilization.memory [%], memory.total [MiB], memory.free [MiB], memory.used [MiB]
0 %, 0 %, 10989 MiB, 8887 MiB, 2102 MiB
0 %, 0 %, 10989 MiB, 10979 MiB, 10 MiB
0 %, 0 %, 10989 MiB, 4946 MiB, 6043 MiB
0 %, 0 %, 10989 MiB, 8258 MiB, 2731 MiB
48 %, 28 %, 10989 MiB, 76 MiB, 10913 MiB
0 %, 0 %, 10989 MiB, 10979 MiB, 10 MiB
0 %, 0 %, 10989 MiB, 7958 MiB, 3031 MiB
0 %, 0 %, 10989 MiB, 10979 MiB, 10 MiB
Mon Aug 17 11:30:01 UTC 2020
utilization.gpu [%], utilization.memory [%], memory.total [MiB], memory.free [MiB], memory.used [MiB]
0 %, 0 %, 10989 MiB, 8887 MiB, 2102 MiB
0 %, 0 %, 10989 MiB, 10979 MiB, 10 MiB
0 %, 0 %, 10989 MiB, 4946 MiB, 6043 MiB
0 %, 0 %, 10989 MiB, 8258 MiB, 2731 MiB
44 %, 26 %, 10989 MiB, 76 MiB, 10913 MiB
0 %, 0 %, 10989 MiB, 10979 MiB, 10 MiB
32 %, 1 %, 10989 MiB, 7958 MiB, 3031 MiB
0 %, 0 %, 10989 MiB, 10979 MiB, 10 MiB
Mon Aug 17 12:00:01 UTC 2020
utilization.gpu [%], utilization.memory [%], memory.total [MiB], memory.free [MiB], memory.used [MiB]
0 %, 0 %, 10989 MiB, 8887 MiB, 2102 MiB
0 %, 0 %, 10989 MiB, 10979 MiB, 10 MiB
0 %, 0 %, 10989 MiB, 4946 MiB, 6043 MiB
0 %, 0 %, 10989 MiB, 8258 MiB, 2731 MiB
47 %, 28 %, 10989 MiB, 76 MiB, 10913 MiB
0 %, 0 %, 10989 MiB, 10979 MiB, 10 MiB
0 %, 0 %, 10989 MiB, 7958 MiB, 3031 MiB
0 %, 0 %, 10989 MiB, 10979 MiB, 10 MiB
Mon Aug 17 12:30:01 UTC 2020
utilization.gpu [%], utilization.memory [%], memory.total [MiB], memory.free [MiB], memory.used [MiB]
0 %, 0 %, 10989 MiB, 8887 MiB, 2102 MiB
0 %, 0 %, 10989 MiB, 10979 MiB, 10 MiB
11 %, 6 %, 10989 MiB, 4946 MiB, 6043 MiB
0 %, 0 %, 10989 MiB, 8258 MiB, 2731 MiB
0 %, 0 %, 10989 MiB, 10979 MiB, 10 MiB
0 %, 0 %, 10989 MiB, 10979 MiB, 10 MiB
35 %, 2 %, 10989 MiB, 7958 MiB, 3031 MiB
0 %, 0 %, 10989 MiB, 10979 MiB, 10 MiB
Mon Aug 17 13:00:01 UTC 2020
utilization.gpu [%], utilization.memory [%], memory.total [MiB], memory.free [MiB], memory.used [MiB]
0 %, 0 %, 10989 MiB, 8887 MiB, 2102 MiB
0 %, 0 %, 10989 MiB, 10979 MiB, 10 MiB
13 %, 7 %, 10989 MiB, 4946 MiB, 6043 MiB
0 %, 0 %, 10989 MiB, 8258 MiB, 2731 MiB
0 %, 0 %, 10989 MiB, 10979 MiB, 10 MiB
0 %, 0 %, 10989 MiB, 10979 MiB, 10 MiB
33 %, 2 %, 10989 MiB, 7958 MiB, 3031 MiB
0 %, 0 %, 10989 MiB, 10979 MiB, 10 MiB
Mon Aug 17 13:30:01 UTC 2020
utilization.gpu [%], utilization.memory [%], memory.total [MiB], memory.free [MiB], memory.used [MiB]
0 %, 0 %, 10989 MiB, 8887 MiB, 2102 MiB
0 %, 0 %, 10989 MiB, 10979 MiB, 10 MiB
20 %, 11 %, 10989 MiB, 4946 MiB, 6043 MiB
0 %, 0 %, 10989 MiB, 8258 MiB, 2731 MiB
0 %, 0 %, 10989 MiB, 10979 MiB, 10 MiB
0 %, 0 %, 10989 MiB, 10979 MiB, 10 MiB
11 %, 0 %, 10989 MiB, 9093 MiB, 1896 MiB
0 %, 0 %, 10989 MiB, 10979 MiB, 10 MiB
Mon Aug 17 14:00:01 UTC 2020
utilization.gpu [%], utilization.memory [%], memory.total [MiB], memory.free [MiB], memory.used [MiB]
0 %, 0 %, 10989 MiB, 8887 MiB, 2102 MiB
0 %, 0 %, 10989 MiB, 10979 MiB, 10 MiB
17 %, 9 %, 10989 MiB, 4946 MiB, 6043 MiB
0 %, 0 %, 10989 MiB, 8258 MiB, 2731 MiB
0 %, 0 %, 10989 MiB, 10979 MiB, 10 MiB
0 %, 0 %, 10989 MiB, 10979 MiB, 10 MiB
13 %, 0 %, 10989 MiB, 9093 MiB, 1896 MiB
0 %, 0 %, 10989 MiB, 10979 MiB, 10 MiB
Mon Aug 17 14:30:01 UTC 2020
utilization.gpu [%], utilization.memory [%], memory.total [MiB], memory.free [MiB], memory.used [MiB]
0 %, 0 %, 10989 MiB, 8887 MiB, 2102 MiB
0 %, 0 %, 10989 MiB, 10979 MiB, 10 MiB
25 %, 14 %, 10989 MiB, 4946 MiB, 6043 MiB
0 %, 0 %, 10989 MiB, 8258 MiB, 2731 MiB
0 %, 0 %, 10989 MiB, 10979 MiB, 10 MiB
0 %, 0 %, 10989 MiB, 10979 MiB, 10 MiB
11 %, 0 %, 10989 MiB, 9093 MiB, 1896 MiB
0 %, 0 %, 10989 MiB, 10979 MiB, 10 MiB
Mon Aug 17 15:00:01 UTC 2020
utilization.gpu [%], utilization.memory [%], memory.total [MiB], memory.free [MiB], memory.used [MiB]
0 %, 0 %, 10989 MiB, 8887 MiB, 2102 MiB
0 %, 0 %, 10989 MiB, 10979 MiB, 10 MiB
24 %, 13 %, 10989 MiB, 4946 MiB, 6043 MiB
0 %, 0 %, 10989 MiB, 8258 MiB, 2731 MiB
0 %, 0 %, 10989 MiB, 10979 MiB, 10 MiB
0 %, 0 %, 10989 MiB, 10979 MiB, 10 MiB
11 %, 0 %, 10989 MiB, 9093 MiB, 1896 MiB
0 %, 0 %, 10989 MiB, 10979 MiB, 10 MiB
Mon Aug 17 15:30:01 UTC 2020
utilization.gpu [%], utilization.memory [%], memory.total [MiB], memory.free [MiB], memory.used [MiB]
0 %, 0 %, 10989 MiB, 8887 MiB, 2102 MiB
0 %, 0 %, 10989 MiB, 10979 MiB, 10 MiB
5 %, 3 %, 10989 MiB, 4946 MiB, 6043 MiB
0 %, 0 %, 10989 MiB, 8258 MiB, 2731 MiB
0 %, 0 %, 10989 MiB, 10979 MiB, 10 MiB
0 %, 0 %, 10989 MiB, 10979 MiB, 10 MiB
8 %, 0 %, 10989 MiB, 9093 MiB, 1896 MiB
0 %, 0 %, 10989 MiB, 10979 MiB, 10 MiB
Mon Aug 17 16:00:01 UTC 2020
utilization.gpu [%], utilization.memory [%], memory.total [MiB], memory.free [MiB], memory.used [MiB]
0 %, 0 %, 10989 MiB, 8887 MiB, 2102 MiB
0 %, 0 %, 10989 MiB, 10979 MiB, 10 MiB
24 %, 13 %, 10989 MiB, 4946 MiB, 6043 MiB
0 %, 0 %, 10989 MiB, 8258 MiB, 2731 MiB
0 %, 0 %, 10989 MiB, 10979 MiB, 10 MiB
0 %, 0 %, 10989 MiB, 10979 MiB, 10 MiB
10 %, 0 %, 10989 MiB, 9093 MiB, 1896 MiB
0 %, 0 %, 10989 MiB, 10979 MiB, 10 MiB
Mon Aug 17 16:30:01 UTC 2020
utilization.gpu [%], utilization.memory [%], memory.total [MiB], memory.free [MiB], memory.used [MiB]
0 %, 0 %, 10989 MiB, 8887 MiB, 2102 MiB
0 %, 0 %, 10989 MiB, 10979 MiB, 10 MiB
23 %, 13 %, 10989 MiB, 4946 MiB, 6043 MiB
0 %, 0 %, 10989 MiB, 8258 MiB, 2731 MiB
0 %, 0 %, 10989 MiB, 10979 MiB, 10 MiB
0 %, 0 %, 10989 MiB, 10979 MiB, 10 MiB
11 %, 0 %, 10989 MiB, 9093 MiB, 1896 MiB
0 %, 0 %, 10989 MiB, 10979 MiB, 10 MiB
Mon Aug 17 17:00:01 UTC 2020
utilization.gpu [%], utilization.memory [%], memory.total [MiB], memory.free [MiB], memory.used [MiB]
0 %, 0 %, 10989 MiB, 8887 MiB, 2102 MiB
0 %, 0 %, 10989 MiB, 10979 MiB, 10 MiB
12 %, 7 %, 10989 MiB, 4946 MiB, 6043 MiB
0 %, 0 %, 10989 MiB, 8258 MiB, 2731 MiB
0 %, 0 %, 10989 MiB, 10979 MiB, 10 MiB
0 %, 0 %, 10989 MiB, 10979 MiB, 10 MiB
11 %, 0 %, 10989 MiB, 9093 MiB, 1896 MiB
0 %, 0 %, 10989 MiB, 10979 MiB, 10 MiB
Mon Aug 17 17:30:01 UTC 2020
utilization.gpu [%], utilization.memory [%], memory.total [MiB], memory.free [MiB], memory.used [MiB]
0 %, 0 %, 10989 MiB, 8887 MiB, 2102 MiB
0 %, 0 %, 10989 MiB, 10979 MiB, 10 MiB
26 %, 15 %, 10989 MiB, 4946 MiB, 6043 MiB
0 %, 0 %, 10989 MiB, 8258 MiB, 2731 MiB
0 %, 0 %, 10989 MiB, 10979 MiB, 10 MiB
0 %, 0 %, 10989 MiB, 10979 MiB, 10 MiB
10 %, 0 %, 10989 MiB, 9093 MiB, 1896 MiB
0 %, 0 %, 10989 MiB, 10979 MiB, 10 MiB
Mon Aug 17 18:00:01 UTC 2020
utilization.gpu [%], utilization.memory [%], memory.total [MiB], memory.free [MiB], memory.used [MiB]
0 %, 0 %, 10989 MiB, 8887 MiB, 2102 MiB
0 %, 0 %, 10989 MiB, 10979 MiB, 10 MiB
11 %, 6 %, 10989 MiB, 4946 MiB, 6043 MiB
0 %, 0 %, 10989 MiB, 8258 MiB, 2731 MiB
0 %, 0 %, 10989 MiB, 10979 MiB, 10 MiB
0 %, 0 %, 10989 MiB, 10979 MiB, 10 MiB
10 %, 0 %, 10989 MiB, 9093 MiB, 1896 MiB
0 %, 0 %, 10989 MiB, 10979 MiB, 10 MiB
Mon Aug 17 18:30:01 UTC 2020
utilization.gpu [%], utilization.memory [%], memory.total [MiB], memory.free [MiB], memory.used [MiB]
0 %, 0 %, 10989 MiB, 8887 MiB, 2102 MiB
0 %, 0 %, 10989 MiB, 10979 MiB, 10 MiB
26 %, 15 %, 10989 MiB, 4946 MiB, 6043 MiB
0 %, 0 %, 10989 MiB, 8258 MiB, 2731 MiB
0 %, 0 %, 10989 MiB, 10979 MiB, 10 MiB
0 %, 0 %, 10989 MiB, 10979 MiB, 10 MiB
8 %, 0 %, 10989 MiB, 9093 MiB, 1896 MiB
0 %, 0 %, 10989 MiB, 10979 MiB, 10 MiB
Mon Aug 17 19:00:01 UTC 2020
utilization.gpu [%], utilization.memory [%], memory.total [MiB], memory.free [MiB], memory.used [MiB]
0 %, 0 %, 10989 MiB, 8887 MiB, 2102 MiB
0 %, 0 %, 10989 MiB, 10979 MiB, 10 MiB
0 %, 0 %, 10989 MiB, 4946 MiB, 6043 MiB
0 %, 0 %, 10989 MiB, 8258 MiB, 2731 MiB
0 %, 0 %, 10989 MiB, 10979 MiB, 10 MiB
0 %, 0 %, 10989 MiB, 10979 MiB, 10 MiB
7 %, 0 %, 10989 MiB, 9093 MiB, 1896 MiB
0 %, 0 %, 10989 MiB, 10979 MiB, 10 MiB
Mon Aug 17 19:30:01 UTC 2020
utilization.gpu [%], utilization.memory [%], memory.total [MiB], memory.free [MiB], memory.used [MiB]
0 %, 0 %, 10989 MiB, 8887 MiB, 2102 MiB
0 %, 0 %, 10989 MiB, 10979 MiB, 10 MiB
25 %, 14 %, 10989 MiB, 4946 MiB, 6043 MiB
0 %, 0 %, 10989 MiB, 8258 MiB, 2731 MiB
0 %, 0 %, 10989 MiB, 10979 MiB, 10 MiB
0 %, 0 %, 10989 MiB, 10979 MiB, 10 MiB
8 %, 0 %, 10989 MiB, 9093 MiB, 1896 MiB
0 %, 0 %, 10989 MiB, 10979 MiB, 10 MiB
Mon Aug 17 20:00:01 UTC 2020
utilization.gpu [%], utilization.memory [%], memory.total [MiB], memory.free [MiB], memory.used [MiB]
0 %, 0 %, 10989 MiB, 8887 MiB, 2102 MiB
0 %, 0 %, 10989 MiB, 10979 MiB, 10 MiB
2 %, 1 %, 10989 MiB, 4946 MiB, 6043 MiB
0 %, 0 %, 10989 MiB, 8258 MiB, 2731 MiB
0 %, 0 %, 10989 MiB, 10979 MiB, 10 MiB
0 %, 0 %, 10989 MiB, 10979 MiB, 10 MiB
11 %, 0 %, 10989 MiB, 9093 MiB, 1896 MiB
0 %, 0 %, 10989 MiB, 10979 MiB, 10 MiB
Mon Aug 17 20:30:01 UTC 2020
utilization.gpu [%], utilization.memory [%], memory.total [MiB], memory.free [MiB], memory.used [MiB]
0 %, 0 %, 10989 MiB, 8887 MiB, 2102 MiB
0 %, 0 %, 10989 MiB, 10979 MiB, 10 MiB
26 %, 15 %, 10989 MiB, 4946 MiB, 6043 MiB
0 %, 0 %, 10989 MiB, 8258 MiB, 2731 MiB
0 %, 0 %, 10989 MiB, 10979 MiB, 10 MiB
0 %, 0 %, 10989 MiB, 10979 MiB, 10 MiB
10 %, 0 %, 10989 MiB, 9093 MiB, 1896 MiB
0 %, 0 %, 10989 MiB, 10979 MiB, 10 MiB
Mon Aug 17 21:00:01 UTC 2020
utilization.gpu [%], utilization.memory [%], memory.total [MiB], memory.free [MiB], memory.used [MiB]
0 %, 0 %, 10989 MiB, 8887 MiB, 2102 MiB
0 %, 0 %, 10989 MiB, 10979 MiB, 10 MiB
16 %, 9 %, 10989 MiB, 4946 MiB, 6043 MiB
0 %, 0 %, 10989 MiB, 8258 MiB, 2731 MiB
0 %, 0 %, 10989 MiB, 10979 MiB, 10 MiB
0 %, 0 %, 10989 MiB, 10979 MiB, 10 MiB
9 %, 0 %, 10989 MiB, 9093 MiB, 1896 MiB
0 %, 0 %, 10989 MiB, 10979 MiB, 10 MiB
Mon Aug 17 21:30:01 UTC 2020
utilization.gpu [%], utilization.memory [%], memory.total [MiB], memory.free [MiB], memory.used [MiB]
0 %, 0 %, 10989 MiB, 8887 MiB, 2102 MiB
0 %, 0 %, 10989 MiB, 10979 MiB, 10 MiB
10 %, 6 %, 10989 MiB, 4946 MiB, 6043 MiB
0 %, 0 %, 10989 MiB, 8258 MiB, 2731 MiB
0 %, 0 %, 10989 MiB, 10979 MiB, 10 MiB
0 %, 0 %, 10989 MiB, 10979 MiB, 10 MiB
11 %, 0 %, 10989 MiB, 9093 MiB, 1896 MiB
0 %, 0 %, 10989 MiB, 10979 MiB, 10 MiB
Mon Aug 17 22:00:01 UTC 2020
utilization.gpu [%], utilization.memory [%], memory.total [MiB], memory.free [MiB], memory.used [MiB]
0 %, 0 %, 10989 MiB, 8887 MiB, 2102 MiB
0 %, 0 %, 10989 MiB, 10979 MiB, 10 MiB
12 %, 7 %, 10989 MiB, 4946 MiB, 6043 MiB
0 %, 0 %, 10989 MiB, 8258 MiB, 2731 MiB
0 %, 0 %, 10989 MiB, 10979 MiB, 10 MiB
0 %, 0 %, 10989 MiB, 10979 MiB, 10 MiB
7 %, 0 %, 10989 MiB, 9093 MiB, 1896 MiB
0 %, 0 %, 10989 MiB, 10979 MiB, 10 MiB
Mon Aug 17 22:30:01 UTC 2020
utilization.gpu [%], utilization.memory [%], memory.total [MiB], memory.free [MiB], memory.used [MiB]
0 %, 0 %, 10989 MiB, 8887 MiB, 2102 MiB
0 %, 0 %, 10989 MiB, 10979 MiB, 10 MiB
12 %, 7 %, 10989 MiB, 4946 MiB, 6043 MiB
0 %, 0 %, 10989 MiB, 8258 MiB, 2731 MiB
0 %, 0 %, 10989 MiB, 10979 MiB, 10 MiB
0 %, 0 %, 10989 MiB, 10979 MiB, 10 MiB
10 %, 0 %, 10989 MiB, 9093 MiB, 1896 MiB
0 %, 0 %, 10989 MiB, 10979 MiB, 10 MiB
Mon Aug 17 23:00:01 UTC 2020
utilization.gpu [%], utilization.memory [%], memory.total [MiB], memory.free [MiB], memory.used [MiB]
0 %, 0 %, 10989 MiB, 8887 MiB, 2102 MiB
0 %, 0 %, 10989 MiB, 10979 MiB, 10 MiB
19 %, 11 %, 10989 MiB, 4946 MiB, 6043 MiB
0 %, 0 %, 10989 MiB, 8258 MiB, 2731 MiB
0 %, 0 %, 10989 MiB, 10979 MiB, 10 MiB
0 %, 0 %, 10989 MiB, 10979 MiB, 10 MiB
9 %, 0 %, 10989 MiB, 9093 MiB, 1896 MiB
0 %, 0 %, 10989 MiB, 10979 MiB, 10 MiB
Mon Aug 17 23:30:01 UTC 2020
utilization.gpu [%], utilization.memory [%], memory.total [MiB], memory.free [MiB], memory.used [MiB]
0 %, 0 %, 10989 MiB, 8887 MiB, 2102 MiB
0 %, 0 %, 10989 MiB, 10979 MiB, 10 MiB
23 %, 12 %, 10989 MiB, 4946 MiB, 6043 MiB
0 %, 0 %, 10989 MiB, 8258 MiB, 2731 MiB
0 %, 0 %, 10989 MiB, 10979 MiB, 10 MiB
0 %, 0 %, 10989 MiB, 10979 MiB, 10 MiB
11 %, 0 %, 10989 MiB, 9093 MiB, 1896 MiB
0 %, 0 %, 10989 MiB, 10979 MiB, 10 MiB
Tue Aug 18 00:00:01 UTC 2020
utilization.gpu [%], utilization.memory [%], memory.total [MiB], memory.free [MiB], memory.used [MiB]
0 %, 0 %, 10989 MiB, 8887 MiB, 2102 MiB
0 %, 0 %, 10989 MiB, 10979 MiB, 10 MiB
19 %, 11 %, 10989 MiB, 4946 MiB, 6043 MiB
0 %, 0 %, 10989 MiB, 8258 MiB, 2731 MiB
0 %, 0 %, 10989 MiB, 10979 MiB, 10 MiB
0 %, 0 %, 10989 MiB, 10979 MiB, 10 MiB
10 %, 0 %, 10989 MiB, 9093 MiB, 1896 MiB
0 %, 0 %, 10989 MiB, 10979 MiB, 10 MiB
Tue Aug 18 00:30:01 UTC 2020
utilization.gpu [%], utilization.memory [%], memory.total [MiB], memory.free [MiB], memory.used [MiB]
0 %, 0 %, 10989 MiB, 8887 MiB, 2102 MiB
0 %, 0 %, 10989 MiB, 10979 MiB, 10 MiB
2 %, 1 %, 10989 MiB, 4946 MiB, 6043 MiB
0 %, 0 %, 10989 MiB, 8258 MiB, 2731 MiB
0 %, 0 %, 10989 MiB, 10979 MiB, 10 MiB
0 %, 0 %, 10989 MiB, 10979 MiB, 10 MiB
7 %, 0 %, 10989 MiB, 9093 MiB, 1896 MiB
0 %, 0 %, 10989 MiB, 10979 MiB, 10 MiB
Tue Aug 18 01:00:01 UTC 2020
utilization.gpu [%], utilization.memory [%], memory.total [MiB], memory.free [MiB], memory.used [MiB]
0 %, 0 %, 10989 MiB, 8887 MiB, 2102 MiB
0 %, 0 %, 10989 MiB, 10979 MiB, 10 MiB
0 %, 0 %, 10989 MiB, 4946 MiB, 6043 MiB
0 %, 0 %, 10989 MiB, 8258 MiB, 2731 MiB
0 %, 0 %, 10989 MiB, 10979 MiB, 10 MiB
0 %, 0 %, 10989 MiB, 10979 MiB, 10 MiB
7 %, 0 %, 10989 MiB, 9093 MiB, 1896 MiB
0 %, 0 %, 10989 MiB, 10979 MiB, 10 MiB
Tue Aug 18 01:30:01 UTC 2020
utilization.gpu [%], utilization.memory [%], memory.total [MiB], memory.free [MiB], memory.used [MiB]
0 %, 0 %, 10989 MiB, 8887 MiB, 2102 MiB
0 %, 0 %, 10989 MiB, 10979 MiB, 10 MiB
26 %, 15 %, 10989 MiB, 4946 MiB, 6043 MiB
0 %, 0 %, 10989 MiB, 8258 MiB, 2731 MiB
0 %, 0 %, 10989 MiB, 10979 MiB, 10 MiB
0 %, 0 %, 10989 MiB, 10979 MiB, 10 MiB
6 %, 0 %, 10989 MiB, 9093 MiB, 1896 MiB
0 %, 0 %, 10989 MiB, 10979 MiB, 10 MiB
Tue Aug 18 02:00:01 UTC 2020
utilization.gpu [%], utilization.memory [%], memory.total [MiB], memory.free [MiB], memory.used [MiB]
0 %, 0 %, 10989 MiB, 8887 MiB, 2102 MiB
0 %, 0 %, 10989 MiB, 10979 MiB, 10 MiB
1 %, 0 %, 10989 MiB, 4946 MiB, 6043 MiB
0 %, 0 %, 10989 MiB, 8258 MiB, 2731 MiB
0 %, 0 %, 10989 MiB, 10979 MiB, 10 MiB
0 %, 0 %, 10989 MiB, 10979 MiB, 10 MiB
10 %, 0 %, 10989 MiB, 9093 MiB, 1896 MiB
0 %, 0 %, 10989 MiB, 10979 MiB, 10 MiB
Tue Aug 18 02:30:01 UTC 2020
utilization.gpu [%], utilization.memory [%], memory.total [MiB], memory.free [MiB], memory.used [MiB]
0 %, 0 %, 10989 MiB, 8887 MiB, 2102 MiB
0 %, 0 %, 10989 MiB, 10979 MiB, 10 MiB
0 %, 0 %, 10989 MiB, 4946 MiB, 6043 MiB
0 %, 0 %, 10989 MiB, 8258 MiB, 2731 MiB
0 %, 0 %, 10989 MiB, 10979 MiB, 10 MiB
0 %, 0 %, 10989 MiB, 10979 MiB, 10 MiB
10 %, 0 %, 10989 MiB, 9093 MiB, 1896 MiB
0 %, 0 %, 10989 MiB, 10979 MiB, 10 MiB
Tue Aug 18 03:00:01 UTC 2020
utilization.gpu [%], utilization.memory [%], memory.total [MiB], memory.free [MiB], memory.used [MiB]
0 %, 0 %, 10989 MiB, 8887 MiB, 2102 MiB
0 %, 0 %, 10989 MiB, 10979 MiB, 10 MiB
18 %, 10 %, 10989 MiB, 4946 MiB, 6043 MiB
0 %, 0 %, 10989 MiB, 8258 MiB, 2731 MiB
0 %, 0 %, 10989 MiB, 10979 MiB, 10 MiB
0 %, 0 %, 10989 MiB, 10979 MiB, 10 MiB
10 %, 0 %, 10989 MiB, 9093 MiB, 1896 MiB
0 %, 0 %, 10989 MiB, 10979 MiB, 10 MiB
Tue Aug 18 03:30:01 UTC 2020
utilization.gpu [%], utilization.memory [%], memory.total [MiB], memory.free [MiB], memory.used [MiB]
0 %, 0 %, 10989 MiB, 8887 MiB, 2102 MiB
0 %, 0 %, 10989 MiB, 10979 MiB, 10 MiB
17 %, 9 %, 10989 MiB, 4946 MiB, 6043 MiB
0 %, 0 %, 10989 MiB, 8258 MiB, 2731 MiB
0 %, 0 %, 10989 MiB, 10979 MiB, 10 MiB
0 %, 0 %, 10989 MiB, 10979 MiB, 10 MiB
6 %, 0 %, 10989 MiB, 9093 MiB, 1896 MiB
0 %, 0 %, 10989 MiB, 10979 MiB, 10 MiB
Tue Aug 18 04:00:01 UTC 2020
utilization.gpu [%], utilization.memory [%], memory.total [MiB], memory.free [MiB], memory.used [MiB]
0 %, 0 %, 10989 MiB, 8887 MiB, 2102 MiB
0 %, 0 %, 10989 MiB, 10979 MiB, 10 MiB
1 %, 0 %, 10989 MiB, 4946 MiB, 6043 MiB
0 %, 0 %, 10989 MiB, 8258 MiB, 2731 MiB
0 %, 0 %, 10989 MiB, 10979 MiB, 10 MiB
0 %, 0 %, 10989 MiB, 10979 MiB, 10 MiB
10 %, 0 %, 10989 MiB, 9093 MiB, 1896 MiB
0 %, 0 %, 10989 MiB, 10979 MiB, 10 MiB
Tue Aug 18 04:30:01 UTC 2020
utilization.gpu [%], utilization.memory [%], memory.total [MiB], memory.free [MiB], memory.used [MiB]
0 %, 0 %, 10989 MiB, 8887 MiB, 2102 MiB
0 %, 0 %, 10989 MiB, 10979 MiB, 10 MiB
3 %, 2 %, 10989 MiB, 4946 MiB, 6043 MiB
0 %, 0 %, 10989 MiB, 8258 MiB, 2731 MiB
0 %, 0 %, 10989 MiB, 10979 MiB, 10 MiB
0 %, 0 %, 10989 MiB, 10979 MiB, 10 MiB
1 %, 0 %, 10989 MiB, 9477 MiB, 1512 MiB
0 %, 0 %, 10989 MiB, 10979 MiB, 10 MiB
Tue Aug 18 05:00:01 UTC 2020
utilization.gpu [%], utilization.memory [%], memory.total [MiB], memory.free [MiB], memory.used [MiB]
0 %, 0 %, 10989 MiB, 8887 MiB, 2102 MiB
0 %, 0 %, 10989 MiB, 10979 MiB, 10 MiB
26 %, 15 %, 10989 MiB, 4946 MiB, 6043 MiB
0 %, 0 %, 10989 MiB, 8258 MiB, 2731 MiB
0 %, 0 %, 10989 MiB, 10979 MiB, 10 MiB
0 %, 0 %, 10989 MiB, 10979 MiB, 10 MiB
12 %, 0 %, 10989 MiB, 9093 MiB, 1896 MiB
0 %, 0 %, 10989 MiB, 10979 MiB, 10 MiB
Tue Aug 18 05:30:01 UTC 2020
utilization.gpu [%], utilization.memory [%], memory.total [MiB], memory.free [MiB], memory.used [MiB]
0 %, 0 %, 10989 MiB, 8887 MiB, 2102 MiB
0 %, 0 %, 10989 MiB, 10979 MiB, 10 MiB
6 %, 4 %, 10989 MiB, 4946 MiB, 6043 MiB
0 %, 0 %, 10989 MiB, 8258 MiB, 2731 MiB
0 %, 0 %, 10989 MiB, 10979 MiB, 10 MiB
0 %, 0 %, 10989 MiB, 10979 MiB, 10 MiB
11 %, 0 %, 10989 MiB, 9093 MiB, 1896 MiB
0 %, 0 %, 10989 MiB, 10979 MiB, 10 MiB
Tue Aug 18 06:00:01 UTC 2020
utilization.gpu [%], utilization.memory [%], memory.total [MiB], memory.free [MiB], memory.used [MiB]
0 %, 0 %, 10989 MiB, 8887 MiB, 2102 MiB
0 %, 0 %, 10989 MiB, 10979 MiB, 10 MiB
29 %, 14 %, 10989 MiB, 4946 MiB, 6043 MiB
0 %, 0 %, 10989 MiB, 8258 MiB, 2731 MiB
0 %, 0 %, 10989 MiB, 10979 MiB, 10 MiB
0 %, 0 %, 10989 MiB, 10979 MiB, 10 MiB
8 %, 0 %, 10989 MiB, 9093 MiB, 1896 MiB
0 %, 0 %, 10989 MiB, 10979 MiB, 10 MiB
Tue Aug 18 06:30:01 UTC 2020
utilization.gpu [%], utilization.memory [%], memory.total [MiB], memory.free [MiB], memory.used [MiB]
0 %, 0 %, 10989 MiB, 8887 MiB, 2102 MiB
0 %, 0 %, 10989 MiB, 10979 MiB, 10 MiB
20 %, 11 %, 10989 MiB, 4946 MiB, 6043 MiB
0 %, 0 %, 10989 MiB, 8258 MiB, 2731 MiB
0 %, 0 %, 10989 MiB, 10979 MiB, 10 MiB
0 %, 0 %, 10989 MiB, 10979 MiB, 10 MiB
9 %, 0 %, 10989 MiB, 9093 MiB, 1896 MiB
0 %, 0 %, 10989 MiB, 10979 MiB, 10 MiB
Tue Aug 18 07:00:01 UTC 2020
utilization.gpu [%], utilization.memory [%], memory.total [MiB], memory.free [MiB], memory.used [MiB]
0 %, 0 %, 10989 MiB, 8887 MiB, 2102 MiB
0 %, 0 %, 10989 MiB, 1468 MiB, 9521 MiB
31 %, 15 %, 10989 MiB, 4946 MiB, 6043 MiB
0 %, 0 %, 10989 MiB, 8258 MiB, 2731 MiB
6 %, 4 %, 10989 MiB, 2356 MiB, 8633 MiB
0 %, 0 %, 10989 MiB, 2356 MiB, 8633 MiB
7 %, 0 %, 10989 MiB, 8900 MiB, 2089 MiB
8 %, 4 %, 10989 MiB, 2356 MiB, 8633 MiB
Tue Aug 18 07:30:01 UTC 2020
utilization.gpu [%], utilization.memory [%], memory.total [MiB], memory.free [MiB], memory.used [MiB]
0 %, 0 %, 10989 MiB, 8887 MiB, 2102 MiB
35 %, 18 %, 10989 MiB, 1468 MiB, 9521 MiB
16 %, 8 %, 10989 MiB, 4946 MiB, 6043 MiB
0 %, 0 %, 10989 MiB, 8258 MiB, 2731 MiB
26 %, 15 %, 10989 MiB, 2356 MiB, 8633 MiB
31 %, 18 %, 10989 MiB, 2356 MiB, 8633 MiB
51 %, 4 %, 10989 MiB, 250 MiB, 10739 MiB
35 %, 22 %, 10989 MiB, 2356 MiB, 8633 MiB
Tue Aug 18 08:00:01 UTC 2020
utilization.gpu [%], utilization.memory [%], memory.total [MiB], memory.free [MiB], memory.used [MiB]
0 %, 0 %, 10989 MiB, 8887 MiB, 2102 MiB
0 %, 0 %, 10989 MiB, 1468 MiB, 9521 MiB
22 %, 12 %, 10989 MiB, 4946 MiB, 6043 MiB
0 %, 0 %, 10989 MiB, 8258 MiB, 2731 MiB
0 %, 0 %, 10989 MiB, 2356 MiB, 8633 MiB
0 %, 0 %, 10989 MiB, 2356 MiB, 8633 MiB
55 %, 4 %, 10989 MiB, 250 MiB, 10739 MiB
0 %, 0 %, 10989 MiB, 2356 MiB, 8633 MiB
Tue Aug 18 08:30:01 UTC 2020
utilization.gpu [%], utilization.memory [%], memory.total [MiB], memory.free [MiB], memory.used [MiB]
0 %, 0 %, 10989 MiB, 8887 MiB, 2102 MiB
0 %, 0 %, 10989 MiB, 1468 MiB, 9521 MiB
3 %, 1 %, 10989 MiB, 4946 MiB, 6043 MiB
0 %, 0 %, 10989 MiB, 8258 MiB, 2731 MiB
40 %, 36 %, 10989 MiB, 2356 MiB, 8633 MiB
41 %, 36 %, 10989 MiB, 2356 MiB, 8633 MiB
45 %, 3 %, 10989 MiB, 250 MiB, 10739 MiB
0 %, 0 %, 10989 MiB, 2356 MiB, 8633 MiB
Tue Aug 18 09:00:01 UTC 2020
utilization.gpu [%], utilization.memory [%], memory.total [MiB], memory.free [MiB], memory.used [MiB]
0 %, 0 %, 10989 MiB, 8887 MiB, 2102 MiB
13 %, 0 %, 10989 MiB, 1468 MiB, 9521 MiB
17 %, 9 %, 10989 MiB, 4946 MiB, 6043 MiB
0 %, 0 %, 10989 MiB, 8258 MiB, 2731 MiB
0 %, 0 %, 10989 MiB, 2356 MiB, 8633 MiB
0 %, 0 %, 10989 MiB, 2356 MiB, 8633 MiB
53 %, 4 %, 10989 MiB, 250 MiB, 10739 MiB
0 %, 0 %, 10989 MiB, 2356 MiB, 8633 MiB
Tue Aug 18 09:30:01 UTC 2020
utilization.gpu [%], utilization.memory [%], memory.total [MiB], memory.free [MiB], memory.used [MiB]
0 %, 0 %, 10989 MiB, 8887 MiB, 2102 MiB
34 %, 17 %, 10989 MiB, 1468 MiB, 9521 MiB
8 %, 4 %, 10989 MiB, 4946 MiB, 6043 MiB
0 %, 0 %, 10989 MiB, 8258 MiB, 2731 MiB
29 %, 19 %, 10989 MiB, 2356 MiB, 8633 MiB
18 %, 11 %, 10989 MiB, 2356 MiB, 8633 MiB
37 %, 3 %, 10989 MiB, 250 MiB, 10739 MiB
18 %, 11 %, 10989 MiB, 2356 MiB, 8633 MiB
Tue Aug 18 10:00:01 UTC 2020
utilization.gpu [%], utilization.memory [%], memory.total [MiB], memory.free [MiB], memory.used [MiB]
0 %, 0 %, 10989 MiB, 8887 MiB, 2102 MiB
54 %, 40 %, 10989 MiB, 1468 MiB, 9521 MiB
0 %, 0 %, 10989 MiB, 4946 MiB, 6043 MiB
0 %, 0 %, 10989 MiB, 8258 MiB, 2731 MiB
43 %, 40 %, 10989 MiB, 2356 MiB, 8633 MiB
40 %, 36 %, 10989 MiB, 2356 MiB, 8633 MiB
0 %, 0 %, 10989 MiB, 250 MiB, 10739 MiB
42 %, 36 %, 10989 MiB, 2356 MiB, 8633 MiB
Tue Aug 18 10:30:01 UTC 2020
utilization.gpu [%], utilization.memory [%], memory.total [MiB], memory.free [MiB], memory.used [MiB]
0 %, 0 %, 10989 MiB, 8887 MiB, 2102 MiB
51 %, 37 %, 10989 MiB, 1468 MiB, 9521 MiB
0 %, 0 %, 10989 MiB, 4946 MiB, 6043 MiB
0 %, 0 %, 10989 MiB, 8258 MiB, 2731 MiB
40 %, 39 %, 10989 MiB, 2356 MiB, 8633 MiB
8 %, 4 %, 10989 MiB, 2356 MiB, 8633 MiB
0 %, 0 %, 10989 MiB, 250 MiB, 10739 MiB
4 %, 0 %, 10989 MiB, 2356 MiB, 8633 MiB
Tue Aug 18 11:00:01 UTC 2020
utilization.gpu [%], utilization.memory [%], memory.total [MiB], memory.free [MiB], memory.used [MiB]
0 %, 0 %, 10989 MiB, 8887 MiB, 2102 MiB
30 %, 16 %, 10989 MiB, 1468 MiB, 9521 MiB
0 %, 0 %, 10989 MiB, 4946 MiB, 6043 MiB
0 %, 0 %, 10989 MiB, 8258 MiB, 2731 MiB
20 %, 11 %, 10989 MiB, 2356 MiB, 8633 MiB
35 %, 22 %, 10989 MiB, 2356 MiB, 8633 MiB
40 %, 3 %, 10989 MiB, 250 MiB, 10739 MiB
33 %, 20 %, 10989 MiB, 2356 MiB, 8633 MiB
Tue Aug 18 11:30:01 UTC 2020
utilization.gpu [%], utilization.memory [%], memory.total [MiB], memory.free [MiB], memory.used [MiB]
0 %, 0 %, 10989 MiB, 8887 MiB, 2102 MiB
2 %, 0 %, 10989 MiB, 1468 MiB, 9521 MiB
7 %, 4 %, 10989 MiB, 4946 MiB, 6043 MiB
0 %, 0 %, 10989 MiB, 8258 MiB, 2731 MiB
5 %, 3 %, 10989 MiB, 2356 MiB, 8633 MiB
7 %, 4 %, 10989 MiB, 2356 MiB, 8633 MiB
53 %, 4 %, 10989 MiB, 250 MiB, 10739 MiB
16 %, 11 %, 10989 MiB, 2356 MiB, 8633 MiB
Tue Aug 18 12:00:01 UTC 2020
utilization.gpu [%], utilization.memory [%], memory.total [MiB], memory.free [MiB], memory.used [MiB]
0 %, 0 %, 10989 MiB, 8887 MiB, 2102 MiB
41 %, 22 %, 10989 MiB, 1468 MiB, 9521 MiB
6 %, 3 %, 10989 MiB, 4946 MiB, 6043 MiB
0 %, 0 %, 10989 MiB, 8258 MiB, 2731 MiB
36 %, 22 %, 10989 MiB, 2356 MiB, 8633 MiB
37 %, 22 %, 10989 MiB, 2356 MiB, 8633 MiB
47 %, 3 %, 10989 MiB, 250 MiB, 10739 MiB
37 %, 21 %, 10989 MiB, 2356 MiB, 8633 MiB
Tue Aug 18 12:30:01 UTC 2020
utilization.gpu [%], utilization.memory [%], memory.total [MiB], memory.free [MiB], memory.used [MiB]
0 %, 0 %, 10989 MiB, 8887 MiB, 2102 MiB
0 %, 0 %, 10989 MiB, 1468 MiB, 9521 MiB
7 %, 4 %, 10989 MiB, 4946 MiB, 6043 MiB
0 %, 0 %, 10989 MiB, 8258 MiB, 2731 MiB
0 %, 0 %, 10989 MiB, 2356 MiB, 8633 MiB
0 %, 0 %, 10989 MiB, 2356 MiB, 8633 MiB
47 %, 3 %, 10989 MiB, 250 MiB, 10739 MiB
0 %, 0 %, 10989 MiB, 2356 MiB, 8633 MiB
Tue Aug 18 13:00:01 UTC 2020
utilization.gpu [%], utilization.memory [%], memory.total [MiB], memory.free [MiB], memory.used [MiB]
0 %, 0 %, 10989 MiB, 8887 MiB, 2102 MiB
0 %, 0 %, 10989 MiB, 1468 MiB, 9521 MiB
0 %, 0 %, 10989 MiB, 4946 MiB, 6043 MiB
0 %, 0 %, 10989 MiB, 8258 MiB, 2731 MiB
0 %, 0 %, 10989 MiB, 2356 MiB, 8633 MiB
0 %, 0 %, 10989 MiB, 2356 MiB, 8633 MiB
43 %, 4 %, 10989 MiB, 250 MiB, 10739 MiB
0 %, 0 %, 10989 MiB, 2356 MiB, 8633 MiB
Tue Aug 18 13:30:01 UTC 2020
utilization.gpu [%], utilization.memory [%], memory.total [MiB], memory.free [MiB], memory.used [MiB]
0 %, 0 %, 10989 MiB, 8887 MiB, 2102 MiB
0 %, 0 %, 10989 MiB, 1468 MiB, 9521 MiB
0 %, 0 %, 10989 MiB, 4946 MiB, 6043 MiB
0 %, 0 %, 10989 MiB, 8258 MiB, 2731 MiB
0 %, 0 %, 10989 MiB, 2356 MiB, 8633 MiB
0 %, 0 %, 10989 MiB, 2356 MiB, 8633 MiB
46 %, 3 %, 10989 MiB, 250 MiB, 10739 MiB
0 %, 0 %, 10989 MiB, 2356 MiB, 8633 MiB
Tue Aug 18 14:00:01 UTC 2020
utilization.gpu [%], utilization.memory [%], memory.total [MiB], memory.free [MiB], memory.used [MiB]
0 %, 0 %, 10989 MiB, 8887 MiB, 2102 MiB
0 %, 0 %, 10989 MiB, 1468 MiB, 9521 MiB
0 %, 0 %, 10989 MiB, 4946 MiB, 6043 MiB
0 %, 0 %, 10989 MiB, 8258 MiB, 2731 MiB
0 %, 0 %, 10989 MiB, 2356 MiB, 8633 MiB
0 %, 0 %, 10989 MiB, 2356 MiB, 8633 MiB
51 %, 3 %, 10989 MiB, 250 MiB, 10739 MiB
0 %, 0 %, 10989 MiB, 2356 MiB, 8633 MiB
Tue Aug 18 14:30:01 UTC 2020
utilization.gpu [%], utilization.memory [%], memory.total [MiB], memory.free [MiB], memory.used [MiB]
0 %, 0 %, 10989 MiB, 8887 MiB, 2102 MiB
0 %, 0 %, 10989 MiB, 1468 MiB, 9521 MiB
0 %, 0 %, 10989 MiB, 4946 MiB, 6043 MiB
0 %, 0 %, 10989 MiB, 8258 MiB, 2731 MiB
0 %, 0 %, 10989 MiB, 2356 MiB, 8633 MiB
0 %, 0 %, 10989 MiB, 2356 MiB, 8633 MiB
0 %, 0 %, 10989 MiB, 250 MiB, 10739 MiB
0 %, 0 %, 10989 MiB, 2356 MiB, 8633 MiB
Tue Aug 18 15:00:01 UTC 2020
utilization.gpu [%], utilization.memory [%], memory.total [MiB], memory.free [MiB], memory.used [MiB]
0 %, 0 %, 10989 MiB, 8887 MiB, 2102 MiB
0 %, 0 %, 10989 MiB, 1468 MiB, 9521 MiB
0 %, 0 %, 10989 MiB, 4946 MiB, 6043 MiB
0 %, 0 %, 10989 MiB, 8258 MiB, 2731 MiB
0 %, 0 %, 10989 MiB, 2356 MiB, 8633 MiB
0 %, 0 %, 10989 MiB, 2356 MiB, 8633 MiB
47 %, 4 %, 10989 MiB, 250 MiB, 10739 MiB
0 %, 0 %, 10989 MiB, 2356 MiB, 8633 MiB
Tue Aug 18 15:30:01 UTC 2020
utilization.gpu [%], utilization.memory [%], memory.total [MiB], memory.free [MiB], memory.used [MiB]
0 %, 0 %, 10989 MiB, 8887 MiB, 2102 MiB
0 %, 0 %, 10989 MiB, 1468 MiB, 9521 MiB
0 %, 0 %, 10989 MiB, 4946 MiB, 6043 MiB
0 %, 0 %, 10989 MiB, 8258 MiB, 2731 MiB
0 %, 0 %, 10989 MiB, 2356 MiB, 8633 MiB
0 %, 0 %, 10989 MiB, 2356 MiB, 8633 MiB
58 %, 4 %, 10989 MiB, 250 MiB, 10739 MiB
0 %, 0 %, 10989 MiB, 2356 MiB, 8633 MiB
Tue Aug 18 16:00:01 UTC 2020
utilization.gpu [%], utilization.memory [%], memory.total [MiB], memory.free [MiB], memory.used [MiB]
0 %, 0 %, 10989 MiB, 8887 MiB, 2102 MiB
0 %, 0 %, 10989 MiB, 1468 MiB, 9521 MiB
0 %, 0 %, 10989 MiB, 4946 MiB, 6043 MiB
0 %, 0 %, 10989 MiB, 8258 MiB, 2731 MiB
0 %, 0 %, 10989 MiB, 2356 MiB, 8633 MiB
0 %, 0 %, 10989 MiB, 2356 MiB, 8633 MiB
0 %, 0 %, 10989 MiB, 250 MiB, 10739 MiB
0 %, 0 %, 10989 MiB, 2356 MiB, 8633 MiB
Tue Aug 18 16:30:01 UTC 2020
utilization.gpu [%], utilization.memory [%], memory.total [MiB], memory.free [MiB], memory.used [MiB]
0 %, 0 %, 10989 MiB, 8887 MiB, 2102 MiB
0 %, 0 %, 10989 MiB, 1468 MiB, 9521 MiB
0 %, 0 %, 10989 MiB, 4946 MiB, 6043 MiB
0 %, 0 %, 10989 MiB, 8258 MiB, 2731 MiB
0 %, 0 %, 10989 MiB, 2356 MiB, 8633 MiB
0 %, 0 %, 10989 MiB, 2356 MiB, 8633 MiB
41 %, 4 %, 10989 MiB, 250 MiB, 10739 MiB
0 %, 0 %, 10989 MiB, 2356 MiB, 8633 MiB
Tue Aug 18 17:00:01 UTC 2020
utilization.gpu [%], utilization.memory [%], memory.total [MiB], memory.free [MiB], memory.used [MiB]
0 %, 0 %, 10989 MiB, 8887 MiB, 2102 MiB
0 %, 0 %, 10989 MiB, 1468 MiB, 9521 MiB
0 %, 0 %, 10989 MiB, 4946 MiB, 6043 MiB
0 %, 0 %, 10989 MiB, 8258 MiB, 2731 MiB
0 %, 0 %, 10989 MiB, 2356 MiB, 8633 MiB
0 %, 0 %, 10989 MiB, 2356 MiB, 8633 MiB
11 %, 0 %, 10989 MiB, 250 MiB, 10739 MiB
0 %, 0 %, 10989 MiB, 2356 MiB, 8633 MiB
Tue Aug 18 17:30:01 UTC 2020
utilization.gpu [%], utilization.memory [%], memory.total [MiB], memory.free [MiB], memory.used [MiB]
0 %, 0 %, 10989 MiB, 8887 MiB, 2102 MiB
0 %, 0 %, 10989 MiB, 1468 MiB, 9521 MiB
0 %, 0 %, 10989 MiB, 4946 MiB, 6043 MiB
0 %, 0 %, 10989 MiB, 8258 MiB, 2731 MiB
0 %, 0 %, 10989 MiB, 2356 MiB, 8633 MiB
0 %, 0 %, 10989 MiB, 2356 MiB, 8633 MiB
8 %, 0 %, 10989 MiB, 250 MiB, 10739 MiB
0 %, 0 %, 10989 MiB, 2356 MiB, 8633 MiB
Tue Aug 18 18:00:01 UTC 2020
utilization.gpu [%], utilization.memory [%], memory.total [MiB], memory.free [MiB], memory.used [MiB]
0 %, 0 %, 10989 MiB, 8887 MiB, 2102 MiB
1 %, 0 %, 10989 MiB, 1468 MiB, 9521 MiB
0 %, 0 %, 10989 MiB, 4946 MiB, 6043 MiB
0 %, 0 %, 10989 MiB, 8258 MiB, 2731 MiB
0 %, 0 %, 10989 MiB, 2356 MiB, 8633 MiB
0 %, 0 %, 10989 MiB, 2356 MiB, 8633 MiB
0 %, 0 %, 10989 MiB, 250 MiB, 10739 MiB
0 %, 0 %, 10989 MiB, 2356 MiB, 8633 MiB
Tue Aug 18 18:30:01 UTC 2020
utilization.gpu [%], utilization.memory [%], memory.total [MiB], memory.free [MiB], memory.used [MiB]
0 %, 0 %, 10989 MiB, 8887 MiB, 2102 MiB
1 %, 0 %, 10989 MiB, 1468 MiB, 9521 MiB
0 %, 0 %, 10989 MiB, 4946 MiB, 6043 MiB
0 %, 0 %, 10989 MiB, 8258 MiB, 2731 MiB
0 %, 0 %, 10989 MiB, 2356 MiB, 8633 MiB
0 %, 0 %, 10989 MiB, 2356 MiB, 8633 MiB
2 %, 0 %, 10989 MiB, 250 MiB, 10739 MiB
0 %, 0 %, 10989 MiB, 2356 MiB, 8633 MiB
Tue Aug 18 19:00:01 UTC 2020
utilization.gpu [%], utilization.memory [%], memory.total [MiB], memory.free [MiB], memory.used [MiB]
0 %, 0 %, 10989 MiB, 8887 MiB, 2102 MiB
0 %, 0 %, 10989 MiB, 1468 MiB, 9521 MiB
0 %, 0 %, 10989 MiB, 4946 MiB, 6043 MiB
0 %, 0 %, 10989 MiB, 8258 MiB, 2731 MiB
0 %, 0 %, 10989 MiB, 2356 MiB, 8633 MiB
0 %, 0 %, 10989 MiB, 2356 MiB, 8633 MiB
53 %, 4 %, 10989 MiB, 250 MiB, 10739 MiB
0 %, 0 %, 10989 MiB, 2356 MiB, 8633 MiB
Tue Aug 18 19:30:01 UTC 2020
utilization.gpu [%], utilization.memory [%], memory.total [MiB], memory.free [MiB], memory.used [MiB]
0 %, 0 %, 10989 MiB, 8887 MiB, 2102 MiB
0 %, 0 %, 10989 MiB, 1468 MiB, 9521 MiB
0 %, 0 %, 10989 MiB, 4946 MiB, 6043 MiB
0 %, 0 %, 10989 MiB, 8258 MiB, 2731 MiB
0 %, 0 %, 10989 MiB, 2356 MiB, 8633 MiB
0 %, 0 %, 10989 MiB, 2356 MiB, 8633 MiB
60 %, 4 %, 10989 MiB, 250 MiB, 10739 MiB
0 %, 0 %, 10989 MiB, 2356 MiB, 8633 MiB
Tue Aug 18 20:00:01 UTC 2020
utilization.gpu [%], utilization.memory [%], memory.total [MiB], memory.free [MiB], memory.used [MiB]
0 %, 0 %, 10989 MiB, 8887 MiB, 2102 MiB
0 %, 0 %, 10989 MiB, 1468 MiB, 9521 MiB
0 %, 0 %, 10989 MiB, 4946 MiB, 6043 MiB
0 %, 0 %, 10989 MiB, 8258 MiB, 2731 MiB
0 %, 0 %, 10989 MiB, 2356 MiB, 8633 MiB
0 %, 0 %, 10989 MiB, 2356 MiB, 8633 MiB
52 %, 4 %, 10989 MiB, 250 MiB, 10739 MiB
0 %, 0 %, 10989 MiB, 2356 MiB, 8633 MiB
Tue Aug 18 20:30:01 UTC 2020
utilization.gpu [%], utilization.memory [%], memory.total [MiB], memory.free [MiB], memory.used [MiB]
0 %, 0 %, 10989 MiB, 8887 MiB, 2102 MiB
1 %, 0 %, 10989 MiB, 1468 MiB, 9521 MiB
0 %, 0 %, 10989 MiB, 4946 MiB, 6043 MiB
0 %, 0 %, 10989 MiB, 8258 MiB, 2731 MiB
0 %, 0 %, 10989 MiB, 2356 MiB, 8633 MiB
0 %, 0 %, 10989 MiB, 2356 MiB, 8633 MiB
0 %, 0 %, 10989 MiB, 250 MiB, 10739 MiB
0 %, 0 %, 10989 MiB, 2356 MiB, 8633 MiB
Tue Aug 18 21:00:01 UTC 2020
utilization.gpu [%], utilization.memory [%], memory.total [MiB], memory.free [MiB], memory.used [MiB]
0 %, 0 %, 10989 MiB, 8887 MiB, 2102 MiB
0 %, 0 %, 10989 MiB, 1468 MiB, 9521 MiB
4 %, 2 %, 10989 MiB, 4946 MiB, 6043 MiB
0 %, 0 %, 10989 MiB, 8258 MiB, 2731 MiB
0 %, 0 %, 10989 MiB, 2356 MiB, 8633 MiB
0 %, 0 %, 10989 MiB, 2356 MiB, 8633 MiB
44 %, 3 %, 10989 MiB, 250 MiB, 10739 MiB
0 %, 0 %, 10989 MiB, 2356 MiB, 8633 MiB
Tue Aug 18 21:30:01 UTC 2020
utilization.gpu [%], utilization.memory [%], memory.total [MiB], memory.free [MiB], memory.used [MiB]
0 %, 0 %, 10989 MiB, 8887 MiB, 2102 MiB
0 %, 0 %, 10989 MiB, 1468 MiB, 9521 MiB
0 %, 0 %, 10989 MiB, 4946 MiB, 6043 MiB
0 %, 0 %, 10989 MiB, 8258 MiB, 2731 MiB
0 %, 0 %, 10989 MiB, 2356 MiB, 8633 MiB
0 %, 0 %, 10989 MiB, 2356 MiB, 8633 MiB
24 %, 3 %, 10989 MiB, 250 MiB, 10739 MiB
0 %, 0 %, 10989 MiB, 2356 MiB, 8633 MiB
Tue Aug 18 22:00:01 UTC 2020
utilization.gpu [%], utilization.memory [%], memory.total [MiB], memory.free [MiB], memory.used [MiB]
0 %, 0 %, 10989 MiB, 8887 MiB, 2102 MiB
0 %, 0 %, 10989 MiB, 1468 MiB, 9521 MiB
26 %, 15 %, 10989 MiB, 4946 MiB, 6043 MiB
0 %, 0 %, 10989 MiB, 8258 MiB, 2731 MiB
0 %, 0 %, 10989 MiB, 2356 MiB, 8633 MiB
0 %, 0 %, 10989 MiB, 2356 MiB, 8633 MiB
51 %, 3 %, 10989 MiB, 250 MiB, 10739 MiB
0 %, 0 %, 10989 MiB, 2356 MiB, 8633 MiB
Tue Aug 18 22:30:01 UTC 2020
utilization.gpu [%], utilization.memory [%], memory.total [MiB], memory.free [MiB], memory.used [MiB]
0 %, 0 %, 10989 MiB, 8887 MiB, 2102 MiB
0 %, 0 %, 10989 MiB, 1468 MiB, 9521 MiB
0 %, 0 %, 10989 MiB, 4946 MiB, 6043 MiB
0 %, 0 %, 10989 MiB, 8258 MiB, 2731 MiB
0 %, 0 %, 10989 MiB, 2356 MiB, 8633 MiB
0 %, 0 %, 10989 MiB, 2356 MiB, 8633 MiB
10 %, 2 %, 10989 MiB, 250 MiB, 10739 MiB
0 %, 0 %, 10989 MiB, 2356 MiB, 8633 MiB
Tue Aug 18 23:00:01 UTC 2020
utilization.gpu [%], utilization.memory [%], memory.total [MiB], memory.free [MiB], memory.used [MiB]
0 %, 0 %, 10989 MiB, 8887 MiB, 2102 MiB
0 %, 0 %, 10989 MiB, 1468 MiB, 9521 MiB
0 %, 0 %, 10989 MiB, 4946 MiB, 6043 MiB
0 %, 0 %, 10989 MiB, 8258 MiB, 2731 MiB
0 %, 0 %, 10989 MiB, 2356 MiB, 8633 MiB
0 %, 0 %, 10989 MiB, 2356 MiB, 8633 MiB
0 %, 0 %, 10989 MiB, 250 MiB, 10739 MiB
0 %, 0 %, 10989 MiB, 2356 MiB, 8633 MiB
Tue Aug 18 23:30:01 UTC 2020
utilization.gpu [%], utilization.memory [%], memory.total [MiB], memory.free [MiB], memory.used [MiB]
0 %, 0 %, 10989 MiB, 8887 MiB, 2102 MiB
0 %, 0 %, 10989 MiB, 1468 MiB, 9521 MiB
0 %, 0 %, 10989 MiB, 4946 MiB, 6043 MiB
0 %, 0 %, 10989 MiB, 8258 MiB, 2731 MiB
0 %, 0 %, 10989 MiB, 2356 MiB, 8633 MiB
0 %, 0 %, 10989 MiB, 2356 MiB, 8633 MiB
0 %, 0 %, 10989 MiB, 250 MiB, 10739 MiB
0 %, 0 %, 10989 MiB, 2356 MiB, 8633 MiB
Wed Aug 19 00:00:01 UTC 2020
utilization.gpu [%], utilization.memory [%], memory.total [MiB], memory.free [MiB], memory.used [MiB]
0 %, 0 %, 10989 MiB, 8887 MiB, 2102 MiB
0 %, 0 %, 10989 MiB, 1468 MiB, 9521 MiB
0 %, 0 %, 10989 MiB, 4946 MiB, 6043 MiB
0 %, 0 %, 10989 MiB, 8258 MiB, 2731 MiB
0 %, 0 %, 10989 MiB, 2356 MiB, 8633 MiB
0 %, 0 %, 10989 MiB, 2356 MiB, 8633 MiB
0 %, 0 %, 10989 MiB, 250 MiB, 10739 MiB
0 %, 0 %, 10989 MiB, 2356 MiB, 8633 MiB
Wed Aug 19 00:30:01 UTC 2020
utilization.gpu [%], utilization.memory [%], memory.total [MiB], memory.free [MiB], memory.used [MiB]
0 %, 0 %, 10989 MiB, 8887 MiB, 2102 MiB
0 %, 0 %, 10989 MiB, 1468 MiB, 9521 MiB
0 %, 0 %, 10989 MiB, 4946 MiB, 6043 MiB
0 %, 0 %, 10989 MiB, 8258 MiB, 2731 MiB
0 %, 0 %, 10989 MiB, 2356 MiB, 8633 MiB
0 %, 0 %, 10989 MiB, 2356 MiB, 8633 MiB
27 %, 4 %, 10989 MiB, 250 MiB, 10739 MiB
0 %, 0 %, 10989 MiB, 2356 MiB, 8633 MiB
Wed Aug 19 01:00:01 UTC 2020
utilization.gpu [%], utilization.memory [%], memory.total [MiB], memory.free [MiB], memory.used [MiB]
0 %, 0 %, 10989 MiB, 8887 MiB, 2102 MiB
1 %, 0 %, 10989 MiB, 1468 MiB, 9521 MiB
0 %, 0 %, 10989 MiB, 4946 MiB, 6043 MiB
0 %, 0 %, 10989 MiB, 8258 MiB, 2731 MiB
0 %, 0 %, 10989 MiB, 2356 MiB, 8633 MiB
0 %, 0 %, 10989 MiB, 2356 MiB, 8633 MiB
11 %, 2 %, 10989 MiB, 250 MiB, 10739 MiB
0 %, 0 %, 10989 MiB, 2356 MiB, 8633 MiB
Wed Aug 19 01:30:01 UTC 2020
utilization.gpu [%], utilization.memory [%], memory.total [MiB], memory.free [MiB], memory.used [MiB]
0 %, 0 %, 10989 MiB, 8887 MiB, 2102 MiB
1 %, 0 %, 10989 MiB, 1468 MiB, 9521 MiB
0 %, 0 %, 10989 MiB, 4946 MiB, 6043 MiB
0 %, 0 %, 10989 MiB, 8258 MiB, 2731 MiB
0 %, 0 %, 10989 MiB, 2356 MiB, 8633 MiB
0 %, 0 %, 10989 MiB, 2356 MiB, 8633 MiB
3 %, 1 %, 10989 MiB, 250 MiB, 10739 MiB
0 %, 0 %, 10989 MiB, 2356 MiB, 8633 MiB
Wed Aug 19 02:00:01 UTC 2020
utilization.gpu [%], utilization.memory [%], memory.total [MiB], memory.free [MiB], memory.used [MiB]
0 %, 0 %, 10989 MiB, 8887 MiB, 2102 MiB
0 %, 0 %, 10989 MiB, 1468 MiB, 9521 MiB
0 %, 0 %, 10989 MiB, 4946 MiB, 6043 MiB
0 %, 0 %, 10989 MiB, 8258 MiB, 2731 MiB
0 %, 0 %, 10989 MiB, 2356 MiB, 8633 MiB
0 %, 0 %, 10989 MiB, 2356 MiB, 8633 MiB
0 %, 0 %, 10989 MiB, 250 MiB, 10739 MiB
0 %, 0 %, 10989 MiB, 2356 MiB, 8633 MiB
Wed Aug 19 02:30:01 UTC 2020
utilization.gpu [%], utilization.memory [%], memory.total [MiB], memory.free [MiB], memory.used [MiB]
0 %, 0 %, 10989 MiB, 8887 MiB, 2102 MiB
0 %, 0 %, 10989 MiB, 1468 MiB, 9521 MiB
17 %, 10 %, 10989 MiB, 4946 MiB, 6043 MiB
0 %, 0 %, 10989 MiB, 8258 MiB, 2731 MiB
0 %, 0 %, 10989 MiB, 2356 MiB, 8633 MiB
0 %, 0 %, 10989 MiB, 2356 MiB, 8633 MiB
49 %, 4 %, 10989 MiB, 250 MiB, 10739 MiB
0 %, 0 %, 10989 MiB, 2356 MiB, 8633 MiB
Wed Aug 19 03:00:01 UTC 2020
utilization.gpu [%], utilization.memory [%], memory.total [MiB], memory.free [MiB], memory.used [MiB]
0 %, 0 %, 10989 MiB, 8887 MiB, 2102 MiB
0 %, 0 %, 10989 MiB, 1468 MiB, 9521 MiB
26 %, 15 %, 10989 MiB, 4946 MiB, 6043 MiB
0 %, 0 %, 10989 MiB, 8258 MiB, 2731 MiB
0 %, 0 %, 10989 MiB, 2356 MiB, 8633 MiB
0 %, 0 %, 10989 MiB, 2356 MiB, 8633 MiB
11 %, 0 %, 10989 MiB, 250 MiB, 10739 MiB
0 %, 0 %, 10989 MiB, 2356 MiB, 8633 MiB
Wed Aug 19 03:30:01 UTC 2020
utilization.gpu [%], utilization.memory [%], memory.total [MiB], memory.free [MiB], memory.used [MiB]
0 %, 0 %, 10989 MiB, 8887 MiB, 2102 MiB
0 %, 0 %, 10989 MiB, 10979 MiB, 10 MiB
14 %, 8 %, 10989 MiB, 4946 MiB, 6043 MiB
0 %, 0 %, 10989 MiB, 8258 MiB, 2731 MiB
0 %, 0 %, 10989 MiB, 10979 MiB, 10 MiB
0 %, 0 %, 10989 MiB, 10979 MiB, 10 MiB
46 %, 4 %, 10989 MiB, 250 MiB, 10739 MiB
0 %, 0 %, 10989 MiB, 10979 MiB, 10 MiB
Wed Aug 19 04:00:01 UTC 2020
utilization.gpu [%], utilization.memory [%], memory.total [MiB], memory.free [MiB], memory.used [MiB]
0 %, 0 %, 10989 MiB, 8870 MiB, 2119 MiB
0 %, 0 %, 10989 MiB, 10962 MiB, 27 MiB
0 %, 0 %, 10989 MiB, 10962 MiB, 27 MiB
0 %, 0 %, 10989 MiB, 7254 MiB, 3735 MiB
0 %, 0 %, 10989 MiB, 10788 MiB, 201 MiB
0 %, 0 %, 10989 MiB, 10938 MiB, 51 MiB
61 %, 4 %, 10989 MiB, 960 MiB, 10029 MiB
0 %, 0 %, 10989 MiB, 10938 MiB, 51 MiB
Wed Aug 19 04:30:01 UTC 2020
utilization.gpu [%], utilization.memory [%], memory.total [MiB], memory.free [MiB], memory.used [MiB]
0 %, 0 %, 10989 MiB, 8887 MiB, 2102 MiB
0 %, 0 %, 10989 MiB, 10979 MiB, 10 MiB
0 %, 0 %, 10989 MiB, 10979 MiB, 10 MiB
0 %, 0 %, 10989 MiB, 7279 MiB, 3710 MiB
0 %, 0 %, 10989 MiB, 10116 MiB, 873 MiB
0 %, 0 %, 10989 MiB, 10170 MiB, 819 MiB
41 %, 3 %, 10989 MiB, 1001 MiB, 9988 MiB
0 %, 0 %, 10989 MiB, 10979 MiB, 10 MiB
Wed Aug 19 05:00:01 UTC 2020
utilization.gpu [%], utilization.memory [%], memory.total [MiB], memory.free [MiB], memory.used [MiB]
0 %, 0 %, 10989 MiB, 80 MiB, 10909 MiB
0 %, 0 %, 10989 MiB, 10989 MiB, 0 MiB
0 %, 0 %, 10989 MiB, 10989 MiB, 0 MiB
0 %, 0 %, 10989 MiB, 10989 MiB, 0 MiB
0 %, 0 %, 10989 MiB, 10989 MiB, 0 MiB
0 %, 0 %, 10989 MiB, 10989 MiB, 0 MiB
37 %, 4 %, 10989 MiB, 1001 MiB, 9988 MiB
Wed Aug 19 05:30:01 UTC 2020
utilization.gpu [%], utilization.memory [%], memory.total [MiB], memory.free [MiB], memory.used [MiB]
0 %, 0 %, 10989 MiB, 10989 MiB, 0 MiB
0 %, 0 %, 10989 MiB, 10989 MiB, 0 MiB
0 %, 0 %, 10989 MiB, 10989 MiB, 0 MiB
0 %, 0 %, 10989 MiB, 10989 MiB, 0 MiB
0 %, 0 %, 10989 MiB, 10989 MiB, 0 MiB
0 %, 0 %, 10989 MiB, 10989 MiB, 0 MiB
49 %, 4 %, 10989 MiB, 1001 MiB, 9988 MiB
Wed Aug 19 06:00:01 UTC 2020
utilization.gpu [%], utilization.memory [%], memory.total [MiB], memory.free [MiB], memory.used [MiB]
52 %, 35 %, 10989 MiB, 1468 MiB, 9521 MiB
40 %, 35 %, 10989 MiB, 2356 MiB, 8633 MiB
40 %, 35 %, 10989 MiB, 2356 MiB, 8633 MiB
41 %, 36 %, 10989 MiB, 2356 MiB, 8633 MiB
0 %, 0 %, 10989 MiB, 10979 MiB, 10 MiB
0 %, 0 %, 10989 MiB, 10979 MiB, 10 MiB
50 %, 4 %, 10989 MiB, 1001 MiB, 9988 MiB
Wed Aug 19 06:30:01 UTC 2020
utilization.gpu [%], utilization.memory [%], memory.total [MiB], memory.free [MiB], memory.used [MiB]
55 %, 38 %, 10989 MiB, 1468 MiB, 9521 MiB
40 %, 36 %, 10989 MiB, 2356 MiB, 8633 MiB
40 %, 36 %, 10989 MiB, 2356 MiB, 8633 MiB
43 %, 38 %, 10989 MiB, 2356 MiB, 8633 MiB
0 %, 0 %, 10989 MiB, 10979 MiB, 10 MiB
0 %, 0 %, 10989 MiB, 10979 MiB, 10 MiB
49 %, 4 %, 10989 MiB, 1001 MiB, 9988 MiB
Wed Aug 19 12:00:01 UTC 2020
utilization.gpu [%], utilization.memory [%], memory.total [MiB], memory.free [MiB], memory.used [MiB]
52 %, 35 %, 10989 MiB, 1468 MiB, 9521 MiB
40 %, 36 %, 10989 MiB, 2356 MiB, 8633 MiB
40 %, 35 %, 10989 MiB, 2356 MiB, 8633 MiB
41 %, 36 %, 10989 MiB, 2356 MiB, 8633 MiB
0 %, 0 %, 10989 MiB, 10979 MiB, 10 MiB
0 %, 0 %, 10989 MiB, 10979 MiB, 10 MiB
0 %, 0 %, 10989 MiB, 10979 MiB, 10 MiB
Wed Aug 19 18:00:01 UTC 2020
utilization.gpu [%], utilization.memory [%], memory.total [MiB], memory.free [MiB], memory.used [MiB]
22 %, 10 %, 10989 MiB, 8904 MiB, 2085 MiB
9 %, 4 %, 10989 MiB, 9124 MiB, 1865 MiB
11 %, 7 %, 10989 MiB, 9124 MiB, 1865 MiB
19 %, 10 %, 10989 MiB, 9124 MiB, 1865 MiB
12 %, 7 %, 10989 MiB, 9124 MiB, 1865 MiB
0 %, 0 %, 10989 MiB, 10979 MiB, 10 MiB
0 %, 0 %, 10989 MiB, 10979 MiB, 10 MiB
Thu Aug 20 00:00:01 UTC 2020
utilization.gpu [%], utilization.memory [%], memory.total [MiB], memory.free [MiB], memory.used [MiB]
0 %, 0 %, 10989 MiB, 10979 MiB, 10 MiB
0 %, 0 %, 10989 MiB, 10979 MiB, 10 MiB
0 %, 0 %, 10989 MiB, 10979 MiB, 10 MiB
0 %, 0 %, 10989 MiB, 10979 MiB, 10 MiB
0 %, 0 %, 10989 MiB, 10979 MiB, 10 MiB
0 %, 0 %, 10989 MiB, 10979 MiB, 10 MiB
0 %, 0 %, 10989 MiB, 10979 MiB, 10 MiB
Thu Aug 20 06:00:01 UTC 2020
utilization.gpu [%], utilization.memory [%], memory.total [MiB], memory.free [MiB], memory.used [MiB]
4 %, 0 %, 10989 MiB, 1310 MiB, 9679 MiB
0 %, 0 %, 10989 MiB, 2342 MiB, 8647 MiB
14 %, 10 %, 10989 MiB, 604 MiB, 10385 MiB
0 %, 0 %, 10989 MiB, 2342 MiB, 8647 MiB
3 %, 0 %, 10989 MiB, 2342 MiB, 8647 MiB
0 %, 0 %, 10989 MiB, 10979 MiB, 10 MiB
2 %, 0 %, 10989 MiB, 2136 MiB, 8853 MiB
Thu Aug 20 12:00:01 UTC 2020
utilization.gpu [%], utilization.memory [%], memory.total [MiB], memory.free [MiB], memory.used [MiB]
0 %, 0 %, 10989 MiB, 4944 MiB, 6045 MiB
0 %, 0 %, 10989 MiB, 4946 MiB, 6043 MiB
0 %, 0 %, 10989 MiB, 4946 MiB, 6043 MiB
0 %, 0 %, 10989 MiB, 4946 MiB, 6043 MiB
0 %, 0 %, 10989 MiB, 5454 MiB, 5535 MiB
0 %, 0 %, 10989 MiB, 10979 MiB, 10 MiB
26 %, 3 %, 10989 MiB, 2136 MiB, 8853 MiB
Thu Aug 20 18:00:01 UTC 2020
utilization.gpu [%], utilization.memory [%], memory.total [MiB], memory.free [MiB], memory.used [MiB]
18 %, 11 %, 10989 MiB, 284 MiB, 10705 MiB
0 %, 0 %, 10989 MiB, 396 MiB, 10593 MiB
20 %, 14 %, 10989 MiB, 396 MiB, 10593 MiB
14 %, 10 %, 10989 MiB, 396 MiB, 10593 MiB
0 %, 0 %, 10989 MiB, 1126 MiB, 9863 MiB
0 %, 0 %, 10989 MiB, 10979 MiB, 10 MiB
0 %, 0 %, 10989 MiB, 2136 MiB, 8853 MiB
Fri Aug 21 00:00:01 UTC 2020
utilization.gpu [%], utilization.memory [%], memory.total [MiB], memory.free [MiB], memory.used [MiB]
0 %, 0 %, 10989 MiB, 10979 MiB, 10 MiB
0 %, 0 %, 10989 MiB, 10979 MiB, 10 MiB
0 %, 0 %, 10989 MiB, 10979 MiB, 10 MiB
0 %, 0 %, 10989 MiB, 10979 MiB, 10 MiB
0 %, 0 %, 10989 MiB, 10979 MiB, 10 MiB
0 %, 0 %, 10989 MiB, 10979 MiB, 10 MiB
28 %, 5 %, 10989 MiB, 2136 MiB, 8853 MiB
Fri Aug 21 06:00:01 UTC 2020
utilization.gpu [%], utilization.memory [%], memory.total [MiB], memory.free [MiB], memory.used [MiB]
20 %, 13 %, 10989 MiB, 5124 MiB, 5865 MiB
18 %, 13 %, 10989 MiB, 5160 MiB, 5829 MiB
18 %, 12 %, 10989 MiB, 5160 MiB, 5829 MiB
7 %, 4 %, 10989 MiB, 5160 MiB, 5829 MiB
0 %, 0 %, 10989 MiB, 10979 MiB, 10 MiB
0 %, 0 %, 10989 MiB, 10979 MiB, 10 MiB
25 %, 5 %, 10989 MiB, 2136 MiB, 8853 MiB
Fri Aug 21 12:00:01 UTC 2020
utilization.gpu [%], utilization.memory [%], memory.total [MiB], memory.free [MiB], memory.used [MiB]
17 %, 9 %, 10989 MiB, 5124 MiB, 5865 MiB
16 %, 10 %, 10989 MiB, 5160 MiB, 5829 MiB
8 %, 5 %, 10989 MiB, 5160 MiB, 5829 MiB
17 %, 10 %, 10989 MiB, 5160 MiB, 5829 MiB
0 %, 0 %, 10989 MiB, 10979 MiB, 10 MiB
28 %, 4 %, 10989 MiB, 2136 MiB, 8853 MiB
25 %, 5 %, 10989 MiB, 2136 MiB, 8853 MiB
Fri Aug 21 18:00:01 UTC 2020
utilization.gpu [%], utilization.memory [%], memory.total [MiB], memory.free [MiB], memory.used [MiB]
13 %, 9 %, 10989 MiB, 5124 MiB, 5865 MiB
6 %, 4 %, 10989 MiB, 5160 MiB, 5829 MiB
6 %, 4 %, 10989 MiB, 5160 MiB, 5829 MiB
6 %, 4 %, 10989 MiB, 5160 MiB, 5829 MiB
20 %, 3 %, 10989 MiB, 2136 MiB, 8853 MiB
30 %, 4 %, 10989 MiB, 2136 MiB, 8853 MiB
23 %, 3 %, 10989 MiB, 2136 MiB, 8853 MiB
Sat Aug 22 00:00:01 UTC 2020
utilization.gpu [%], utilization.memory [%], memory.total [MiB], memory.free [MiB], memory.used [MiB]
16 %, 10 %, 10989 MiB, 5124 MiB, 5865 MiB
11 %, 5 %, 10989 MiB, 5160 MiB, 5829 MiB
14 %, 9 %, 10989 MiB, 5160 MiB, 5829 MiB
16 %, 9 %, 10989 MiB, 5160 MiB, 5829 MiB
15 %, 3 %, 10989 MiB, 2136 MiB, 8853 MiB
28 %, 4 %, 10989 MiB, 2136 MiB, 8853 MiB
20 %, 3 %, 10989 MiB, 2136 MiB, 8853 MiB
Sat Aug 22 06:00:01 UTC 2020
utilization.gpu [%], utilization.memory [%], memory.total [MiB], memory.free [MiB], memory.used [MiB]
18 %, 10 %, 10989 MiB, 5124 MiB, 5865 MiB
14 %, 10 %, 10989 MiB, 5160 MiB, 5829 MiB
13 %, 10 %, 10989 MiB, 5160 MiB, 5829 MiB
14 %, 9 %, 10989 MiB, 5160 MiB, 5829 MiB
18 %, 3 %, 10989 MiB, 2136 MiB, 8853 MiB
30 %, 3 %, 10989 MiB, 2136 MiB, 8853 MiB
20 %, 3 %, 10989 MiB, 2136 MiB, 8853 MiB
Sat Aug 22 12:00:01 UTC 2020
utilization.gpu [%], utilization.memory [%], memory.total [MiB], memory.free [MiB], memory.used [MiB]
18 %, 11 %, 10989 MiB, 5124 MiB, 5865 MiB
15 %, 11 %, 10989 MiB, 5160 MiB, 5829 MiB
16 %, 9 %, 10989 MiB, 5160 MiB, 5829 MiB
16 %, 11 %, 10989 MiB, 5160 MiB, 5829 MiB
11 %, 2 %, 10989 MiB, 2136 MiB, 8853 MiB
26 %, 4 %, 10989 MiB, 2136 MiB, 8853 MiB
19 %, 2 %, 10989 MiB, 2136 MiB, 8853 MiB
Sat Aug 22 18:00:01 UTC 2020
utilization.gpu [%], utilization.memory [%], memory.total [MiB], memory.free [MiB], memory.used [MiB]
9 %, 4 %, 10989 MiB, 5124 MiB, 5865 MiB
14 %, 10 %, 10989 MiB, 5160 MiB, 5829 MiB
9 %, 6 %, 10989 MiB, 5160 MiB, 5829 MiB
8 %, 5 %, 10989 MiB, 5160 MiB, 5829 MiB
24 %, 3 %, 10989 MiB, 2136 MiB, 8853 MiB
29 %, 4 %, 10989 MiB, 2136 MiB, 8853 MiB
16 %, 2 %, 10989 MiB, 2136 MiB, 8853 MiB
Sun Aug 23 00:00:01 UTC 2020
utilization.gpu [%], utilization.memory [%], memory.total [MiB], memory.free [MiB], memory.used [MiB]
4 %, 1 %, 10989 MiB, 5124 MiB, 5865 MiB
16 %, 10 %, 10989 MiB, 5160 MiB, 5829 MiB
4 %, 2 %, 10989 MiB, 5160 MiB, 5829 MiB
4 %, 1 %, 10989 MiB, 5160 MiB, 5829 MiB
16 %, 2 %, 10989 MiB, 2136 MiB, 8853 MiB
25 %, 3 %, 10989 MiB, 2136 MiB, 8853 MiB
10 %, 1 %, 10989 MiB, 2136 MiB, 8853 MiB
Sun Aug 23 06:00:01 UTC 2020
utilization.gpu [%], utilization.memory [%], memory.total [MiB], memory.free [MiB], memory.used [MiB]
15 %, 9 %, 10989 MiB, 5124 MiB, 5865 MiB
7 %, 4 %, 10989 MiB, 5160 MiB, 5829 MiB
8 %, 4 %, 10989 MiB, 5160 MiB, 5829 MiB
7 %, 4 %, 10989 MiB, 5160 MiB, 5829 MiB
31 %, 4 %, 10989 MiB, 2136 MiB, 8853 MiB
25 %, 4 %, 10989 MiB, 2136 MiB, 8853 MiB
9 %, 1 %, 10989 MiB, 2136 MiB, 8853 MiB
Sun Aug 23 12:00:01 UTC 2020
utilization.gpu [%], utilization.memory [%], memory.total [MiB], memory.free [MiB], memory.used [MiB]
10 %, 4 %, 10989 MiB, 5124 MiB, 5865 MiB
9 %, 4 %, 10989 MiB, 5160 MiB, 5829 MiB
12 %, 7 %, 10989 MiB, 5160 MiB, 5829 MiB
10 %, 4 %, 10989 MiB, 5160 MiB, 5829 MiB
32 %, 3 %, 10989 MiB, 2136 MiB, 8853 MiB
29 %, 3 %, 10989 MiB, 2136 MiB, 8853 MiB
33 %, 4 %, 10989 MiB, 2136 MiB, 8853 MiB
Sun Aug 23 18:00:01 UTC 2020
utilization.gpu [%], utilization.memory [%], memory.total [MiB], memory.free [MiB], memory.used [MiB]
15 %, 10 %, 10989 MiB, 5124 MiB, 5865 MiB
12 %, 9 %, 10989 MiB, 5160 MiB, 5829 MiB
12 %, 9 %, 10989 MiB, 5160 MiB, 5829 MiB
14 %, 9 %, 10989 MiB, 5160 MiB, 5829 MiB
7 %, 1 %, 10989 MiB, 2136 MiB, 8853 MiB
25 %, 4 %, 10989 MiB, 2136 MiB, 8853 MiB
7 %, 1 %, 10989 MiB, 2136 MiB, 8853 MiB
Mon Aug 24 00:00:01 UTC 2020
utilization.gpu [%], utilization.memory [%], memory.total [MiB], memory.free [MiB], memory.used [MiB]
8 %, 5 %, 10989 MiB, 5124 MiB, 5865 MiB
11 %, 6 %, 10989 MiB, 5160 MiB, 5829 MiB
8 %, 5 %, 10989 MiB, 5160 MiB, 5829 MiB
17 %, 11 %, 10989 MiB, 5160 MiB, 5829 MiB
28 %, 3 %, 10989 MiB, 2136 MiB, 8853 MiB
26 %, 4 %, 10989 MiB, 2136 MiB, 8853 MiB
8 %, 1 %, 10989 MiB, 2136 MiB, 8853 MiB
Mon Aug 24 06:00:01 UTC 2020
utilization.gpu [%], utilization.memory [%], memory.total [MiB], memory.free [MiB], memory.used [MiB]
16 %, 10 %, 10989 MiB, 5124 MiB, 5865 MiB
8 %, 5 %, 10989 MiB, 5160 MiB, 5829 MiB
10 %, 7 %, 10989 MiB, 5160 MiB, 5829 MiB
8 %, 5 %, 10989 MiB, 5160 MiB, 5829 MiB
6 %, 1 %, 10989 MiB, 2136 MiB, 8853 MiB
21 %, 3 %, 10989 MiB, 2136 MiB, 8853 MiB
19 %, 3 %, 10989 MiB, 2136 MiB, 8853 MiB
Mon Aug 24 12:00:01 UTC 2020
utilization.gpu [%], utilization.memory [%], memory.total [MiB], memory.free [MiB], memory.used [MiB]
0 %, 0 %, 10989 MiB, 10979 MiB, 10 MiB
0 %, 0 %, 10989 MiB, 10979 MiB, 10 MiB
0 %, 0 %, 10989 MiB, 10979 MiB, 10 MiB
0 %, 0 %, 10989 MiB, 10979 MiB, 10 MiB
31 %, 3 %, 10989 MiB, 2136 MiB, 8853 MiB
29 %, 3 %, 10989 MiB, 2136 MiB, 8853 MiB
30 %, 3 %, 10989 MiB, 2136 MiB, 8853 MiB
Mon Aug 24 18:00:01 UTC 2020
utilization.gpu [%], utilization.memory [%], memory.total [MiB], memory.free [MiB], memory.used [MiB]
63 %, 1 %, 10989 MiB, 8666 MiB, 2323 MiB
0 %, 0 %, 10989 MiB, 10979 MiB, 10 MiB
0 %, 0 %, 10989 MiB, 10979 MiB, 10 MiB
0 %, 0 %, 10989 MiB, 10979 MiB, 10 MiB
16 %, 3 %, 10989 MiB, 2136 MiB, 8853 MiB
20 %, 3 %, 10989 MiB, 2136 MiB, 8853 MiB
32 %, 4 %, 10989 MiB, 2136 MiB, 8853 MiB
Tue Aug 25 00:00:01 UTC 2020
utilization.gpu [%], utilization.memory [%], memory.total [MiB], memory.free [MiB], memory.used [MiB]
40 %, 1 %, 10989 MiB, 8666 MiB, 2323 MiB
0 %, 0 %, 10989 MiB, 10979 MiB, 10 MiB
0 %, 0 %, 10989 MiB, 10979 MiB, 10 MiB
0 %, 0 %, 10989 MiB, 10979 MiB, 10 MiB
21 %, 2 %, 10989 MiB, 2136 MiB, 8853 MiB
24 %, 3 %, 10989 MiB, 2136 MiB, 8853 MiB
19 %, 2 %, 10989 MiB, 2136 MiB, 8853 MiB
Tue Aug 25 06:00:01 UTC 2020
utilization.gpu [%], utilization.memory [%], memory.total [MiB], memory.free [MiB], memory.used [MiB]
40 %, 1 %, 10989 MiB, 8666 MiB, 2323 MiB
0 %, 0 %, 10989 MiB, 10979 MiB, 10 MiB
0 %, 0 %, 10989 MiB, 10979 MiB, 10 MiB
0 %, 0 %, 10989 MiB, 10979 MiB, 10 MiB
30 %, 3 %, 10989 MiB, 2136 MiB, 8853 MiB
25 %, 4 %, 10989 MiB, 2136 MiB, 8853 MiB
18 %, 3 %, 10989 MiB, 2136 MiB, 8853 MiB
Tue Aug 25 12:00:01 UTC 2020
utilization.gpu [%], utilization.memory [%], memory.total [MiB], memory.free [MiB], memory.used [MiB]
33 %, 1 %, 10989 MiB, 8666 MiB, 2323 MiB
0 %, 0 %, 10989 MiB, 10989 MiB, 0 MiB
0 %, 0 %, 10989 MiB, 10989 MiB, 0 MiB
0 %, 0 %, 10989 MiB, 10989 MiB, 0 MiB
1 %, 0 %, 10989 MiB, 10989 MiB, 0 MiB
5 %, 1 %, 10989 MiB, 2136 MiB, 8853 MiB
33 %, 4 %, 10989 MiB, 2136 MiB, 8853 MiB
21 %, 3 %, 10989 MiB, 2136 MiB, 8853 MiB
Tue Aug 25 18:00:01 UTC 2020
utilization.gpu [%], utilization.memory [%], memory.total [MiB], memory.free [MiB], memory.used [MiB]
55 %, 1 %, 10989 MiB, 7895 MiB, 3094 MiB
0 %, 0 %, 10989 MiB, 10989 MiB, 0 MiB
0 %, 0 %, 10989 MiB, 10989 MiB, 0 MiB
0 %, 0 %, 10989 MiB, 10989 MiB, 0 MiB
0 %, 0 %, 10989 MiB, 10989 MiB, 0 MiB
1 %, 0 %, 10989 MiB, 10989 MiB, 0 MiB
26 %, 4 %, 10989 MiB, 2136 MiB, 8853 MiB
10 %, 1 %, 10989 MiB, 2136 MiB, 8853 MiB
Wed Aug 26 00:00:01 UTC 2020
utilization.gpu [%], utilization.memory [%], memory.total [MiB], memory.free [MiB], memory.used [MiB]
59 %, 1 %, 10989 MiB, 7895 MiB, 3094 MiB
0 %, 0 %, 10989 MiB, 10989 MiB, 0 MiB
0 %, 0 %, 10989 MiB, 10989 MiB, 0 MiB
0 %, 0 %, 10989 MiB, 10989 MiB, 0 MiB
0 %, 0 %, 10989 MiB, 10989 MiB, 0 MiB
1 %, 0 %, 10989 MiB, 10989 MiB, 0 MiB
27 %, 3 %, 10989 MiB, 2136 MiB, 8853 MiB
30 %, 3 %, 10989 MiB, 2136 MiB, 8853 MiB
Wed Aug 26 06:00:01 UTC 2020
utilization.gpu [%], utilization.memory [%], memory.total [MiB], memory.free [MiB], memory.used [MiB]
21 %, 0 %, 10989 MiB, 8666 MiB, 2323 MiB
0 %, 0 %, 10989 MiB, 10989 MiB, 0 MiB
0 %, 0 %, 10989 MiB, 10989 MiB, 0 MiB
0 %, 0 %, 10989 MiB, 10989 MiB, 0 MiB
0 %, 0 %, 10989 MiB, 10989 MiB, 0 MiB
1 %, 0 %, 10989 MiB, 10989 MiB, 0 MiB
29 %, 4 %, 10989 MiB, 2136 MiB, 8853 MiB
16 %, 2 %, 10989 MiB, 2136 MiB, 8853 MiB
Wed Aug 26 12:00:01 UTC 2020
utilization.gpu [%], utilization.memory [%], memory.total [MiB], memory.free [MiB], memory.used [MiB]
0 %, 0 %, 10989 MiB, 10989 MiB, 0 MiB
0 %, 0 %, 10989 MiB, 10989 MiB, 0 MiB
0 %, 0 %, 10989 MiB, 10989 MiB, 0 MiB
1 %, 0 %, 10989 MiB, 10989 MiB, 0 MiB
31 %, 3 %, 10989 MiB, 2136 MiB, 8853 MiB
32 %, 4 %, 10989 MiB, 2136 MiB, 8853 MiB
33 %, 4 %, 10989 MiB, 2136 MiB, 8853 MiB
32 %, 4 %, 10989 MiB, 2136 MiB, 8853 MiB
Wed Aug 26 18:00:01 UTC 2020
utilization.gpu [%], utilization.memory [%], memory.total [MiB], memory.free [MiB], memory.used [MiB]
33 %, 4 %, 10989 MiB, 2136 MiB, 8853 MiB
34 %, 4 %, 10989 MiB, 2136 MiB, 8853 MiB
0 %, 0 %, 10989 MiB, 10989 MiB, 0 MiB
1 %, 0 %, 10989 MiB, 10989 MiB, 0 MiB
31 %, 4 %, 10989 MiB, 2136 MiB, 8853 MiB
35 %, 4 %, 10989 MiB, 2136 MiB, 8853 MiB
30 %, 5 %, 10989 MiB, 2136 MiB, 8853 MiB
31 %, 4 %, 10989 MiB, 2136 MiB, 8853 MiB
Thu Aug 27 00:00:01 UTC 2020
utilization.gpu [%], utilization.memory [%], memory.total [MiB], memory.free [MiB], memory.used [MiB]
33 %, 3 %, 10989 MiB, 2136 MiB, 8853 MiB
31 %, 4 %, 10989 MiB, 2136 MiB, 8853 MiB
0 %, 0 %, 10989 MiB, 10989 MiB, 0 MiB
1 %, 0 %, 10989 MiB, 10989 MiB, 0 MiB
32 %, 4 %, 10989 MiB, 2136 MiB, 8853 MiB
33 %, 4 %, 10989 MiB, 2136 MiB, 8853 MiB
32 %, 5 %, 10989 MiB, 2136 MiB, 8853 MiB
30 %, 4 %, 10989 MiB, 2136 MiB, 8853 MiB
Thu Aug 27 06:00:01 UTC 2020
utilization.gpu [%], utilization.memory [%], memory.total [MiB], memory.free [MiB], memory.used [MiB]
0 %, 0 %, 10989 MiB, 10989 MiB, 0 MiB
0 %, 0 %, 10989 MiB, 10989 MiB, 0 MiB
61 %, 5 %, 10989 MiB, 4553 MiB, 6436 MiB
1 %, 0 %, 10989 MiB, 10989 MiB, 0 MiB
32 %, 4 %, 10989 MiB, 2136 MiB, 8853 MiB
32 %, 4 %, 10989 MiB, 2136 MiB, 8853 MiB
33 %, 4 %, 10989 MiB, 2136 MiB, 8853 MiB
31 %, 4 %, 10989 MiB, 2136 MiB, 8853 MiB
Thu Aug 27 12:00:01 UTC 2020
utilization.gpu [%], utilization.memory [%], memory.total [MiB], memory.free [MiB], memory.used [MiB]
0 %, 0 %, 10989 MiB, 10989 MiB, 0 MiB
0 %, 0 %, 10989 MiB, 10989 MiB, 0 MiB
17 %, 2 %, 10989 MiB, 7766 MiB, 3223 MiB
1 %, 0 %, 10989 MiB, 10989 MiB, 0 MiB
32 %, 3 %, 10989 MiB, 2136 MiB, 8853 MiB
32 %, 4 %, 10989 MiB, 2136 MiB, 8853 MiB
32 %, 5 %, 10989 MiB, 2136 MiB, 8853 MiB
30 %, 4 %, 10989 MiB, 2136 MiB, 8853 MiB
Thu Aug 27 18:00:01 UTC 2020
utilization.gpu [%], utilization.memory [%], memory.total [MiB], memory.free [MiB], memory.used [MiB]
0 %, 0 %, 10989 MiB, 10989 MiB, 0 MiB
0 %, 0 %, 10989 MiB, 10989 MiB, 0 MiB
58 %, 6 %, 10989 MiB, 4553 MiB, 6436 MiB
0 %, 0 %, 10989 MiB, 10989 MiB, 0 MiB
0 %, 0 %, 10989 MiB, 10989 MiB, 0 MiB
0 %, 0 %, 10989 MiB, 10989 MiB, 0 MiB
0 %, 0 %, 10989 MiB, 10989 MiB, 0 MiB
1 %, 0 %, 10989 MiB, 10989 MiB, 0 MiB
Fri Aug 28 00:00:01 UTC 2020
utilization.gpu [%], utilization.memory [%], memory.total [MiB], memory.free [MiB], memory.used [MiB]
0 %, 0 %, 10989 MiB, 10989 MiB, 0 MiB
0 %, 0 %, 10989 MiB, 10989 MiB, 0 MiB
76 %, 6 %, 10989 MiB, 3845 MiB, 7144 MiB
0 %, 0 %, 10989 MiB, 10989 MiB, 0 MiB
0 %, 0 %, 10989 MiB, 10989 MiB, 0 MiB
1 %, 0 %, 10989 MiB, 10989 MiB, 0 MiB
60 %, 7 %, 10989 MiB, 4553 MiB, 6436 MiB
18 %, 3 %, 10989 MiB, 7766 MiB, 3223 MiB
Fri Aug 28 06:00:01 UTC 2020
utilization.gpu [%], utilization.memory [%], memory.total [MiB], memory.free [MiB], memory.used [MiB]
1 %, 0 %, 10989 MiB, 78 MiB, 10911 MiB
0 %, 0 %, 10989 MiB, 10989 MiB, 0 MiB
48 %, 5 %, 10989 MiB, 4553 MiB, 6436 MiB
0 %, 0 %, 10989 MiB, 10989 MiB, 0 MiB
2 %, 1 %, 10989 MiB, 78 MiB, 10911 MiB
1 %, 0 %, 10989 MiB, 10989 MiB, 0 MiB
54 %, 6 %, 10989 MiB, 4553 MiB, 6436 MiB
18 %, 3 %, 10989 MiB, 7766 MiB, 3223 MiB
Fri Aug 28 12:00:01 UTC 2020
utilization.gpu [%], utilization.memory [%], memory.total [MiB], memory.free [MiB], memory.used [MiB]
0 %, 0 %, 10989 MiB, 10989 MiB, 0 MiB
95 %, 33 %, 10989 MiB, 66 MiB, 10923 MiB
46 %, 4 %, 10989 MiB, 4553 MiB, 6436 MiB
0 %, 0 %, 10989 MiB, 10989 MiB, 0 MiB
0 %, 0 %, 10989 MiB, 10989 MiB, 0 MiB
1 %, 0 %, 10989 MiB, 10989 MiB, 0 MiB
55 %, 6 %, 10989 MiB, 4553 MiB, 6436 MiB
16 %, 3 %, 10989 MiB, 7766 MiB, 3223 MiB
Fri Aug 28 18:00:01 UTC 2020
utilization.gpu [%], utilization.memory [%], memory.total [MiB], memory.free [MiB], memory.used [MiB]
0 %, 0 %, 10989 MiB, 10989 MiB, 0 MiB
95 %, 34 %, 10989 MiB, 66 MiB, 10923 MiB
41 %, 1 %, 10989 MiB, 9920 MiB, 1069 MiB
0 %, 0 %, 10989 MiB, 10989 MiB, 0 MiB
0 %, 0 %, 10989 MiB, 10989 MiB, 0 MiB
0 %, 0 %, 10989 MiB, 10989 MiB, 0 MiB
0 %, 0 %, 10989 MiB, 10989 MiB, 0 MiB
1 %, 0 %, 10989 MiB, 10989 MiB, 0 MiB
Sat Aug 29 00:00:01 UTC 2020
utilization.gpu [%], utilization.memory [%], memory.total [MiB], memory.free [MiB], memory.used [MiB]
0 %, 0 %, 10989 MiB, 10989 MiB, 0 MiB
0 %, 0 %, 10989 MiB, 10989 MiB, 0 MiB
3 %, 0 %, 10989 MiB, 10626 MiB, 363 MiB
0 %, 0 %, 10989 MiB, 10989 MiB, 0 MiB
0 %, 0 %, 10989 MiB, 10989 MiB, 0 MiB
0 %, 0 %, 10989 MiB, 10989 MiB, 0 MiB
0 %, 0 %, 10989 MiB, 10989 MiB, 0 MiB
1 %, 0 %, 10989 MiB, 10989 MiB, 0 MiB
Sat Aug 29 06:00:01 UTC 2020
utilization.gpu [%], utilization.memory [%], memory.total [MiB], memory.free [MiB], memory.used [MiB]
0 %, 0 %, 10989 MiB, 10989 MiB, 0 MiB
0 %, 0 %, 10989 MiB, 10989 MiB, 0 MiB
0 %, 0 %, 10989 MiB, 10989 MiB, 0 MiB
0 %, 0 %, 10989 MiB, 10989 MiB, 0 MiB
0 %, 0 %, 10989 MiB, 10989 MiB, 0 MiB
0 %, 0 %, 10989 MiB, 10989 MiB, 0 MiB
0 %, 0 %, 10989 MiB, 10989 MiB, 0 MiB
1 %, 0 %, 10989 MiB, 10989 MiB, 0 MiB
Sat Aug 29 12:00:01 UTC 2020
utilization.gpu [%], utilization.memory [%], memory.total [MiB], memory.free [MiB], memory.used [MiB]
0 %, 0 %, 10989 MiB, 10989 MiB, 0 MiB
0 %, 0 %, 10989 MiB, 10989 MiB, 0 MiB
0 %, 0 %, 10989 MiB, 10989 MiB, 0 MiB
0 %, 0 %, 10989 MiB, 10989 MiB, 0 MiB
0 %, 0 %, 10989 MiB, 10989 MiB, 0 MiB
0 %, 0 %, 10989 MiB, 10989 MiB, 0 MiB
0 %, 0 %, 10989 MiB, 10989 MiB, 0 MiB
1 %, 0 %, 10989 MiB, 10989 MiB, 0 MiB
Sat Aug 29 18:00:01 UTC 2020
utilization.gpu [%], utilization.memory [%], memory.total [MiB], memory.free [MiB], memory.used [MiB]
0 %, 0 %, 10989 MiB, 10989 MiB, 0 MiB
0 %, 0 %, 10989 MiB, 10989 MiB, 0 MiB
0 %, 0 %, 10989 MiB, 10989 MiB, 0 MiB
0 %, 0 %, 10989 MiB, 10989 MiB, 0 MiB
0 %, 0 %, 10989 MiB, 10989 MiB, 0 MiB
0 %, 0 %, 10989 MiB, 10989 MiB, 0 MiB
0 %, 0 %, 10989 MiB, 10989 MiB, 0 MiB
1 %, 0 %, 10989 MiB, 10989 MiB, 0 MiB
Sun Aug 30 00:00:01 UTC 2020
utilization.gpu [%], utilization.memory [%], memory.total [MiB], memory.free [MiB], memory.used [MiB]
0 %, 0 %, 10989 MiB, 10989 MiB, 0 MiB
0 %, 0 %, 10989 MiB, 10989 MiB, 0 MiB
0 %, 0 %, 10989 MiB, 10989 MiB, 0 MiB
0 %, 0 %, 10989 MiB, 10989 MiB, 0 MiB
0 %, 0 %, 10989 MiB, 10989 MiB, 0 MiB
0 %, 0 %, 10989 MiB, 10989 MiB, 0 MiB
0 %, 0 %, 10989 MiB, 10989 MiB, 0 MiB
1 %, 0 %, 10989 MiB, 10989 MiB, 0 MiB
Sun Aug 30 06:00:01 UTC 2020
utilization.gpu [%], utilization.memory [%], memory.total [MiB], memory.free [MiB], memory.used [MiB]
0 %, 0 %, 10989 MiB, 10989 MiB, 0 MiB
0 %, 0 %, 10989 MiB, 10989 MiB, 0 MiB
0 %, 0 %, 10989 MiB, 10989 MiB, 0 MiB
0 %, 0 %, 10989 MiB, 10989 MiB, 0 MiB
0 %, 0 %, 10989 MiB, 10989 MiB, 0 MiB
0 %, 0 %, 10989 MiB, 10989 MiB, 0 MiB
0 %, 0 %, 10989 MiB, 10989 MiB, 0 MiB
1 %, 0 %, 10989 MiB, 10989 MiB, 0 MiB
Sun Aug 30 12:00:01 UTC 2020
utilization.gpu [%], utilization.memory [%], memory.total [MiB], memory.free [MiB], memory.used [MiB]
32 %, 13 %, 10989 MiB, 9738 MiB, 1251 MiB
13 %, 1 %, 10989 MiB, 10046 MiB, 943 MiB
0 %, 0 %, 10989 MiB, 10989 MiB, 0 MiB
0 %, 0 %, 10989 MiB, 10989 MiB, 0 MiB
0 %, 0 %, 10989 MiB, 10989 MiB, 0 MiB
0 %, 0 %, 10989 MiB, 10989 MiB, 0 MiB
0 %, 0 %, 10989 MiB, 10989 MiB, 0 MiB
1 %, 0 %, 10989 MiB, 10989 MiB, 0 MiB
Sun Aug 30 18:00:01 UTC 2020
utilization.gpu [%], utilization.memory [%], memory.total [MiB], memory.free [MiB], memory.used [MiB]
0 %, 0 %, 10989 MiB, 10989 MiB, 0 MiB
0 %, 0 %, 10989 MiB, 10989 MiB, 0 MiB
0 %, 0 %, 10989 MiB, 10989 MiB, 0 MiB
0 %, 0 %, 10989 MiB, 10989 MiB, 0 MiB
0 %, 0 %, 10989 MiB, 10989 MiB, 0 MiB
0 %, 0 %, 10989 MiB, 10989 MiB, 0 MiB
0 %, 0 %, 10989 MiB, 10989 MiB, 0 MiB
1 %, 0 %, 10989 MiB, 10989 MiB, 0 MiB
Mon Aug 31 00:00:01 UTC 2020
utilization.gpu [%], utilization.memory [%], memory.total [MiB], memory.free [MiB], memory.used [MiB]
0 %, 0 %, 10989 MiB, 10989 MiB, 0 MiB
0 %, 0 %, 10989 MiB, 10989 MiB, 0 MiB
0 %, 0 %, 10989 MiB, 10989 MiB, 0 MiB
0 %, 0 %, 10989 MiB, 10989 MiB, 0 MiB
0 %, 0 %, 10989 MiB, 10989 MiB, 0 MiB
0 %, 0 %, 10989 MiB, 10989 MiB, 0 MiB
0 %, 0 %, 10989 MiB, 10989 MiB, 0 MiB
1 %, 0 %, 10989 MiB, 10989 MiB, 0 MiB
Mon Aug 31 06:00:01 UTC 2020
utilization.gpu [%], utilization.memory [%], memory.total [MiB], memory.free [MiB], memory.used [MiB]
0 %, 0 %, 10989 MiB, 10979 MiB, 10 MiB
0 %, 0 %, 10989 MiB, 10979 MiB, 10 MiB
44 %, 3 %, 10989 MiB, 7413 MiB, 3576 MiB
0 %, 0 %, 10989 MiB, 10979 MiB, 10 MiB
0 %, 0 %, 10989 MiB, 10979 MiB, 10 MiB
0 %, 0 %, 10989 MiB, 10979 MiB, 10 MiB
0 %, 0 %, 10989 MiB, 10979 MiB, 10 MiB
0 %, 0 %, 10989 MiB, 10979 MiB, 10 MiB
Mon Aug 31 12:00:01 UTC 2020
utilization.gpu [%], utilization.memory [%], memory.total [MiB], memory.free [MiB], memory.used [MiB]
0 %, 0 %, 10989 MiB, 10989 MiB, 0 MiB
0 %, 0 %, 10989 MiB, 10989 MiB, 0 MiB
24 %, 1 %, 10989 MiB, 10261 MiB, 728 MiB
0 %, 0 %, 10989 MiB, 10989 MiB, 0 MiB
0 %, 0 %, 10989 MiB, 10989 MiB, 0 MiB
0 %, 0 %, 10989 MiB, 10989 MiB, 0 MiB
0 %, 0 %, 10989 MiB, 10989 MiB, 0 MiB
1 %, 0 %, 10989 MiB, 10989 MiB, 0 MiB
Mon Aug 31 18:00:01 UTC 2020
utilization.gpu [%], utilization.memory [%], memory.total [MiB], memory.free [MiB], memory.used [MiB]
0 %, 0 %, 10989 MiB, 10989 MiB, 0 MiB
0 %, 0 %, 10989 MiB, 10989 MiB, 0 MiB
0 %, 0 %, 10989 MiB, 10989 MiB, 0 MiB
0 %, 0 %, 10989 MiB, 10989 MiB, 0 MiB
0 %, 0 %, 10989 MiB, 10989 MiB, 0 MiB
0 %, 0 %, 10989 MiB, 10989 MiB, 0 MiB
0 %, 0 %, 10989 MiB, 10989 MiB, 0 MiB
1 %, 0 %, 10989 MiB, 10989 MiB, 0 MiB
Tue Sep  1 00:00:01 UTC 2020
utilization.gpu [%], utilization.memory [%], memory.total [MiB], memory.free [MiB], memory.used [MiB]
0 %, 0 %, 10989 MiB, 10989 MiB, 0 MiB
0 %, 0 %, 10989 MiB, 10989 MiB, 0 MiB
0 %, 0 %, 10989 MiB, 10989 MiB, 0 MiB
0 %, 0 %, 10989 MiB, 10989 MiB, 0 MiB
0 %, 0 %, 10989 MiB, 10989 MiB, 0 MiB
0 %, 0 %, 10989 MiB, 10989 MiB, 0 MiB
0 %, 0 %, 10989 MiB, 10989 MiB, 0 MiB
1 %, 0 %, 10989 MiB, 10989 MiB, 0 MiB
Tue Sep  1 06:00:02 UTC 2020
utilization.gpu [%], utilization.memory [%], memory.total [MiB], memory.free [MiB], memory.used [MiB]
0 %, 0 %, 10989 MiB, 10989 MiB, 0 MiB
0 %, 0 %, 10989 MiB, 10989 MiB, 0 MiB
0 %, 0 %, 10989 MiB, 10989 MiB, 0 MiB
1 %, 0 %, 10989 MiB, 10989 MiB, 0 MiB
18 %, 10 %, 10989 MiB, 2178 MiB, 8811 MiB
22 %, 6 %, 10989 MiB, 76 MiB, 10913 MiB
16 %, 4 %, 10989 MiB, 76 MiB, 10913 MiB
37 %, 2 %, 10989 MiB, 9902 MiB, 1087 MiB
Tue Sep  1 12:00:01 UTC 2020
utilization.gpu [%], utilization.memory [%], memory.total [MiB], memory.free [MiB], memory.used [MiB]
0 %, 0 %, 10989 MiB, 2644 MiB, 8345 MiB
0 %, 0 %, 10989 MiB, 10788 MiB, 201 MiB
0 %, 0 %, 10989 MiB, 10788 MiB, 201 MiB
0 %, 0 %, 10989 MiB, 10788 MiB, 201 MiB
29 %, 16 %, 10989 MiB, 1987 MiB, 9002 MiB
0 %, 0 %, 10989 MiB, 10788 MiB, 201 MiB
0 %, 0 %, 10989 MiB, 10788 MiB, 201 MiB
68 %, 2 %, 10989 MiB, 8991 MiB, 1998 MiB
Tue Sep  1 18:00:01 UTC 2020
utilization.gpu [%], utilization.memory [%], memory.total [MiB], memory.free [MiB], memory.used [MiB]
0 %, 0 %, 10989 MiB, 2644 MiB, 8345 MiB
0 %, 0 %, 10989 MiB, 10788 MiB, 201 MiB
0 %, 0 %, 10989 MiB, 10788 MiB, 201 MiB
0 %, 0 %, 10989 MiB, 10788 MiB, 201 MiB
0 %, 0 %, 10989 MiB, 10788 MiB, 201 MiB
0 %, 0 %, 10989 MiB, 10788 MiB, 201 MiB
0 %, 0 %, 10989 MiB, 10788 MiB, 201 MiB
28 %, 1 %, 10989 MiB, 10068 MiB, 921 MiB
Wed Sep  2 00:00:01 UTC 2020
utilization.gpu [%], utilization.memory [%], memory.total [MiB], memory.free [MiB], memory.used [MiB]
0 %, 0 %, 10989 MiB, 2644 MiB, 8345 MiB
0 %, 0 %, 10989 MiB, 10788 MiB, 201 MiB
0 %, 0 %, 10989 MiB, 10788 MiB, 201 MiB
0 %, 0 %, 10989 MiB, 10788 MiB, 201 MiB
0 %, 0 %, 10989 MiB, 10788 MiB, 201 MiB
0 %, 0 %, 10989 MiB, 10788 MiB, 201 MiB
0 %, 0 %, 10989 MiB, 10788 MiB, 201 MiB
4 %, 0 %, 10989 MiB, 10427 MiB, 562 MiB
Wed Sep  2 06:00:01 UTC 2020
utilization.gpu [%], utilization.memory [%], memory.total [MiB], memory.free [MiB], memory.used [MiB]
0 %, 0 %, 10989 MiB, 2644 MiB, 8345 MiB
9 %, 5 %, 10989 MiB, 111 MiB, 10878 MiB
0 %, 0 %, 10989 MiB, 10788 MiB, 201 MiB
0 %, 0 %, 10989 MiB, 10788 MiB, 201 MiB
0 %, 0 %, 10989 MiB, 10788 MiB, 201 MiB
0 %, 0 %, 10989 MiB, 10788 MiB, 201 MiB
0 %, 0 %, 10989 MiB, 10788 MiB, 201 MiB
4 %, 0 %, 10989 MiB, 10427 MiB, 562 MiB
Wed Sep  2 12:00:01 UTC 2020
utilization.gpu [%], utilization.memory [%], memory.total [MiB], memory.free [MiB], memory.used [MiB]
0 %, 0 %, 10989 MiB, 2644 MiB, 8345 MiB
0 %, 0 %, 10989 MiB, 10788 MiB, 201 MiB
0 %, 0 %, 10989 MiB, 10788 MiB, 201 MiB
0 %, 0 %, 10989 MiB, 10788 MiB, 201 MiB
0 %, 0 %, 10989 MiB, 10788 MiB, 201 MiB
0 %, 0 %, 10989 MiB, 10788 MiB, 201 MiB
0 %, 0 %, 10989 MiB, 10788 MiB, 201 MiB
0 %, 0 %, 10989 MiB, 10786 MiB, 203 MiB
Wed Sep  2 18:00:01 UTC 2020
utilization.gpu [%], utilization.memory [%], memory.total [MiB], memory.free [MiB], memory.used [MiB]
0 %, 0 %, 10989 MiB, 2644 MiB, 8345 MiB
10 %, 6 %, 10989 MiB, 109 MiB, 10880 MiB
0 %, 0 %, 10989 MiB, 10788 MiB, 201 MiB
0 %, 0 %, 10989 MiB, 10788 MiB, 201 MiB
0 %, 0 %, 10989 MiB, 10788 MiB, 201 MiB
0 %, 0 %, 10989 MiB, 10788 MiB, 201 MiB
0 %, 0 %, 10989 MiB, 10788 MiB, 201 MiB
0 %, 0 %, 10989 MiB, 10786 MiB, 203 MiB
Thu Sep  3 00:00:01 UTC 2020
utilization.gpu [%], utilization.memory [%], memory.total [MiB], memory.free [MiB], memory.used [MiB]
0 %, 0 %, 10989 MiB, 2644 MiB, 8345 MiB
0 %, 0 %, 10989 MiB, 10788 MiB, 201 MiB
0 %, 0 %, 10989 MiB, 10788 MiB, 201 MiB
0 %, 0 %, 10989 MiB, 10788 MiB, 201 MiB
0 %, 0 %, 10989 MiB, 10788 MiB, 201 MiB
0 %, 0 %, 10989 MiB, 10788 MiB, 201 MiB
0 %, 0 %, 10989 MiB, 10788 MiB, 201 MiB
0 %, 0 %, 10989 MiB, 10786 MiB, 203 MiB
Thu Sep  3 06:00:01 UTC 2020
utilization.gpu [%], utilization.memory [%], memory.total [MiB], memory.free [MiB], memory.used [MiB]
0 %, 0 %, 10989 MiB, 2644 MiB, 8345 MiB
0 %, 0 %, 10989 MiB, 10788 MiB, 201 MiB
0 %, 0 %, 10989 MiB, 10788 MiB, 201 MiB
0 %, 0 %, 10989 MiB, 10788 MiB, 201 MiB
0 %, 0 %, 10989 MiB, 10788 MiB, 201 MiB
0 %, 0 %, 10989 MiB, 10788 MiB, 201 MiB
0 %, 0 %, 10989 MiB, 10788 MiB, 201 MiB
0 %, 0 %, 10989 MiB, 10786 MiB, 203 MiB
Thu Sep  3 12:00:01 UTC 2020
utilization.gpu [%], utilization.memory [%], memory.total [MiB], memory.free [MiB], memory.used [MiB]
0 %, 0 %, 10989 MiB, 2644 MiB, 8345 MiB
10 %, 6 %, 10989 MiB, 109 MiB, 10880 MiB
0 %, 0 %, 10989 MiB, 10788 MiB, 201 MiB
0 %, 0 %, 10989 MiB, 10788 MiB, 201 MiB
0 %, 0 %, 10989 MiB, 10788 MiB, 201 MiB
0 %, 0 %, 10989 MiB, 10788 MiB, 201 MiB
0 %, 0 %, 10989 MiB, 10788 MiB, 201 MiB
31 %, 1 %, 10989 MiB, 10068 MiB, 921 MiB
Thu Sep  3 18:00:01 UTC 2020
utilization.gpu [%], utilization.memory [%], memory.total [MiB], memory.free [MiB], memory.used [MiB]
0 %, 0 %, 10989 MiB, 2644 MiB, 8345 MiB
0 %, 0 %, 10989 MiB, 10788 MiB, 201 MiB
0 %, 0 %, 10989 MiB, 10788 MiB, 201 MiB
0 %, 0 %, 10989 MiB, 10788 MiB, 201 MiB
0 %, 0 %, 10989 MiB, 10788 MiB, 201 MiB
0 %, 0 %, 10989 MiB, 10788 MiB, 201 MiB
0 %, 0 %, 10989 MiB, 10788 MiB, 201 MiB
26 %, 1 %, 10989 MiB, 10068 MiB, 921 MiB
Fri Sep  4 00:00:01 UTC 2020
utilization.gpu [%], utilization.memory [%], memory.total [MiB], memory.free [MiB], memory.used [MiB]
0 %, 0 %, 10989 MiB, 2644 MiB, 8345 MiB
0 %, 0 %, 10989 MiB, 10788 MiB, 201 MiB
0 %, 0 %, 10989 MiB, 10788 MiB, 201 MiB
0 %, 0 %, 10989 MiB, 10788 MiB, 201 MiB
0 %, 0 %, 10989 MiB, 10788 MiB, 201 MiB
0 %, 0 %, 10989 MiB, 10788 MiB, 201 MiB
0 %, 0 %, 10989 MiB, 10788 MiB, 201 MiB
26 %, 1 %, 10989 MiB, 10068 MiB, 921 MiB
Fri Sep  4 06:00:01 UTC 2020
utilization.gpu [%], utilization.memory [%], memory.total [MiB], memory.free [MiB], memory.used [MiB]
0 %, 0 %, 10989 MiB, 2644 MiB, 8345 MiB
0 %, 0 %, 10989 MiB, 10788 MiB, 201 MiB
12 %, 6 %, 10989 MiB, 8091 MiB, 2898 MiB
0 %, 0 %, 10989 MiB, 10788 MiB, 201 MiB
0 %, 0 %, 10989 MiB, 10788 MiB, 201 MiB
0 %, 0 %, 10989 MiB, 10788 MiB, 201 MiB
0 %, 0 %, 10989 MiB, 10788 MiB, 201 MiB
25 %, 1 %, 10989 MiB, 10068 MiB, 921 MiB
Fri Sep  4 12:00:01 UTC 2020
utilization.gpu [%], utilization.memory [%], memory.total [MiB], memory.free [MiB], memory.used [MiB]
0 %, 0 %, 10989 MiB, 2644 MiB, 8345 MiB
0 %, 0 %, 10989 MiB, 10788 MiB, 201 MiB
11 %, 5 %, 10989 MiB, 9115 MiB, 1874 MiB
0 %, 0 %, 10989 MiB, 10788 MiB, 201 MiB
0 %, 0 %, 10989 MiB, 10788 MiB, 201 MiB
0 %, 0 %, 10989 MiB, 10788 MiB, 201 MiB
0 %, 0 %, 10989 MiB, 10788 MiB, 201 MiB
22 %, 1 %, 10989 MiB, 9589 MiB, 1400 MiB
Fri Sep  4 18:00:01 UTC 2020
utilization.gpu [%], utilization.memory [%], memory.total [MiB], memory.free [MiB], memory.used [MiB]
0 %, 0 %, 10989 MiB, 2644 MiB, 8345 MiB
0 %, 0 %, 10989 MiB, 10788 MiB, 201 MiB
0 %, 0 %, 10989 MiB, 9115 MiB, 1874 MiB
0 %, 0 %, 10989 MiB, 10788 MiB, 201 MiB
0 %, 0 %, 10989 MiB, 10788 MiB, 201 MiB
0 %, 0 %, 10989 MiB, 10788 MiB, 201 MiB
0 %, 0 %, 10989 MiB, 10788 MiB, 201 MiB
20 %, 1 %, 10989 MiB, 9461 MiB, 1528 MiB
Sat Sep  5 00:00:01 UTC 2020
utilization.gpu [%], utilization.memory [%], memory.total [MiB], memory.free [MiB], memory.used [MiB]
0 %, 0 %, 10989 MiB, 2644 MiB, 8345 MiB
0 %, 0 %, 10989 MiB, 10788 MiB, 201 MiB
0 %, 0 %, 10989 MiB, 9115 MiB, 1874 MiB
0 %, 0 %, 10989 MiB, 10788 MiB, 201 MiB
0 %, 0 %, 10989 MiB, 10788 MiB, 201 MiB
0 %, 0 %, 10989 MiB, 10788 MiB, 201 MiB
0 %, 0 %, 10989 MiB, 10788 MiB, 201 MiB
4 %, 0 %, 10989 MiB, 9820 MiB, 1169 MiB
Sat Sep  5 06:00:01 UTC 2020
utilization.gpu [%], utilization.memory [%], memory.total [MiB], memory.free [MiB], memory.used [MiB]
0 %, 0 %, 10989 MiB, 2644 MiB, 8345 MiB
0 %, 0 %, 10989 MiB, 10788 MiB, 201 MiB
0 %, 0 %, 10989 MiB, 9115 MiB, 1874 MiB
0 %, 0 %, 10989 MiB, 10788 MiB, 201 MiB
0 %, 0 %, 10989 MiB, 10788 MiB, 201 MiB
0 %, 0 %, 10989 MiB, 10788 MiB, 201 MiB
0 %, 0 %, 10989 MiB, 10788 MiB, 201 MiB
4 %, 0 %, 10989 MiB, 9820 MiB, 1169 MiB
Sat Sep  5 12:00:01 UTC 2020
utilization.gpu [%], utilization.memory [%], memory.total [MiB], memory.free [MiB], memory.used [MiB]
0 %, 0 %, 10989 MiB, 2644 MiB, 8345 MiB
0 %, 0 %, 10989 MiB, 10788 MiB, 201 MiB
0 %, 0 %, 10989 MiB, 9115 MiB, 1874 MiB
0 %, 0 %, 10989 MiB, 10788 MiB, 201 MiB
0 %, 0 %, 10989 MiB, 10788 MiB, 201 MiB
0 %, 0 %, 10989 MiB, 10788 MiB, 201 MiB
0 %, 0 %, 10989 MiB, 10788 MiB, 201 MiB
4 %, 0 %, 10989 MiB, 9820 MiB, 1169 MiB
Sat Sep  5 18:00:01 UTC 2020
utilization.gpu [%], utilization.memory [%], memory.total [MiB], memory.free [MiB], memory.used [MiB]
0 %, 0 %, 10989 MiB, 2644 MiB, 8345 MiB
0 %, 0 %, 10989 MiB, 10788 MiB, 201 MiB
0 %, 0 %, 10989 MiB, 9115 MiB, 1874 MiB
0 %, 0 %, 10989 MiB, 10788 MiB, 201 MiB
0 %, 0 %, 10989 MiB, 10788 MiB, 201 MiB
0 %, 0 %, 10989 MiB, 10788 MiB, 201 MiB
0 %, 0 %, 10989 MiB, 10788 MiB, 201 MiB
4 %, 0 %, 10989 MiB, 9564 MiB, 1425 MiB
Sun Sep  6 00:00:01 UTC 2020
utilization.gpu [%], utilization.memory [%], memory.total [MiB], memory.free [MiB], memory.used [MiB]
0 %, 0 %, 10989 MiB, 2644 MiB, 8345 MiB
0 %, 0 %, 10989 MiB, 10788 MiB, 201 MiB
0 %, 0 %, 10989 MiB, 9115 MiB, 1874 MiB
0 %, 0 %, 10989 MiB, 10788 MiB, 201 MiB
0 %, 0 %, 10989 MiB, 10788 MiB, 201 MiB
0 %, 0 %, 10989 MiB, 10788 MiB, 201 MiB
0 %, 0 %, 10989 MiB, 10788 MiB, 201 MiB
4 %, 0 %, 10989 MiB, 9564 MiB, 1425 MiB
Sun Sep  6 06:00:01 UTC 2020
utilization.gpu [%], utilization.memory [%], memory.total [MiB], memory.free [MiB], memory.used [MiB]
0 %, 0 %, 10989 MiB, 2644 MiB, 8345 MiB
0 %, 0 %, 10989 MiB, 10788 MiB, 201 MiB
0 %, 0 %, 10989 MiB, 9115 MiB, 1874 MiB
0 %, 0 %, 10989 MiB, 10788 MiB, 201 MiB
0 %, 0 %, 10989 MiB, 10788 MiB, 201 MiB
0 %, 0 %, 10989 MiB, 10788 MiB, 201 MiB
0 %, 0 %, 10989 MiB, 10788 MiB, 201 MiB
4 %, 0 %, 10989 MiB, 9564 MiB, 1425 MiB
Sun Sep  6 12:00:01 UTC 2020
utilization.gpu [%], utilization.memory [%], memory.total [MiB], memory.free [MiB], memory.used [MiB]
0 %, 0 %, 10989 MiB, 2644 MiB, 8345 MiB
0 %, 0 %, 10989 MiB, 10788 MiB, 201 MiB
0 %, 0 %, 10989 MiB, 9115 MiB, 1874 MiB
0 %, 0 %, 10989 MiB, 10788 MiB, 201 MiB
0 %, 0 %, 10989 MiB, 10788 MiB, 201 MiB
0 %, 0 %, 10989 MiB, 10788 MiB, 201 MiB
0 %, 0 %, 10989 MiB, 10788 MiB, 201 MiB
0 %, 0 %, 10989 MiB, 9923 MiB, 1066 MiB
Sun Sep  6 18:00:01 UTC 2020
utilization.gpu [%], utilization.memory [%], memory.total [MiB], memory.free [MiB], memory.used [MiB]
0 %, 0 %, 10989 MiB, 2644 MiB, 8345 MiB
0 %, 0 %, 10989 MiB, 10788 MiB, 201 MiB
0 %, 0 %, 10989 MiB, 9115 MiB, 1874 MiB
0 %, 0 %, 10989 MiB, 10788 MiB, 201 MiB
0 %, 0 %, 10989 MiB, 10788 MiB, 201 MiB
0 %, 0 %, 10989 MiB, 10788 MiB, 201 MiB
0 %, 0 %, 10989 MiB, 10788 MiB, 201 MiB
0 %, 0 %, 10989 MiB, 9923 MiB, 1066 MiB
Mon Sep  7 00:00:01 UTC 2020
utilization.gpu [%], utilization.memory [%], memory.total [MiB], memory.free [MiB], memory.used [MiB]
0 %, 0 %, 10989 MiB, 2644 MiB, 8345 MiB
23 %, 13 %, 10989 MiB, 1987 MiB, 9002 MiB
0 %, 0 %, 10989 MiB, 9115 MiB, 1874 MiB
0 %, 0 %, 10989 MiB, 10788 MiB, 201 MiB
0 %, 0 %, 10989 MiB, 10788 MiB, 201 MiB
0 %, 0 %, 10989 MiB, 10788 MiB, 201 MiB
0 %, 0 %, 10989 MiB, 10788 MiB, 201 MiB
0 %, 0 %, 10989 MiB, 9923 MiB, 1066 MiB
Mon Sep  7 06:00:01 UTC 2020
utilization.gpu [%], utilization.memory [%], memory.total [MiB], memory.free [MiB], memory.used [MiB]
0 %, 0 %, 10989 MiB, 2644 MiB, 8345 MiB
0 %, 0 %, 10989 MiB, 10788 MiB, 201 MiB
1 %, 0 %, 10989 MiB, 9883 MiB, 1106 MiB
0 %, 0 %, 10989 MiB, 10788 MiB, 201 MiB
0 %, 0 %, 10989 MiB, 10788 MiB, 201 MiB
0 %, 0 %, 10989 MiB, 10788 MiB, 201 MiB
0 %, 0 %, 10989 MiB, 10788 MiB, 201 MiB
0 %, 0 %, 10989 MiB, 9923 MiB, 1066 MiB
Mon Sep  7 12:00:01 UTC 2020
utilization.gpu [%], utilization.memory [%], memory.total [MiB], memory.free [MiB], memory.used [MiB]
0 %, 0 %, 10989 MiB, 2644 MiB, 8345 MiB
1 %, 1 %, 10989 MiB, 1473 MiB, 9516 MiB
0 %, 0 %, 10989 MiB, 10788 MiB, 201 MiB
0 %, 0 %, 10989 MiB, 10788 MiB, 201 MiB
0 %, 0 %, 10989 MiB, 10788 MiB, 201 MiB
0 %, 0 %, 10989 MiB, 10788 MiB, 201 MiB
0 %, 0 %, 10989 MiB, 10788 MiB, 201 MiB
0 %, 0 %, 10989 MiB, 9923 MiB, 1066 MiB
Mon Sep  7 18:00:01 UTC 2020
utilization.gpu [%], utilization.memory [%], memory.total [MiB], memory.free [MiB], memory.used [MiB]
0 %, 0 %, 10989 MiB, 2644 MiB, 8345 MiB
16 %, 12 %, 10989 MiB, 1473 MiB, 9516 MiB
16 %, 11 %, 10989 MiB, 1473 MiB, 9516 MiB
0 %, 0 %, 10989 MiB, 10788 MiB, 201 MiB
0 %, 0 %, 10989 MiB, 10788 MiB, 201 MiB
0 %, 0 %, 10989 MiB, 10788 MiB, 201 MiB
0 %, 0 %, 10989 MiB, 10788 MiB, 201 MiB
0 %, 0 %, 10989 MiB, 9923 MiB, 1066 MiB
Tue Sep  8 00:00:01 UTC 2020
utilization.gpu [%], utilization.memory [%], memory.total [MiB], memory.free [MiB], memory.used [MiB]
0 %, 0 %, 10989 MiB, 2644 MiB, 8345 MiB
0 %, 0 %, 10989 MiB, 10788 MiB, 201 MiB
16 %, 11 %, 10989 MiB, 1473 MiB, 9516 MiB
0 %, 0 %, 10989 MiB, 10788 MiB, 201 MiB
0 %, 0 %, 10989 MiB, 10788 MiB, 201 MiB
0 %, 0 %, 10989 MiB, 10788 MiB, 201 MiB
0 %, 0 %, 10989 MiB, 10788 MiB, 201 MiB
0 %, 0 %, 10989 MiB, 9923 MiB, 1066 MiB
Tue Sep  8 06:00:01 UTC 2020
utilization.gpu [%], utilization.memory [%], memory.total [MiB], memory.free [MiB], memory.used [MiB]
0 %, 0 %, 10989 MiB, 2644 MiB, 8345 MiB
0 %, 0 %, 10989 MiB, 10788 MiB, 201 MiB
17 %, 12 %, 10989 MiB, 1473 MiB, 9516 MiB
0 %, 0 %, 10989 MiB, 10788 MiB, 201 MiB
18 %, 9 %, 10989 MiB, 8091 MiB, 2898 MiB
0 %, 0 %, 10989 MiB, 10788 MiB, 201 MiB
0 %, 0 %, 10989 MiB, 10011 MiB, 978 MiB
0 %, 0 %, 10989 MiB, 9923 MiB, 1066 MiB
Tue Sep  8 12:00:01 UTC 2020
utilization.gpu [%], utilization.memory [%], memory.total [MiB], memory.free [MiB], memory.used [MiB]
1 %, 0 %, 10989 MiB, 10989 MiB, 0 MiB
0 %, 0 %, 10989 MiB, 2178 MiB, 8811 MiB
18 %, 10 %, 10989 MiB, 2178 MiB, 8811 MiB
16 %, 12 %, 10989 MiB, 1666 MiB, 9323 MiB
0 %, 0 %, 10989 MiB, 8282 MiB, 2707 MiB
92 %, 51 %, 10989 MiB, 368 MiB, 10621 MiB
0 %, 0 %, 10989 MiB, 10788 MiB, 201 MiB
51 %, 29 %, 10989 MiB, 2098 MiB, 8891 MiB
Tue Sep  8 18:00:01 UTC 2020
utilization.gpu [%], utilization.memory [%], memory.total [MiB], memory.free [MiB], memory.used [MiB]
1 %, 0 %, 10989 MiB, 10989 MiB, 0 MiB
0 %, 0 %, 10989 MiB, 2178 MiB, 8811 MiB
18 %, 10 %, 10989 MiB, 2178 MiB, 8811 MiB
0 %, 0 %, 10989 MiB, 1666 MiB, 9323 MiB
0 %, 0 %, 10989 MiB, 8282 MiB, 2707 MiB
0 %, 0 %, 10989 MiB, 368 MiB, 10621 MiB
0 %, 0 %, 10989 MiB, 10979 MiB, 10 MiB
49 %, 28 %, 10989 MiB, 2098 MiB, 8891 MiB
Wed Sep  9 00:00:01 UTC 2020
utilization.gpu [%], utilization.memory [%], memory.total [MiB], memory.free [MiB], memory.used [MiB]
0 %, 0 %, 10989 MiB, 10989 MiB, 0 MiB
1 %, 0 %, 10989 MiB, 10989 MiB, 0 MiB
18 %, 10 %, 10989 MiB, 2178 MiB, 8811 MiB
16 %, 12 %, 10989 MiB, 1666 MiB, 9323 MiB
0 %, 0 %, 10989 MiB, 8282 MiB, 2707 MiB
0 %, 0 %, 10989 MiB, 368 MiB, 10621 MiB
0 %, 0 %, 10989 MiB, 10979 MiB, 10 MiB
53 %, 31 %, 10989 MiB, 2098 MiB, 8891 MiB
Wed Sep  9 06:00:01 UTC 2020
utilization.gpu [%], utilization.memory [%], memory.total [MiB], memory.free [MiB], memory.used [MiB]
18 %, 10 %, 10989 MiB, 2178 MiB, 8811 MiB
0 %, 0 %, 10989 MiB, 10989 MiB, 0 MiB
1 %, 0 %, 10989 MiB, 10989 MiB, 0 MiB
16 %, 12 %, 10989 MiB, 1666 MiB, 9323 MiB
0 %, 0 %, 10989 MiB, 8282 MiB, 2707 MiB
92 %, 50 %, 10989 MiB, 368 MiB, 10621 MiB
0 %, 0 %, 10989 MiB, 10979 MiB, 10 MiB
52 %, 29 %, 10989 MiB, 2098 MiB, 8891 MiB
Wed Sep  9 12:00:01 UTC 2020
utilization.gpu [%], utilization.memory [%], memory.total [MiB], memory.free [MiB], memory.used [MiB]
0 %, 0 %, 10989 MiB, 2178 MiB, 8811 MiB
23 %, 13 %, 10989 MiB, 2178 MiB, 8811 MiB
1 %, 0 %, 10989 MiB, 10989 MiB, 0 MiB
5 %, 4 %, 10989 MiB, 1666 MiB, 9323 MiB
0 %, 0 %, 10989 MiB, 8282 MiB, 2707 MiB
92 %, 50 %, 10989 MiB, 368 MiB, 10621 MiB
0 %, 0 %, 10989 MiB, 8282 MiB, 2707 MiB
49 %, 28 %, 10989 MiB, 2098 MiB, 8891 MiB
Wed Sep  9 18:00:01 UTC 2020
utilization.gpu [%], utilization.memory [%], memory.total [MiB], memory.free [MiB], memory.used [MiB]
18 %, 10 %, 10989 MiB, 2178 MiB, 8811 MiB
20 %, 11 %, 10989 MiB, 2178 MiB, 8811 MiB
1 %, 0 %, 10989 MiB, 10989 MiB, 0 MiB
16 %, 11 %, 10989 MiB, 1666 MiB, 9323 MiB
0 %, 0 %, 10989 MiB, 8282 MiB, 2707 MiB
0 %, 0 %, 10989 MiB, 368 MiB, 10621 MiB
0 %, 0 %, 10989 MiB, 8282 MiB, 2707 MiB
58 %, 33 %, 10989 MiB, 2098 MiB, 8891 MiB
Thu Sep 10 00:00:01 UTC 2020
utilization.gpu [%], utilization.memory [%], memory.total [MiB], memory.free [MiB], memory.used [MiB]
0 %, 0 %, 10989 MiB, 10989 MiB, 0 MiB
5 %, 1 %, 10989 MiB, 68 MiB, 10921 MiB
0 %, 0 %, 10989 MiB, 342 MiB, 10647 MiB
0 %, 0 %, 10989 MiB, 68 MiB, 10921 MiB
0 %, 0 %, 10989 MiB, 8282 MiB, 2707 MiB
0 %, 0 %, 10989 MiB, 368 MiB, 10621 MiB
0 %, 0 %, 10989 MiB, 8282 MiB, 2707 MiB
1 %, 0 %, 10989 MiB, 10989 MiB, 0 MiB
Thu Sep 10 06:00:01 UTC 2020
utilization.gpu [%], utilization.memory [%], memory.total [MiB], memory.free [MiB], memory.used [MiB]
0 %, 0 %, 10989 MiB, 10989 MiB, 0 MiB
0 %, 0 %, 10989 MiB, 10989 MiB, 0 MiB
0 %, 0 %, 10989 MiB, 10989 MiB, 0 MiB
1 %, 0 %, 10989 MiB, 10989 MiB, 0 MiB
0 %, 0 %, 10989 MiB, 8282 MiB, 2707 MiB
0 %, 0 %, 10989 MiB, 368 MiB, 10621 MiB
0 %, 0 %, 10989 MiB, 8282 MiB, 2707 MiB
0 %, 0 %, 10989 MiB, 8282 MiB, 2707 MiB
Thu Sep 10 12:00:01 UTC 2020
utilization.gpu [%], utilization.memory [%], memory.total [MiB], memory.free [MiB], memory.used [MiB]
43 %, 22 %, 10989 MiB, 2380 MiB, 8609 MiB
0 %, 0 %, 10989 MiB, 10989 MiB, 0 MiB
1 %, 0 %, 10989 MiB, 10989 MiB, 0 MiB
5 %, 1 %, 10989 MiB, 68 MiB, 10921 MiB
0 %, 0 %, 10989 MiB, 8282 MiB, 2707 MiB
0 %, 0 %, 10989 MiB, 368 MiB, 10621 MiB
0 %, 0 %, 10989 MiB, 8282 MiB, 2707 MiB
0 %, 0 %, 10989 MiB, 8282 MiB, 2707 MiB
Thu Sep 10 18:00:01 UTC 2020
utilization.gpu [%], utilization.memory [%], memory.total [MiB], memory.free [MiB], memory.used [MiB]
69 %, 34 %, 10989 MiB, 2380 MiB, 8609 MiB
0 %, 0 %, 10989 MiB, 10989 MiB, 0 MiB
0 %, 0 %, 10989 MiB, 10989 MiB, 0 MiB
1 %, 0 %, 10989 MiB, 10989 MiB, 0 MiB
0 %, 0 %, 10989 MiB, 8282 MiB, 2707 MiB
0 %, 0 %, 10989 MiB, 368 MiB, 10621 MiB
0 %, 0 %, 10989 MiB, 8282 MiB, 2707 MiB
0 %, 0 %, 10989 MiB, 8282 MiB, 2707 MiB
Fri Sep 11 00:00:01 UTC 2020
utilization.gpu [%], utilization.memory [%], memory.total [MiB], memory.free [MiB], memory.used [MiB]
28 %, 13 %, 10989 MiB, 2380 MiB, 8609 MiB
0 %, 0 %, 10989 MiB, 10989 MiB, 0 MiB
0 %, 0 %, 10989 MiB, 10989 MiB, 0 MiB
1 %, 0 %, 10989 MiB, 10989 MiB, 0 MiB
0 %, 0 %, 10989 MiB, 8282 MiB, 2707 MiB
0 %, 0 %, 10989 MiB, 368 MiB, 10621 MiB
0 %, 0 %, 10989 MiB, 8282 MiB, 2707 MiB
0 %, 0 %, 10989 MiB, 8282 MiB, 2707 MiB
Fri Sep 11 06:00:01 UTC 2020
utilization.gpu [%], utilization.memory [%], memory.total [MiB], memory.free [MiB], memory.used [MiB]
58 %, 28 %, 10989 MiB, 1721 MiB, 9268 MiB
3 %, 1 %, 10989 MiB, 68 MiB, 10921 MiB
3 %, 1 %, 10989 MiB, 68 MiB, 10921 MiB
0 %, 0 %, 10989 MiB, 8282 MiB, 2707 MiB
0 %, 0 %, 10989 MiB, 8282 MiB, 2707 MiB
0 %, 0 %, 10989 MiB, 368 MiB, 10621 MiB
0 %, 0 %, 10989 MiB, 8282 MiB, 2707 MiB
22 %, 13 %, 10989 MiB, 8282 MiB, 2707 MiB
Fri Sep 11 12:00:01 UTC 2020
utilization.gpu [%], utilization.memory [%], memory.total [MiB], memory.free [MiB], memory.used [MiB]
50 %, 25 %, 10989 MiB, 2380 MiB, 8609 MiB
1 %, 0 %, 10989 MiB, 10989 MiB, 0 MiB
51 %, 30 %, 10989 MiB, 2098 MiB, 8891 MiB
0 %, 0 %, 10989 MiB, 8282 MiB, 2707 MiB
0 %, 0 %, 10989 MiB, 8282 MiB, 2707 MiB
0 %, 0 %, 10989 MiB, 368 MiB, 10621 MiB
0 %, 0 %, 10989 MiB, 8282 MiB, 2707 MiB
0 %, 0 %, 10989 MiB, 8282 MiB, 2707 MiB
Fri Sep 11 18:00:01 UTC 2020
utilization.gpu [%], utilization.memory [%], memory.total [MiB], memory.free [MiB], memory.used [MiB]
65 %, 32 %, 10989 MiB, 2380 MiB, 8609 MiB
36 %, 14 %, 10989 MiB, 9720 MiB, 1269 MiB
52 %, 31 %, 10989 MiB, 2098 MiB, 8891 MiB
0 %, 0 %, 10989 MiB, 8282 MiB, 2707 MiB
0 %, 0 %, 10989 MiB, 8282 MiB, 2707 MiB
0 %, 0 %, 10989 MiB, 368 MiB, 10621 MiB
0 %, 0 %, 10989 MiB, 8282 MiB, 2707 MiB
0 %, 0 %, 10989 MiB, 8282 MiB, 2707 MiB
Sat Sep 12 00:00:01 UTC 2020
utilization.gpu [%], utilization.memory [%], memory.total [MiB], memory.free [MiB], memory.used [MiB]
0 %, 0 %, 10989 MiB, 2380 MiB, 8609 MiB
33 %, 14 %, 10989 MiB, 9720 MiB, 1269 MiB
48 %, 28 %, 10989 MiB, 2098 MiB, 8891 MiB
0 %, 0 %, 10989 MiB, 8282 MiB, 2707 MiB
0 %, 0 %, 10989 MiB, 8282 MiB, 2707 MiB
0 %, 0 %, 10989 MiB, 368 MiB, 10621 MiB
0 %, 0 %, 10989 MiB, 8282 MiB, 2707 MiB
0 %, 0 %, 10989 MiB, 8282 MiB, 2707 MiB
Sat Sep 12 06:00:01 UTC 2020
utilization.gpu [%], utilization.memory [%], memory.total [MiB], memory.free [MiB], memory.used [MiB]
0 %, 0 %, 10989 MiB, 2380 MiB, 8609 MiB
62 %, 15 %, 10989 MiB, 9520 MiB, 1469 MiB
51 %, 30 %, 10989 MiB, 2098 MiB, 8891 MiB
0 %, 0 %, 10989 MiB, 8282 MiB, 2707 MiB
0 %, 0 %, 10989 MiB, 8282 MiB, 2707 MiB
0 %, 0 %, 10989 MiB, 368 MiB, 10621 MiB
0 %, 0 %, 10989 MiB, 8282 MiB, 2707 MiB
0 %, 0 %, 10989 MiB, 8282 MiB, 2707 MiB
Sat Sep 12 12:00:01 UTC 2020
utilization.gpu [%], utilization.memory [%], memory.total [MiB], memory.free [MiB], memory.used [MiB]
0 %, 0 %, 10989 MiB, 2380 MiB, 8609 MiB
7 %, 1 %, 10989 MiB, 10066 MiB, 923 MiB
35 %, 21 %, 10989 MiB, 2098 MiB, 8891 MiB
0 %, 0 %, 10989 MiB, 8282 MiB, 2707 MiB
0 %, 0 %, 10989 MiB, 8282 MiB, 2707 MiB
0 %, 0 %, 10989 MiB, 368 MiB, 10621 MiB
0 %, 0 %, 10989 MiB, 8282 MiB, 2707 MiB
0 %, 0 %, 10989 MiB, 8282 MiB, 2707 MiB
Sat Sep 12 18:00:01 UTC 2020
utilization.gpu [%], utilization.memory [%], memory.total [MiB], memory.free [MiB], memory.used [MiB]
0 %, 0 %, 10989 MiB, 2380 MiB, 8609 MiB
7 %, 0 %, 10989 MiB, 10066 MiB, 923 MiB
37 %, 22 %, 10989 MiB, 2098 MiB, 8891 MiB
0 %, 0 %, 10989 MiB, 8282 MiB, 2707 MiB
0 %, 0 %, 10989 MiB, 8282 MiB, 2707 MiB
0 %, 0 %, 10989 MiB, 368 MiB, 10621 MiB
0 %, 0 %, 10989 MiB, 8282 MiB, 2707 MiB
0 %, 0 %, 10989 MiB, 8282 MiB, 2707 MiB
Sun Sep 13 00:00:01 UTC 2020
utilization.gpu [%], utilization.memory [%], memory.total [MiB], memory.free [MiB], memory.used [MiB]
0 %, 0 %, 10989 MiB, 2380 MiB, 8609 MiB
0 %, 0 %, 10989 MiB, 9520 MiB, 1469 MiB
47 %, 28 %, 10989 MiB, 2098 MiB, 8891 MiB
0 %, 0 %, 10989 MiB, 8282 MiB, 2707 MiB
0 %, 0 %, 10989 MiB, 8282 MiB, 2707 MiB
0 %, 0 %, 10989 MiB, 368 MiB, 10621 MiB
0 %, 0 %, 10989 MiB, 8282 MiB, 2707 MiB
0 %, 0 %, 10989 MiB, 8282 MiB, 2707 MiB
Sun Sep 13 06:00:01 UTC 2020
utilization.gpu [%], utilization.memory [%], memory.total [MiB], memory.free [MiB], memory.used [MiB]
0 %, 0 %, 10989 MiB, 2380 MiB, 8609 MiB
72 %, 18 %, 10989 MiB, 9520 MiB, 1469 MiB
54 %, 32 %, 10989 MiB, 2098 MiB, 8891 MiB
0 %, 0 %, 10989 MiB, 8282 MiB, 2707 MiB
0 %, 0 %, 10989 MiB, 8282 MiB, 2707 MiB
0 %, 0 %, 10989 MiB, 368 MiB, 10621 MiB
0 %, 0 %, 10989 MiB, 8282 MiB, 2707 MiB
0 %, 0 %, 10989 MiB, 8282 MiB, 2707 MiB
Sun Sep 13 12:00:01 UTC 2020
utilization.gpu [%], utilization.memory [%], memory.total [MiB], memory.free [MiB], memory.used [MiB]
0 %, 0 %, 10989 MiB, 2380 MiB, 8609 MiB
0 %, 0 %, 10989 MiB, 4902 MiB, 6087 MiB
51 %, 30 %, 10989 MiB, 2098 MiB, 8891 MiB
0 %, 0 %, 10989 MiB, 3745 MiB, 7244 MiB
0 %, 0 %, 10989 MiB, 3745 MiB, 7244 MiB
0 %, 0 %, 10989 MiB, 368 MiB, 10621 MiB
0 %, 0 %, 10989 MiB, 3745 MiB, 7244 MiB
0 %, 0 %, 10989 MiB, 3747 MiB, 7242 MiB
Sun Sep 13 18:00:01 UTC 2020
utilization.gpu [%], utilization.memory [%], memory.total [MiB], memory.free [MiB], memory.used [MiB]
0 %, 0 %, 10989 MiB, 2380 MiB, 8609 MiB
70 %, 5 %, 10989 MiB, 160 MiB, 10829 MiB
54 %, 30 %, 10989 MiB, 2098 MiB, 8891 MiB
47 %, 4 %, 10989 MiB, 275 MiB, 10714 MiB
45 %, 3 %, 10989 MiB, 275 MiB, 10714 MiB
0 %, 0 %, 10989 MiB, 368 MiB, 10621 MiB
48 %, 4 %, 10989 MiB, 297 MiB, 10692 MiB
65 %, 17 %, 10989 MiB, 393 MiB, 10596 MiB
Mon Sep 14 00:00:01 UTC 2020
utilization.gpu [%], utilization.memory [%], memory.total [MiB], memory.free [MiB], memory.used [MiB]
0 %, 0 %, 10989 MiB, 2380 MiB, 8609 MiB
66 %, 7 %, 10989 MiB, 160 MiB, 10829 MiB
60 %, 33 %, 10989 MiB, 2098 MiB, 8891 MiB
48 %, 4 %, 10989 MiB, 275 MiB, 10714 MiB
50 %, 3 %, 10989 MiB, 275 MiB, 10714 MiB
0 %, 0 %, 10989 MiB, 368 MiB, 10621 MiB
65 %, 4 %, 10989 MiB, 297 MiB, 10692 MiB
49 %, 5 %, 10989 MiB, 393 MiB, 10596 MiB
Mon Sep 14 06:00:01 UTC 2020
utilization.gpu [%], utilization.memory [%], memory.total [MiB], memory.free [MiB], memory.used [MiB]
0 %, 0 %, 10989 MiB, 2380 MiB, 8609 MiB
0 %, 0 %, 10989 MiB, 10989 MiB, 0 MiB
53 %, 31 %, 10989 MiB, 2098 MiB, 8891 MiB
0 %, 0 %, 10989 MiB, 10989 MiB, 0 MiB
0 %, 0 %, 10989 MiB, 8282 MiB, 2707 MiB
0 %, 0 %, 10989 MiB, 368 MiB, 10621 MiB
16 %, 1 %, 10989 MiB, 9624 MiB, 1365 MiB
1 %, 0 %, 10989 MiB, 10989 MiB, 0 MiB
Mon Sep 14 12:00:01 UTC 2020
utilization.gpu [%], utilization.memory [%], memory.total [MiB], memory.free [MiB], memory.used [MiB]
0 %, 0 %, 10989 MiB, 2380 MiB, 8609 MiB
2 %, 1 %, 10989 MiB, 68 MiB, 10921 MiB
28 %, 16 %, 10989 MiB, 2098 MiB, 8891 MiB
2 %, 0 %, 10989 MiB, 68 MiB, 10921 MiB
20 %, 12 %, 10989 MiB, 8282 MiB, 2707 MiB
0 %, 0 %, 10989 MiB, 368 MiB, 10621 MiB
31 %, 4 %, 10989 MiB, 9622 MiB, 1367 MiB
0 %, 0 %, 10989 MiB, 9598 MiB, 1391 MiB
Mon Sep 14 18:00:01 UTC 2020
utilization.gpu [%], utilization.memory [%], memory.total [MiB], memory.free [MiB], memory.used [MiB]
0 %, 0 %, 10989 MiB, 2380 MiB, 8609 MiB
0 %, 0 %, 10989 MiB, 9698 MiB, 1291 MiB
56 %, 32 %, 10989 MiB, 2098 MiB, 8891 MiB
35 %, 14 %, 10989 MiB, 9720 MiB, 1269 MiB
2 %, 1 %, 10989 MiB, 8282 MiB, 2707 MiB
0 %, 0 %, 10989 MiB, 368 MiB, 10621 MiB
11 %, 1 %, 10989 MiB, 9622 MiB, 1367 MiB
21 %, 12 %, 10989 MiB, 797 MiB, 10192 MiB
Tue Sep 15 00:00:01 UTC 2020
utilization.gpu [%], utilization.memory [%], memory.total [MiB], memory.free [MiB], memory.used [MiB]
0 %, 0 %, 10989 MiB, 2380 MiB, 8609 MiB
0 %, 0 %, 10989 MiB, 9698 MiB, 1291 MiB
61 %, 36 %, 10989 MiB, 2098 MiB, 8891 MiB
20 %, 8 %, 10989 MiB, 9720 MiB, 1269 MiB
0 %, 0 %, 10989 MiB, 8282 MiB, 2707 MiB
0 %, 0 %, 10989 MiB, 368 MiB, 10621 MiB
37 %, 5 %, 10989 MiB, 9622 MiB, 1367 MiB
25 %, 13 %, 10989 MiB, 797 MiB, 10192 MiB
Tue Sep 15 06:00:01 UTC 2020
utilization.gpu [%], utilization.memory [%], memory.total [MiB], memory.free [MiB], memory.used [MiB]
0 %, 0 %, 10989 MiB, 2380 MiB, 8609 MiB
14 %, 1 %, 10989 MiB, 10066 MiB, 923 MiB
56 %, 33 %, 10989 MiB, 2098 MiB, 8891 MiB
36 %, 14 %, 10989 MiB, 9720 MiB, 1269 MiB
0 %, 0 %, 10989 MiB, 10042 MiB, 947 MiB
0 %, 0 %, 10989 MiB, 368 MiB, 10621 MiB
38 %, 5 %, 10989 MiB, 9624 MiB, 1365 MiB
0 %, 0 %, 10989 MiB, 9598 MiB, 1391 MiB
Tue Sep 15 12:00:01 UTC 2020
utilization.gpu [%], utilization.memory [%], memory.total [MiB], memory.free [MiB], memory.used [MiB]
0 %, 0 %, 10989 MiB, 10979 MiB, 10 MiB
13 %, 1 %, 10989 MiB, 10066 MiB, 923 MiB
33 %, 20 %, 10989 MiB, 2098 MiB, 8891 MiB
34 %, 14 %, 10989 MiB, 9720 MiB, 1269 MiB
9 %, 3 %, 10989 MiB, 9818 MiB, 1171 MiB
0 %, 0 %, 10989 MiB, 368 MiB, 10621 MiB
38 %, 5 %, 10989 MiB, 9624 MiB, 1365 MiB
0 %, 0 %, 10989 MiB, 9144 MiB, 1845 MiB
Tue Sep 15 18:00:01 UTC 2020
utilization.gpu [%], utilization.memory [%], memory.total [MiB], memory.free [MiB], memory.used [MiB]
0 %, 0 %, 10989 MiB, 10979 MiB, 10 MiB
13 %, 1 %, 10989 MiB, 10066 MiB, 923 MiB
60 %, 35 %, 10989 MiB, 2098 MiB, 8891 MiB
0 %, 0 %, 10989 MiB, 10979 MiB, 10 MiB
0 %, 0 %, 10989 MiB, 9818 MiB, 1171 MiB
0 %, 0 %, 10989 MiB, 368 MiB, 10621 MiB
37 %, 4 %, 10989 MiB, 9624 MiB, 1365 MiB
0 %, 0 %, 10989 MiB, 9144 MiB, 1845 MiB
Wed Sep 16 00:00:01 UTC 2020
utilization.gpu [%], utilization.memory [%], memory.total [MiB], memory.free [MiB], memory.used [MiB]
0 %, 0 %, 10989 MiB, 10979 MiB, 10 MiB
0 %, 0 %, 10989 MiB, 10979 MiB, 10 MiB
54 %, 32 %, 10989 MiB, 2098 MiB, 8891 MiB
0 %, 0 %, 10989 MiB, 10979 MiB, 10 MiB
9 %, 3 %, 10989 MiB, 9818 MiB, 1171 MiB
0 %, 0 %, 10989 MiB, 368 MiB, 10621 MiB
36 %, 5 %, 10989 MiB, 9624 MiB, 1365 MiB
0 %, 0 %, 10989 MiB, 9144 MiB, 1845 MiB
Wed Sep 16 06:00:01 UTC 2020
utilization.gpu [%], utilization.memory [%], memory.total [MiB], memory.free [MiB], memory.used [MiB]
0 %, 0 %, 10989 MiB, 9316 MiB, 1673 MiB
0 %, 0 %, 10989 MiB, 10979 MiB, 10 MiB
57 %, 33 %, 10989 MiB, 2098 MiB, 8891 MiB
0 %, 0 %, 10989 MiB, 10979 MiB, 10 MiB
5 %, 3 %, 10989 MiB, 6984 MiB, 4005 MiB
0 %, 0 %, 10989 MiB, 368 MiB, 10621 MiB
23 %, 3 %, 10989 MiB, 9624 MiB, 1365 MiB
37 %, 4 %, 10989 MiB, 7849 MiB, 3140 MiB
Wed Sep 16 12:00:01 UTC 2020
utilization.gpu [%], utilization.memory [%], memory.total [MiB], memory.free [MiB], memory.used [MiB]
0 %, 0 %, 10989 MiB, 10979 MiB, 10 MiB
0 %, 0 %, 10989 MiB, 10979 MiB, 10 MiB
57 %, 33 %, 10989 MiB, 2098 MiB, 8891 MiB
0 %, 0 %, 10989 MiB, 10979 MiB, 10 MiB
11 %, 5 %, 10989 MiB, 3638 MiB, 7351 MiB
0 %, 0 %, 10989 MiB, 368 MiB, 10621 MiB
0 %, 0 %, 10989 MiB, 10979 MiB, 10 MiB
36 %, 4 %, 10989 MiB, 7849 MiB, 3140 MiB
Wed Sep 16 18:00:01 UTC 2020
utilization.gpu [%], utilization.memory [%], memory.total [MiB], memory.free [MiB], memory.used [MiB]
0 %, 0 %, 10989 MiB, 10979 MiB, 10 MiB
0 %, 0 %, 10989 MiB, 10979 MiB, 10 MiB
0 %, 0 %, 10989 MiB, 10979 MiB, 10 MiB
0 %, 0 %, 10989 MiB, 10979 MiB, 10 MiB
40 %, 14 %, 10989 MiB, 3638 MiB, 7351 MiB
0 %, 0 %, 10989 MiB, 368 MiB, 10621 MiB
0 %, 0 %, 10989 MiB, 10979 MiB, 10 MiB
37 %, 2 %, 10989 MiB, 7847 MiB, 3142 MiB
Thu Sep 17 00:00:01 UTC 2020
utilization.gpu [%], utilization.memory [%], memory.total [MiB], memory.free [MiB], memory.used [MiB]
0 %, 0 %, 10989 MiB, 10979 MiB, 10 MiB
0 %, 0 %, 10989 MiB, 10979 MiB, 10 MiB
0 %, 0 %, 10989 MiB, 10979 MiB, 10 MiB
0 %, 0 %, 10989 MiB, 10979 MiB, 10 MiB
0 %, 0 %, 10989 MiB, 3638 MiB, 7351 MiB
0 %, 0 %, 10989 MiB, 368 MiB, 10621 MiB
0 %, 0 %, 10989 MiB, 10979 MiB, 10 MiB
37 %, 4 %, 10989 MiB, 7847 MiB, 3142 MiB
Thu Sep 17 06:00:01 UTC 2020
utilization.gpu [%], utilization.memory [%], memory.total [MiB], memory.free [MiB], memory.used [MiB]
0 %, 0 %, 10989 MiB, 10979 MiB, 10 MiB
0 %, 0 %, 10989 MiB, 10979 MiB, 10 MiB
0 %, 0 %, 10989 MiB, 10979 MiB, 10 MiB
0 %, 0 %, 10989 MiB, 10979 MiB, 10 MiB
0 %, 0 %, 10989 MiB, 1963 MiB, 9026 MiB
0 %, 0 %, 10989 MiB, 368 MiB, 10621 MiB
0 %, 0 %, 10989 MiB, 10979 MiB, 10 MiB
0 %, 0 %, 10989 MiB, 8335 MiB, 2654 MiB
Thu Sep 17 12:00:01 UTC 2020
utilization.gpu [%], utilization.memory [%], memory.total [MiB], memory.free [MiB], memory.used [MiB]
0 %, 0 %, 10989 MiB, 4 MiB, 10985 MiB
0 %, 0 %, 10989 MiB, 10144 MiB, 845 MiB
0 %, 0 %, 10989 MiB, 10979 MiB, 10 MiB
0 %, 0 %, 10989 MiB, 10979 MiB, 10 MiB
0 %, 0 %, 10989 MiB, 6472 MiB, 4517 MiB
0 %, 0 %, 10989 MiB, 368 MiB, 10621 MiB
41 %, 27 %, 10989 MiB, 9614 MiB, 1375 MiB
0 %, 0 %, 10989 MiB, 8335 MiB, 2654 MiB
Thu Sep 17 18:00:01 UTC 2020
utilization.gpu [%], utilization.memory [%], memory.total [MiB], memory.free [MiB], memory.used [MiB]
0 %, 0 %, 10989 MiB, 10979 MiB, 10 MiB
0 %, 0 %, 10989 MiB, 10979 MiB, 10 MiB
0 %, 0 %, 10989 MiB, 10979 MiB, 10 MiB
0 %, 0 %, 10989 MiB, 10979 MiB, 10 MiB
0 %, 0 %, 10989 MiB, 6472 MiB, 4517 MiB
0 %, 0 %, 10989 MiB, 368 MiB, 10621 MiB
0 %, 0 %, 10989 MiB, 10979 MiB, 10 MiB
0 %, 0 %, 10989 MiB, 9144 MiB, 1845 MiB
Fri Sep 18 00:00:01 UTC 2020
utilization.gpu [%], utilization.memory [%], memory.total [MiB], memory.free [MiB], memory.used [MiB]
0 %, 0 %, 10989 MiB, 10979 MiB, 10 MiB
0 %, 0 %, 10989 MiB, 10979 MiB, 10 MiB
0 %, 0 %, 10989 MiB, 10979 MiB, 10 MiB
0 %, 0 %, 10989 MiB, 10979 MiB, 10 MiB
0 %, 0 %, 10989 MiB, 6472 MiB, 4517 MiB
0 %, 0 %, 10989 MiB, 368 MiB, 10621 MiB
0 %, 0 %, 10989 MiB, 10979 MiB, 10 MiB
0 %, 0 %, 10989 MiB, 9144 MiB, 1845 MiB
Fri Sep 18 06:00:01 UTC 2020
utilization.gpu [%], utilization.memory [%], memory.total [MiB], memory.free [MiB], memory.used [MiB]
0 %, 0 %, 10989 MiB, 10979 MiB, 10 MiB
0 %, 0 %, 10989 MiB, 10979 MiB, 10 MiB
0 %, 0 %, 10989 MiB, 10979 MiB, 10 MiB
0 %, 0 %, 10989 MiB, 10979 MiB, 10 MiB
42 %, 27 %, 10989 MiB, 695 MiB, 10294 MiB
0 %, 0 %, 10989 MiB, 368 MiB, 10621 MiB
0 %, 0 %, 10989 MiB, 10979 MiB, 10 MiB
0 %, 0 %, 10989 MiB, 9144 MiB, 1845 MiB
Fri Sep 18 12:00:01 UTC 2020
utilization.gpu [%], utilization.memory [%], memory.total [MiB], memory.free [MiB], memory.used [MiB]
0 %, 0 %, 10989 MiB, 10979 MiB, 10 MiB
0 %, 0 %, 10989 MiB, 10979 MiB, 10 MiB
0 %, 0 %, 10989 MiB, 10979 MiB, 10 MiB
0 %, 0 %, 10989 MiB, 10979 MiB, 10 MiB
53 %, 6 %, 10989 MiB, 5562 MiB, 5427 MiB
0 %, 0 %, 10989 MiB, 368 MiB, 10621 MiB
0 %, 0 %, 10989 MiB, 10979 MiB, 10 MiB
0 %, 0 %, 10989 MiB, 9144 MiB, 1845 MiB
Fri Sep 18 18:00:01 UTC 2020
utilization.gpu [%], utilization.memory [%], memory.total [MiB], memory.free [MiB], memory.used [MiB]
0 %, 0 %, 10989 MiB, 10979 MiB, 10 MiB
0 %, 0 %, 10989 MiB, 10979 MiB, 10 MiB
0 %, 0 %, 10989 MiB, 10979 MiB, 10 MiB
59 %, 36 %, 10989 MiB, 2126 MiB, 8863 MiB
59 %, 20 %, 10989 MiB, 5560 MiB, 5429 MiB
0 %, 0 %, 10989 MiB, 368 MiB, 10621 MiB
0 %, 0 %, 10989 MiB, 10979 MiB, 10 MiB
0 %, 0 %, 10989 MiB, 9144 MiB, 1845 MiB
Sat Sep 19 00:00:01 UTC 2020
utilization.gpu [%], utilization.memory [%], memory.total [MiB], memory.free [MiB], memory.used [MiB]
0 %, 0 %, 10989 MiB, 10979 MiB, 10 MiB
0 %, 0 %, 10989 MiB, 10979 MiB, 10 MiB
0 %, 0 %, 10989 MiB, 10979 MiB, 10 MiB
56 %, 34 %, 10989 MiB, 2126 MiB, 8863 MiB
63 %, 21 %, 10989 MiB, 5560 MiB, 5429 MiB
0 %, 0 %, 10989 MiB, 368 MiB, 10621 MiB
0 %, 0 %, 10989 MiB, 10979 MiB, 10 MiB
0 %, 0 %, 10989 MiB, 9144 MiB, 1845 MiB
Sat Sep 19 06:00:01 UTC 2020
utilization.gpu [%], utilization.memory [%], memory.total [MiB], memory.free [MiB], memory.used [MiB]
0 %, 0 %, 10989 MiB, 10979 MiB, 10 MiB
0 %, 0 %, 10989 MiB, 10979 MiB, 10 MiB
0 %, 0 %, 10989 MiB, 10979 MiB, 10 MiB
50 %, 30 %, 10989 MiB, 2126 MiB, 8863 MiB
44 %, 11 %, 10989 MiB, 5560 MiB, 5429 MiB
0 %, 0 %, 10989 MiB, 368 MiB, 10621 MiB
0 %, 0 %, 10989 MiB, 10979 MiB, 10 MiB
0 %, 0 %, 10989 MiB, 9144 MiB, 1845 MiB
Sat Sep 19 12:00:01 UTC 2020
utilization.gpu [%], utilization.memory [%], memory.total [MiB], memory.free [MiB], memory.used [MiB]
0 %, 0 %, 10989 MiB, 10979 MiB, 10 MiB
0 %, 0 %, 10989 MiB, 10979 MiB, 10 MiB
0 %, 0 %, 10989 MiB, 10979 MiB, 10 MiB
54 %, 33 %, 10989 MiB, 2126 MiB, 8863 MiB
58 %, 22 %, 10989 MiB, 5560 MiB, 5429 MiB
0 %, 0 %, 10989 MiB, 368 MiB, 10621 MiB
0 %, 0 %, 10989 MiB, 10979 MiB, 10 MiB
0 %, 0 %, 10989 MiB, 9144 MiB, 1845 MiB
Sat Sep 19 18:00:01 UTC 2020
utilization.gpu [%], utilization.memory [%], memory.total [MiB], memory.free [MiB], memory.used [MiB]
0 %, 0 %, 10989 MiB, 10979 MiB, 10 MiB
0 %, 0 %, 10989 MiB, 10979 MiB, 10 MiB
0 %, 0 %, 10989 MiB, 10979 MiB, 10 MiB
58 %, 36 %, 10989 MiB, 2126 MiB, 8863 MiB
43 %, 5 %, 10989 MiB, 5560 MiB, 5429 MiB
0 %, 0 %, 10989 MiB, 368 MiB, 10621 MiB
0 %, 0 %, 10989 MiB, 10979 MiB, 10 MiB
0 %, 0 %, 10989 MiB, 9144 MiB, 1845 MiB
Sun Sep 20 00:00:01 UTC 2020
utilization.gpu [%], utilization.memory [%], memory.total [MiB], memory.free [MiB], memory.used [MiB]
10 %, 0 %, 10989 MiB, 10114 MiB, 875 MiB
0 %, 0 %, 10989 MiB, 10979 MiB, 10 MiB
0 %, 0 %, 10989 MiB, 10979 MiB, 10 MiB
49 %, 30 %, 10989 MiB, 2126 MiB, 8863 MiB
49 %, 17 %, 10989 MiB, 5560 MiB, 5429 MiB
0 %, 0 %, 10989 MiB, 368 MiB, 10621 MiB
0 %, 0 %, 10989 MiB, 10979 MiB, 10 MiB
0 %, 0 %, 10989 MiB, 9144 MiB, 1845 MiB
Sun Sep 20 06:00:01 UTC 2020
utilization.gpu [%], utilization.memory [%], memory.total [MiB], memory.free [MiB], memory.used [MiB]
10 %, 0 %, 10989 MiB, 10114 MiB, 875 MiB
9 %, 0 %, 10989 MiB, 10134 MiB, 855 MiB
0 %, 0 %, 10989 MiB, 10979 MiB, 10 MiB
0 %, 0 %, 10989 MiB, 10979 MiB, 10 MiB
67 %, 25 %, 10989 MiB, 5558 MiB, 5431 MiB
0 %, 0 %, 10989 MiB, 368 MiB, 10621 MiB
0 %, 0 %, 10989 MiB, 10979 MiB, 10 MiB
0 %, 0 %, 10989 MiB, 9144 MiB, 1845 MiB
