Mon Sep 28 00:00:01 UTC 2020
Linux 4.15.0-112-generic (EmageAI) 	09/28/2020 	_x86_64_	(32 CPU)

12:00:01 AM     CPU     %user     %nice   %system   %iowait    %steal     %idle
12:00:02 AM     all     44.16      0.94      5.92      2.07      0.00     46.92
Average:        all     44.16      0.94      5.92      2.07      0.00     46.92
              total        used        free      shared  buff/cache   available
Mem:      131666572    16697988    12607036      203248   102361548   113748212
Swap:       8388604     6315820     2072784
Linux 4.15.0-112-generic (EmageAI) 	09/28/2020 	_x86_64_	(32 CPU)

12:00:02 AM   runq-sz  plist-sz   ldavg-1   ldavg-5  ldavg-15   blocked
12:00:03 AM         8      2364     14.75     13.29     12.98         0
Average:            8      2364     14.75     13.29     12.98         0
Mon Sep 28 06:00:01 UTC 2020
Linux 4.15.0-112-generic (EmageAI) 	09/28/2020 	_x86_64_	(32 CPU)

06:00:01 AM     CPU     %user     %nice   %system   %iowait    %steal     %idle
06:00:02 AM     all     49.98      0.06      5.34      0.00      0.00     44.62
Average:        all     49.98      0.06      5.34      0.00      0.00     44.62
              total        used        free      shared  buff/cache   available
Mem:      131666572    24030500     1852780      215472   105783292   106398944
Swap:       8388604     6309420     2079184
Linux 4.15.0-112-generic (EmageAI) 	09/28/2020 	_x86_64_	(32 CPU)

06:00:02 AM   runq-sz  plist-sz   ldavg-1   ldavg-5  ldavg-15   blocked
06:00:03 AM        28      2742     17.01     16.29     16.89         0
Average:           28      2742     17.01     16.29     16.89         0
Mon Sep 28 12:00:01 UTC 2020
Linux 4.15.0-112-generic (EmageAI) 	09/28/2020 	_x86_64_	(32 CPU)

12:00:01 PM     CPU     %user     %nice   %system   %iowait    %steal     %idle
12:00:02 PM     all     27.33      0.03      3.92      0.00      0.00     68.72
Average:        all     27.33      0.03      3.92      0.00      0.00     68.72
              total        used        free      shared  buff/cache   available
Mem:      131666572    20475424    12493004       91992    98698144   110077428
Swap:       8388604     6309248     2079356
Linux 4.15.0-112-generic (EmageAI) 	09/28/2020 	_x86_64_	(32 CPU)

12:00:02 PM   runq-sz  plist-sz   ldavg-1   ldavg-5  ldavg-15   blocked
12:00:03 PM        10      2658      8.51      8.43      8.52         0
Average:           10      2658      8.51      8.43      8.52         0
Mon Sep 28 18:00:01 UTC 2020
Linux 4.15.0-112-generic (EmageAI) 	09/28/2020 	_x86_64_	(32 CPU)

06:00:01 PM     CPU     %user     %nice   %system   %iowait    %steal     %idle
06:00:02 PM     all     24.58      0.00      3.55      0.00      0.00     71.88
Average:        all     24.58      0.00      3.55      0.00      0.00     71.88
              total        used        free      shared  buff/cache   available
Mem:      131666572    16831476    15740588       92432    99094508   113723104
Swap:       8388604     6309248     2079356
Linux 4.15.0-112-generic (EmageAI) 	09/28/2020 	_x86_64_	(32 CPU)

06:00:02 PM   runq-sz  plist-sz   ldavg-1   ldavg-5  ldavg-15   blocked
06:00:03 PM         9      2317      8.78      9.01      8.64         0
Average:            9      2317      8.78      9.01      8.64         0
Tue Sep 29 00:00:01 UTC 2020
Linux 4.15.0-112-generic (EmageAI) 	09/29/2020 	_x86_64_	(32 CPU)

12:00:01 AM     CPU     %user     %nice   %system   %iowait    %steal     %idle
12:00:02 AM     all     25.09      0.16      4.73      0.00      0.00     70.03
Average:        all     25.09      0.16      4.73      0.00      0.00     70.03
              total        used        free      shared  buff/cache   available
Mem:      131666572    16869968    15641264       92240    99155340   113685808
Swap:       8388604     6309248     2079356
Linux 4.15.0-112-generic (EmageAI) 	09/29/2020 	_x86_64_	(32 CPU)

12:00:02 AM   runq-sz  plist-sz   ldavg-1   ldavg-5  ldavg-15   blocked
12:00:03 AM         9      2320      7.99      8.23      8.27         0
Average:            9      2320      7.99      8.23      8.27         0
Tue Sep 29 06:00:01 UTC 2020
Linux 4.15.0-112-generic (EmageAI) 	09/29/2020 	_x86_64_	(32 CPU)

06:00:01 AM     CPU     %user     %nice   %system   %iowait    %steal     %idle
06:00:02 AM     all     60.40      0.06      4.61      0.00      0.00     34.93
Average:        all     60.40      0.06      4.61      0.00      0.00     34.93
              total        used        free      shared  buff/cache   available
Mem:      131666572    20796600     2752288      104220   108117684   109747704
Swap:       8388604     6308992     2079612
Linux 4.15.0-112-generic (EmageAI) 	09/29/2020 	_x86_64_	(32 CPU)

06:00:02 AM   runq-sz  plist-sz   ldavg-1   ldavg-5  ldavg-15   blocked
06:00:03 AM        22      2622     17.62     18.34     18.04         0
Average:           22      2622     17.62     18.34     18.04         0
Tue Sep 29 12:00:01 UTC 2020
Linux 4.15.0-112-generic (EmageAI) 	09/29/2020 	_x86_64_	(32 CPU)

12:00:01 PM     CPU     %user     %nice   %system   %iowait    %steal     %idle
12:00:02 PM     all     51.22      0.03      4.05      0.00      0.00     44.70
Average:        all     51.22      0.03      4.05      0.00      0.00     44.70
              total        used        free      shared  buff/cache   available
Mem:      131666572    21097992    27404492      112676    83164088   109432420
Swap:       8388604     6309520     2079084
Linux 4.15.0-112-generic (EmageAI) 	09/29/2020 	_x86_64_	(32 CPU)

12:00:02 PM   runq-sz  plist-sz   ldavg-1   ldavg-5  ldavg-15   blocked
12:00:03 PM        18      2500     14.57     14.02     14.27         0
Average:           18      2500     14.57     14.02     14.27         0
Tue Sep 29 18:00:01 UTC 2020
Linux 4.15.0-112-generic (EmageAI) 	09/29/2020 	_x86_64_	(32 CPU)

06:00:01 PM     CPU     %user     %nice   %system   %iowait    %steal     %idle
06:00:02 PM     all     39.96      3.13      3.82      0.00      0.00     53.09
Average:        all     39.96      3.13      3.82      0.00      0.00     53.09
              total        used        free      shared  buff/cache   available
Mem:      131666572    20333904    27805460      104248    83527208   110205784
Swap:       8388604     6309520     2079084
Linux 4.15.0-112-generic (EmageAI) 	09/29/2020 	_x86_64_	(32 CPU)

06:00:02 PM   runq-sz  plist-sz   ldavg-1   ldavg-5  ldavg-15   blocked
06:00:03 PM        15      2375     14.14     14.51     14.41         0
Average:           15      2375     14.14     14.51     14.41         0
Wed Sep 30 00:00:01 UTC 2020
Linux 4.15.0-112-generic (EmageAI) 	09/30/2020 	_x86_64_	(32 CPU)

12:00:01 AM     CPU     %user     %nice   %system   %iowait    %steal     %idle
12:00:02 AM     all     53.86      0.16      4.63      0.00      0.00     41.35
Average:        all     53.86      0.16      4.63      0.00      0.00     41.35
              total        used        free      shared  buff/cache   available
Mem:      131666572    20746352    24416248      104056    86503972   109794732
Swap:       8388604     6307216     2081388
Linux 4.15.0-112-generic (EmageAI) 	09/30/2020 	_x86_64_	(32 CPU)

12:00:02 AM   runq-sz  plist-sz   ldavg-1   ldavg-5  ldavg-15   blocked
12:00:03 AM        17      2510     15.67     14.85     14.64         0
Average:           17      2510     15.67     14.85     14.64         0
Wed Sep 30 06:00:01 UTC 2020
Linux 4.15.0-112-generic (EmageAI) 	09/30/2020 	_x86_64_	(32 CPU)

06:00:01 AM     CPU     %user     %nice   %system   %iowait    %steal     %idle
06:00:02 AM     all      3.11      0.16      3.42      0.00      0.00     93.31
Average:        all      3.11      0.16      3.42      0.00      0.00     93.31
              total        used        free      shared  buff/cache   available
Mem:      131666572    14700056    29005048       80204    87961468   115866596
Swap:       8388604     6306960     2081644
Linux 4.15.0-112-generic (EmageAI) 	09/30/2020 	_x86_64_	(32 CPU)

06:00:02 AM   runq-sz  plist-sz   ldavg-1   ldavg-5  ldavg-15   blocked
06:00:03 AM         1      2451      0.91      1.03      1.56         0
Average:            1      2451      0.91      1.03      1.56         0
Wed Sep 30 12:00:01 UTC 2020
Linux 4.15.0-112-generic (EmageAI) 	09/30/2020 	_x86_64_	(32 CPU)

12:00:01 PM     CPU     %user     %nice   %system   %iowait    %steal     %idle
12:00:02 PM     all      4.17      0.16      4.61      0.00      0.00     91.06
Average:        all      4.17      0.16      4.61      0.00      0.00     91.06
              total        used        free      shared  buff/cache   available
Mem:      131666572    17500208    12863364      144452   101303000   112998148
Swap:       8388604     6301072     2087532
Linux 4.15.0-112-generic (EmageAI) 	09/30/2020 	_x86_64_	(32 CPU)

12:00:02 PM   runq-sz  plist-sz   ldavg-1   ldavg-5  ldavg-15   blocked
12:00:03 PM         2      2489      1.84      1.81      1.93         0
Average:            2      2489      1.84      1.81      1.93         0
Wed Sep 30 18:00:01 UTC 2020
Linux 4.15.0-112-generic (EmageAI) 	09/30/2020 	_x86_64_	(32 CPU)

06:00:01 PM     CPU     %user     %nice   %system   %iowait    %steal     %idle
06:00:02 PM     all      4.14      0.00      3.58      0.13      0.00     92.16
Average:        all      4.14      0.00      3.58      0.13      0.00     92.16
              total        used        free      shared  buff/cache   available
Mem:      131666572    13653900    13922288       80028   104090384   116909480
Swap:       8388604     6301072     2087532
Linux 4.15.0-112-generic (EmageAI) 	09/30/2020 	_x86_64_	(32 CPU)

06:00:02 PM   runq-sz  plist-sz   ldavg-1   ldavg-5  ldavg-15   blocked
06:00:03 PM         3      2150      1.11      0.91      0.89         0
Average:            3      2150      1.11      0.91      0.89         0
Thu Oct  1 00:00:01 UTC 2020
Linux 4.15.0-112-generic (EmageAI) 	10/01/2020 	_x86_64_	(32 CPU)

12:00:01 AM     CPU     %user     %nice   %system   %iowait    %steal     %idle
12:00:02 AM     all      4.55      0.06      4.37      0.22      0.00     90.80
Average:        all      4.55      0.06      4.37      0.22      0.00     90.80
              total        used        free      shared  buff/cache   available
Mem:      131666572    13669616    13614696       80028   104382260   116894320
Swap:       8388604     6301072     2087532
Linux 4.15.0-112-generic (EmageAI) 	10/01/2020 	_x86_64_	(32 CPU)

12:00:02 AM   runq-sz  plist-sz   ldavg-1   ldavg-5  ldavg-15   blocked
12:00:03 AM         5      2148      0.70      0.64      0.78         0
Average:            5      2148      0.70      0.64      0.78         0
Thu Oct  1 06:00:01 UTC 2020
Linux 4.15.0-112-generic (EmageAI) 	10/01/2020 	_x86_64_	(32 CPU)

06:00:01 AM     CPU     %user     %nice   %system   %iowait    %steal     %idle
06:00:02 AM     all      4.93      0.00      4.77      0.00      0.00     90.30
Average:        all      4.93      0.00      4.77      0.00      0.00     90.30
              total        used        free      shared  buff/cache   available
Mem:      131666572    20228672     6828252      150372   104609648   110262644
Swap:       8388604     6301072     2087532
Linux 4.15.0-112-generic (EmageAI) 	10/01/2020 	_x86_64_	(32 CPU)

06:00:02 AM   runq-sz  plist-sz   ldavg-1   ldavg-5  ldavg-15   blocked
06:00:03 AM         2      2626      1.92      2.03      1.94         0
Average:            2      2626      1.92      2.03      1.94         0
Thu Oct  1 12:00:01 UTC 2020
Linux 4.15.0-112-generic (EmageAI) 	10/01/2020 	_x86_64_	(32 CPU)

12:00:01 PM     CPU     %user     %nice   %system   %iowait    %steal     %idle
12:00:02 PM     all      5.05      0.72      5.52      0.00      0.00     88.71
Average:        all      5.05      0.72      5.52      0.00      0.00     88.71
              total        used        free      shared  buff/cache   available
Mem:      131666572    17133276     8864560      158328   105668736   113349352
Swap:       8388604     6300580     2088024
Linux 4.15.0-112-generic (EmageAI) 	10/01/2020 	_x86_64_	(32 CPU)

12:00:02 PM   runq-sz  plist-sz   ldavg-1   ldavg-5  ldavg-15   blocked
12:00:03 PM         3      2322      2.27      2.25      3.64         0
Average:            3      2322      2.27      2.25      3.64         0
Thu Oct  1 18:00:01 UTC 2020
Linux 4.15.0-112-generic (EmageAI) 	10/01/2020 	_x86_64_	(32 CPU)

06:00:01 PM     CPU     %user     %nice   %system   %iowait    %steal     %idle
06:00:02 PM     all      4.88      0.00      5.04      0.00      0.00     90.08
Average:        all      4.88      0.00      5.04      0.00      0.00     90.08
              total        used        free      shared  buff/cache   available
Mem:      131666572    16487560     7891356      150552   107287656   114003884
Swap:       8388604     6300580     2088024
Linux 4.15.0-112-generic (EmageAI) 	10/01/2020 	_x86_64_	(32 CPU)

06:00:02 PM   runq-sz  plist-sz   ldavg-1   ldavg-5  ldavg-15   blocked
06:00:03 PM         3      2169      1.64      1.79      1.84         0
Average:            3      2169      1.64      1.79      1.84         0
Fri Oct  2 00:00:01 UTC 2020
Linux 4.15.0-112-generic (EmageAI) 	10/02/2020 	_x86_64_	(32 CPU)

12:00:01 AM     CPU     %user     %nice   %system   %iowait    %steal     %idle
12:00:02 AM     all      3.04      0.72      3.95      0.00      0.00     92.28
Average:        all      3.04      0.72      3.95      0.00      0.00     92.28
              total        used        free      shared  buff/cache   available
Mem:      131666572    13692316     9477504       79992   108496752   116870400
Swap:       8388604     6300580     2088024
Linux 4.15.0-112-generic (EmageAI) 	10/02/2020 	_x86_64_	(32 CPU)

12:00:02 AM   runq-sz  plist-sz   ldavg-1   ldavg-5  ldavg-15   blocked
12:00:03 AM         4      2140      1.05      0.76      0.69         0
Average:            4      2140      1.05      0.76      0.69         0
Fri Oct  2 06:00:01 UTC 2020
Linux 4.15.0-112-generic (EmageAI) 	10/02/2020 	_x86_64_	(32 CPU)

06:00:01 AM     CPU     %user     %nice   %system   %iowait    %steal     %idle
06:00:02 AM     all      4.10      0.13      4.50      0.00      0.00     91.27
Average:        all      4.10      0.13      4.50      0.00      0.00     91.27
              total        used        free      shared  buff/cache   available
Mem:      131666572    15585624     6671588       80080   109409360   114977808
Swap:       8388604     6300580     2088024
Linux 4.15.0-112-generic (EmageAI) 	10/02/2020 	_x86_64_	(32 CPU)

06:00:02 AM   runq-sz  plist-sz   ldavg-1   ldavg-5  ldavg-15   blocked
06:00:03 AM         2      2332      0.44      0.44      0.50         0
Average:            2      2332      0.44      0.44      0.50         0
Fri Oct  2 12:00:01 UTC 2020
Linux 4.15.0-112-generic (EmageAI) 	10/02/2020 	_x86_64_	(32 CPU)

12:00:01 PM     CPU     %user     %nice   %system   %iowait    %steal     %idle
12:00:02 PM     all     28.32      0.00      5.98      0.00      0.00     65.70
Average:        all     28.32      0.00      5.98      0.00      0.00     65.70
              total        used        free      shared  buff/cache   available
Mem:      131666572    32445028    28245792      364668    70975752    97829908
Swap:       8388604     6300620     2087984
Linux 4.15.0-112-generic (EmageAI) 	10/02/2020 	_x86_64_	(32 CPU)

12:00:02 PM   runq-sz  plist-sz   ldavg-1   ldavg-5  ldavg-15   blocked
12:00:03 PM        20      3548      6.33      6.57      6.80         0
Average:           20      3548      6.33      6.57      6.80         0
Fri Oct  2 18:00:01 UTC 2020
Linux 4.15.0-112-generic (EmageAI) 	10/02/2020 	_x86_64_	(32 CPU)

06:00:01 PM     CPU     %user     %nice   %system   %iowait    %steal     %idle
06:00:02 PM     all      9.56      0.03      6.45      0.00      0.00     83.96
Average:        all      9.56      0.03      6.45      0.00      0.00     83.96
              total        used        free      shared  buff/cache   available
Mem:      131666572    29068760    20757512      356468    81840300   101214964
Swap:       8388604     6300624     2087980
Linux 4.15.0-112-generic (EmageAI) 	10/02/2020 	_x86_64_	(32 CPU)

06:00:02 PM   runq-sz  plist-sz   ldavg-1   ldavg-5  ldavg-15   blocked
06:00:03 PM         5      3331      2.50      3.15      4.01         0
Average:            5      3331      2.50      3.15      4.01         0
Sat Oct  3 00:00:01 UTC 2020
Linux 4.15.0-112-generic (EmageAI) 	10/03/2020 	_x86_64_	(32 CPU)

12:00:01 AM     CPU     %user     %nice   %system   %iowait    %steal     %idle
12:00:02 AM     all      6.51      0.00      5.37      0.00      0.00     88.12
Average:        all      6.51      0.00      5.37      0.00      0.00     88.12
              total        used        free      shared  buff/cache   available
Mem:      131666572    29065332    10032784      356468    92568456   101217168
Swap:       8388604     6300624     2087980
Linux 4.15.0-112-generic (EmageAI) 	10/03/2020 	_x86_64_	(32 CPU)

12:00:02 AM   runq-sz  plist-sz   ldavg-1   ldavg-5  ldavg-15   blocked
12:00:03 AM         2      3334      3.13      3.19      3.05         0
Average:            2      3334      3.13      3.19      3.05         0
Sat Oct  3 06:00:01 UTC 2020
Linux 4.15.0-112-generic (EmageAI) 	10/03/2020 	_x86_64_	(32 CPU)

06:00:01 AM     CPU     %user     %nice   %system   %iowait    %steal     %idle
06:00:02 AM     all      7.55      0.94      6.14      0.00      0.00     85.38
Average:        all      7.55      0.94      6.14      0.00      0.00     85.38
              total        used        free      shared  buff/cache   available
Mem:      131666572    29134776    14686280      356496    87845516   101146296
Swap:       8388604     6300632     2087972
Linux 4.15.0-112-generic (EmageAI) 	10/03/2020 	_x86_64_	(32 CPU)

06:00:02 AM   runq-sz  plist-sz   ldavg-1   ldavg-5  ldavg-15   blocked
06:00:03 AM         1      3345      3.82      3.33      3.31         0
Average:            1      3345      3.82      3.33      3.31         0
Sat Oct  3 12:00:01 UTC 2020
Linux 4.15.0-112-generic (EmageAI) 	10/03/2020 	_x86_64_	(32 CPU)

12:00:01 PM     CPU     %user     %nice   %system   %iowait    %steal     %idle
12:00:02 PM     all      7.49      0.19      5.64      0.00      0.00     86.69
Average:        all      7.49      0.19      5.64      0.00      0.00     86.69
              total        used        free      shared  buff/cache   available
Mem:      131666572    29091372    11034780      356468    91540420   101190672
Swap:       8388604     6300632     2087972
Linux 4.15.0-112-generic (EmageAI) 	10/03/2020 	_x86_64_	(32 CPU)

12:00:02 PM   runq-sz  plist-sz   ldavg-1   ldavg-5  ldavg-15   blocked
12:00:03 PM         3      3333      4.15      3.26      3.21         0
Average:            3      3333      4.15      3.26      3.21         0
Sat Oct  3 18:00:01 UTC 2020
Linux 4.15.0-112-generic (EmageAI) 	10/03/2020 	_x86_64_	(32 CPU)

06:00:01 PM     CPU     %user     %nice   %system   %iowait    %steal     %idle
06:00:02 PM     all      7.10      0.47      6.04      0.00      0.00     86.39
Average:        all      7.10      0.47      6.04      0.00      0.00     86.39
              total        used        free      shared  buff/cache   available
Mem:      131666572    29138748    20805324      356468    81722500   101143220
Swap:       8388604     6300632     2087972
Linux 4.15.0-112-generic (EmageAI) 	10/03/2020 	_x86_64_	(32 CPU)

06:00:02 PM   runq-sz  plist-sz   ldavg-1   ldavg-5  ldavg-15   blocked
06:00:03 PM         1      3338      3.10      3.51      3.13         0
Average:            1      3338      3.10      3.51      3.13         0
Sun Oct  4 00:00:01 UTC 2020
Linux 4.15.0-112-generic (EmageAI) 	10/04/2020 	_x86_64_	(32 CPU)

12:00:01 AM     CPU     %user     %nice   %system   %iowait    %steal     %idle
12:00:02 AM     all      6.45      1.53      5.17      0.00      0.00     86.85
Average:        all      6.45      1.53      5.17      0.00      0.00     86.85
              total        used        free      shared  buff/cache   available
Mem:      131666572    29109324    10546056      356472    92011192   101173264
Swap:       8388604     6300632     2087972
Linux 4.15.0-112-generic (EmageAI) 	10/04/2020 	_x86_64_	(32 CPU)

12:00:02 AM   runq-sz  plist-sz   ldavg-1   ldavg-5  ldavg-15   blocked
12:00:03 AM         3      3341      2.54      3.02      3.21         0
Average:            3      3341      2.54      3.02      3.21         0
Sun Oct  4 06:00:01 UTC 2020
Linux 4.15.0-112-generic (EmageAI) 	10/04/2020 	_x86_64_	(32 CPU)

06:00:01 AM     CPU     %user     %nice   %system   %iowait    %steal     %idle
06:00:02 AM     all     30.15      0.06      5.21      0.00      0.00     64.58
Average:        all     30.15      0.06      5.21      0.00      0.00     64.58
              total        used        free      shared  buff/cache   available
Mem:      131666572    29467292    47605728      401000    54593552   100771260
Swap:       8388604     6300636     2087968
Linux 4.15.0-112-generic (EmageAI) 	10/04/2020 	_x86_64_	(32 CPU)

06:00:02 AM   runq-sz  plist-sz   ldavg-1   ldavg-5  ldavg-15   blocked
06:00:03 AM        13      3417     10.34     10.47     10.74         0
Average:           13      3417     10.34     10.47     10.74         0
Sun Oct  4 12:00:01 UTC 2020
Linux 4.15.0-112-generic (EmageAI) 	10/04/2020 	_x86_64_	(32 CPU)

12:00:01 PM     CPU     %user     %nice   %system   %iowait    %steal     %idle
12:00:02 PM     all     30.49      0.66      5.68      0.00      0.00     63.17
Average:        all     30.49      0.66      5.68      0.00      0.00     63.17
              total        used        free      shared  buff/cache   available
Mem:      131666572    29415576    36353544      409292    65897452   100813436
Swap:       8388604     6300652     2087952
Linux 4.15.0-112-generic (EmageAI) 	10/04/2020 	_x86_64_	(32 CPU)

12:00:02 PM   runq-sz  plist-sz   ldavg-1   ldavg-5  ldavg-15   blocked
12:00:03 PM        10      3377     13.83     11.86     11.50         0
Average:           10      3377     13.83     11.86     11.50         0